2023-10-07 19:46:11.2636|0|INFO|ScriptShoes.API.Middlewares.ErrorHandlingMiddleware|/api/shoe/getAll has been invoked |url: http://localhost/api/shoe/getAll|action: GetAllShoes
2023-10-07 19:57:42.1997|0|INFO|ScriptShoes.API.Middlewares.ErrorHandlingMiddleware|/api/shoe/update has been invoked |url: http://localhost/api/shoe/update|action: UpdateShoe
2023-10-07 19:57:43.4540|0|FATAL|ScriptShoes.API.Middlewares.ErrorHandlingMiddleware|Shoe not found |url: http://localhost/api/shoe/update|action: UpdateShoe
2023-10-07 19:58:48.1113|0|INFO|ScriptShoes.API.Middlewares.ErrorHandlingMiddleware|/api/shoe/getAll has been invoked |url: http://localhost/api/shoe/getAll|action: GetAllShoes
2023-10-07 20:00:18.1204|0|INFO|ScriptShoes.API.Middlewares.ErrorHandlingMiddleware|/api/shoe/getAll has been invoked |url: http://localhost/api/shoe/getAll|action: GetAllShoes
2023-10-07 20:00:34.1139|0|INFO|ScriptShoes.API.Middlewares.ErrorHandlingMiddleware|/api/shoe/update has been invoked |url: http://localhost/api/shoe/update|action: UpdateShoe
2023-10-07 20:00:34.2976|0|INFO|ScriptShoes.API.Middlewares.ErrorHandlingMiddleware|Shoe not found |url: http://localhost/api/shoe/update|action: UpdateShoe
2023-10-07 20:01:06.7050|0|INFO|ScriptShoes.API.Middlewares.ErrorHandlingMiddleware|/api/shoe/update has been invoked |url: http://localhost/api/shoe/update|action: UpdateShoe
2023-10-07 20:01:36.1150|0|INFO|ScriptShoes.API.Middlewares.ErrorHandlingMiddleware|/api/shoe/update has been invoked |url: http://localhost/api/shoe/update|action: UpdateShoe
2023-10-07 20:01:48.6815|0|INFO|ScriptShoes.API.Middlewares.ErrorHandlingMiddleware|/api/shoe/update has been invoked |url: http://localhost/api/shoe/update|action: UpdateShoe
2023-10-07 20:01:48.6865|0|INFO|ScriptShoes.API.Middlewares.ErrorHandlingMiddleware|Shoe not found |url: http://localhost/api/shoe/update|action: UpdateShoe
2023-10-07 20:02:28.8720|0|INFO|ScriptShoes.API.Middlewares.ErrorHandlingMiddleware|/api/shoe/update has been invoked |url: http://localhost/api/shoe/update|action: UpdateShoe
2023-10-07 20:02:28.8720|0|INFO|ScriptShoes.API.Middlewares.ErrorHandlingMiddleware|Shoe not found |url: http://localhost/api/shoe/update|action: UpdateShoe
2023-10-07 20:04:33.0444|0|INFO|ScriptShoes.API.Middlewares.ErrorHandlingMiddleware|/api/shoe/getById/4 has been invoked |url: http://localhost/api/shoe/getById/4|action: GetById
2023-10-07 20:04:34.2495|0|INFO|ScriptShoes.API.Middlewares.ErrorHandlingMiddleware|Shoe not found |url: http://localhost/api/shoe/getById/4|action: GetById
2023-10-07 20:04:39.0265|0|INFO|ScriptShoes.API.Middlewares.ErrorHandlingMiddleware|/api/shoe/update has been invoked |url: http://localhost/api/shoe/update|action: UpdateShoe
2023-10-07 20:04:39.1387|0|INFO|ScriptShoes.API.Middlewares.ErrorHandlingMiddleware|Shoe not found |url: http://localhost/api/shoe/update|action: UpdateShoe
2023-10-07 21:09:38.7464|0|INFO|ScriptShoes.API.Middlewares.ErrorHandlingMiddleware|/api/shoe/getAll has been invoked |url: http://localhost/api/shoe/getAll|action: GetAllShoes
2023-10-07 21:09:45.5631|0|INFO|ScriptShoes.API.Middlewares.ErrorHandlingMiddleware|/api/shoe/updateThumbnailImage has been invoked |url: http://localhost/api/shoe/updateThumbnailImage|action: UpdateThumbnail
2023-10-07 21:09:59.6207|0|INFO|ScriptShoes.API.Middlewares.ErrorHandlingMiddleware|/api/shoe/getAll has been invoked |url: http://localhost/api/shoe/getAll|action: GetAllShoes
