2023-10-29 13:35:59.2566|0|INFO|ScriptShoes.API.Middlewares.ErrorHandlingMiddleware|/api/shoe/getAll has been invoked |url: http://localhost/api/shoe/getAll|action: GetAllShoes
2023-10-29 13:36:02.3649|0|INFO|ScriptShoes.API.Middlewares.ErrorHandlingMiddleware|/api/shoe/getAll has been invoked |url: http://localhost/api/shoe/getAll|action: GetAllShoes
2023-10-29 13:36:04.4920|0|INFO|ScriptShoes.API.Middlewares.ErrorHandlingMiddleware|/api/shoe/getAll has been invoked |url: http://localhost/api/shoe/getAll|action: GetAllShoes
2023-10-29 13:36:05.9310|0|INFO|ScriptShoes.API.Middlewares.ErrorHandlingMiddleware|/api/shoe/getAll has been invoked |url: http://localhost/api/shoe/getAll|action: GetAllShoes
2023-10-29 13:36:07.1841|0|INFO|ScriptShoes.API.Middlewares.ErrorHandlingMiddleware|/api/shoe/getAll has been invoked |url: http://localhost/api/shoe/getAll|action: GetAllShoes
2023-10-29 13:36:10.6389|0|INFO|ScriptShoes.API.Middlewares.ErrorHandlingMiddleware|/api/shoe/getAll has been invoked |url: http://localhost/api/shoe/getAll|action: GetAllShoes
2023-10-29 13:36:12.1432|0|INFO|ScriptShoes.API.Middlewares.ErrorHandlingMiddleware|/api/shoe/getAll has been invoked |url: http://localhost/api/shoe/getAll|action: GetAllShoes
2023-10-29 13:36:13.4592|0|INFO|ScriptShoes.API.Middlewares.ErrorHandlingMiddleware|/api/shoe/getAll has been invoked |url: http://localhost/api/shoe/getAll|action: GetAllShoes
2023-10-29 13:36:14.9834|0|INFO|ScriptShoes.API.Middlewares.ErrorHandlingMiddleware|/api/shoe/getAll has been invoked |url: http://localhost/api/shoe/getAll|action: GetAllShoes
2023-10-29 13:36:16.2469|0|INFO|ScriptShoes.API.Middlewares.ErrorHandlingMiddleware|/api/shoe/getAll has been invoked |url: http://localhost/api/shoe/getAll|action: GetAllShoes
2023-10-29 13:36:17.1927|0|INFO|ScriptShoes.API.Middlewares.ErrorHandlingMiddleware|/api/shoe/getAll has been invoked |url: http://localhost/api/shoe/getAll|action: GetAllShoes
2023-10-29 13:36:17.3242|0|INFO|ScriptShoes.API.Middlewares.ErrorHandlingMiddleware|/api/shoe/getAll has been invoked |url: http://localhost/api/shoe/getAll|action: GetAllShoes
2023-10-29 13:36:17.4699|0|INFO|ScriptShoes.API.Middlewares.ErrorHandlingMiddleware|/api/shoe/getAll has been invoked |url: http://localhost/api/shoe/getAll|action: GetAllShoes
2023-10-29 13:36:17.6249|0|INFO|ScriptShoes.API.Middlewares.ErrorHandlingMiddleware|/api/shoe/getAll has been invoked |url: http://localhost/api/shoe/getAll|action: GetAllShoes
2023-10-29 13:36:17.7654|0|INFO|ScriptShoes.API.Middlewares.ErrorHandlingMiddleware|/api/shoe/getAll has been invoked |url: http://localhost/api/shoe/getAll|action: GetAllShoes
2023-10-29 14:16:24.1372|0|INFO|ScriptShoes.API.Middlewares.ErrorHandlingMiddleware|/api/user/login has been invoked |url: http://localhost/api/user/login|action: Login
2023-10-29 14:16:24.6802|0|INFO|ScriptShoes.API.Middlewares.ErrorHandlingMiddleware|Email or password is incorrect |url: http://localhost/api/user/login|action: Login
2023-10-29 14:16:28.9521|0|INFO|ScriptShoes.API.Middlewares.ErrorHandlingMiddleware|/api/user/login has been invoked |url: http://localhost/api/user/login|action: Login
2023-10-29 14:16:44.4119|0|INFO|ScriptShoes.API.Middlewares.ErrorHandlingMiddleware|/api/user/sendVerificationEmail has been invoked |url: http://localhost/api/user/sendVerificationEmail|action: SendVerificationEmail
2023-10-29 14:16:59.1624|0|INFO|ScriptShoes.API.Middlewares.ErrorHandlingMiddleware|/api/user/login has been invoked |url: http://localhost/api/user/login|action: Login
2023-10-29 14:17:08.7951|0|INFO|ScriptShoes.API.Middlewares.ErrorHandlingMiddleware|/api/user/sendVerificationEmail has been invoked |url: http://localhost/api/user/sendVerificationEmail|action: SendVerificationEmail
2023-10-29 14:17:20.0214|0|INFO|ScriptShoes.API.Middlewares.ErrorHandlingMiddleware|/api/user/login has been invoked |url: http://localhost/api/user/login|action: Login
2023-10-29 14:17:30.4156|0|INFO|ScriptShoes.API.Middlewares.ErrorHandlingMiddleware|/api/user/sendVerificationEmail has been invoked |url: http://localhost/api/user/sendVerificationEmail|action: SendVerificationEmail
2023-10-29 14:17:30.4156|0|INFO|ScriptShoes.API.Middlewares.ErrorHandlingMiddleware|This user already has an active verification code |url: http://localhost/api/user/sendVerificationEmail|action: SendVerificationEmail
2023-10-29 19:29:03.8423|0|INFO|ScriptShoes.API.Middlewares.ErrorHandlingMiddleware|/api/user/login has been invoked |url: http://localhost/api/user/login|action: Login
2023-10-29 19:29:17.7303|0|INFO|ScriptShoes.API.Middlewares.ErrorHandlingMiddleware|/api/user/sendVerificationEmail has been invoked |url: http://localhost/api/user/sendVerificationEmail|action: SendVerificationEmail
2023-10-29 19:29:29.2968|0|INFO|ScriptShoes.API.Middlewares.ErrorHandlingMiddleware|/api/user/login has been invoked |url: http://localhost/api/user/login|action: Login
2023-10-29 19:29:39.2115|0|INFO|ScriptShoes.API.Middlewares.ErrorHandlingMiddleware|/api/user/sendVerificationEmail has been invoked |url: http://localhost/api/user/sendVerificationEmail|action: SendVerificationEmail
2023-10-29 19:30:14.2754|0|INFO|ScriptShoes.API.Middlewares.ErrorHandlingMiddleware|/api/user/verifyUser has been invoked |url: http://localhost/api/user/verifyUser|action: 
2023-10-29 19:30:17.2747|0|INFO|ScriptShoes.API.Middlewares.ErrorHandlingMiddleware|/api/user/verifyUser has been invoked |url: http://localhost/api/user/verifyUser|action: VerifyUser
2023-10-29 19:30:19.6819|0|INFO|ScriptShoes.API.Middlewares.ErrorHandlingMiddleware|/api/user/verifyUser has been invoked |url: http://localhost/api/user/verifyUser|action: VerifyUser
2023-10-29 19:30:19.6939|0|INFO|ScriptShoes.API.Middlewares.ErrorHandlingMiddleware|This user is already verified |url: http://localhost/api/user/verifyUser|action: VerifyUser
2023-10-29 20:19:52.6353|0|INFO|ScriptShoes.API.Middlewares.ErrorHandlingMiddleware|/api/user/login has been invoked |url: http://localhost/api/user/login|action: Login
2023-10-29 20:20:16.0647|0|INFO|ScriptShoes.API.Middlewares.ErrorHandlingMiddleware|/api/user/sendVerificationEmail has been invoked |url: http://localhost/api/user/sendVerificationEmail|action: SendVerificationEmail
2023-10-29 20:20:35.4946|0|INFO|ScriptShoes.API.Middlewares.ErrorHandlingMiddleware|/api/user/resendVerificationEmail has been invoked |url: http://localhost/api/user/resendVerificationEmail|action: ResendVerificationEmail
2023-10-29 20:20:38.8528|0|INFO|ScriptShoes.API.Middlewares.ErrorHandlingMiddleware|/api/user/resendVerificationEmail has been invoked |url: http://localhost/api/user/resendVerificationEmail|action: ResendVerificationEmail
2023-10-29 20:20:42.7580|0|INFO|ScriptShoes.API.Middlewares.ErrorHandlingMiddleware|/api/user/resendVerificationEmail has been invoked |url: http://localhost/api/user/resendVerificationEmail|action: ResendVerificationEmail
2023-10-29 20:20:44.5041|0|INFO|ScriptShoes.API.Middlewares.ErrorHandlingMiddleware|/api/user/resendVerificationEmail has been invoked |url: http://localhost/api/user/resendVerificationEmail|action: ResendVerificationEmail
2023-10-29 20:20:46.4824|0|INFO|ScriptShoes.API.Middlewares.ErrorHandlingMiddleware|/api/user/resendVerificationEmail has been invoked |url: http://localhost/api/user/resendVerificationEmail|action: ResendVerificationEmail
2023-10-29 20:20:48.2294|0|INFO|ScriptShoes.API.Middlewares.ErrorHandlingMiddleware|/api/user/resendVerificationEmail has been invoked |url: http://localhost/api/user/resendVerificationEmail|action: ResendVerificationEmail
2023-10-29 20:20:49.8342|0|INFO|ScriptShoes.API.Middlewares.ErrorHandlingMiddleware|/api/user/resendVerificationEmail has been invoked |url: http://localhost/api/user/resendVerificationEmail|action: ResendVerificationEmail
2023-10-29 20:20:51.4026|0|INFO|ScriptShoes.API.Middlewares.ErrorHandlingMiddleware|/api/user/resendVerificationEmail has been invoked |url: http://localhost/api/user/resendVerificationEmail|action: ResendVerificationEmail
2023-10-29 20:21:44.4914|0|INFO|ScriptShoes.API.Middlewares.ErrorHandlingMiddleware|/api/user/resendVerificationEmail has been invoked |url: http://localhost/api/user/resendVerificationEmail|action: ResendVerificationEmail
2023-10-29 20:21:46.7965|0|INFO|ScriptShoes.API.Middlewares.ErrorHandlingMiddleware|/api/user/resendVerificationEmail has been invoked |url: http://localhost/api/user/resendVerificationEmail|action: ResendVerificationEmail
2023-10-29 20:21:50.3191|0|INFO|ScriptShoes.API.Middlewares.ErrorHandlingMiddleware|/api/user/resendVerificationEmail has been invoked |url: http://localhost/api/user/resendVerificationEmail|action: ResendVerificationEmail
2023-10-29 20:21:52.2905|0|INFO|ScriptShoes.API.Middlewares.ErrorHandlingMiddleware|/api/user/resendVerificationEmail has been invoked |url: http://localhost/api/user/resendVerificationEmail|action: ResendVerificationEmail
2023-10-29 20:21:53.9909|0|INFO|ScriptShoes.API.Middlewares.ErrorHandlingMiddleware|/api/user/resendVerificationEmail has been invoked |url: http://localhost/api/user/resendVerificationEmail|action: ResendVerificationEmail
2023-10-29 20:21:55.7105|0|INFO|ScriptShoes.API.Middlewares.ErrorHandlingMiddleware|/api/user/resendVerificationEmail has been invoked |url: http://localhost/api/user/resendVerificationEmail|action: ResendVerificationEmail
2023-10-29 20:21:57.3316|0|INFO|ScriptShoes.API.Middlewares.ErrorHandlingMiddleware|/api/user/resendVerificationEmail has been invoked |url: http://localhost/api/user/resendVerificationEmail|action: ResendVerificationEmail
2023-10-29 20:21:58.8765|0|INFO|ScriptShoes.API.Middlewares.ErrorHandlingMiddleware|/api/user/resendVerificationEmail has been invoked |url: http://localhost/api/user/resendVerificationEmail|action: ResendVerificationEmail
2023-10-29 20:22:00.5595|0|INFO|ScriptShoes.API.Middlewares.ErrorHandlingMiddleware|/api/user/resendVerificationEmail has been invoked |url: http://localhost/api/user/resendVerificationEmail|action: ResendVerificationEmail
2023-10-29 20:22:02.1794|0|INFO|ScriptShoes.API.Middlewares.ErrorHandlingMiddleware|/api/user/resendVerificationEmail has been invoked |url: http://localhost/api/user/resendVerificationEmail|action: ResendVerificationEmail
2023-10-29 20:22:03.8496|0|INFO|ScriptShoes.API.Middlewares.ErrorHandlingMiddleware|/api/user/resendVerificationEmail has been invoked |url: http://localhost/api/user/resendVerificationEmail|action: ResendVerificationEmail
2023-10-29 20:27:16.6374|0|INFO|ScriptShoes.API.Middlewares.ErrorHandlingMiddleware|/api/user/login has been invoked |url: http://localhost/api/user/login|action: Login
2023-10-29 20:28:03.3999|0|INFO|ScriptShoes.API.Middlewares.ErrorHandlingMiddleware|/api/user/resendVerificationEmail has been invoked |url: http://localhost/api/user/resendVerificationEmail|action: ResendVerificationEmail
2023-10-29 20:28:26.7446|0|INFO|ScriptShoes.API.Middlewares.ErrorHandlingMiddleware|/api/user/resendVerificationEmail has been invoked |url: http://localhost/api/user/resendVerificationEmail|action: ResendVerificationEmail
2023-10-29 20:28:30.6856|0|INFO|ScriptShoes.API.Middlewares.ErrorHandlingMiddleware|/api/user/resendVerificationEmail has been invoked |url: http://localhost/api/user/resendVerificationEmail|action: ResendVerificationEmail
2023-10-29 20:29:21.7095|0|INFO|ScriptShoes.API.Middlewares.ErrorHandlingMiddleware|/api/user/resendVerificationEmail has been invoked |url: http://localhost/api/user/resendVerificationEmail|action: ResendVerificationEmail
2023-10-29 20:29:28.6975|0|INFO|ScriptShoes.API.Middlewares.ErrorHandlingMiddleware|/api/user/resendVerificationEmail has been invoked |url: http://localhost/api/user/resendVerificationEmail|action: ResendVerificationEmail
2023-10-29 20:31:08.8827|0|INFO|ScriptShoes.API.Middlewares.ErrorHandlingMiddleware|/api/user/resendVerificationEmail has been invoked |url: http://localhost/api/user/resendVerificationEmail|action: ResendVerificationEmail
2023-10-29 20:31:11.0474|0|INFO|ScriptShoes.API.Middlewares.ErrorHandlingMiddleware|/api/user/resendVerificationEmail has been invoked |url: http://localhost/api/user/resendVerificationEmail|action: ResendVerificationEmail
2023-10-29 20:31:28.7462|0|INFO|ScriptShoes.API.Middlewares.ErrorHandlingMiddleware|/api/user/resendVerificationEmail has been invoked |url: http://localhost/api/user/resendVerificationEmail|action: ResendVerificationEmail
2023-10-29 20:32:55.6151|0|INFO|ScriptShoes.API.Middlewares.ErrorHandlingMiddleware|/api/user/login has been invoked |url: http://localhost/api/user/login|action: Login
2023-10-29 20:33:02.9438|0|INFO|ScriptShoes.API.Middlewares.ErrorHandlingMiddleware|/api/user/resendVerificationEmail has been invoked |url: http://localhost/api/user/resendVerificationEmail|action: ResendVerificationEmail
