2023-10-24 20:42:29.9521|0|DEBUG|Program|init main 
2023-10-24 20:42:31.8123|12|DEBUG|Microsoft.AspNetCore.Mvc.ModelBinding.ModelBinderFactory|Registered model binder providers, in the following order: Microsoft.AspNetCore.Mvc.ModelBinding.Binders.BinderTypeModelBinderProvider, Microsoft.AspNetCore.Mvc.ModelBinding.Binders.ServicesModelBinderProvider, Microsoft.AspNetCore.Mvc.ModelBinding.Binders.BodyModelBinderProvider, Microsoft.AspNetCore.Mvc.ModelBinding.Binders.HeaderModelBinderProvider, Microsoft.AspNetCore.Mvc.ModelBinding.Binders.FloatingPointTypeModelBinderProvider, Microsoft.AspNetCore.Mvc.ModelBinding.Binders.EnumTypeModelBinderProvider, Microsoft.AspNetCore.Mvc.ModelBinding.Binders.DateTimeModelBinderProvider, Microsoft.AspNetCore.Mvc.ModelBinding.Binders.SimpleTypeModelBinderProvider, Microsoft.AspNetCore.Mvc.ModelBinding.Binders.TryParseModelBinderProvider, Microsoft.AspNetCore.Mvc.ModelBinding.Binders.CancellationTokenModelBinderProvider, Microsoft.AspNetCore.Mvc.ModelBinding.Binders.ByteArrayModelBinderProvider, Microsoft.AspNetCore.Mvc.ModelBinding.Binders.FormFileModelBinderProvider, Microsoft.AspNetCore.Mvc.ModelBinding.Binders.FormCollectionModelBinderProvider, Microsoft.AspNetCore.Mvc.ModelBinding.Binders.KeyValuePairModelBinderProvider, Microsoft.AspNetCore.Mvc.ModelBinding.Binders.DictionaryModelBinderProvider, Microsoft.AspNetCore.Mvc.ModelBinding.Binders.ArrayModelBinderProvider, Microsoft.AspNetCore.Mvc.ModelBinding.Binders.CollectionModelBinderProvider, Microsoft.AspNetCore.Mvc.ModelBinding.Binders.ComplexObjectModelBinderProvider 
2023-10-24 20:42:31.9207|1|DEBUG|Microsoft.Extensions.Hosting.Internal.Host|Hosting starting 
2023-10-24 20:42:31.9681|63|INFO|Microsoft.AspNetCore.DataProtection.KeyManagement.XmlKeyManager|User profile is available. Using 'C:\Users\ADMIN\AppData\Local\ASP.NET\DataProtection-Keys' as key repository and Windows DPAPI to encrypt keys at rest. 
2023-10-24 20:42:31.9681|37|DEBUG|Microsoft.AspNetCore.DataProtection.Repositories.FileSystemXmlRepository|Reading data from file 'C:\Users\ADMIN\AppData\Local\ASP.NET\DataProtection-Keys\key-fa06f452-293b-47bb-911f-d5ac0d2ec068.xml'. 
2023-10-24 20:42:31.9891|18|DEBUG|Microsoft.AspNetCore.DataProtection.KeyManagement.XmlKeyManager|Found key {fa06f452-293b-47bb-911f-d5ac0d2ec068}. 
2023-10-24 20:42:32.0004|13|DEBUG|Microsoft.AspNetCore.DataProtection.KeyManagement.DefaultKeyResolver|Considering key {fa06f452-293b-47bb-911f-d5ac0d2ec068} with expiration date 2023-12-25 14:50:04Z as default key. 
2023-10-24 20:42:32.0004|0|DEBUG|Microsoft.AspNetCore.DataProtection.TypeForwardingActivator|Forwarded activator type request from Microsoft.AspNetCore.DataProtection.XmlEncryption.DpapiXmlDecryptor, Microsoft.AspNetCore.DataProtection, Version=7.0.0.0, Culture=neutral, PublicKeyToken=adb9793829ddae60 to Microsoft.AspNetCore.DataProtection.XmlEncryption.DpapiXmlDecryptor, Microsoft.AspNetCore.DataProtection, Culture=neutral, PublicKeyToken=adb9793829ddae60 
2023-10-24 20:42:32.0004|51|DEBUG|Microsoft.AspNetCore.DataProtection.XmlEncryption.DpapiXmlDecryptor|Decrypting secret element using Windows DPAPI. 
2023-10-24 20:42:32.0004|0|DEBUG|Microsoft.AspNetCore.DataProtection.TypeForwardingActivator|Forwarded activator type request from Microsoft.AspNetCore.DataProtection.AuthenticatedEncryption.ConfigurationModel.AuthenticatedEncryptorDescriptorDeserializer, Microsoft.AspNetCore.DataProtection, Version=7.0.0.0, Culture=neutral, PublicKeyToken=adb9793829ddae60 to Microsoft.AspNetCore.DataProtection.AuthenticatedEncryption.ConfigurationModel.AuthenticatedEncryptorDescriptorDeserializer, Microsoft.AspNetCore.DataProtection, Culture=neutral, PublicKeyToken=adb9793829ddae60 
2023-10-24 20:42:32.0004|4|DEBUG|Microsoft.AspNetCore.DataProtection.AuthenticatedEncryption.CngCbcAuthenticatedEncryptorFactory|Opening CNG algorithm 'AES' from provider '(null)' with chaining mode CBC. 
2023-10-24 20:42:32.0004|3|DEBUG|Microsoft.AspNetCore.DataProtection.AuthenticatedEncryption.CngCbcAuthenticatedEncryptorFactory|Opening CNG algorithm 'SHA256' from provider '(null)' with HMAC. 
2023-10-24 20:42:32.0004|2|DEBUG|Microsoft.AspNetCore.DataProtection.KeyManagement.KeyRingProvider|Using key {fa06f452-293b-47bb-911f-d5ac0d2ec068} as the default key. 
2023-10-24 20:42:32.0004|65|DEBUG|Microsoft.AspNetCore.DataProtection.Internal.DataProtectionHostedService|Key ring with default key {fa06f452-293b-47bb-911f-d5ac0d2ec068} was loaded during application startup. 
2023-10-24 20:42:32.3740|14|INFO|Microsoft.Hosting.Lifetime|Now listening on: http://localhost:5013 
2023-10-24 20:42:32.3740|13|DEBUG|Microsoft.AspNetCore.Hosting.Diagnostics|Loaded hosting startup assembly ScriptShoes.API 
2023-10-24 20:42:32.3740|0|INFO|Microsoft.Hosting.Lifetime|Application started. Press Ctrl+C to shut down. 
2023-10-24 20:42:32.3740|0|INFO|Microsoft.Hosting.Lifetime|Hosting environment: Development 
2023-10-24 20:42:32.3740|0|INFO|Microsoft.Hosting.Lifetime|Content root path: D:\rider-projects\ScriptShoes\ScriptShoes.API 
2023-10-24 20:42:32.3740|2|DEBUG|Microsoft.Extensions.Hosting.Internal.Host|Hosting started 
2023-10-24 20:42:32.5156|39|DEBUG|Microsoft.AspNetCore.Server.Kestrel.Connections|Connection id "0HMUKO3TRKBGB" accepted. 
2023-10-24 20:42:32.5156|1|DEBUG|Microsoft.AspNetCore.Server.Kestrel.Connections|Connection id "0HMUKO3TRKBGB" started. 
2023-10-24 20:42:32.5156|39|DEBUG|Microsoft.AspNetCore.Server.Kestrel.Connections|Connection id "0HMUKO3TRKBGC" accepted. 
2023-10-24 20:42:32.5156|1|DEBUG|Microsoft.AspNetCore.Server.Kestrel.Connections|Connection id "0HMUKO3TRKBGC" started. 
2023-10-24 20:42:32.5652|1|INFO|Microsoft.AspNetCore.Hosting.Diagnostics|Request starting HTTP/1.1 GET http://localhost:5013/swagger/index.html - - 
2023-10-24 20:42:32.5652|0|DEBUG|Microsoft.AspNetCore.HostFiltering.HostFilteringMiddleware|Wildcard detected, all requests with hosts will be allowed. 
2023-10-24 20:42:32.5652|2|TRACE|Microsoft.AspNetCore.HostFiltering.HostFilteringMiddleware|All hosts are allowed. 
2023-10-24 20:42:32.5652|39|DEBUG|Microsoft.AspNetCore.Server.Kestrel.Connections|Connection id "0HMUKO3TRKBGD" accepted. 
2023-10-24 20:42:32.5652|1|DEBUG|Microsoft.AspNetCore.Server.Kestrel.Connections|Connection id "0HMUKO3TRKBGD" started. 
2023-10-24 20:42:32.5870|1000|DEBUG|Microsoft.AspNetCore.Routing.Matching.DfaMatcher|No candidates found for the request path '/swagger/index.html' 
2023-10-24 20:42:32.5870|2|DEBUG|Microsoft.AspNetCore.Routing.EndpointRoutingMiddleware|Request did not match any endpoints 
2023-10-24 20:42:32.7377|9|DEBUG|Microsoft.AspNetCore.Server.Kestrel.Connections|Connection id "0HMUKO3TRKBGC" completed keep alive response. 
2023-10-24 20:42:32.7377|2|INFO|Microsoft.AspNetCore.Hosting.Diagnostics|Request finished HTTP/1.1 GET http://localhost:5013/swagger/index.html - - - 200 - text/html;charset=utf-8 174.8516ms 
2023-10-24 20:42:33.0721|1|INFO|Microsoft.AspNetCore.Hosting.Diagnostics|Request starting HTTP/1.1 GET http://localhost:5013/swagger/v1/swagger.json - - 
2023-10-24 20:42:33.0721|2|TRACE|Microsoft.AspNetCore.HostFiltering.HostFilteringMiddleware|All hosts are allowed. 
2023-10-24 20:42:33.0721|1000|DEBUG|Microsoft.AspNetCore.Routing.Matching.DfaMatcher|No candidates found for the request path '/swagger/v1/swagger.json' 
2023-10-24 20:42:33.0721|2|DEBUG|Microsoft.AspNetCore.Routing.EndpointRoutingMiddleware|Request did not match any endpoints 
2023-10-24 20:42:33.1691|9|DEBUG|Microsoft.AspNetCore.Server.Kestrel.Connections|Connection id "0HMUKO3TRKBGC" completed keep alive response. 
2023-10-24 20:42:33.1691|2|INFO|Microsoft.AspNetCore.Hosting.Diagnostics|Request finished HTTP/1.1 GET http://localhost:5013/swagger/v1/swagger.json - - - 200 - application/json;charset=utf-8 97.1431ms 
2023-10-24 20:42:42.5796|1|INFO|Microsoft.AspNetCore.Hosting.Diagnostics|Request starting HTTP/1.1 GET http://localhost:5013/api/shoe/getPagedShoes?pageNumber=1&pageSize=1 - - 
2023-10-24 20:42:42.5796|2|TRACE|Microsoft.AspNetCore.HostFiltering.HostFilteringMiddleware|All hosts are allowed. 
2023-10-24 20:42:42.5796|1001|DEBUG|Microsoft.AspNetCore.Routing.Matching.DfaMatcher|1 candidate(s) found for the request path '/api/shoe/getPagedShoes' 
2023-10-24 20:42:42.5796|1005|DEBUG|Microsoft.AspNetCore.Routing.Matching.DfaMatcher|Endpoint 'ScriptShoes.API.Controllers.ShoeController.GetPagedShoes (ScriptShoes.API)' with route pattern 'api/shoe/getPagedShoes' is valid for the request path '/api/shoe/getPagedShoes' 
2023-10-24 20:42:42.5796|1|DEBUG|Microsoft.AspNetCore.Routing.EndpointRoutingMiddleware|Request matched endpoint 'ScriptShoes.API.Controllers.ShoeController.GetPagedShoes (ScriptShoes.API)' 
2023-10-24 20:42:42.5796|15|DEBUG|Microsoft.AspNetCore.StaticFiles.StaticFileMiddleware|Static files was skipped as the request already matched an endpoint. 
2023-10-24 20:42:42.5890|3|WARN|Microsoft.AspNetCore.HttpsPolicy.HttpsRedirectionMiddleware|Failed to determine the https port for redirect. 
2023-10-24 20:42:43.0394|9|DEBUG|Microsoft.AspNetCore.Authentication.JwtBearer.JwtBearerHandler|AuthenticationScheme: Bearer was not authenticated. 
2023-10-24 20:42:43.0431|24|INFO|Microsoft.AspNetCore.ResponseCaching.ResponseCachingMiddleware|No cached response available for this request. 
2023-10-24 20:42:43.0431|0|INFO|Microsoft.AspNetCore.Routing.EndpointMiddleware|Executing endpoint 'ScriptShoes.API.Controllers.ShoeController.GetPagedShoes (ScriptShoes.API)' 
2023-10-24 20:42:43.0732|102|INFO|Microsoft.AspNetCore.Mvc.Infrastructure.ControllerActionInvoker|Route matched with {action = "GetPagedShoes", controller = "Shoe"}. Executing controller action with signature System.Threading.Tasks.Task`1[Microsoft.AspNetCore.Mvc.ActionResult`1[ScriptShoes.Application.Models.PagedResult`1[ScriptShoes.Application.Models.Shoe.GetShoeLimitedInformationDto]]] GetPagedShoes(Int32, Int32) on controller ScriptShoes.API.Controllers.ShoeController (ScriptShoes.API). 
2023-10-24 20:42:43.0732|1|DEBUG|Microsoft.AspNetCore.Mvc.Infrastructure.ControllerActionInvoker|Execution plan of authorization filters (in the following order): None 
2023-10-24 20:42:43.0732|1|DEBUG|Microsoft.AspNetCore.Mvc.Infrastructure.ControllerActionInvoker|Execution plan of resource filters (in the following order): None 
2023-10-24 20:42:43.0732|1|DEBUG|Microsoft.AspNetCore.Mvc.Infrastructure.ControllerActionInvoker|Execution plan of action filters (in the following order): Microsoft.AspNetCore.Mvc.ModelBinding.UnsupportedContentTypeFilter (Order: -3000), Microsoft.AspNetCore.Mvc.Infrastructure.ModelStateInvalidFilter (Order: -2000) 
2023-10-24 20:42:43.0732|1|DEBUG|Microsoft.AspNetCore.Mvc.Infrastructure.ControllerActionInvoker|Execution plan of exception filters (in the following order): None 
2023-10-24 20:42:43.0732|1|DEBUG|Microsoft.AspNetCore.Mvc.Infrastructure.ControllerActionInvoker|Execution plan of result filters (in the following order): Microsoft.AspNetCore.Mvc.Infrastructure.ClientErrorResultFilter (Order: -2000) 
2023-10-24 20:42:43.0732|1|DEBUG|Microsoft.AspNetCore.Mvc.Infrastructure.ControllerActionInvoker|Executing controller factory for controller ScriptShoes.API.Controllers.ShoeController (ScriptShoes.API) 
2023-10-24 20:42:43.0732|2|DEBUG|Microsoft.AspNetCore.Mvc.Infrastructure.ControllerActionInvoker|Executed controller factory for controller ScriptShoes.API.Controllers.ShoeController (ScriptShoes.API) 
2023-10-24 20:42:43.0732|22|DEBUG|Microsoft.AspNetCore.Mvc.ModelBinding.ParameterBinder|Attempting to bind parameter 'pageNumber' of type 'System.Int32' ... 
2023-10-24 20:42:43.0732|44|DEBUG|Microsoft.AspNetCore.Mvc.ModelBinding.Binders.SimpleTypeModelBinder|Attempting to bind parameter 'pageNumber' of type 'System.Int32' using the name 'pageNumber' in request data ... 
2023-10-24 20:42:43.0732|45|DEBUG|Microsoft.AspNetCore.Mvc.ModelBinding.Binders.SimpleTypeModelBinder|Done attempting to bind parameter 'pageNumber' of type 'System.Int32'. 
2023-10-24 20:42:43.0732|23|DEBUG|Microsoft.AspNetCore.Mvc.ModelBinding.ParameterBinder|Done attempting to bind parameter 'pageNumber' of type 'System.Int32'. 
2023-10-24 20:42:43.0732|26|DEBUG|Microsoft.AspNetCore.Mvc.ModelBinding.ParameterBinder|Attempting to validate the bound parameter 'pageNumber' of type 'System.Int32' ... 
2023-10-24 20:42:43.0732|27|DEBUG|Microsoft.AspNetCore.Mvc.ModelBinding.ParameterBinder|Done attempting to validate the bound parameter 'pageNumber' of type 'System.Int32'. 
2023-10-24 20:42:43.0732|22|DEBUG|Microsoft.AspNetCore.Mvc.ModelBinding.ParameterBinder|Attempting to bind parameter 'pageSize' of type 'System.Int32' ... 
2023-10-24 20:42:43.0732|44|DEBUG|Microsoft.AspNetCore.Mvc.ModelBinding.Binders.SimpleTypeModelBinder|Attempting to bind parameter 'pageSize' of type 'System.Int32' using the name 'pageSize' in request data ... 
2023-10-24 20:42:43.0732|45|DEBUG|Microsoft.AspNetCore.Mvc.ModelBinding.Binders.SimpleTypeModelBinder|Done attempting to bind parameter 'pageSize' of type 'System.Int32'. 
2023-10-24 20:42:43.0732|23|DEBUG|Microsoft.AspNetCore.Mvc.ModelBinding.ParameterBinder|Done attempting to bind parameter 'pageSize' of type 'System.Int32'. 
2023-10-24 20:42:43.0732|26|DEBUG|Microsoft.AspNetCore.Mvc.ModelBinding.ParameterBinder|Attempting to validate the bound parameter 'pageSize' of type 'System.Int32' ... 
2023-10-24 20:42:43.0732|27|DEBUG|Microsoft.AspNetCore.Mvc.ModelBinding.ParameterBinder|Done attempting to validate the bound parameter 'pageSize' of type 'System.Int32'. 
2023-10-24 20:42:43.0732|52|TRACE|Microsoft.AspNetCore.Mvc.Infrastructure.ControllerActionInvoker|Action Filter: Before executing OnActionExecuting on filter Microsoft.AspNetCore.Mvc.ModelBinding.UnsupportedContentTypeFilter. 
2023-10-24 20:42:43.0732|53|TRACE|Microsoft.AspNetCore.Mvc.Infrastructure.ControllerActionInvoker|Action Filter: After executing OnActionExecuting on filter Microsoft.AspNetCore.Mvc.ModelBinding.UnsupportedContentTypeFilter. 
2023-10-24 20:42:43.0732|52|TRACE|Microsoft.AspNetCore.Mvc.Infrastructure.ControllerActionInvoker|Action Filter: Before executing OnActionExecuting on filter Microsoft.AspNetCore.Mvc.Infrastructure.ModelStateInvalidFilter. 
2023-10-24 20:42:43.0732|53|TRACE|Microsoft.AspNetCore.Mvc.Infrastructure.ControllerActionInvoker|Action Filter: After executing OnActionExecuting on filter Microsoft.AspNetCore.Mvc.Infrastructure.ModelStateInvalidFilter. 
2023-10-24 20:42:43.0732|101|INFO|Microsoft.AspNetCore.Mvc.Infrastructure.ControllerActionInvoker|Executing action method ScriptShoes.API.Controllers.ShoeController.GetPagedShoes (ScriptShoes.API) - Validation state: Valid 
2023-10-24 20:42:43.0732|102|TRACE|Microsoft.AspNetCore.Mvc.Infrastructure.ControllerActionInvoker|Executing action method ScriptShoes.API.Controllers.ShoeController.GetPagedShoes (ScriptShoes.API) with arguments (1, 1) 
2023-10-24 20:42:43.6558|10401|DEBUG|Microsoft.EntityFrameworkCore.Infrastructure|An 'IServiceProvider' was created for internal use by Entity Framework. 
2023-10-24 20:42:44.3958|10403|DEBUG|Microsoft.EntityFrameworkCore.Infrastructure|Entity Framework Core 7.0.11 initialized 'AppDbContext' using provider 'Npgsql.EntityFrameworkCore.PostgreSQL:7.0.11+c25a0d7b68d66c6ab3849a3b4333964faea6adc9' with options: None 
2023-10-24 20:42:44.4211|10111|DEBUG|Microsoft.EntityFrameworkCore.Query|Compiling query expression: 
'DbSet<Shoe>()
    .OrderByDescending(x => x.Id)
    .Skip(__p_0)
    .Take(__p_1)' 
2023-10-24 20:42:44.5570|10107|DEBUG|Microsoft.EntityFrameworkCore.Query|Generated query execution expression: 
'queryContext => new SingleQueryingEnumerable<Shoe>(
    (RelationalQueryContext)queryContext, 
    RelationalCommandCache.QueryExpression(
        Projection Mapping:
            EmptyProjectionMember -> Dictionary<IProperty, int> { [Property: Shoe.Id (int) Required PK AfterSave:Throw ValueGenerated.OnAdd, 0], [Property: Shoe.AverageRating (float?), 1], [Property: Shoe.Brand (string) Required, 2], [Property: Shoe.Created (DateTime) Required, 3], [Property: Shoe.CurrentPrice (float) Required, 4], [Property: Shoe.Images (List<string>), 5], [Property: Shoe.LastModified (DateTime) Required, 6], [Property: Shoe.NumberOfRatings (int?), 7], [Property: Shoe.NumberOfReviews (int?), 8], [Property: Shoe.PriceBeforeDiscount (float?), 9], [Property: Shoe.ShoeName (string) Required, 10], [Property: Shoe.ShoeSizes (List<float>), 11], [Property: Shoe.ShoeType (string) Required, 12], [Property: Shoe.ThumbnailImage (string), 13], [Property: Shoe.UserId (int) Required FK Index, 14] }
        SELECT s.Id, s.AverageRating, s.Brand, s.Created, s.CurrentPrice, s.Images, s.LastModified, s.NumberOfRatings, s.NumberOfReviews, s.PriceBeforeDiscount, s.ShoeName, s.ShoeSizes, s.ShoeType, s.ThumbnailImage, s.UserId
        FROM Shoes AS s
        ORDER BY s.Id DESC
        OFFSET @__p_0 ROWS FETCH NEXT @__p_1 ROWS ONLY), 
    null, 
    Func<QueryContext, DbDataReader, ResultContext, SingleQueryResultCoordinator, Shoe>, 
    ScriptShoes.Persistence.Database.AppDbContext, 
    False, 
    False, 
    True
)' 
2023-10-24 20:42:44.5780|20103|DEBUG|Microsoft.EntityFrameworkCore.Database.Command|Creating DbCommand for 'ExecuteReader'. 
2023-10-24 20:42:44.5780|20005|DEBUG|Microsoft.EntityFrameworkCore.Database.Connection|Creating DbConnection. 
2023-10-24 20:42:44.6302|20006|DEBUG|Microsoft.EntityFrameworkCore.Database.Connection|Created DbConnection. (48ms). 
2023-10-24 20:42:44.6357|20104|DEBUG|Microsoft.EntityFrameworkCore.Database.Command|Created DbCommand for 'ExecuteReader' (56ms). 
2023-10-24 20:42:44.6357|20106|DEBUG|Microsoft.EntityFrameworkCore.Database.Command|Initialized DbCommand for 'ExecuteReader' (62ms). 
2023-10-24 20:42:44.6357|20000|DEBUG|Microsoft.EntityFrameworkCore.Database.Connection|Opening connection to database 'ScriptShoesDb' on server ''. 
2023-10-24 20:42:44.8516|20001|DEBUG|Microsoft.EntityFrameworkCore.Database.Connection|Opened connection to database 'ScriptShoesDb' on server 'tcp://localhost:5432'. 
2023-10-24 20:42:44.8653|20100|DEBUG|Microsoft.EntityFrameworkCore.Database.Command|Executing DbCommand [Parameters=[@__p_1='?' (DbType = Int32), @__p_0='?' (DbType = Int32)], CommandType='Text', CommandTimeout='30']
SELECT s."Id", s."AverageRating", s."Brand", s."Created", s."CurrentPrice", s."Images", s."LastModified", s."NumberOfRatings", s."NumberOfReviews", s."PriceBeforeDiscount", s."ShoeName", s."ShoeSizes", s."ShoeType", s."ThumbnailImage", s."UserId"
FROM "Shoes" AS s
ORDER BY s."Id" DESC
LIMIT @__p_1 OFFSET @__p_0 
2023-10-24 20:42:44.8992|20101|INFO|Microsoft.EntityFrameworkCore.Database.Command|Executed DbCommand (36ms) [Parameters=[@__p_1='?' (DbType = Int32), @__p_0='?' (DbType = Int32)], CommandType='Text', CommandTimeout='30']
SELECT s."Id", s."AverageRating", s."Brand", s."Created", s."CurrentPrice", s."Images", s."LastModified", s."NumberOfRatings", s."NumberOfReviews", s."PriceBeforeDiscount", s."ShoeName", s."ShoeSizes", s."ShoeType", s."ThumbnailImage", s."UserId"
FROM "Shoes" AS s
ORDER BY s."Id" DESC
LIMIT @__p_1 OFFSET @__p_0 
2023-10-24 20:42:44.9404|10806|DEBUG|Microsoft.EntityFrameworkCore.ChangeTracking|Context 'AppDbContext' started tracking 'Shoe' entity. Consider using 'DbContextOptionsBuilder.EnableSensitiveDataLogging' to see key values. 
2023-10-24 20:42:44.9803|20301|DEBUG|Microsoft.EntityFrameworkCore.Database.Command|Closing data reader to 'ScriptShoesDb' on server 'tcp://localhost:5432'. 
2023-10-24 20:42:44.9803|20300|DEBUG|Microsoft.EntityFrameworkCore.Database.Command|A data reader for 'ScriptShoesDb' on server 'tcp://localhost:5432' is being disposed after spending 80ms reading results. 
2023-10-24 20:42:44.9803|20002|DEBUG|Microsoft.EntityFrameworkCore.Database.Connection|Closing connection to database 'ScriptShoesDb' on server 'tcp://localhost:5432'. 
2023-10-24 20:42:44.9803|20003|DEBUG|Microsoft.EntityFrameworkCore.Database.Connection|Closed connection to database 'ScriptShoesDb' on server '' (3ms). 
2023-10-24 20:42:45.0944|103|INFO|Microsoft.AspNetCore.Mvc.Infrastructure.ControllerActionInvoker|Executed action method ScriptShoes.API.Controllers.ShoeController.GetPagedShoes (ScriptShoes.API), returned result Microsoft.AspNetCore.Mvc.ObjectResult in 2004.4287ms. 
2023-10-24 20:42:45.0944|52|TRACE|Microsoft.AspNetCore.Mvc.Infrastructure.ControllerActionInvoker|Action Filter: Before executing OnActionExecuted on filter Microsoft.AspNetCore.Mvc.Infrastructure.ModelStateInvalidFilter. 
2023-10-24 20:42:45.0944|53|TRACE|Microsoft.AspNetCore.Mvc.Infrastructure.ControllerActionInvoker|Action Filter: After executing OnActionExecuted on filter Microsoft.AspNetCore.Mvc.Infrastructure.ModelStateInvalidFilter. 
2023-10-24 20:42:45.0944|52|TRACE|Microsoft.AspNetCore.Mvc.Infrastructure.ControllerActionInvoker|Action Filter: Before executing OnActionExecuted on filter Microsoft.AspNetCore.Mvc.ModelBinding.UnsupportedContentTypeFilter. 
2023-10-24 20:42:45.0944|53|TRACE|Microsoft.AspNetCore.Mvc.Infrastructure.ControllerActionInvoker|Action Filter: After executing OnActionExecuted on filter Microsoft.AspNetCore.Mvc.ModelBinding.UnsupportedContentTypeFilter. 
2023-10-24 20:42:45.0944|52|TRACE|Microsoft.AspNetCore.Mvc.Infrastructure.ControllerActionInvoker|Result Filter: Before executing OnResultExecuting on filter Microsoft.AspNetCore.Mvc.Infrastructure.ClientErrorResultFilter. 
2023-10-24 20:42:45.0944|53|TRACE|Microsoft.AspNetCore.Mvc.Infrastructure.ControllerActionInvoker|Result Filter: After executing OnResultExecuting on filter Microsoft.AspNetCore.Mvc.Infrastructure.ClientErrorResultFilter. 
2023-10-24 20:42:45.0944|5|TRACE|Microsoft.AspNetCore.Mvc.Infrastructure.ControllerActionInvoker|Before executing action result Microsoft.AspNetCore.Mvc.ObjectResult. 
2023-10-24 20:42:45.0944|11|DEBUG|Microsoft.AspNetCore.Mvc.Infrastructure.DefaultOutputFormatterSelector|List of registered output formatters, in the following order: Microsoft.AspNetCore.Mvc.Formatters.HttpNoContentOutputFormatter, Microsoft.AspNetCore.Mvc.Formatters.StringOutputFormatter, Microsoft.AspNetCore.Mvc.Formatters.StreamOutputFormatter, Microsoft.AspNetCore.Mvc.Formatters.SystemTextJsonOutputFormatter 
2023-10-24 20:42:45.0944|6|DEBUG|Microsoft.AspNetCore.Mvc.Infrastructure.DefaultOutputFormatterSelector|Attempting to select an output formatter based on Accept header 'text/plain'. 
2023-10-24 20:42:45.0944|5|DEBUG|Microsoft.AspNetCore.Mvc.Infrastructure.DefaultOutputFormatterSelector|Could not find an output formatter based on content negotiation. Accepted types were (text/plain) 
2023-10-24 20:42:45.0944|8|DEBUG|Microsoft.AspNetCore.Mvc.Infrastructure.DefaultOutputFormatterSelector|Attempting to select an output formatter without using a content type as no explicit content types were specified for the response. 
2023-10-24 20:42:45.0944|10|DEBUG|Microsoft.AspNetCore.Mvc.Infrastructure.DefaultOutputFormatterSelector|Attempting to select the first formatter in the output formatters list which can write the result. 
2023-10-24 20:42:45.0944|2|DEBUG|Microsoft.AspNetCore.Mvc.Infrastructure.DefaultOutputFormatterSelector|Selected output formatter 'Microsoft.AspNetCore.Mvc.Formatters.SystemTextJsonOutputFormatter' and content type 'application/json' to write the response. 
2023-10-24 20:42:45.0944|1|INFO|Microsoft.AspNetCore.Mvc.Infrastructure.ObjectResultExecutor|Executing ObjectResult, writing value of type 'ScriptShoes.Application.Models.PagedResult`1[[ScriptShoes.Application.Models.Shoe.GetShoeLimitedInformationDto, ScriptShoes.Application, Version=1.0.0.0, Culture=neutral, PublicKeyToken=null]]'. 
2023-10-24 20:42:45.1189|11|DEBUG|Microsoft.AspNetCore.ResponseCaching.ResponseCachingMiddleware|Response is not cacheable because it does not contain the 'public' cache directive. 
2023-10-24 20:42:45.1189|6|TRACE|Microsoft.AspNetCore.Mvc.Infrastructure.ControllerActionInvoker|After executing action result Microsoft.AspNetCore.Mvc.ObjectResult. 
2023-10-24 20:42:45.1189|52|TRACE|Microsoft.AspNetCore.Mvc.Infrastructure.ControllerActionInvoker|Result Filter: Before executing OnResultExecuted on filter Microsoft.AspNetCore.Mvc.Infrastructure.ClientErrorResultFilter. 
2023-10-24 20:42:45.1189|53|TRACE|Microsoft.AspNetCore.Mvc.Infrastructure.ControllerActionInvoker|Result Filter: After executing OnResultExecuted on filter Microsoft.AspNetCore.Mvc.Infrastructure.ClientErrorResultFilter. 
2023-10-24 20:42:45.1222|105|INFO|Microsoft.AspNetCore.Mvc.Infrastructure.ControllerActionInvoker|Executed action ScriptShoes.API.Controllers.ShoeController.GetPagedShoes (ScriptShoes.API) in 2045.5996ms 
2023-10-24 20:42:45.1222|1|INFO|Microsoft.AspNetCore.Routing.EndpointMiddleware|Executed endpoint 'ScriptShoes.API.Controllers.ShoeController.GetPagedShoes (ScriptShoes.API)' 
2023-10-24 20:42:45.1222|27|INFO|Microsoft.AspNetCore.ResponseCaching.ResponseCachingMiddleware|The response could not be cached for this request. 
2023-10-24 20:42:45.1222|9|DEBUG|Microsoft.AspNetCore.Server.Kestrel.Connections|Connection id "0HMUKO3TRKBGC" completed keep alive response. 
2023-10-24 20:42:45.1222|10407|DEBUG|Microsoft.EntityFrameworkCore.Infrastructure|'AppDbContext' disposed. 
2023-10-24 20:42:45.1222|20007|DEBUG|Microsoft.EntityFrameworkCore.Database.Connection|Disposing connection to database 'ScriptShoesDb' on server ''. 
2023-10-24 20:42:45.1222|20008|DEBUG|Microsoft.EntityFrameworkCore.Database.Connection|Disposed connection to database 'ScriptShoesDb' on server '' (2ms). 
2023-10-24 20:42:45.1222|2|INFO|Microsoft.AspNetCore.Hosting.Diagnostics|Request finished HTTP/1.1 GET http://localhost:5013/api/shoe/getPagedShoes?pageNumber=1&pageSize=1 - - - 200 - application/json;+charset=utf-8 2555.7834ms 
2023-10-24 20:42:50.7184|1|INFO|Microsoft.AspNetCore.Hosting.Diagnostics|Request starting HTTP/1.1 GET http://localhost:5013/api/shoe/getPagedShoes?pageNumber=1&pageSize=2 - - 
2023-10-24 20:42:50.7184|2|TRACE|Microsoft.AspNetCore.HostFiltering.HostFilteringMiddleware|All hosts are allowed. 
2023-10-24 20:42:50.7184|1001|DEBUG|Microsoft.AspNetCore.Routing.Matching.DfaMatcher|1 candidate(s) found for the request path '/api/shoe/getPagedShoes' 
2023-10-24 20:42:50.7184|1005|DEBUG|Microsoft.AspNetCore.Routing.Matching.DfaMatcher|Endpoint 'ScriptShoes.API.Controllers.ShoeController.GetPagedShoes (ScriptShoes.API)' with route pattern 'api/shoe/getPagedShoes' is valid for the request path '/api/shoe/getPagedShoes' 
2023-10-24 20:42:50.7184|1|DEBUG|Microsoft.AspNetCore.Routing.EndpointRoutingMiddleware|Request matched endpoint 'ScriptShoes.API.Controllers.ShoeController.GetPagedShoes (ScriptShoes.API)' 
2023-10-24 20:42:50.7184|15|DEBUG|Microsoft.AspNetCore.StaticFiles.StaticFileMiddleware|Static files was skipped as the request already matched an endpoint. 
2023-10-24 20:42:50.7184|9|DEBUG|Microsoft.AspNetCore.Authentication.JwtBearer.JwtBearerHandler|AuthenticationScheme: Bearer was not authenticated. 
2023-10-24 20:42:50.7184|24|INFO|Microsoft.AspNetCore.ResponseCaching.ResponseCachingMiddleware|No cached response available for this request. 
2023-10-24 20:42:50.7184|0|INFO|Microsoft.AspNetCore.Routing.EndpointMiddleware|Executing endpoint 'ScriptShoes.API.Controllers.ShoeController.GetPagedShoes (ScriptShoes.API)' 
2023-10-24 20:42:50.7184|102|INFO|Microsoft.AspNetCore.Mvc.Infrastructure.ControllerActionInvoker|Route matched with {action = "GetPagedShoes", controller = "Shoe"}. Executing controller action with signature System.Threading.Tasks.Task`1[Microsoft.AspNetCore.Mvc.ActionResult`1[ScriptShoes.Application.Models.PagedResult`1[ScriptShoes.Application.Models.Shoe.GetShoeLimitedInformationDto]]] GetPagedShoes(Int32, Int32) on controller ScriptShoes.API.Controllers.ShoeController (ScriptShoes.API). 
2023-10-24 20:42:50.7184|1|DEBUG|Microsoft.AspNetCore.Mvc.Infrastructure.ControllerActionInvoker|Execution plan of authorization filters (in the following order): None 
2023-10-24 20:42:50.7184|1|DEBUG|Microsoft.AspNetCore.Mvc.Infrastructure.ControllerActionInvoker|Execution plan of resource filters (in the following order): None 
2023-10-24 20:42:50.7184|1|DEBUG|Microsoft.AspNetCore.Mvc.Infrastructure.ControllerActionInvoker|Execution plan of action filters (in the following order): Microsoft.AspNetCore.Mvc.ModelBinding.UnsupportedContentTypeFilter (Order: -3000), Microsoft.AspNetCore.Mvc.Infrastructure.ModelStateInvalidFilter (Order: -2000) 
2023-10-24 20:42:50.7184|1|DEBUG|Microsoft.AspNetCore.Mvc.Infrastructure.ControllerActionInvoker|Execution plan of exception filters (in the following order): None 
2023-10-24 20:42:50.7184|1|DEBUG|Microsoft.AspNetCore.Mvc.Infrastructure.ControllerActionInvoker|Execution plan of result filters (in the following order): Microsoft.AspNetCore.Mvc.Infrastructure.ClientErrorResultFilter (Order: -2000) 
2023-10-24 20:42:50.7184|1|DEBUG|Microsoft.AspNetCore.Mvc.Infrastructure.ControllerActionInvoker|Executing controller factory for controller ScriptShoes.API.Controllers.ShoeController (ScriptShoes.API) 
2023-10-24 20:42:50.7184|2|DEBUG|Microsoft.AspNetCore.Mvc.Infrastructure.ControllerActionInvoker|Executed controller factory for controller ScriptShoes.API.Controllers.ShoeController (ScriptShoes.API) 
2023-10-24 20:42:50.7184|22|DEBUG|Microsoft.AspNetCore.Mvc.ModelBinding.ParameterBinder|Attempting to bind parameter 'pageNumber' of type 'System.Int32' ... 
2023-10-24 20:42:50.7184|44|DEBUG|Microsoft.AspNetCore.Mvc.ModelBinding.Binders.SimpleTypeModelBinder|Attempting to bind parameter 'pageNumber' of type 'System.Int32' using the name 'pageNumber' in request data ... 
2023-10-24 20:42:50.7184|45|DEBUG|Microsoft.AspNetCore.Mvc.ModelBinding.Binders.SimpleTypeModelBinder|Done attempting to bind parameter 'pageNumber' of type 'System.Int32'. 
2023-10-24 20:42:50.7184|23|DEBUG|Microsoft.AspNetCore.Mvc.ModelBinding.ParameterBinder|Done attempting to bind parameter 'pageNumber' of type 'System.Int32'. 
2023-10-24 20:42:50.7184|26|DEBUG|Microsoft.AspNetCore.Mvc.ModelBinding.ParameterBinder|Attempting to validate the bound parameter 'pageNumber' of type 'System.Int32' ... 
2023-10-24 20:42:50.7184|27|DEBUG|Microsoft.AspNetCore.Mvc.ModelBinding.ParameterBinder|Done attempting to validate the bound parameter 'pageNumber' of type 'System.Int32'. 
2023-10-24 20:42:50.7184|22|DEBUG|Microsoft.AspNetCore.Mvc.ModelBinding.ParameterBinder|Attempting to bind parameter 'pageSize' of type 'System.Int32' ... 
2023-10-24 20:42:50.7184|44|DEBUG|Microsoft.AspNetCore.Mvc.ModelBinding.Binders.SimpleTypeModelBinder|Attempting to bind parameter 'pageSize' of type 'System.Int32' using the name 'pageSize' in request data ... 
2023-10-24 20:42:50.7184|45|DEBUG|Microsoft.AspNetCore.Mvc.ModelBinding.Binders.SimpleTypeModelBinder|Done attempting to bind parameter 'pageSize' of type 'System.Int32'. 
2023-10-24 20:42:50.7184|23|DEBUG|Microsoft.AspNetCore.Mvc.ModelBinding.ParameterBinder|Done attempting to bind parameter 'pageSize' of type 'System.Int32'. 
2023-10-24 20:42:50.7184|26|DEBUG|Microsoft.AspNetCore.Mvc.ModelBinding.ParameterBinder|Attempting to validate the bound parameter 'pageSize' of type 'System.Int32' ... 
2023-10-24 20:42:50.7184|27|DEBUG|Microsoft.AspNetCore.Mvc.ModelBinding.ParameterBinder|Done attempting to validate the bound parameter 'pageSize' of type 'System.Int32'. 
2023-10-24 20:42:50.7184|52|TRACE|Microsoft.AspNetCore.Mvc.Infrastructure.ControllerActionInvoker|Action Filter: Before executing OnActionExecuting on filter Microsoft.AspNetCore.Mvc.ModelBinding.UnsupportedContentTypeFilter. 
2023-10-24 20:42:50.7184|53|TRACE|Microsoft.AspNetCore.Mvc.Infrastructure.ControllerActionInvoker|Action Filter: After executing OnActionExecuting on filter Microsoft.AspNetCore.Mvc.ModelBinding.UnsupportedContentTypeFilter. 
2023-10-24 20:42:50.7184|52|TRACE|Microsoft.AspNetCore.Mvc.Infrastructure.ControllerActionInvoker|Action Filter: Before executing OnActionExecuting on filter Microsoft.AspNetCore.Mvc.Infrastructure.ModelStateInvalidFilter. 
2023-10-24 20:42:50.7184|53|TRACE|Microsoft.AspNetCore.Mvc.Infrastructure.ControllerActionInvoker|Action Filter: After executing OnActionExecuting on filter Microsoft.AspNetCore.Mvc.Infrastructure.ModelStateInvalidFilter. 
2023-10-24 20:42:50.7184|101|INFO|Microsoft.AspNetCore.Mvc.Infrastructure.ControllerActionInvoker|Executing action method ScriptShoes.API.Controllers.ShoeController.GetPagedShoes (ScriptShoes.API) - Validation state: Valid 
2023-10-24 20:42:50.7184|102|TRACE|Microsoft.AspNetCore.Mvc.Infrastructure.ControllerActionInvoker|Executing action method ScriptShoes.API.Controllers.ShoeController.GetPagedShoes (ScriptShoes.API) with arguments (1, 2) 
2023-10-24 20:42:50.7331|10403|DEBUG|Microsoft.EntityFrameworkCore.Infrastructure|Entity Framework Core 7.0.11 initialized 'AppDbContext' using provider 'Npgsql.EntityFrameworkCore.PostgreSQL:7.0.11+c25a0d7b68d66c6ab3849a3b4333964faea6adc9' with options: None 
2023-10-24 20:42:50.7331|20103|DEBUG|Microsoft.EntityFrameworkCore.Database.Command|Creating DbCommand for 'ExecuteReader'. 
2023-10-24 20:42:50.7331|20005|DEBUG|Microsoft.EntityFrameworkCore.Database.Connection|Creating DbConnection. 
2023-10-24 20:42:50.7331|20006|DEBUG|Microsoft.EntityFrameworkCore.Database.Connection|Created DbConnection. (0ms). 
2023-10-24 20:42:50.7331|20104|DEBUG|Microsoft.EntityFrameworkCore.Database.Command|Created DbCommand for 'ExecuteReader' (0ms). 
2023-10-24 20:42:50.7331|20106|DEBUG|Microsoft.EntityFrameworkCore.Database.Command|Initialized DbCommand for 'ExecuteReader' (0ms). 
2023-10-24 20:42:50.7331|20000|DEBUG|Microsoft.EntityFrameworkCore.Database.Connection|Opening connection to database 'ScriptShoesDb' on server ''. 
2023-10-24 20:42:50.7331|20001|DEBUG|Microsoft.EntityFrameworkCore.Database.Connection|Opened connection to database 'ScriptShoesDb' on server 'tcp://localhost:5432'. 
2023-10-24 20:42:50.7331|20100|DEBUG|Microsoft.EntityFrameworkCore.Database.Command|Executing DbCommand [Parameters=[@__p_1='?' (DbType = Int32), @__p_0='?' (DbType = Int32)], CommandType='Text', CommandTimeout='30']
SELECT s."Id", s."AverageRating", s."Brand", s."Created", s."CurrentPrice", s."Images", s."LastModified", s."NumberOfRatings", s."NumberOfReviews", s."PriceBeforeDiscount", s."ShoeName", s."ShoeSizes", s."ShoeType", s."ThumbnailImage", s."UserId"
FROM "Shoes" AS s
ORDER BY s."Id" DESC
LIMIT @__p_1 OFFSET @__p_0 
2023-10-24 20:42:50.7331|20101|INFO|Microsoft.EntityFrameworkCore.Database.Command|Executed DbCommand (1ms) [Parameters=[@__p_1='?' (DbType = Int32), @__p_0='?' (DbType = Int32)], CommandType='Text', CommandTimeout='30']
SELECT s."Id", s."AverageRating", s."Brand", s."Created", s."CurrentPrice", s."Images", s."LastModified", s."NumberOfRatings", s."NumberOfReviews", s."PriceBeforeDiscount", s."ShoeName", s."ShoeSizes", s."ShoeType", s."ThumbnailImage", s."UserId"
FROM "Shoes" AS s
ORDER BY s."Id" DESC
LIMIT @__p_1 OFFSET @__p_0 
2023-10-24 20:42:50.7331|10806|DEBUG|Microsoft.EntityFrameworkCore.ChangeTracking|Context 'AppDbContext' started tracking 'Shoe' entity. Consider using 'DbContextOptionsBuilder.EnableSensitiveDataLogging' to see key values. 
2023-10-24 20:42:50.7331|10806|DEBUG|Microsoft.EntityFrameworkCore.ChangeTracking|Context 'AppDbContext' started tracking 'Shoe' entity. Consider using 'DbContextOptionsBuilder.EnableSensitiveDataLogging' to see key values. 
2023-10-24 20:42:50.7331|20301|DEBUG|Microsoft.EntityFrameworkCore.Database.Command|Closing data reader to 'ScriptShoesDb' on server 'tcp://localhost:5432'. 
2023-10-24 20:42:50.7331|20300|DEBUG|Microsoft.EntityFrameworkCore.Database.Command|A data reader for 'ScriptShoesDb' on server 'tcp://localhost:5432' is being disposed after spending 0ms reading results. 
2023-10-24 20:42:50.7331|20002|DEBUG|Microsoft.EntityFrameworkCore.Database.Connection|Closing connection to database 'ScriptShoesDb' on server 'tcp://localhost:5432'. 
2023-10-24 20:42:50.7331|20003|DEBUG|Microsoft.EntityFrameworkCore.Database.Connection|Closed connection to database 'ScriptShoesDb' on server '' (0ms). 
2023-10-24 20:42:50.7331|103|INFO|Microsoft.AspNetCore.Mvc.Infrastructure.ControllerActionInvoker|Executed action method ScriptShoes.API.Controllers.ShoeController.GetPagedShoes (ScriptShoes.API), returned result Microsoft.AspNetCore.Mvc.ObjectResult in 16.6756ms. 
2023-10-24 20:42:50.7331|52|TRACE|Microsoft.AspNetCore.Mvc.Infrastructure.ControllerActionInvoker|Action Filter: Before executing OnActionExecuted on filter Microsoft.AspNetCore.Mvc.Infrastructure.ModelStateInvalidFilter. 
2023-10-24 20:42:50.7331|53|TRACE|Microsoft.AspNetCore.Mvc.Infrastructure.ControllerActionInvoker|Action Filter: After executing OnActionExecuted on filter Microsoft.AspNetCore.Mvc.Infrastructure.ModelStateInvalidFilter. 
2023-10-24 20:42:50.7331|52|TRACE|Microsoft.AspNetCore.Mvc.Infrastructure.ControllerActionInvoker|Action Filter: Before executing OnActionExecuted on filter Microsoft.AspNetCore.Mvc.ModelBinding.UnsupportedContentTypeFilter. 
2023-10-24 20:42:50.7331|53|TRACE|Microsoft.AspNetCore.Mvc.Infrastructure.ControllerActionInvoker|Action Filter: After executing OnActionExecuted on filter Microsoft.AspNetCore.Mvc.ModelBinding.UnsupportedContentTypeFilter. 
2023-10-24 20:42:50.7331|52|TRACE|Microsoft.AspNetCore.Mvc.Infrastructure.ControllerActionInvoker|Result Filter: Before executing OnResultExecuting on filter Microsoft.AspNetCore.Mvc.Infrastructure.ClientErrorResultFilter. 
2023-10-24 20:42:50.7331|53|TRACE|Microsoft.AspNetCore.Mvc.Infrastructure.ControllerActionInvoker|Result Filter: After executing OnResultExecuting on filter Microsoft.AspNetCore.Mvc.Infrastructure.ClientErrorResultFilter. 
2023-10-24 20:42:50.7331|5|TRACE|Microsoft.AspNetCore.Mvc.Infrastructure.ControllerActionInvoker|Before executing action result Microsoft.AspNetCore.Mvc.ObjectResult. 
2023-10-24 20:42:50.7331|11|DEBUG|Microsoft.AspNetCore.Mvc.Infrastructure.DefaultOutputFormatterSelector|List of registered output formatters, in the following order: Microsoft.AspNetCore.Mvc.Formatters.HttpNoContentOutputFormatter, Microsoft.AspNetCore.Mvc.Formatters.StringOutputFormatter, Microsoft.AspNetCore.Mvc.Formatters.StreamOutputFormatter, Microsoft.AspNetCore.Mvc.Formatters.SystemTextJsonOutputFormatter 
2023-10-24 20:42:50.7331|6|DEBUG|Microsoft.AspNetCore.Mvc.Infrastructure.DefaultOutputFormatterSelector|Attempting to select an output formatter based on Accept header 'text/plain'. 
2023-10-24 20:42:50.7331|5|DEBUG|Microsoft.AspNetCore.Mvc.Infrastructure.DefaultOutputFormatterSelector|Could not find an output formatter based on content negotiation. Accepted types were (text/plain) 
2023-10-24 20:42:50.7331|8|DEBUG|Microsoft.AspNetCore.Mvc.Infrastructure.DefaultOutputFormatterSelector|Attempting to select an output formatter without using a content type as no explicit content types were specified for the response. 
2023-10-24 20:42:50.7331|10|DEBUG|Microsoft.AspNetCore.Mvc.Infrastructure.DefaultOutputFormatterSelector|Attempting to select the first formatter in the output formatters list which can write the result. 
2023-10-24 20:42:50.7331|2|DEBUG|Microsoft.AspNetCore.Mvc.Infrastructure.DefaultOutputFormatterSelector|Selected output formatter 'Microsoft.AspNetCore.Mvc.Formatters.SystemTextJsonOutputFormatter' and content type 'application/json' to write the response. 
2023-10-24 20:42:50.7331|1|INFO|Microsoft.AspNetCore.Mvc.Infrastructure.ObjectResultExecutor|Executing ObjectResult, writing value of type 'ScriptShoes.Application.Models.PagedResult`1[[ScriptShoes.Application.Models.Shoe.GetShoeLimitedInformationDto, ScriptShoes.Application, Version=1.0.0.0, Culture=neutral, PublicKeyToken=null]]'. 
2023-10-24 20:42:50.7331|11|DEBUG|Microsoft.AspNetCore.ResponseCaching.ResponseCachingMiddleware|Response is not cacheable because it does not contain the 'public' cache directive. 
2023-10-24 20:42:50.7331|6|TRACE|Microsoft.AspNetCore.Mvc.Infrastructure.ControllerActionInvoker|After executing action result Microsoft.AspNetCore.Mvc.ObjectResult. 
2023-10-24 20:42:50.7331|52|TRACE|Microsoft.AspNetCore.Mvc.Infrastructure.ControllerActionInvoker|Result Filter: Before executing OnResultExecuted on filter Microsoft.AspNetCore.Mvc.Infrastructure.ClientErrorResultFilter. 
2023-10-24 20:42:50.7331|53|TRACE|Microsoft.AspNetCore.Mvc.Infrastructure.ControllerActionInvoker|Result Filter: After executing OnResultExecuted on filter Microsoft.AspNetCore.Mvc.Infrastructure.ClientErrorResultFilter. 
2023-10-24 20:42:50.7331|105|INFO|Microsoft.AspNetCore.Mvc.Infrastructure.ControllerActionInvoker|Executed action ScriptShoes.API.Controllers.ShoeController.GetPagedShoes (ScriptShoes.API) in 18.1101ms 
2023-10-24 20:42:50.7331|1|INFO|Microsoft.AspNetCore.Routing.EndpointMiddleware|Executed endpoint 'ScriptShoes.API.Controllers.ShoeController.GetPagedShoes (ScriptShoes.API)' 
2023-10-24 20:42:50.7331|27|INFO|Microsoft.AspNetCore.ResponseCaching.ResponseCachingMiddleware|The response could not be cached for this request. 
2023-10-24 20:42:50.7331|9|DEBUG|Microsoft.AspNetCore.Server.Kestrel.Connections|Connection id "0HMUKO3TRKBGC" completed keep alive response. 
2023-10-24 20:42:50.7331|10407|DEBUG|Microsoft.EntityFrameworkCore.Infrastructure|'AppDbContext' disposed. 
2023-10-24 20:42:50.7331|20007|DEBUG|Microsoft.EntityFrameworkCore.Database.Connection|Disposing connection to database 'ScriptShoesDb' on server ''. 
2023-10-24 20:42:50.7331|20008|DEBUG|Microsoft.EntityFrameworkCore.Database.Connection|Disposed connection to database 'ScriptShoesDb' on server '' (0ms). 
2023-10-24 20:42:50.7331|2|INFO|Microsoft.AspNetCore.Hosting.Diagnostics|Request finished HTTP/1.1 GET http://localhost:5013/api/shoe/getPagedShoes?pageNumber=1&pageSize=2 - - - 200 - application/json;+charset=utf-8 21.3677ms 
2023-10-24 20:42:57.9062|1|INFO|Microsoft.AspNetCore.Hosting.Diagnostics|Request starting HTTP/1.1 GET http://localhost:5013/api/shoe/getPagedShoes?pageNumber=2&pageSize=1 - - 
2023-10-24 20:42:57.9062|2|TRACE|Microsoft.AspNetCore.HostFiltering.HostFilteringMiddleware|All hosts are allowed. 
2023-10-24 20:42:57.9062|1001|DEBUG|Microsoft.AspNetCore.Routing.Matching.DfaMatcher|1 candidate(s) found for the request path '/api/shoe/getPagedShoes' 
2023-10-24 20:42:57.9062|1005|DEBUG|Microsoft.AspNetCore.Routing.Matching.DfaMatcher|Endpoint 'ScriptShoes.API.Controllers.ShoeController.GetPagedShoes (ScriptShoes.API)' with route pattern 'api/shoe/getPagedShoes' is valid for the request path '/api/shoe/getPagedShoes' 
2023-10-24 20:42:57.9062|1|DEBUG|Microsoft.AspNetCore.Routing.EndpointRoutingMiddleware|Request matched endpoint 'ScriptShoes.API.Controllers.ShoeController.GetPagedShoes (ScriptShoes.API)' 
2023-10-24 20:42:57.9062|15|DEBUG|Microsoft.AspNetCore.StaticFiles.StaticFileMiddleware|Static files was skipped as the request already matched an endpoint. 
2023-10-24 20:42:57.9062|9|DEBUG|Microsoft.AspNetCore.Authentication.JwtBearer.JwtBearerHandler|AuthenticationScheme: Bearer was not authenticated. 
2023-10-24 20:42:57.9062|24|INFO|Microsoft.AspNetCore.ResponseCaching.ResponseCachingMiddleware|No cached response available for this request. 
2023-10-24 20:42:57.9062|0|INFO|Microsoft.AspNetCore.Routing.EndpointMiddleware|Executing endpoint 'ScriptShoes.API.Controllers.ShoeController.GetPagedShoes (ScriptShoes.API)' 
2023-10-24 20:42:57.9062|102|INFO|Microsoft.AspNetCore.Mvc.Infrastructure.ControllerActionInvoker|Route matched with {action = "GetPagedShoes", controller = "Shoe"}. Executing controller action with signature System.Threading.Tasks.Task`1[Microsoft.AspNetCore.Mvc.ActionResult`1[ScriptShoes.Application.Models.PagedResult`1[ScriptShoes.Application.Models.Shoe.GetShoeLimitedInformationDto]]] GetPagedShoes(Int32, Int32) on controller ScriptShoes.API.Controllers.ShoeController (ScriptShoes.API). 
2023-10-24 20:42:57.9062|1|DEBUG|Microsoft.AspNetCore.Mvc.Infrastructure.ControllerActionInvoker|Execution plan of authorization filters (in the following order): None 
2023-10-24 20:42:57.9062|1|DEBUG|Microsoft.AspNetCore.Mvc.Infrastructure.ControllerActionInvoker|Execution plan of resource filters (in the following order): None 
2023-10-24 20:42:57.9062|1|DEBUG|Microsoft.AspNetCore.Mvc.Infrastructure.ControllerActionInvoker|Execution plan of action filters (in the following order): Microsoft.AspNetCore.Mvc.ModelBinding.UnsupportedContentTypeFilter (Order: -3000), Microsoft.AspNetCore.Mvc.Infrastructure.ModelStateInvalidFilter (Order: -2000) 
2023-10-24 20:42:57.9062|1|DEBUG|Microsoft.AspNetCore.Mvc.Infrastructure.ControllerActionInvoker|Execution plan of exception filters (in the following order): None 
2023-10-24 20:42:57.9062|1|DEBUG|Microsoft.AspNetCore.Mvc.Infrastructure.ControllerActionInvoker|Execution plan of result filters (in the following order): Microsoft.AspNetCore.Mvc.Infrastructure.ClientErrorResultFilter (Order: -2000) 
2023-10-24 20:42:57.9062|1|DEBUG|Microsoft.AspNetCore.Mvc.Infrastructure.ControllerActionInvoker|Executing controller factory for controller ScriptShoes.API.Controllers.ShoeController (ScriptShoes.API) 
2023-10-24 20:42:57.9062|2|DEBUG|Microsoft.AspNetCore.Mvc.Infrastructure.ControllerActionInvoker|Executed controller factory for controller ScriptShoes.API.Controllers.ShoeController (ScriptShoes.API) 
2023-10-24 20:42:57.9062|22|DEBUG|Microsoft.AspNetCore.Mvc.ModelBinding.ParameterBinder|Attempting to bind parameter 'pageNumber' of type 'System.Int32' ... 
2023-10-24 20:42:57.9062|44|DEBUG|Microsoft.AspNetCore.Mvc.ModelBinding.Binders.SimpleTypeModelBinder|Attempting to bind parameter 'pageNumber' of type 'System.Int32' using the name 'pageNumber' in request data ... 
2023-10-24 20:42:57.9062|45|DEBUG|Microsoft.AspNetCore.Mvc.ModelBinding.Binders.SimpleTypeModelBinder|Done attempting to bind parameter 'pageNumber' of type 'System.Int32'. 
2023-10-24 20:42:57.9062|23|DEBUG|Microsoft.AspNetCore.Mvc.ModelBinding.ParameterBinder|Done attempting to bind parameter 'pageNumber' of type 'System.Int32'. 
2023-10-24 20:42:57.9062|26|DEBUG|Microsoft.AspNetCore.Mvc.ModelBinding.ParameterBinder|Attempting to validate the bound parameter 'pageNumber' of type 'System.Int32' ... 
2023-10-24 20:42:57.9062|27|DEBUG|Microsoft.AspNetCore.Mvc.ModelBinding.ParameterBinder|Done attempting to validate the bound parameter 'pageNumber' of type 'System.Int32'. 
2023-10-24 20:42:57.9062|22|DEBUG|Microsoft.AspNetCore.Mvc.ModelBinding.ParameterBinder|Attempting to bind parameter 'pageSize' of type 'System.Int32' ... 
2023-10-24 20:42:57.9062|44|DEBUG|Microsoft.AspNetCore.Mvc.ModelBinding.Binders.SimpleTypeModelBinder|Attempting to bind parameter 'pageSize' of type 'System.Int32' using the name 'pageSize' in request data ... 
2023-10-24 20:42:57.9062|45|DEBUG|Microsoft.AspNetCore.Mvc.ModelBinding.Binders.SimpleTypeModelBinder|Done attempting to bind parameter 'pageSize' of type 'System.Int32'. 
2023-10-24 20:42:57.9062|23|DEBUG|Microsoft.AspNetCore.Mvc.ModelBinding.ParameterBinder|Done attempting to bind parameter 'pageSize' of type 'System.Int32'. 
2023-10-24 20:42:57.9062|26|DEBUG|Microsoft.AspNetCore.Mvc.ModelBinding.ParameterBinder|Attempting to validate the bound parameter 'pageSize' of type 'System.Int32' ... 
2023-10-24 20:42:57.9062|27|DEBUG|Microsoft.AspNetCore.Mvc.ModelBinding.ParameterBinder|Done attempting to validate the bound parameter 'pageSize' of type 'System.Int32'. 
2023-10-24 20:42:57.9062|52|TRACE|Microsoft.AspNetCore.Mvc.Infrastructure.ControllerActionInvoker|Action Filter: Before executing OnActionExecuting on filter Microsoft.AspNetCore.Mvc.ModelBinding.UnsupportedContentTypeFilter. 
2023-10-24 20:42:57.9062|53|TRACE|Microsoft.AspNetCore.Mvc.Infrastructure.ControllerActionInvoker|Action Filter: After executing OnActionExecuting on filter Microsoft.AspNetCore.Mvc.ModelBinding.UnsupportedContentTypeFilter. 
2023-10-24 20:42:57.9062|52|TRACE|Microsoft.AspNetCore.Mvc.Infrastructure.ControllerActionInvoker|Action Filter: Before executing OnActionExecuting on filter Microsoft.AspNetCore.Mvc.Infrastructure.ModelStateInvalidFilter. 
2023-10-24 20:42:57.9062|53|TRACE|Microsoft.AspNetCore.Mvc.Infrastructure.ControllerActionInvoker|Action Filter: After executing OnActionExecuting on filter Microsoft.AspNetCore.Mvc.Infrastructure.ModelStateInvalidFilter. 
2023-10-24 20:42:57.9062|101|INFO|Microsoft.AspNetCore.Mvc.Infrastructure.ControllerActionInvoker|Executing action method ScriptShoes.API.Controllers.ShoeController.GetPagedShoes (ScriptShoes.API) - Validation state: Valid 
2023-10-24 20:42:57.9062|102|TRACE|Microsoft.AspNetCore.Mvc.Infrastructure.ControllerActionInvoker|Executing action method ScriptShoes.API.Controllers.ShoeController.GetPagedShoes (ScriptShoes.API) with arguments (2, 1) 
2023-10-24 20:42:57.9559|10403|DEBUG|Microsoft.EntityFrameworkCore.Infrastructure|Entity Framework Core 7.0.11 initialized 'AppDbContext' using provider 'Npgsql.EntityFrameworkCore.PostgreSQL:7.0.11+c25a0d7b68d66c6ab3849a3b4333964faea6adc9' with options: None 
2023-10-24 20:42:57.9559|10111|DEBUG|Microsoft.EntityFrameworkCore.Query|Compiling query expression: 
'DbSet<Shoe>()
    .OrderByDescending(x => x.Id)
    .Skip(__p_0)
    .Take(__p_0)' 
2023-10-24 20:42:57.9559|10107|DEBUG|Microsoft.EntityFrameworkCore.Query|Generated query execution expression: 
'queryContext => new SingleQueryingEnumerable<Shoe>(
    (RelationalQueryContext)queryContext, 
    RelationalCommandCache.QueryExpression(
        Projection Mapping:
            EmptyProjectionMember -> Dictionary<IProperty, int> { [Property: Shoe.Id (int) Required PK AfterSave:Throw ValueGenerated.OnAdd, 0], [Property: Shoe.AverageRating (float?), 1], [Property: Shoe.Brand (string) Required, 2], [Property: Shoe.Created (DateTime) Required, 3], [Property: Shoe.CurrentPrice (float) Required, 4], [Property: Shoe.Images (List<string>), 5], [Property: Shoe.LastModified (DateTime) Required, 6], [Property: Shoe.NumberOfRatings (int?), 7], [Property: Shoe.NumberOfReviews (int?), 8], [Property: Shoe.PriceBeforeDiscount (float?), 9], [Property: Shoe.ShoeName (string) Required, 10], [Property: Shoe.ShoeSizes (List<float>), 11], [Property: Shoe.ShoeType (string) Required, 12], [Property: Shoe.ThumbnailImage (string), 13], [Property: Shoe.UserId (int) Required FK Index, 14] }
        SELECT s.Id, s.AverageRating, s.Brand, s.Created, s.CurrentPrice, s.Images, s.LastModified, s.NumberOfRatings, s.NumberOfReviews, s.PriceBeforeDiscount, s.ShoeName, s.ShoeSizes, s.ShoeType, s.ThumbnailImage, s.UserId
        FROM Shoes AS s
        ORDER BY s.Id DESC
        OFFSET @__p_0 ROWS FETCH NEXT @__p_0 ROWS ONLY), 
    null, 
    Func<QueryContext, DbDataReader, ResultContext, SingleQueryResultCoordinator, Shoe>, 
    ScriptShoes.Persistence.Database.AppDbContext, 
    False, 
    False, 
    True
)' 
2023-10-24 20:42:57.9559|20103|DEBUG|Microsoft.EntityFrameworkCore.Database.Command|Creating DbCommand for 'ExecuteReader'. 
2023-10-24 20:42:57.9559|20005|DEBUG|Microsoft.EntityFrameworkCore.Database.Connection|Creating DbConnection. 
2023-10-24 20:42:57.9559|20006|DEBUG|Microsoft.EntityFrameworkCore.Database.Connection|Created DbConnection. (0ms). 
2023-10-24 20:42:57.9559|20104|DEBUG|Microsoft.EntityFrameworkCore.Database.Command|Created DbCommand for 'ExecuteReader' (0ms). 
2023-10-24 20:42:57.9559|20106|DEBUG|Microsoft.EntityFrameworkCore.Database.Command|Initialized DbCommand for 'ExecuteReader' (0ms). 
2023-10-24 20:42:57.9559|20000|DEBUG|Microsoft.EntityFrameworkCore.Database.Connection|Opening connection to database 'ScriptShoesDb' on server ''. 
2023-10-24 20:42:57.9559|20001|DEBUG|Microsoft.EntityFrameworkCore.Database.Connection|Opened connection to database 'ScriptShoesDb' on server 'tcp://localhost:5432'. 
2023-10-24 20:42:57.9559|20100|DEBUG|Microsoft.EntityFrameworkCore.Database.Command|Executing DbCommand [Parameters=[@__p_0='?' (DbType = Int32)], CommandType='Text', CommandTimeout='30']
SELECT s."Id", s."AverageRating", s."Brand", s."Created", s."CurrentPrice", s."Images", s."LastModified", s."NumberOfRatings", s."NumberOfReviews", s."PriceBeforeDiscount", s."ShoeName", s."ShoeSizes", s."ShoeType", s."ThumbnailImage", s."UserId"
FROM "Shoes" AS s
ORDER BY s."Id" DESC
LIMIT @__p_0 OFFSET @__p_0 
2023-10-24 20:42:57.9559|20101|INFO|Microsoft.EntityFrameworkCore.Database.Command|Executed DbCommand (0ms) [Parameters=[@__p_0='?' (DbType = Int32)], CommandType='Text', CommandTimeout='30']
SELECT s."Id", s."AverageRating", s."Brand", s."Created", s."CurrentPrice", s."Images", s."LastModified", s."NumberOfRatings", s."NumberOfReviews", s."PriceBeforeDiscount", s."ShoeName", s."ShoeSizes", s."ShoeType", s."ThumbnailImage", s."UserId"
FROM "Shoes" AS s
ORDER BY s."Id" DESC
LIMIT @__p_0 OFFSET @__p_0 
2023-10-24 20:42:57.9559|10806|DEBUG|Microsoft.EntityFrameworkCore.ChangeTracking|Context 'AppDbContext' started tracking 'Shoe' entity. Consider using 'DbContextOptionsBuilder.EnableSensitiveDataLogging' to see key values. 
2023-10-24 20:42:57.9559|20301|DEBUG|Microsoft.EntityFrameworkCore.Database.Command|Closing data reader to 'ScriptShoesDb' on server 'tcp://localhost:5432'. 
2023-10-24 20:42:57.9559|20300|DEBUG|Microsoft.EntityFrameworkCore.Database.Command|A data reader for 'ScriptShoesDb' on server 'tcp://localhost:5432' is being disposed after spending 0ms reading results. 
2023-10-24 20:42:57.9559|20002|DEBUG|Microsoft.EntityFrameworkCore.Database.Connection|Closing connection to database 'ScriptShoesDb' on server 'tcp://localhost:5432'. 
2023-10-24 20:42:57.9559|20003|DEBUG|Microsoft.EntityFrameworkCore.Database.Connection|Closed connection to database 'ScriptShoesDb' on server '' (0ms). 
2023-10-24 20:42:57.9559|103|INFO|Microsoft.AspNetCore.Mvc.Infrastructure.ControllerActionInvoker|Executed action method ScriptShoes.API.Controllers.ShoeController.GetPagedShoes (ScriptShoes.API), returned result Microsoft.AspNetCore.Mvc.ObjectResult in 51.7291ms. 
2023-10-24 20:42:57.9559|52|TRACE|Microsoft.AspNetCore.Mvc.Infrastructure.ControllerActionInvoker|Action Filter: Before executing OnActionExecuted on filter Microsoft.AspNetCore.Mvc.Infrastructure.ModelStateInvalidFilter. 
2023-10-24 20:42:57.9559|53|TRACE|Microsoft.AspNetCore.Mvc.Infrastructure.ControllerActionInvoker|Action Filter: After executing OnActionExecuted on filter Microsoft.AspNetCore.Mvc.Infrastructure.ModelStateInvalidFilter. 
2023-10-24 20:42:57.9559|52|TRACE|Microsoft.AspNetCore.Mvc.Infrastructure.ControllerActionInvoker|Action Filter: Before executing OnActionExecuted on filter Microsoft.AspNetCore.Mvc.ModelBinding.UnsupportedContentTypeFilter. 
2023-10-24 20:42:57.9559|53|TRACE|Microsoft.AspNetCore.Mvc.Infrastructure.ControllerActionInvoker|Action Filter: After executing OnActionExecuted on filter Microsoft.AspNetCore.Mvc.ModelBinding.UnsupportedContentTypeFilter. 
2023-10-24 20:42:57.9559|52|TRACE|Microsoft.AspNetCore.Mvc.Infrastructure.ControllerActionInvoker|Result Filter: Before executing OnResultExecuting on filter Microsoft.AspNetCore.Mvc.Infrastructure.ClientErrorResultFilter. 
2023-10-24 20:42:57.9559|53|TRACE|Microsoft.AspNetCore.Mvc.Infrastructure.ControllerActionInvoker|Result Filter: After executing OnResultExecuting on filter Microsoft.AspNetCore.Mvc.Infrastructure.ClientErrorResultFilter. 
2023-10-24 20:42:57.9559|5|TRACE|Microsoft.AspNetCore.Mvc.Infrastructure.ControllerActionInvoker|Before executing action result Microsoft.AspNetCore.Mvc.ObjectResult. 
2023-10-24 20:42:57.9559|11|DEBUG|Microsoft.AspNetCore.Mvc.Infrastructure.DefaultOutputFormatterSelector|List of registered output formatters, in the following order: Microsoft.AspNetCore.Mvc.Formatters.HttpNoContentOutputFormatter, Microsoft.AspNetCore.Mvc.Formatters.StringOutputFormatter, Microsoft.AspNetCore.Mvc.Formatters.StreamOutputFormatter, Microsoft.AspNetCore.Mvc.Formatters.SystemTextJsonOutputFormatter 
2023-10-24 20:42:57.9559|6|DEBUG|Microsoft.AspNetCore.Mvc.Infrastructure.DefaultOutputFormatterSelector|Attempting to select an output formatter based on Accept header 'text/plain'. 
2023-10-24 20:42:57.9559|5|DEBUG|Microsoft.AspNetCore.Mvc.Infrastructure.DefaultOutputFormatterSelector|Could not find an output formatter based on content negotiation. Accepted types were (text/plain) 
2023-10-24 20:42:57.9559|8|DEBUG|Microsoft.AspNetCore.Mvc.Infrastructure.DefaultOutputFormatterSelector|Attempting to select an output formatter without using a content type as no explicit content types were specified for the response. 
2023-10-24 20:42:57.9559|10|DEBUG|Microsoft.AspNetCore.Mvc.Infrastructure.DefaultOutputFormatterSelector|Attempting to select the first formatter in the output formatters list which can write the result. 
2023-10-24 20:42:57.9559|2|DEBUG|Microsoft.AspNetCore.Mvc.Infrastructure.DefaultOutputFormatterSelector|Selected output formatter 'Microsoft.AspNetCore.Mvc.Formatters.SystemTextJsonOutputFormatter' and content type 'application/json' to write the response. 
2023-10-24 20:42:57.9559|1|INFO|Microsoft.AspNetCore.Mvc.Infrastructure.ObjectResultExecutor|Executing ObjectResult, writing value of type 'ScriptShoes.Application.Models.PagedResult`1[[ScriptShoes.Application.Models.Shoe.GetShoeLimitedInformationDto, ScriptShoes.Application, Version=1.0.0.0, Culture=neutral, PublicKeyToken=null]]'. 
2023-10-24 20:42:57.9559|11|DEBUG|Microsoft.AspNetCore.ResponseCaching.ResponseCachingMiddleware|Response is not cacheable because it does not contain the 'public' cache directive. 
2023-10-24 20:42:57.9559|6|TRACE|Microsoft.AspNetCore.Mvc.Infrastructure.ControllerActionInvoker|After executing action result Microsoft.AspNetCore.Mvc.ObjectResult. 
2023-10-24 20:42:57.9559|52|TRACE|Microsoft.AspNetCore.Mvc.Infrastructure.ControllerActionInvoker|Result Filter: Before executing OnResultExecuted on filter Microsoft.AspNetCore.Mvc.Infrastructure.ClientErrorResultFilter. 
2023-10-24 20:42:57.9559|53|TRACE|Microsoft.AspNetCore.Mvc.Infrastructure.ControllerActionInvoker|Result Filter: After executing OnResultExecuted on filter Microsoft.AspNetCore.Mvc.Infrastructure.ClientErrorResultFilter. 
2023-10-24 20:42:57.9559|105|INFO|Microsoft.AspNetCore.Mvc.Infrastructure.ControllerActionInvoker|Executed action ScriptShoes.API.Controllers.ShoeController.GetPagedShoes (ScriptShoes.API) in 53.4902ms 
2023-10-24 20:42:57.9559|1|INFO|Microsoft.AspNetCore.Routing.EndpointMiddleware|Executed endpoint 'ScriptShoes.API.Controllers.ShoeController.GetPagedShoes (ScriptShoes.API)' 
2023-10-24 20:42:57.9559|27|INFO|Microsoft.AspNetCore.ResponseCaching.ResponseCachingMiddleware|The response could not be cached for this request. 
2023-10-24 20:42:57.9559|9|DEBUG|Microsoft.AspNetCore.Server.Kestrel.Connections|Connection id "0HMUKO3TRKBGC" completed keep alive response. 
2023-10-24 20:42:57.9559|10407|DEBUG|Microsoft.EntityFrameworkCore.Infrastructure|'AppDbContext' disposed. 
2023-10-24 20:42:57.9559|20007|DEBUG|Microsoft.EntityFrameworkCore.Database.Connection|Disposing connection to database 'ScriptShoesDb' on server ''. 
2023-10-24 20:42:57.9559|20008|DEBUG|Microsoft.EntityFrameworkCore.Database.Connection|Disposed connection to database 'ScriptShoesDb' on server '' (0ms). 
2023-10-24 20:42:57.9559|2|INFO|Microsoft.AspNetCore.Hosting.Diagnostics|Request finished HTTP/1.1 GET http://localhost:5013/api/shoe/getPagedShoes?pageNumber=2&pageSize=1 - - - 200 - application/json;+charset=utf-8 56.0687ms 
2023-10-24 20:43:09.5067|0|INFO|Microsoft.Hosting.Lifetime|Application is shutting down... 
2023-10-24 20:43:09.5067|3|DEBUG|Microsoft.Extensions.Hosting.Internal.Host|Hosting stopping 
2023-10-24 20:43:09.5130|10|DEBUG|Microsoft.AspNetCore.Server.Kestrel.Connections|Connection id "0HMUKO3TRKBGD" disconnecting. 
2023-10-24 20:43:09.5130|2|DEBUG|Microsoft.AspNetCore.Server.Kestrel.Connections|Connection id "0HMUKO3TRKBGD" stopped. 
2023-10-24 20:43:09.5130|7|DEBUG|Microsoft.AspNetCore.Server.Kestrel.Transport.Sockets|Connection id "0HMUKO3TRKBGD" sending FIN because: "The Socket transport's send loop completed gracefully." 
2023-10-24 20:43:09.5130|10|DEBUG|Microsoft.AspNetCore.Server.Kestrel.Connections|Connection id "0HMUKO3TRKBGC" disconnecting. 
2023-10-24 20:43:09.5130|10|DEBUG|Microsoft.AspNetCore.Server.Kestrel.Connections|Connection id "0HMUKO3TRKBGB" disconnecting. 
2023-10-24 20:43:09.5130|2|DEBUG|Microsoft.AspNetCore.Server.Kestrel.Connections|Connection id "0HMUKO3TRKBGC" stopped. 
2023-10-24 20:43:09.5130|2|DEBUG|Microsoft.AspNetCore.Server.Kestrel.Connections|Connection id "0HMUKO3TRKBGB" stopped. 
2023-10-24 20:43:09.5130|7|DEBUG|Microsoft.AspNetCore.Server.Kestrel.Transport.Sockets|Connection id "0HMUKO3TRKBGB" sending FIN because: "The Socket transport's send loop completed gracefully." 
2023-10-24 20:43:09.5130|7|DEBUG|Microsoft.AspNetCore.Server.Kestrel.Transport.Sockets|Connection id "0HMUKO3TRKBGC" sending FIN because: "The Socket transport's send loop completed gracefully." 
2023-10-24 20:43:09.5291|4|DEBUG|Microsoft.Extensions.Hosting.Internal.Host|Hosting stopped 
