2023-10-17 17:59:38.6357|0|DEBUG|Program|init main |url: |action: 
2023-10-17 17:59:40.9141|14|INFO|Microsoft.Hosting.Lifetime|Now listening on: http://localhost:5013 |url: |action: 
2023-10-17 17:59:40.9141|0|INFO|Microsoft.Hosting.Lifetime|Application started. Press Ctrl+C to shut down. |url: |action: 
2023-10-17 17:59:40.9141|0|INFO|Microsoft.Hosting.Lifetime|Hosting environment: Development |url: |action: 
2023-10-17 17:59:40.9141|0|INFO|Microsoft.Hosting.Lifetime|Content root path: D:\rider-projects\ScriptShoes\ScriptShoes.API |url: |action: 
2023-10-17 18:00:22.0664|3|WARN|Microsoft.AspNetCore.HttpsPolicy.HttpsRedirectionMiddleware|Failed to determine the https port for redirect. |url: http://localhost/api/cart/getCart|action: GetCart
2023-10-17 18:01:57.3632|1|ERROR|Microsoft.AspNetCore.Diagnostics.DeveloperExceptionPageMiddleware|An unhandled exception has occurred while executing the request. ScriptShoes.Domain.Exceptions.NotFoundException: Shoe not found
   at ScriptShoes.Application.Features.Cart.Commands.AddToCart.AddToCartCommandHandler.Handle(AddToCartCommand request, CancellationToken cancellationToken) in D:\rider-projects\ScriptShoes\ScriptShoes.Application\Features\Cart\Commands\AddToCart\AddToCartCommandHandler.cs:line 27
   at ScriptShoes.Application.PipelineBehaviors.ValidationBehavior`2.Handle(TRequest request, RequestHandlerDelegate`1 next, CancellationToken cancellationToken) in D:\rider-projects\ScriptShoes\ScriptShoes.Application\PipelineBehaviors\ValidationBehavior.cs:line 29
   at ScriptShoes.API.Controllers.CartController.AddItemToCart(Int32 shoeId, Int32 itemsCount) in D:\rider-projects\ScriptShoes\ScriptShoes.API\Controllers\CartController.cs:line 28
   at lambda_method363(Closure, Object)
   at Microsoft.AspNetCore.Mvc.Infrastructure.ActionMethodExecutor.TaskOfActionResultExecutor.Execute(ActionContext actionContext, IActionResultTypeMapper mapper, ObjectMethodExecutor executor, Object controller, Object[] arguments)
   at Microsoft.AspNetCore.Mvc.Infrastructure.ControllerActionInvoker.<InvokeActionMethodAsync>g__Logged|12_1(ControllerActionInvoker invoker)
   at Microsoft.AspNetCore.Mvc.Infrastructure.ControllerActionInvoker.<InvokeNextActionFilterAsync>g__Awaited|10_0(ControllerActionInvoker invoker, Task lastTask, State next, Scope scope, Object state, Boolean isCompleted)
   at Microsoft.AspNetCore.Mvc.Infrastructure.ControllerActionInvoker.Rethrow(ActionExecutedContextSealed context)
   at Microsoft.AspNetCore.Mvc.Infrastructure.ControllerActionInvoker.Next(State& next, Scope& scope, Object& state, Boolean& isCompleted)
   at Microsoft.AspNetCore.Mvc.Infrastructure.ControllerActionInvoker.<InvokeInnerFilterAsync>g__Awaited|13_0(ControllerActionInvoker invoker, Task lastTask, State next, Scope scope, Object state, Boolean isCompleted)
   at Microsoft.AspNetCore.Mvc.Infrastructure.ResourceInvoker.<InvokeFilterPipelineAsync>g__Awaited|20_0(ResourceInvoker invoker, Task lastTask, State next, Scope scope, Object state, Boolean isCompleted)
   at Microsoft.AspNetCore.Mvc.Infrastructure.ResourceInvoker.<InvokeAsync>g__Logged|17_1(ResourceInvoker invoker)
   at Microsoft.AspNetCore.Mvc.Infrastructure.ResourceInvoker.<InvokeAsync>g__Logged|17_1(ResourceInvoker invoker)
   at Microsoft.AspNetCore.Routing.EndpointMiddleware.<Invoke>g__AwaitRequestTask|6_0(Endpoint endpoint, Task requestTask, ILogger logger)
   at Microsoft.AspNetCore.Authorization.AuthorizationMiddleware.Invoke(HttpContext context)
   at Microsoft.AspNetCore.ResponseCaching.ResponseCachingMiddleware.Invoke(HttpContext httpContext)
   at Microsoft.AspNetCore.Authorization.AuthorizationMiddleware.Invoke(HttpContext context)
   at Microsoft.AspNetCore.Authentication.AuthenticationMiddleware.Invoke(HttpContext context)
   at Swashbuckle.AspNetCore.SwaggerUI.SwaggerUIMiddleware.Invoke(HttpContext httpContext)
   at Swashbuckle.AspNetCore.Swagger.SwaggerMiddleware.Invoke(HttpContext httpContext, ISwaggerProvider swaggerProvider)
   at Microsoft.AspNetCore.Diagnostics.DeveloperExceptionPageMiddlewareImpl.Invoke(HttpContext context)|url: http://localhost/api/cart/add/shoe/1/count/1|action: AddItemToCart
2023-10-17 18:03:11.1600|0|INFO|Microsoft.Hosting.Lifetime|Application is shutting down... |url: |action: 
2023-10-17 18:05:47.7059|0|DEBUG|Program|init main |url: |action: 
2023-10-17 18:05:47.9758|14|INFO|Microsoft.Hosting.Lifetime|Now listening on: http://localhost:5013 |url: |action: 
2023-10-17 18:05:47.9758|0|INFO|Microsoft.Hosting.Lifetime|Application started. Press Ctrl+C to shut down. |url: |action: 
2023-10-17 18:05:47.9758|0|INFO|Microsoft.Hosting.Lifetime|Hosting environment: Development |url: |action: 
2023-10-17 18:05:47.9758|0|INFO|Microsoft.Hosting.Lifetime|Content root path: D:\rider-projects\ScriptShoes\ScriptShoes.API |url: |action: 
2023-10-17 18:05:55.1746|3|WARN|Microsoft.AspNetCore.HttpsPolicy.HttpsRedirectionMiddleware|Failed to determine the https port for redirect. |url: http://localhost/api/cart/delete/shoe/1/count/1|action: 
2023-10-17 18:06:24.3316|1|ERROR|Microsoft.AspNetCore.Diagnostics.DeveloperExceptionPageMiddleware|An unhandled exception has occurred while executing the request. ScriptShoes.Domain.Exceptions.NotFoundException: Shoe not found
   at ScriptShoes.Application.Features.Cart.Commands.RemoveFromCart.RemoveFromCartCommandHandler.Handle(RemoveFromCartCommand request, CancellationToken cancellationToken) in D:\rider-projects\ScriptShoes\ScriptShoes.Application\Features\Cart\Commands\RemoveFromCart\RemoveFromCartCommandHandler.cs:line 27
   at ScriptShoes.Application.PipelineBehaviors.ValidationBehavior`2.Handle(TRequest request, RequestHandlerDelegate`1 next, CancellationToken cancellationToken) in D:\rider-projects\ScriptShoes\ScriptShoes.Application\PipelineBehaviors\ValidationBehavior.cs:line 29
   at ScriptShoes.API.Controllers.CartController.RemoveFromCart(Int32 shoeId, Int32 itemsCount) in D:\rider-projects\ScriptShoes\ScriptShoes.API\Controllers\CartController.cs:line 45
   at lambda_method194(Closure, Object)
   at Microsoft.AspNetCore.Mvc.Infrastructure.ActionMethodExecutor.TaskOfActionResultExecutor.Execute(ActionContext actionContext, IActionResultTypeMapper mapper, ObjectMethodExecutor executor, Object controller, Object[] arguments)
   at Microsoft.AspNetCore.Mvc.Infrastructure.ControllerActionInvoker.<InvokeActionMethodAsync>g__Logged|12_1(ControllerActionInvoker invoker)
   at Microsoft.AspNetCore.Mvc.Infrastructure.ControllerActionInvoker.<InvokeNextActionFilterAsync>g__Awaited|10_0(ControllerActionInvoker invoker, Task lastTask, State next, Scope scope, Object state, Boolean isCompleted)
   at Microsoft.AspNetCore.Mvc.Infrastructure.ControllerActionInvoker.Rethrow(ActionExecutedContextSealed context)
   at Microsoft.AspNetCore.Mvc.Infrastructure.ControllerActionInvoker.Next(State& next, Scope& scope, Object& state, Boolean& isCompleted)
   at Microsoft.AspNetCore.Mvc.Infrastructure.ControllerActionInvoker.<InvokeInnerFilterAsync>g__Awaited|13_0(ControllerActionInvoker invoker, Task lastTask, State next, Scope scope, Object state, Boolean isCompleted)
   at Microsoft.AspNetCore.Mvc.Infrastructure.ResourceInvoker.<InvokeFilterPipelineAsync>g__Awaited|20_0(ResourceInvoker invoker, Task lastTask, State next, Scope scope, Object state, Boolean isCompleted)
   at Microsoft.AspNetCore.Mvc.Infrastructure.ResourceInvoker.<InvokeAsync>g__Logged|17_1(ResourceInvoker invoker)
   at Microsoft.AspNetCore.Mvc.Infrastructure.ResourceInvoker.<InvokeAsync>g__Logged|17_1(ResourceInvoker invoker)
   at Microsoft.AspNetCore.Routing.EndpointMiddleware.<Invoke>g__AwaitRequestTask|6_0(Endpoint endpoint, Task requestTask, ILogger logger)
   at Microsoft.AspNetCore.Authorization.AuthorizationMiddleware.Invoke(HttpContext context)
   at Microsoft.AspNetCore.ResponseCaching.ResponseCachingMiddleware.Invoke(HttpContext httpContext)
   at Microsoft.AspNetCore.Authorization.AuthorizationMiddleware.Invoke(HttpContext context)
   at Microsoft.AspNetCore.Authentication.AuthenticationMiddleware.Invoke(HttpContext context)
   at Swashbuckle.AspNetCore.SwaggerUI.SwaggerUIMiddleware.Invoke(HttpContext httpContext)
   at Swashbuckle.AspNetCore.Swagger.SwaggerMiddleware.Invoke(HttpContext httpContext, ISwaggerProvider swaggerProvider)
   at Microsoft.AspNetCore.Diagnostics.DeveloperExceptionPageMiddlewareImpl.Invoke(HttpContext context)|url: http://localhost/api/cart/delete/shoe/1/count/1|action: RemoveFromCart
2023-10-17 18:06:59.8080|0|INFO|Microsoft.Hosting.Lifetime|Application is shutting down... |url: |action: 
2023-10-17 18:07:04.8017|0|DEBUG|Program|init main |url: |action: 
2023-10-17 18:07:05.0433|14|INFO|Microsoft.Hosting.Lifetime|Now listening on: http://localhost:5013 |url: |action: 
2023-10-17 18:07:05.0433|0|INFO|Microsoft.Hosting.Lifetime|Application started. Press Ctrl+C to shut down. |url: |action: 
2023-10-17 18:07:05.0433|0|INFO|Microsoft.Hosting.Lifetime|Hosting environment: Development |url: |action: 
2023-10-17 18:07:05.0433|0|INFO|Microsoft.Hosting.Lifetime|Content root path: D:\rider-projects\ScriptShoes\ScriptShoes.API |url: |action: 
2023-10-17 18:07:10.2557|3|WARN|Microsoft.AspNetCore.HttpsPolicy.HttpsRedirectionMiddleware|Failed to determine the https port for redirect. |url: http://localhost/api/cart/add/shoe/1/count/1|action: AddItemToCart
2023-10-17 18:07:22.8012|1|ERROR|Microsoft.AspNetCore.Diagnostics.DeveloperExceptionPageMiddleware|An unhandled exception has occurred while executing the request. ScriptShoes.Domain.Exceptions.NotFoundException: Shoe not found
   at ScriptShoes.Application.Features.Cart.Commands.AddToCart.AddToCartCommandHandler.Handle(AddToCartCommand request, CancellationToken cancellationToken) in D:\rider-projects\ScriptShoes\ScriptShoes.Application\Features\Cart\Commands\AddToCart\AddToCartCommandHandler.cs:line 27
   at ScriptShoes.Application.PipelineBehaviors.ValidationBehavior`2.Handle(TRequest request, RequestHandlerDelegate`1 next, CancellationToken cancellationToken) in D:\rider-projects\ScriptShoes\ScriptShoes.Application\PipelineBehaviors\ValidationBehavior.cs:line 29
   at ScriptShoes.API.Controllers.CartController.AddItemToCart(Int32 shoeId, Int32 itemsCount) in D:\rider-projects\ScriptShoes\ScriptShoes.API\Controllers\CartController.cs:line 28
   at lambda_method10(Closure, Object)
   at Microsoft.AspNetCore.Mvc.Infrastructure.ActionMethodExecutor.TaskOfActionResultExecutor.Execute(ActionContext actionContext, IActionResultTypeMapper mapper, ObjectMethodExecutor executor, Object controller, Object[] arguments)
   at Microsoft.AspNetCore.Mvc.Infrastructure.ControllerActionInvoker.<InvokeActionMethodAsync>g__Logged|12_1(ControllerActionInvoker invoker)
   at Microsoft.AspNetCore.Mvc.Infrastructure.ControllerActionInvoker.<InvokeNextActionFilterAsync>g__Awaited|10_0(ControllerActionInvoker invoker, Task lastTask, State next, Scope scope, Object state, Boolean isCompleted)
   at Microsoft.AspNetCore.Mvc.Infrastructure.ControllerActionInvoker.Rethrow(ActionExecutedContextSealed context)
   at Microsoft.AspNetCore.Mvc.Infrastructure.ControllerActionInvoker.Next(State& next, Scope& scope, Object& state, Boolean& isCompleted)
   at Microsoft.AspNetCore.Mvc.Infrastructure.ControllerActionInvoker.<InvokeInnerFilterAsync>g__Awaited|13_0(ControllerActionInvoker invoker, Task lastTask, State next, Scope scope, Object state, Boolean isCompleted)
   at Microsoft.AspNetCore.Mvc.Infrastructure.ResourceInvoker.<InvokeFilterPipelineAsync>g__Awaited|20_0(ResourceInvoker invoker, Task lastTask, State next, Scope scope, Object state, Boolean isCompleted)
   at Microsoft.AspNetCore.Mvc.Infrastructure.ResourceInvoker.<InvokeAsync>g__Logged|17_1(ResourceInvoker invoker)
   at Microsoft.AspNetCore.Mvc.Infrastructure.ResourceInvoker.<InvokeAsync>g__Logged|17_1(ResourceInvoker invoker)
   at Microsoft.AspNetCore.Routing.EndpointMiddleware.<Invoke>g__AwaitRequestTask|6_0(Endpoint endpoint, Task requestTask, ILogger logger)
   at Microsoft.AspNetCore.Authorization.AuthorizationMiddleware.Invoke(HttpContext context)
   at Microsoft.AspNetCore.ResponseCaching.ResponseCachingMiddleware.Invoke(HttpContext httpContext)
   at Microsoft.AspNetCore.Authorization.AuthorizationMiddleware.Invoke(HttpContext context)
   at Microsoft.AspNetCore.Authentication.AuthenticationMiddleware.Invoke(HttpContext context)
   at Swashbuckle.AspNetCore.SwaggerUI.SwaggerUIMiddleware.Invoke(HttpContext httpContext)
   at Swashbuckle.AspNetCore.Swagger.SwaggerMiddleware.Invoke(HttpContext httpContext, ISwaggerProvider swaggerProvider)
   at Microsoft.AspNetCore.Diagnostics.DeveloperExceptionPageMiddlewareImpl.Invoke(HttpContext context)|url: http://localhost/api/cart/add/shoe/1/count/5|action: AddItemToCart
2023-10-17 18:08:00.8144|1|ERROR|Microsoft.AspNetCore.Diagnostics.DeveloperExceptionPageMiddleware|An unhandled exception has occurred while executing the request. ScriptShoes.Domain.Exceptions.NotFoundException: Shoe not found
   at ScriptShoes.Application.Features.Cart.Commands.RemoveFromCart.RemoveFromCartCommandHandler.Handle(RemoveFromCartCommand request, CancellationToken cancellationToken) in D:\rider-projects\ScriptShoes\ScriptShoes.Application\Features\Cart\Commands\RemoveFromCart\RemoveFromCartCommandHandler.cs:line 27
   at ScriptShoes.Application.PipelineBehaviors.ValidationBehavior`2.Handle(TRequest request, RequestHandlerDelegate`1 next, CancellationToken cancellationToken) in D:\rider-projects\ScriptShoes\ScriptShoes.Application\PipelineBehaviors\ValidationBehavior.cs:line 29
   at ScriptShoes.API.Controllers.CartController.RemoveFromCart(Int32 shoeId, Int32 itemsCount) in D:\rider-projects\ScriptShoes\ScriptShoes.API\Controllers\CartController.cs:line 45
   at lambda_method96(Closure, Object)
   at Microsoft.AspNetCore.Mvc.Infrastructure.ActionMethodExecutor.TaskOfActionResultExecutor.Execute(ActionContext actionContext, IActionResultTypeMapper mapper, ObjectMethodExecutor executor, Object controller, Object[] arguments)
   at Microsoft.AspNetCore.Mvc.Infrastructure.ControllerActionInvoker.<InvokeActionMethodAsync>g__Logged|12_1(ControllerActionInvoker invoker)
   at Microsoft.AspNetCore.Mvc.Infrastructure.ControllerActionInvoker.<InvokeNextActionFilterAsync>g__Awaited|10_0(ControllerActionInvoker invoker, Task lastTask, State next, Scope scope, Object state, Boolean isCompleted)
   at Microsoft.AspNetCore.Mvc.Infrastructure.ControllerActionInvoker.Rethrow(ActionExecutedContextSealed context)
   at Microsoft.AspNetCore.Mvc.Infrastructure.ControllerActionInvoker.Next(State& next, Scope& scope, Object& state, Boolean& isCompleted)
   at Microsoft.AspNetCore.Mvc.Infrastructure.ControllerActionInvoker.<InvokeInnerFilterAsync>g__Awaited|13_0(ControllerActionInvoker invoker, Task lastTask, State next, Scope scope, Object state, Boolean isCompleted)
   at Microsoft.AspNetCore.Mvc.Infrastructure.ResourceInvoker.<InvokeFilterPipelineAsync>g__Awaited|20_0(ResourceInvoker invoker, Task lastTask, State next, Scope scope, Object state, Boolean isCompleted)
   at Microsoft.AspNetCore.Mvc.Infrastructure.ResourceInvoker.<InvokeAsync>g__Logged|17_1(ResourceInvoker invoker)
   at Microsoft.AspNetCore.Mvc.Infrastructure.ResourceInvoker.<InvokeAsync>g__Logged|17_1(ResourceInvoker invoker)
   at Microsoft.AspNetCore.Routing.EndpointMiddleware.<Invoke>g__AwaitRequestTask|6_0(Endpoint endpoint, Task requestTask, ILogger logger)
   at Microsoft.AspNetCore.Authorization.AuthorizationMiddleware.Invoke(HttpContext context)
   at Microsoft.AspNetCore.ResponseCaching.ResponseCachingMiddleware.Invoke(HttpContext httpContext)
   at Microsoft.AspNetCore.Authorization.AuthorizationMiddleware.Invoke(HttpContext context)
   at Microsoft.AspNetCore.Authentication.AuthenticationMiddleware.Invoke(HttpContext context)
   at Swashbuckle.AspNetCore.SwaggerUI.SwaggerUIMiddleware.Invoke(HttpContext httpContext)
   at Swashbuckle.AspNetCore.Swagger.SwaggerMiddleware.Invoke(HttpContext httpContext, ISwaggerProvider swaggerProvider)
   at Microsoft.AspNetCore.Diagnostics.DeveloperExceptionPageMiddlewareImpl.Invoke(HttpContext context)|url: http://localhost/api/cart/delete/shoe/1/count/1|action: RemoveFromCart
2023-10-17 18:09:20.7075|0|INFO|Microsoft.Hosting.Lifetime|Application is shutting down... |url: |action: 
2023-10-17 18:13:52.9261|0|DEBUG|Program|init main |url: |action: 
2023-10-17 18:13:53.1487|14|INFO|Microsoft.Hosting.Lifetime|Now listening on: http://localhost:5013 |url: |action: 
2023-10-17 18:13:53.1487|0|INFO|Microsoft.Hosting.Lifetime|Application started. Press Ctrl+C to shut down. |url: |action: 
2023-10-17 18:13:53.1487|0|INFO|Microsoft.Hosting.Lifetime|Hosting environment: Development |url: |action: 
2023-10-17 18:13:53.1487|0|INFO|Microsoft.Hosting.Lifetime|Content root path: D:\rider-projects\ScriptShoes\ScriptShoes.API |url: |action: 
2023-10-17 18:14:03.8468|3|WARN|Microsoft.AspNetCore.HttpsPolicy.HttpsRedirectionMiddleware|Failed to determine the https port for redirect. |url: http://localhost/api/user/login|action: Login
2023-10-17 18:19:43.9258|0|INFO|Microsoft.Hosting.Lifetime|Application is shutting down... |url: |action: 
2023-10-17 18:28:38.7945|0|DEBUG|Program|init main |url: |action: 
2023-10-17 18:28:39.0420|14|INFO|Microsoft.Hosting.Lifetime|Now listening on: http://localhost:5013 |url: |action: 
2023-10-17 18:28:39.0420|0|INFO|Microsoft.Hosting.Lifetime|Application started. Press Ctrl+C to shut down. |url: |action: 
2023-10-17 18:28:39.0420|0|INFO|Microsoft.Hosting.Lifetime|Hosting environment: Development |url: |action: 
2023-10-17 18:28:39.0420|0|INFO|Microsoft.Hosting.Lifetime|Content root path: D:\rider-projects\ScriptShoes\ScriptShoes.API |url: |action: 
2023-10-17 18:28:52.1000|3|WARN|Microsoft.AspNetCore.HttpsPolicy.HttpsRedirectionMiddleware|Failed to determine the https port for redirect. |url: http://localhost/api/user/login|action: Login
2023-10-17 18:30:08.1384|0|INFO|Microsoft.Hosting.Lifetime|Application is shutting down... |url: |action: 
2023-10-17 18:30:14.6191|0|DEBUG|Program|init main |url: |action: 
2023-10-17 18:30:14.8926|14|INFO|Microsoft.Hosting.Lifetime|Now listening on: http://localhost:5013 |url: |action: 
2023-10-17 18:30:14.8926|0|INFO|Microsoft.Hosting.Lifetime|Application started. Press Ctrl+C to shut down. |url: |action: 
2023-10-17 18:30:14.8926|0|INFO|Microsoft.Hosting.Lifetime|Hosting environment: Development |url: |action: 
2023-10-17 18:30:14.8926|0|INFO|Microsoft.Hosting.Lifetime|Content root path: D:\rider-projects\ScriptShoes\ScriptShoes.API |url: |action: 
2023-10-17 18:30:19.0220|3|WARN|Microsoft.AspNetCore.HttpsPolicy.HttpsRedirectionMiddleware|Failed to determine the https port for redirect. |url: http://localhost/api/cart/getCart|action: GetCart
2023-10-17 18:30:29.8724|0|INFO|Microsoft.Hosting.Lifetime|Application is shutting down... |url: |action: 
