2023-10-27 15:40:30.0927|0|DEBUG|Program|init main |url: |action: 
2023-10-27 15:40:32.3062|14|INFO|Microsoft.Hosting.Lifetime|Now listening on: http://localhost:5013 |url: |action: 
2023-10-27 15:40:32.3062|0|INFO|Microsoft.Hosting.Lifetime|Application started. Press Ctrl+C to shut down. |url: |action: 
2023-10-27 15:40:32.3062|0|INFO|Microsoft.Hosting.Lifetime|Hosting environment: Development |url: |action: 
2023-10-27 15:40:32.3062|0|INFO|Microsoft.Hosting.Lifetime|Content root path: D:\rider-projects\ScriptShoes\ScriptShoes.API |url: |action: 
2023-10-27 15:41:11.1976|3|WARN|Microsoft.AspNetCore.HttpsPolicy.HttpsRedirectionMiddleware|Failed to determine the https port for redirect. |url: http://localhost/api/user/login|action: Login
2023-10-27 15:41:11.6944|0|INFO|ScriptShoes.API.Middlewares.ErrorHandlingMiddleware|/api/user/login has been invoked |url: http://localhost/api/user/login|action: Login
2023-10-27 15:41:52.0756|0|INFO|Microsoft.Hosting.Lifetime|Application is shutting down... |url: |action: 
2023-10-27 15:41:57.9801|0|DEBUG|Program|init main |url: |action: 
2023-10-27 15:41:58.2404|14|INFO|Microsoft.Hosting.Lifetime|Now listening on: http://localhost:5013 |url: |action: 
2023-10-27 15:41:58.2404|0|INFO|Microsoft.Hosting.Lifetime|Application started. Press Ctrl+C to shut down. |url: |action: 
2023-10-27 15:41:58.2404|0|INFO|Microsoft.Hosting.Lifetime|Hosting environment: Development |url: |action: 
2023-10-27 15:41:58.2404|0|INFO|Microsoft.Hosting.Lifetime|Content root path: D:\rider-projects\ScriptShoes\ScriptShoes.API |url: |action: 
2023-10-27 15:42:14.5213|3|WARN|Microsoft.AspNetCore.HttpsPolicy.HttpsRedirectionMiddleware|Failed to determine the https port for redirect. |url: http://localhost/api/user/sendVerificationEmail|action: SendVerificationEmail
2023-10-27 15:42:20.6707|0|INFO|ScriptShoes.API.Middlewares.ErrorHandlingMiddleware|/api/user/sendVerificationEmail has been invoked |url: http://localhost/api/user/sendVerificationEmail|action: SendVerificationEmail
2023-10-27 15:43:54.8762|0|INFO|ScriptShoes.API.Middlewares.ErrorHandlingMiddleware|/api/user/register has been invoked |url: http://localhost/api/user/register|action: Register
2023-10-27 15:44:14.6387|0|INFO|ScriptShoes.API.Middlewares.ErrorHandlingMiddleware|/api/user/login has been invoked |url: http://localhost/api/user/login|action: Login
2023-10-27 15:44:29.7003|0|INFO|ScriptShoes.API.Middlewares.ErrorHandlingMiddleware|/api/user/sendVerificationEmail has been invoked |url: http://localhost/api/user/sendVerificationEmail|action: SendVerificationEmail
2023-10-27 15:45:17.4918|0|INFO|Microsoft.Hosting.Lifetime|Application is shutting down... |url: |action: 
2023-10-27 15:47:24.9201|0|DEBUG|Program|init main |url: |action: 
2023-10-27 15:47:25.1593|14|INFO|Microsoft.Hosting.Lifetime|Now listening on: http://localhost:5013 |url: |action: 
2023-10-27 15:47:25.1623|0|INFO|Microsoft.Hosting.Lifetime|Application started. Press Ctrl+C to shut down. |url: |action: 
2023-10-27 15:47:25.1623|0|INFO|Microsoft.Hosting.Lifetime|Hosting environment: Development |url: |action: 
2023-10-27 15:47:25.1623|0|INFO|Microsoft.Hosting.Lifetime|Content root path: D:\rider-projects\ScriptShoes\ScriptShoes.API |url: |action: 
2023-10-27 15:47:29.1940|3|WARN|Microsoft.AspNetCore.HttpsPolicy.HttpsRedirectionMiddleware|Failed to determine the https port for redirect. |url: http://localhost/api/user/sendVerificationEmail|action: SendVerificationEmail
2023-10-27 15:47:29.3065|0|INFO|ScriptShoes.API.Middlewares.ErrorHandlingMiddleware|/api/user/sendVerificationEmail has been invoked |url: http://localhost/api/user/sendVerificationEmail|action: SendVerificationEmail
2023-10-27 15:50:04.9636|0|INFO|ScriptShoes.API.Middlewares.ErrorHandlingMiddleware|/api/user/login has been invoked |url: http://localhost/api/user/login|action: Login
2023-10-27 15:50:16.3459|0|INFO|ScriptShoes.API.Middlewares.ErrorHandlingMiddleware|/api/user/sendVerificationEmail has been invoked |url: http://localhost/api/user/sendVerificationEmail|action: SendVerificationEmail
2023-10-27 15:50:16.3891|0|FATAL|ScriptShoes.API.Middlewares.ErrorHandlingMiddleware|User is already verified |url: http://localhost/api/user/sendVerificationEmail|action: SendVerificationEmail
2023-10-27 15:50:45.8078|0|INFO|Microsoft.Hosting.Lifetime|Application is shutting down... |url: |action: 
2023-10-27 15:50:51.4124|0|DEBUG|Program|init main |url: |action: 
2023-10-27 15:50:51.6429|14|INFO|Microsoft.Hosting.Lifetime|Now listening on: http://localhost:5013 |url: |action: 
2023-10-27 15:50:51.6429|0|INFO|Microsoft.Hosting.Lifetime|Application started. Press Ctrl+C to shut down. |url: |action: 
2023-10-27 15:50:51.6463|0|INFO|Microsoft.Hosting.Lifetime|Hosting environment: Development |url: |action: 
2023-10-27 15:50:51.6463|0|INFO|Microsoft.Hosting.Lifetime|Content root path: D:\rider-projects\ScriptShoes\ScriptShoes.API |url: |action: 
2023-10-27 15:50:57.1947|3|WARN|Microsoft.AspNetCore.HttpsPolicy.HttpsRedirectionMiddleware|Failed to determine the https port for redirect. |url: http://localhost/api/user/sendVerificationEmail|action: SendVerificationEmail
2023-10-27 15:50:58.6804|1|ERROR|Microsoft.AspNetCore.Diagnostics.DeveloperExceptionPageMiddleware|An unhandled exception has occurred while executing the request. ScriptShoes.Domain.Exceptions.BadRequestException: User is already verified
   at ScriptShoes.Application.Features.User.Commands.SendVerificationEmail.SendVerificationEmailCommandHandler.Handle(SendVerificationEmailCommand request, CancellationToken cancellationToken) in D:\rider-projects\ScriptShoes\ScriptShoes.Application\Features\User\Commands\SendVerificationEmail\SendVerificationEmailCommandHandler.cs:line 28
   at ScriptShoes.Application.PipelineBehaviors.ValidationBehavior`2.Handle(TRequest request, RequestHandlerDelegate`1 next, CancellationToken cancellationToken) in D:\rider-projects\ScriptShoes\ScriptShoes.Application\PipelineBehaviors\ValidationBehavior.cs:line 29
   at ScriptShoes.API.Controllers.UserController.SendVerificationEmail() in D:\rider-projects\ScriptShoes\ScriptShoes.API\Controllers\UserController.cs:line 68
   at lambda_method10(Closure, Object)
   at Microsoft.AspNetCore.Mvc.Infrastructure.ActionMethodExecutor.TaskOfActionResultExecutor.Execute(ActionContext actionContext, IActionResultTypeMapper mapper, ObjectMethodExecutor executor, Object controller, Object[] arguments)
   at Microsoft.AspNetCore.Mvc.Infrastructure.ControllerActionInvoker.<InvokeActionMethodAsync>g__Logged|12_1(ControllerActionInvoker invoker)
   at Microsoft.AspNetCore.Mvc.Infrastructure.ControllerActionInvoker.<InvokeNextActionFilterAsync>g__Awaited|10_0(ControllerActionInvoker invoker, Task lastTask, State next, Scope scope, Object state, Boolean isCompleted)
   at Microsoft.AspNetCore.Mvc.Infrastructure.ControllerActionInvoker.Rethrow(ActionExecutedContextSealed context)
   at Microsoft.AspNetCore.Mvc.Infrastructure.ControllerActionInvoker.Next(State& next, Scope& scope, Object& state, Boolean& isCompleted)
   at Microsoft.AspNetCore.Mvc.Infrastructure.ControllerActionInvoker.<InvokeInnerFilterAsync>g__Awaited|13_0(ControllerActionInvoker invoker, Task lastTask, State next, Scope scope, Object state, Boolean isCompleted)
   at Microsoft.AspNetCore.Mvc.Infrastructure.ResourceInvoker.<InvokeFilterPipelineAsync>g__Awaited|20_0(ResourceInvoker invoker, Task lastTask, State next, Scope scope, Object state, Boolean isCompleted)
   at Microsoft.AspNetCore.Mvc.Infrastructure.ResourceInvoker.<InvokeAsync>g__Logged|17_1(ResourceInvoker invoker)
   at Microsoft.AspNetCore.Mvc.Infrastructure.ResourceInvoker.<InvokeAsync>g__Logged|17_1(ResourceInvoker invoker)
   at Microsoft.AspNetCore.Routing.EndpointMiddleware.<Invoke>g__AwaitRequestTask|6_0(Endpoint endpoint, Task requestTask, ILogger logger)
   at Microsoft.AspNetCore.Authorization.AuthorizationMiddleware.Invoke(HttpContext context)
   at Microsoft.AspNetCore.ResponseCaching.ResponseCachingMiddleware.Invoke(HttpContext httpContext)
   at Microsoft.AspNetCore.Authorization.AuthorizationMiddleware.Invoke(HttpContext context)
   at Microsoft.AspNetCore.Authentication.AuthenticationMiddleware.Invoke(HttpContext context)
   at Swashbuckle.AspNetCore.SwaggerUI.SwaggerUIMiddleware.Invoke(HttpContext httpContext)
   at Swashbuckle.AspNetCore.Swagger.SwaggerMiddleware.Invoke(HttpContext httpContext, ISwaggerProvider swaggerProvider)
   at Microsoft.AspNetCore.RateLimiting.RateLimitingMiddleware.InvokeInternal(HttpContext context, EnableRateLimitingAttribute enableRateLimitingAttribute)
   at Microsoft.AspNetCore.Diagnostics.DeveloperExceptionPageMiddlewareImpl.Invoke(HttpContext context)|url: http://localhost/api/user/sendVerificationEmail|action: SendVerificationEmail
2023-10-27 15:51:43.3775|0|INFO|Microsoft.Hosting.Lifetime|Application is shutting down... |url: |action: 
2023-10-27 15:51:46.4001|0|DEBUG|Program|init main |url: |action: 
2023-10-27 15:51:46.6758|14|INFO|Microsoft.Hosting.Lifetime|Now listening on: http://localhost:5013 |url: |action: 
2023-10-27 15:51:46.6787|0|INFO|Microsoft.Hosting.Lifetime|Application started. Press Ctrl+C to shut down. |url: |action: 
2023-10-27 15:51:46.6787|0|INFO|Microsoft.Hosting.Lifetime|Hosting environment: Development |url: |action: 
2023-10-27 15:51:46.6787|0|INFO|Microsoft.Hosting.Lifetime|Content root path: D:\rider-projects\ScriptShoes\ScriptShoes.API |url: |action: 
2023-10-27 15:51:58.8068|0|INFO|Microsoft.Hosting.Lifetime|Application is shutting down... |url: |action: 
