2023-10-26 21:25:07.7374|0|DEBUG|Program|init main |url: |action: 
2023-10-26 21:25:10.0433|14|INFO|Microsoft.Hosting.Lifetime|Now listening on: http://localhost:5013 |url: |action: 
2023-10-26 21:25:10.0433|0|INFO|Microsoft.Hosting.Lifetime|Application started. Press Ctrl+C to shut down. |url: |action: 
2023-10-26 21:25:10.0433|0|INFO|Microsoft.Hosting.Lifetime|Hosting environment: Development |url: |action: 
2023-10-26 21:25:10.0433|0|INFO|Microsoft.Hosting.Lifetime|Content root path: D:\rider-projects\ScriptShoes\ScriptShoes.API |url: |action: 
2023-10-26 21:25:18.5057|1|ERROR|Microsoft.AspNetCore.Diagnostics.DeveloperExceptionPageMiddleware|An unhandled exception has occurred while executing the request. System.InvalidOperationException: This endpoint requires a rate limiting policy with name defaultLimiter, but no such policy exists.
   at Microsoft.AspNetCore.RateLimiting.RateLimitingMiddleware.<CreateEndpointLimiter>b__14_0(HttpContext context)
   at System.Threading.RateLimiting.DefaultPartitionedRateLimiter`2.GetRateLimiter(TResource resource)
   at System.Threading.RateLimiting.DefaultPartitionedRateLimiter`2.AttemptAcquireCore(TResource resource, Int32 permitCount)
   at Microsoft.AspNetCore.RateLimiting.RateLimitingMiddleware.CombinedAcquire(HttpContext context)
   at Microsoft.AspNetCore.RateLimiting.RateLimitingMiddleware.TryAcquireAsync(HttpContext context)
   at Microsoft.AspNetCore.RateLimiting.RateLimitingMiddleware.InvokeInternal(HttpContext context, EnableRateLimitingAttribute enableRateLimitingAttribute)
   at Microsoft.AspNetCore.Diagnostics.DeveloperExceptionPageMiddlewareImpl.Invoke(HttpContext context)|url: http://localhost/api/shoe/getAll|action: GetAllShoes
2023-10-26 21:25:38.0014|0|INFO|Microsoft.Hosting.Lifetime|Application is shutting down... |url: |action: 
2023-10-26 21:25:43.5871|0|DEBUG|Program|init main |url: |action: 
2023-10-26 21:25:43.8181|14|INFO|Microsoft.Hosting.Lifetime|Now listening on: http://localhost:5013 |url: |action: 
2023-10-26 21:25:43.8181|0|INFO|Microsoft.Hosting.Lifetime|Application started. Press Ctrl+C to shut down. |url: |action: 
2023-10-26 21:25:43.8181|0|INFO|Microsoft.Hosting.Lifetime|Hosting environment: Development |url: |action: 
2023-10-26 21:25:43.8181|0|INFO|Microsoft.Hosting.Lifetime|Content root path: D:\rider-projects\ScriptShoes\ScriptShoes.API |url: |action: 
2023-10-26 21:25:48.3805|3|WARN|Microsoft.AspNetCore.HttpsPolicy.HttpsRedirectionMiddleware|Failed to determine the https port for redirect. |url: http://localhost/api/shoe/getAll|action: GetAllShoes
2023-10-26 21:25:48.8567|0|INFO|ScriptShoes.API.Middlewares.ErrorHandlingMiddleware|/api/shoe/getAll has been invoked |url: http://localhost/api/shoe/getAll|action: GetAllShoes
2023-10-26 21:25:52.2024|0|INFO|ScriptShoes.API.Middlewares.ErrorHandlingMiddleware|/api/shoe/getAll has been invoked |url: http://localhost/api/shoe/getAll|action: GetAllShoes
2023-10-26 21:25:52.7237|0|INFO|ScriptShoes.API.Middlewares.ErrorHandlingMiddleware|/api/shoe/getAll has been invoked |url: http://localhost/api/shoe/getAll|action: GetAllShoes
2023-10-26 21:25:53.1395|0|INFO|ScriptShoes.API.Middlewares.ErrorHandlingMiddleware|/api/shoe/getAll has been invoked |url: http://localhost/api/shoe/getAll|action: GetAllShoes
2023-10-26 21:25:53.5394|0|INFO|ScriptShoes.API.Middlewares.ErrorHandlingMiddleware|/api/shoe/getAll has been invoked |url: http://localhost/api/shoe/getAll|action: GetAllShoes
2023-10-26 21:25:53.9429|0|INFO|ScriptShoes.API.Middlewares.ErrorHandlingMiddleware|/api/shoe/getAll has been invoked |url: http://localhost/api/shoe/getAll|action: GetAllShoes
2023-10-26 21:25:54.7376|0|INFO|ScriptShoes.API.Middlewares.ErrorHandlingMiddleware|/api/shoe/getAll has been invoked |url: http://localhost/api/shoe/getAll|action: GetAllShoes
2023-10-26 21:25:55.4681|0|INFO|ScriptShoes.API.Middlewares.ErrorHandlingMiddleware|/api/shoe/getAll has been invoked |url: http://localhost/api/shoe/getAll|action: GetAllShoes
2023-10-26 21:25:55.8687|0|INFO|ScriptShoes.API.Middlewares.ErrorHandlingMiddleware|/api/shoe/getAll has been invoked |url: http://localhost/api/shoe/getAll|action: GetAllShoes
2023-10-26 21:25:56.2207|0|INFO|ScriptShoes.API.Middlewares.ErrorHandlingMiddleware|/api/shoe/getAll has been invoked |url: http://localhost/api/shoe/getAll|action: GetAllShoes
2023-10-26 21:25:56.6206|0|INFO|ScriptShoes.API.Middlewares.ErrorHandlingMiddleware|/api/shoe/getAll has been invoked |url: http://localhost/api/shoe/getAll|action: GetAllShoes
2023-10-26 21:25:57.0098|0|INFO|ScriptShoes.API.Middlewares.ErrorHandlingMiddleware|/api/shoe/getAll has been invoked |url: http://localhost/api/shoe/getAll|action: GetAllShoes
2023-10-26 21:25:57.4089|0|INFO|ScriptShoes.API.Middlewares.ErrorHandlingMiddleware|/api/shoe/getAll has been invoked |url: http://localhost/api/shoe/getAll|action: GetAllShoes
2023-10-26 21:25:57.8083|0|INFO|ScriptShoes.API.Middlewares.ErrorHandlingMiddleware|/api/shoe/getAll has been invoked |url: http://localhost/api/shoe/getAll|action: GetAllShoes
2023-10-26 21:26:00.1974|0|INFO|ScriptShoes.API.Middlewares.ErrorHandlingMiddleware|/api/shoe/getAll has been invoked |url: http://localhost/api/shoe/getAll|action: GetAllShoes
2023-10-26 21:26:00.8916|0|INFO|ScriptShoes.API.Middlewares.ErrorHandlingMiddleware|/api/shoe/getAll has been invoked |url: http://localhost/api/shoe/getAll|action: GetAllShoes
2023-10-26 21:26:01.0778|0|INFO|ScriptShoes.API.Middlewares.ErrorHandlingMiddleware|/api/shoe/getAll has been invoked |url: http://localhost/api/shoe/getAll|action: GetAllShoes
2023-10-26 21:26:01.2478|0|INFO|ScriptShoes.API.Middlewares.ErrorHandlingMiddleware|/api/shoe/getAll has been invoked |url: http://localhost/api/shoe/getAll|action: GetAllShoes
2023-10-26 21:27:13.5079|0|INFO|ScriptShoes.API.Middlewares.ErrorHandlingMiddleware|/api/shoe/getAll has been invoked |url: http://localhost/api/shoe/getAll|action: GetAllShoes
2023-10-26 21:27:13.9577|0|INFO|ScriptShoes.API.Middlewares.ErrorHandlingMiddleware|/api/shoe/getAll has been invoked |url: http://localhost/api/shoe/getAll|action: GetAllShoes
2023-10-26 21:27:14.1311|0|INFO|ScriptShoes.API.Middlewares.ErrorHandlingMiddleware|/api/shoe/getAll has been invoked |url: http://localhost/api/shoe/getAll|action: GetAllShoes
2023-10-26 21:27:14.2796|0|INFO|ScriptShoes.API.Middlewares.ErrorHandlingMiddleware|/api/shoe/getAll has been invoked |url: http://localhost/api/shoe/getAll|action: GetAllShoes
2023-10-26 21:28:43.7226|0|INFO|ScriptShoes.API.Middlewares.ErrorHandlingMiddleware|/api/user/login has been invoked |url: http://localhost/api/user/login|action: Login
2023-10-26 21:28:53.5209|0|INFO|ScriptShoes.API.Middlewares.ErrorHandlingMiddleware|/api/shoe/create has been invoked |url: http://localhost/api/shoe/create|action: CreateShoe
2023-10-26 21:29:16.4339|0|INFO|ScriptShoes.API.Middlewares.ErrorHandlingMiddleware|/api/shoe/create has been invoked |url: http://localhost/api/shoe/create|action: CreateShoe
2023-10-26 21:29:20.7914|0|INFO|ScriptShoes.API.Middlewares.ErrorHandlingMiddleware|/api/shoe/create has been invoked |url: http://localhost/api/shoe/create|action: CreateShoe
2023-10-26 21:29:23.2146|0|INFO|ScriptShoes.API.Middlewares.ErrorHandlingMiddleware|/api/shoe/create has been invoked |url: http://localhost/api/shoe/create|action: CreateShoe
2023-10-26 21:29:24.8487|0|INFO|ScriptShoes.API.Middlewares.ErrorHandlingMiddleware|/api/shoe/create has been invoked |url: http://localhost/api/shoe/create|action: CreateShoe
2023-10-26 21:29:26.5247|0|INFO|ScriptShoes.API.Middlewares.ErrorHandlingMiddleware|/api/shoe/create has been invoked |url: http://localhost/api/shoe/create|action: CreateShoe
2023-10-26 21:29:28.2336|0|INFO|ScriptShoes.API.Middlewares.ErrorHandlingMiddleware|/api/shoe/create has been invoked |url: http://localhost/api/shoe/create|action: CreateShoe
2023-10-26 21:29:29.7911|0|INFO|ScriptShoes.API.Middlewares.ErrorHandlingMiddleware|/api/shoe/create has been invoked |url: http://localhost/api/shoe/create|action: CreateShoe
2023-10-26 21:29:31.5861|0|INFO|ScriptShoes.API.Middlewares.ErrorHandlingMiddleware|/api/shoe/create has been invoked |url: http://localhost/api/shoe/create|action: CreateShoe
2023-10-26 21:29:33.1067|0|INFO|ScriptShoes.API.Middlewares.ErrorHandlingMiddleware|/api/shoe/create has been invoked |url: http://localhost/api/shoe/create|action: CreateShoe
2023-10-26 21:29:34.6509|0|INFO|ScriptShoes.API.Middlewares.ErrorHandlingMiddleware|/api/shoe/create has been invoked |url: http://localhost/api/shoe/create|action: CreateShoe
2023-10-26 21:29:36.2630|0|INFO|ScriptShoes.API.Middlewares.ErrorHandlingMiddleware|/api/shoe/create has been invoked |url: http://localhost/api/shoe/create|action: CreateShoe
2023-10-26 21:29:37.7444|0|INFO|ScriptShoes.API.Middlewares.ErrorHandlingMiddleware|/api/shoe/create has been invoked |url: http://localhost/api/shoe/create|action: CreateShoe
2023-10-26 21:29:39.3744|0|INFO|ScriptShoes.API.Middlewares.ErrorHandlingMiddleware|/api/shoe/create has been invoked |url: http://localhost/api/shoe/create|action: CreateShoe
2023-10-26 21:29:41.2682|0|INFO|ScriptShoes.API.Middlewares.ErrorHandlingMiddleware|/api/shoe/create has been invoked |url: http://localhost/api/shoe/create|action: CreateShoe
2023-10-26 21:29:42.8682|0|INFO|ScriptShoes.API.Middlewares.ErrorHandlingMiddleware|/api/shoe/create has been invoked |url: http://localhost/api/shoe/create|action: CreateShoe
2023-10-26 21:30:07.0114|0|INFO|Microsoft.Hosting.Lifetime|Application is shutting down... |url: |action: 
2023-10-26 21:30:12.9645|0|DEBUG|Program|init main |url: |action: 
2023-10-26 21:30:13.2164|14|INFO|Microsoft.Hosting.Lifetime|Now listening on: http://localhost:5013 |url: |action: 
2023-10-26 21:30:13.2164|0|INFO|Microsoft.Hosting.Lifetime|Application started. Press Ctrl+C to shut down. |url: |action: 
2023-10-26 21:30:13.2164|0|INFO|Microsoft.Hosting.Lifetime|Hosting environment: Development |url: |action: 
2023-10-26 21:30:13.2164|0|INFO|Microsoft.Hosting.Lifetime|Content root path: D:\rider-projects\ScriptShoes\ScriptShoes.API |url: |action: 
2023-10-26 21:30:15.0563|3|WARN|Microsoft.AspNetCore.HttpsPolicy.HttpsRedirectionMiddleware|Failed to determine the https port for redirect. |url: http://localhost/api/shoe/create|action: CreateShoe
2023-10-26 21:30:15.1770|0|INFO|ScriptShoes.API.Middlewares.ErrorHandlingMiddleware|/api/shoe/create has been invoked |url: http://localhost/api/shoe/create|action: CreateShoe
2023-10-26 21:30:15.2346|0|FATAL|ScriptShoes.API.Middlewares.ErrorHandlingMiddleware|Unexpected end of request content. |url: http://localhost/api/shoe/create|action: CreateShoe
2023-10-26 21:30:15.3792|0|INFO|ScriptShoes.API.Middlewares.ErrorHandlingMiddleware|/api/shoe/create has been invoked |url: http://localhost/api/shoe/create|action: CreateShoe
2023-10-26 21:30:15.7401|0|INFO|ScriptShoes.API.Middlewares.ErrorHandlingMiddleware|/api/shoe/create has been invoked |url: http://localhost/api/shoe/create|action: CreateShoe
2023-10-26 21:30:16.3839|0|INFO|ScriptShoes.API.Middlewares.ErrorHandlingMiddleware|/api/shoe/create has been invoked |url: http://localhost/api/shoe/create|action: CreateShoe
2023-10-26 21:30:17.1127|0|INFO|ScriptShoes.API.Middlewares.ErrorHandlingMiddleware|/api/shoe/create has been invoked |url: http://localhost/api/shoe/create|action: CreateShoe
2023-10-26 21:30:49.2349|0|INFO|Microsoft.Hosting.Lifetime|Application is shutting down... |url: |action: 
