2023-10-15 09:55:33.4437|0|DEBUG|Program|init main 
2023-10-15 09:55:35.2658|12|DEBUG|Microsoft.AspNetCore.Mvc.ModelBinding.ModelBinderFactory|Registered model binder providers, in the following order: Microsoft.AspNetCore.Mvc.ModelBinding.Binders.BinderTypeModelBinderProvider, Microsoft.AspNetCore.Mvc.ModelBinding.Binders.ServicesModelBinderProvider, Microsoft.AspNetCore.Mvc.ModelBinding.Binders.BodyModelBinderProvider, Microsoft.AspNetCore.Mvc.ModelBinding.Binders.HeaderModelBinderProvider, Microsoft.AspNetCore.Mvc.ModelBinding.Binders.FloatingPointTypeModelBinderProvider, Microsoft.AspNetCore.Mvc.ModelBinding.Binders.EnumTypeModelBinderProvider, Microsoft.AspNetCore.Mvc.ModelBinding.Binders.DateTimeModelBinderProvider, Microsoft.AspNetCore.Mvc.ModelBinding.Binders.SimpleTypeModelBinderProvider, Microsoft.AspNetCore.Mvc.ModelBinding.Binders.TryParseModelBinderProvider, Microsoft.AspNetCore.Mvc.ModelBinding.Binders.CancellationTokenModelBinderProvider, Microsoft.AspNetCore.Mvc.ModelBinding.Binders.ByteArrayModelBinderProvider, Microsoft.AspNetCore.Mvc.ModelBinding.Binders.FormFileModelBinderProvider, Microsoft.AspNetCore.Mvc.ModelBinding.Binders.FormCollectionModelBinderProvider, Microsoft.AspNetCore.Mvc.ModelBinding.Binders.KeyValuePairModelBinderProvider, Microsoft.AspNetCore.Mvc.ModelBinding.Binders.DictionaryModelBinderProvider, Microsoft.AspNetCore.Mvc.ModelBinding.Binders.ArrayModelBinderProvider, Microsoft.AspNetCore.Mvc.ModelBinding.Binders.CollectionModelBinderProvider, Microsoft.AspNetCore.Mvc.ModelBinding.Binders.ComplexObjectModelBinderProvider 
2023-10-15 09:55:35.3750|1|DEBUG|Microsoft.Extensions.Hosting.Internal.Host|Hosting starting 
2023-10-15 09:55:35.4241|63|INFO|Microsoft.AspNetCore.DataProtection.KeyManagement.XmlKeyManager|User profile is available. Using 'C:\Users\ADMIN\AppData\Local\ASP.NET\DataProtection-Keys' as key repository and Windows DPAPI to encrypt keys at rest. 
2023-10-15 09:55:35.4241|37|DEBUG|Microsoft.AspNetCore.DataProtection.Repositories.FileSystemXmlRepository|Reading data from file 'C:\Users\ADMIN\AppData\Local\ASP.NET\DataProtection-Keys\key-fa06f452-293b-47bb-911f-d5ac0d2ec068.xml'. 
2023-10-15 09:55:35.4419|18|DEBUG|Microsoft.AspNetCore.DataProtection.KeyManagement.XmlKeyManager|Found key {fa06f452-293b-47bb-911f-d5ac0d2ec068}. 
2023-10-15 09:55:35.4419|13|DEBUG|Microsoft.AspNetCore.DataProtection.KeyManagement.DefaultKeyResolver|Considering key {fa06f452-293b-47bb-911f-d5ac0d2ec068} with expiration date 2023-12-25 14:50:04Z as default key. 
2023-10-15 09:55:35.4419|0|DEBUG|Microsoft.AspNetCore.DataProtection.TypeForwardingActivator|Forwarded activator type request from Microsoft.AspNetCore.DataProtection.XmlEncryption.DpapiXmlDecryptor, Microsoft.AspNetCore.DataProtection, Version=7.0.0.0, Culture=neutral, PublicKeyToken=adb9793829ddae60 to Microsoft.AspNetCore.DataProtection.XmlEncryption.DpapiXmlDecryptor, Microsoft.AspNetCore.DataProtection, Culture=neutral, PublicKeyToken=adb9793829ddae60 
2023-10-15 09:55:35.4419|51|DEBUG|Microsoft.AspNetCore.DataProtection.XmlEncryption.DpapiXmlDecryptor|Decrypting secret element using Windows DPAPI. 
2023-10-15 09:55:35.4419|0|DEBUG|Microsoft.AspNetCore.DataProtection.TypeForwardingActivator|Forwarded activator type request from Microsoft.AspNetCore.DataProtection.AuthenticatedEncryption.ConfigurationModel.AuthenticatedEncryptorDescriptorDeserializer, Microsoft.AspNetCore.DataProtection, Version=7.0.0.0, Culture=neutral, PublicKeyToken=adb9793829ddae60 to Microsoft.AspNetCore.DataProtection.AuthenticatedEncryption.ConfigurationModel.AuthenticatedEncryptorDescriptorDeserializer, Microsoft.AspNetCore.DataProtection, Culture=neutral, PublicKeyToken=adb9793829ddae60 
2023-10-15 09:55:35.4556|4|DEBUG|Microsoft.AspNetCore.DataProtection.AuthenticatedEncryption.CngCbcAuthenticatedEncryptorFactory|Opening CNG algorithm 'AES' from provider '(null)' with chaining mode CBC. 
2023-10-15 09:55:35.4556|3|DEBUG|Microsoft.AspNetCore.DataProtection.AuthenticatedEncryption.CngCbcAuthenticatedEncryptorFactory|Opening CNG algorithm 'SHA256' from provider '(null)' with HMAC. 
2023-10-15 09:55:35.4556|2|DEBUG|Microsoft.AspNetCore.DataProtection.KeyManagement.KeyRingProvider|Using key {fa06f452-293b-47bb-911f-d5ac0d2ec068} as the default key. 
2023-10-15 09:55:35.4556|65|DEBUG|Microsoft.AspNetCore.DataProtection.Internal.DataProtectionHostedService|Key ring with default key {fa06f452-293b-47bb-911f-d5ac0d2ec068} was loaded during application startup. 
2023-10-15 09:55:35.6933|14|INFO|Microsoft.Hosting.Lifetime|Now listening on: http://localhost:5013 
2023-10-15 09:55:35.6933|13|DEBUG|Microsoft.AspNetCore.Hosting.Diagnostics|Loaded hosting startup assembly ScriptShoes.API 
2023-10-15 09:55:35.6933|0|INFO|Microsoft.Hosting.Lifetime|Application started. Press Ctrl+C to shut down. 
2023-10-15 09:55:35.6933|0|INFO|Microsoft.Hosting.Lifetime|Hosting environment: Development 
2023-10-15 09:55:35.6933|0|INFO|Microsoft.Hosting.Lifetime|Content root path: D:\rider-projects\ScriptShoes\ScriptShoes.API 
2023-10-15 09:55:35.6933|2|DEBUG|Microsoft.Extensions.Hosting.Internal.Host|Hosting started 
2023-10-15 09:55:35.7120|39|DEBUG|Microsoft.AspNetCore.Server.Kestrel.Connections|Connection id "0HMUDAGEM8L13" accepted. 
2023-10-15 09:55:35.7120|1|DEBUG|Microsoft.AspNetCore.Server.Kestrel.Connections|Connection id "0HMUDAGEM8L13" started. 
2023-10-15 09:55:35.7120|39|DEBUG|Microsoft.AspNetCore.Server.Kestrel.Connections|Connection id "0HMUDAGEM8L14" accepted. 
2023-10-15 09:55:35.7120|1|DEBUG|Microsoft.AspNetCore.Server.Kestrel.Connections|Connection id "0HMUDAGEM8L14" started. 
2023-10-15 09:55:35.7556|1|INFO|Microsoft.AspNetCore.Hosting.Diagnostics|Request starting HTTP/1.1 GET http://localhost:5013/swagger/index.html - - 
2023-10-15 09:55:35.7556|0|DEBUG|Microsoft.AspNetCore.HostFiltering.HostFilteringMiddleware|Wildcard detected, all requests with hosts will be allowed. 
2023-10-15 09:55:35.7556|2|TRACE|Microsoft.AspNetCore.HostFiltering.HostFilteringMiddleware|All hosts are allowed. 
2023-10-15 09:55:35.7671|39|DEBUG|Microsoft.AspNetCore.Server.Kestrel.Connections|Connection id "0HMUDAGEM8L15" accepted. 
2023-10-15 09:55:35.7671|1|DEBUG|Microsoft.AspNetCore.Server.Kestrel.Connections|Connection id "0HMUDAGEM8L15" started. 
2023-10-15 09:55:35.7671|1000|DEBUG|Microsoft.AspNetCore.Routing.Matching.DfaMatcher|No candidates found for the request path '/swagger/index.html' 
2023-10-15 09:55:35.7671|2|DEBUG|Microsoft.AspNetCore.Routing.EndpointRoutingMiddleware|Request did not match any endpoints 
2023-10-15 09:55:35.9060|9|DEBUG|Microsoft.AspNetCore.Server.Kestrel.Connections|Connection id "0HMUDAGEM8L13" completed keep alive response. 
2023-10-15 09:55:35.9070|2|INFO|Microsoft.AspNetCore.Hosting.Diagnostics|Request finished HTTP/1.1 GET http://localhost:5013/swagger/index.html - - - 200 - text/html;charset=utf-8 152.6180ms 
2023-10-15 09:55:36.2350|1|INFO|Microsoft.AspNetCore.Hosting.Diagnostics|Request starting HTTP/1.1 GET http://localhost:5013/swagger/v1/swagger.json - - 
2023-10-15 09:55:36.2350|2|TRACE|Microsoft.AspNetCore.HostFiltering.HostFilteringMiddleware|All hosts are allowed. 
2023-10-15 09:55:36.2350|1000|DEBUG|Microsoft.AspNetCore.Routing.Matching.DfaMatcher|No candidates found for the request path '/swagger/v1/swagger.json' 
2023-10-15 09:55:36.2350|2|DEBUG|Microsoft.AspNetCore.Routing.EndpointRoutingMiddleware|Request did not match any endpoints 
2023-10-15 09:55:36.3270|9|DEBUG|Microsoft.AspNetCore.Server.Kestrel.Connections|Connection id "0HMUDAGEM8L13" completed keep alive response. 
2023-10-15 09:55:36.3270|2|INFO|Microsoft.AspNetCore.Hosting.Diagnostics|Request finished HTTP/1.1 GET http://localhost:5013/swagger/v1/swagger.json - - - 200 - application/json;charset=utf-8 92.2174ms 
2023-10-15 09:55:46.1597|0|INFO|Microsoft.Hosting.Lifetime|Application is shutting down... 
2023-10-15 09:55:46.1597|3|DEBUG|Microsoft.Extensions.Hosting.Internal.Host|Hosting stopping 
2023-10-15 09:55:46.1597|10|DEBUG|Microsoft.AspNetCore.Server.Kestrel.Connections|Connection id "0HMUDAGEM8L15" disconnecting. 
2023-10-15 09:55:46.1597|2|DEBUG|Microsoft.AspNetCore.Server.Kestrel.Connections|Connection id "0HMUDAGEM8L15" stopped. 
2023-10-15 09:55:46.1597|10|DEBUG|Microsoft.AspNetCore.Server.Kestrel.Connections|Connection id "0HMUDAGEM8L14" disconnecting. 
2023-10-15 09:55:46.1597|10|DEBUG|Microsoft.AspNetCore.Server.Kestrel.Connections|Connection id "0HMUDAGEM8L13" disconnecting. 
2023-10-15 09:55:46.1597|2|DEBUG|Microsoft.AspNetCore.Server.Kestrel.Connections|Connection id "0HMUDAGEM8L14" stopped. 
2023-10-15 09:55:46.1597|2|DEBUG|Microsoft.AspNetCore.Server.Kestrel.Connections|Connection id "0HMUDAGEM8L13" stopped. 
2023-10-15 09:55:46.1597|7|DEBUG|Microsoft.AspNetCore.Server.Kestrel.Transport.Sockets|Connection id "0HMUDAGEM8L15" sending FIN because: "The Socket transport's send loop completed gracefully." 
2023-10-15 09:55:46.1597|7|DEBUG|Microsoft.AspNetCore.Server.Kestrel.Transport.Sockets|Connection id "0HMUDAGEM8L14" sending FIN because: "The Socket transport's send loop completed gracefully." 
2023-10-15 09:55:46.1597|7|DEBUG|Microsoft.AspNetCore.Server.Kestrel.Transport.Sockets|Connection id "0HMUDAGEM8L13" sending FIN because: "The Socket transport's send loop completed gracefully." 
2023-10-15 09:55:46.1762|4|DEBUG|Microsoft.Extensions.Hosting.Internal.Host|Hosting stopped 
2023-10-15 10:00:54.8917|0|DEBUG|Program|init main 
2023-10-15 10:00:55.0748|12|DEBUG|Microsoft.AspNetCore.Mvc.ModelBinding.ModelBinderFactory|Registered model binder providers, in the following order: Microsoft.AspNetCore.Mvc.ModelBinding.Binders.BinderTypeModelBinderProvider, Microsoft.AspNetCore.Mvc.ModelBinding.Binders.ServicesModelBinderProvider, Microsoft.AspNetCore.Mvc.ModelBinding.Binders.BodyModelBinderProvider, Microsoft.AspNetCore.Mvc.ModelBinding.Binders.HeaderModelBinderProvider, Microsoft.AspNetCore.Mvc.ModelBinding.Binders.FloatingPointTypeModelBinderProvider, Microsoft.AspNetCore.Mvc.ModelBinding.Binders.EnumTypeModelBinderProvider, Microsoft.AspNetCore.Mvc.ModelBinding.Binders.DateTimeModelBinderProvider, Microsoft.AspNetCore.Mvc.ModelBinding.Binders.SimpleTypeModelBinderProvider, Microsoft.AspNetCore.Mvc.ModelBinding.Binders.TryParseModelBinderProvider, Microsoft.AspNetCore.Mvc.ModelBinding.Binders.CancellationTokenModelBinderProvider, Microsoft.AspNetCore.Mvc.ModelBinding.Binders.ByteArrayModelBinderProvider, Microsoft.AspNetCore.Mvc.ModelBinding.Binders.FormFileModelBinderProvider, Microsoft.AspNetCore.Mvc.ModelBinding.Binders.FormCollectionModelBinderProvider, Microsoft.AspNetCore.Mvc.ModelBinding.Binders.KeyValuePairModelBinderProvider, Microsoft.AspNetCore.Mvc.ModelBinding.Binders.DictionaryModelBinderProvider, Microsoft.AspNetCore.Mvc.ModelBinding.Binders.ArrayModelBinderProvider, Microsoft.AspNetCore.Mvc.ModelBinding.Binders.CollectionModelBinderProvider, Microsoft.AspNetCore.Mvc.ModelBinding.Binders.ComplexObjectModelBinderProvider 
2023-10-15 10:00:55.1122|1|DEBUG|Microsoft.Extensions.Hosting.Internal.Host|Hosting starting 
2023-10-15 10:00:55.1122|63|INFO|Microsoft.AspNetCore.DataProtection.KeyManagement.XmlKeyManager|User profile is available. Using 'C:\Users\ADMIN\AppData\Local\ASP.NET\DataProtection-Keys' as key repository and Windows DPAPI to encrypt keys at rest. 
2023-10-15 10:00:55.1122|37|DEBUG|Microsoft.AspNetCore.DataProtection.Repositories.FileSystemXmlRepository|Reading data from file 'C:\Users\ADMIN\AppData\Local\ASP.NET\DataProtection-Keys\key-fa06f452-293b-47bb-911f-d5ac0d2ec068.xml'. 
2023-10-15 10:00:55.1289|18|DEBUG|Microsoft.AspNetCore.DataProtection.KeyManagement.XmlKeyManager|Found key {fa06f452-293b-47bb-911f-d5ac0d2ec068}. 
2023-10-15 10:00:55.1289|13|DEBUG|Microsoft.AspNetCore.DataProtection.KeyManagement.DefaultKeyResolver|Considering key {fa06f452-293b-47bb-911f-d5ac0d2ec068} with expiration date 2023-12-25 14:50:04Z as default key. 
2023-10-15 10:00:55.1289|0|DEBUG|Microsoft.AspNetCore.DataProtection.TypeForwardingActivator|Forwarded activator type request from Microsoft.AspNetCore.DataProtection.XmlEncryption.DpapiXmlDecryptor, Microsoft.AspNetCore.DataProtection, Version=7.0.0.0, Culture=neutral, PublicKeyToken=adb9793829ddae60 to Microsoft.AspNetCore.DataProtection.XmlEncryption.DpapiXmlDecryptor, Microsoft.AspNetCore.DataProtection, Culture=neutral, PublicKeyToken=adb9793829ddae60 
2023-10-15 10:00:55.1289|51|DEBUG|Microsoft.AspNetCore.DataProtection.XmlEncryption.DpapiXmlDecryptor|Decrypting secret element using Windows DPAPI. 
2023-10-15 10:00:55.1289|0|DEBUG|Microsoft.AspNetCore.DataProtection.TypeForwardingActivator|Forwarded activator type request from Microsoft.AspNetCore.DataProtection.AuthenticatedEncryption.ConfigurationModel.AuthenticatedEncryptorDescriptorDeserializer, Microsoft.AspNetCore.DataProtection, Version=7.0.0.0, Culture=neutral, PublicKeyToken=adb9793829ddae60 to Microsoft.AspNetCore.DataProtection.AuthenticatedEncryption.ConfigurationModel.AuthenticatedEncryptorDescriptorDeserializer, Microsoft.AspNetCore.DataProtection, Culture=neutral, PublicKeyToken=adb9793829ddae60 
2023-10-15 10:00:55.1289|4|DEBUG|Microsoft.AspNetCore.DataProtection.AuthenticatedEncryption.CngCbcAuthenticatedEncryptorFactory|Opening CNG algorithm 'AES' from provider '(null)' with chaining mode CBC. 
2023-10-15 10:00:55.1289|3|DEBUG|Microsoft.AspNetCore.DataProtection.AuthenticatedEncryption.CngCbcAuthenticatedEncryptorFactory|Opening CNG algorithm 'SHA256' from provider '(null)' with HMAC. 
2023-10-15 10:00:55.1289|2|DEBUG|Microsoft.AspNetCore.DataProtection.KeyManagement.KeyRingProvider|Using key {fa06f452-293b-47bb-911f-d5ac0d2ec068} as the default key. 
2023-10-15 10:00:55.1289|65|DEBUG|Microsoft.AspNetCore.DataProtection.Internal.DataProtectionHostedService|Key ring with default key {fa06f452-293b-47bb-911f-d5ac0d2ec068} was loaded during application startup. 
2023-10-15 10:00:55.1747|14|INFO|Microsoft.Hosting.Lifetime|Now listening on: http://localhost:5013 
2023-10-15 10:00:55.1747|13|DEBUG|Microsoft.AspNetCore.Hosting.Diagnostics|Loaded hosting startup assembly ScriptShoes.API 
2023-10-15 10:00:55.1747|0|INFO|Microsoft.Hosting.Lifetime|Application started. Press Ctrl+C to shut down. 
2023-10-15 10:00:55.1747|0|INFO|Microsoft.Hosting.Lifetime|Hosting environment: Development 
2023-10-15 10:00:55.1747|0|INFO|Microsoft.Hosting.Lifetime|Content root path: D:\rider-projects\ScriptShoes\ScriptShoes.API 
2023-10-15 10:00:55.1747|2|DEBUG|Microsoft.Extensions.Hosting.Internal.Host|Hosting started 
2023-10-15 10:00:55.3070|6|DEBUG|Microsoft.AspNetCore.Server.Kestrel.Transport.Sockets|Connection id "0HMUDAJDU5AG6" received FIN. 
2023-10-15 10:00:55.3070|39|DEBUG|Microsoft.AspNetCore.Server.Kestrel.Connections|Connection id "0HMUDAJDU5AG6" accepted. 
2023-10-15 10:00:55.3070|1|DEBUG|Microsoft.AspNetCore.Server.Kestrel.Connections|Connection id "0HMUDAJDU5AG6" started. 
2023-10-15 10:00:55.3174|7|DEBUG|Microsoft.AspNetCore.Server.Kestrel.Transport.Sockets|Connection id "0HMUDAJDU5AG6" sending FIN because: "The Socket transport's send loop completed gracefully." 
2023-10-15 10:00:55.3174|10|DEBUG|Microsoft.AspNetCore.Server.Kestrel.Connections|Connection id "0HMUDAJDU5AG6" disconnecting. 
2023-10-15 10:00:55.3174|2|DEBUG|Microsoft.AspNetCore.Server.Kestrel.Connections|Connection id "0HMUDAJDU5AG6" stopped. 
2023-10-15 10:00:55.3761|39|DEBUG|Microsoft.AspNetCore.Server.Kestrel.Connections|Connection id "0HMUDAJDU5AG7" accepted. 
2023-10-15 10:00:55.3761|1|DEBUG|Microsoft.AspNetCore.Server.Kestrel.Connections|Connection id "0HMUDAJDU5AG7" started. 
2023-10-15 10:00:55.3761|39|DEBUG|Microsoft.AspNetCore.Server.Kestrel.Connections|Connection id "0HMUDAJDU5AG8" accepted. 
2023-10-15 10:00:55.3761|1|DEBUG|Microsoft.AspNetCore.Server.Kestrel.Connections|Connection id "0HMUDAJDU5AG8" started. 
2023-10-15 10:00:55.4069|1|INFO|Microsoft.AspNetCore.Hosting.Diagnostics|Request starting HTTP/1.1 GET http://localhost:5013/swagger/index.html - - 
2023-10-15 10:00:55.4080|0|DEBUG|Microsoft.AspNetCore.HostFiltering.HostFilteringMiddleware|Wildcard detected, all requests with hosts will be allowed. 
2023-10-15 10:00:55.4080|2|TRACE|Microsoft.AspNetCore.HostFiltering.HostFilteringMiddleware|All hosts are allowed. 
2023-10-15 10:00:55.4344|1000|DEBUG|Microsoft.AspNetCore.Routing.Matching.DfaMatcher|No candidates found for the request path '/swagger/index.html' 
2023-10-15 10:00:55.4344|2|DEBUG|Microsoft.AspNetCore.Routing.EndpointRoutingMiddleware|Request did not match any endpoints 
2023-10-15 10:00:55.5676|9|DEBUG|Microsoft.AspNetCore.Server.Kestrel.Connections|Connection id "0HMUDAJDU5AG7" completed keep alive response. 
2023-10-15 10:00:55.5676|2|INFO|Microsoft.AspNetCore.Hosting.Diagnostics|Request finished HTTP/1.1 GET http://localhost:5013/swagger/index.html - - - 200 - text/html;charset=utf-8 164.6603ms 
2023-10-15 10:00:55.9675|1|INFO|Microsoft.AspNetCore.Hosting.Diagnostics|Request starting HTTP/1.1 GET http://localhost:5013/swagger/v1/swagger.json - - 
2023-10-15 10:00:55.9675|2|TRACE|Microsoft.AspNetCore.HostFiltering.HostFilteringMiddleware|All hosts are allowed. 
2023-10-15 10:00:55.9675|1000|DEBUG|Microsoft.AspNetCore.Routing.Matching.DfaMatcher|No candidates found for the request path '/swagger/v1/swagger.json' 
2023-10-15 10:00:55.9675|2|DEBUG|Microsoft.AspNetCore.Routing.EndpointRoutingMiddleware|Request did not match any endpoints 
2023-10-15 10:00:56.0828|9|DEBUG|Microsoft.AspNetCore.Server.Kestrel.Connections|Connection id "0HMUDAJDU5AG7" completed keep alive response. 
2023-10-15 10:00:56.0828|2|INFO|Microsoft.AspNetCore.Hosting.Diagnostics|Request finished HTTP/1.1 GET http://localhost:5013/swagger/v1/swagger.json - - - 200 - application/json;charset=utf-8 115.5024ms 
2023-10-15 10:01:11.9962|1|INFO|Microsoft.AspNetCore.Hosting.Diagnostics|Request starting HTTP/1.1 GET http://localhost:5013/api/user/login?email=kuba%40gmail.com&password=Kuba123%21 - - 
2023-10-15 10:01:11.9962|2|TRACE|Microsoft.AspNetCore.HostFiltering.HostFilteringMiddleware|All hosts are allowed. 
2023-10-15 10:01:11.9962|1001|DEBUG|Microsoft.AspNetCore.Routing.Matching.DfaMatcher|1 candidate(s) found for the request path '/api/user/login' 
2023-10-15 10:01:12.0053|1005|DEBUG|Microsoft.AspNetCore.Routing.Matching.DfaMatcher|Endpoint 'ScriptShoes.API.Controllers.UserController.Login (ScriptShoes.API)' with route pattern 'api/user/login' is valid for the request path '/api/user/login' 
2023-10-15 10:01:12.0053|1|DEBUG|Microsoft.AspNetCore.Routing.EndpointRoutingMiddleware|Request matched endpoint 'ScriptShoes.API.Controllers.UserController.Login (ScriptShoes.API)' 
2023-10-15 10:01:12.0053|15|DEBUG|Microsoft.AspNetCore.StaticFiles.StaticFileMiddleware|Static files was skipped as the request already matched an endpoint. 
2023-10-15 10:01:12.0053|3|WARN|Microsoft.AspNetCore.HttpsPolicy.HttpsRedirectionMiddleware|Failed to determine the https port for redirect. 
2023-10-15 10:01:12.4769|9|DEBUG|Microsoft.AspNetCore.Authentication.JwtBearer.JwtBearerHandler|AuthenticationScheme: Bearer was not authenticated. 
2023-10-15 10:01:12.4769|24|INFO|Microsoft.AspNetCore.ResponseCaching.ResponseCachingMiddleware|No cached response available for this request. 
2023-10-15 10:01:12.5001|0|INFO|Microsoft.AspNetCore.Routing.EndpointMiddleware|Executing endpoint 'ScriptShoes.API.Controllers.UserController.Login (ScriptShoes.API)' 
2023-10-15 10:01:12.5296|102|INFO|Microsoft.AspNetCore.Mvc.Infrastructure.ControllerActionInvoker|Route matched with {action = "Login", controller = "User"}. Executing controller action with signature System.Threading.Tasks.Task`1[Microsoft.AspNetCore.Mvc.ActionResult`1[ScriptShoes.Application.Models.User.LoginResponseDto]] Login(System.String, System.String) on controller ScriptShoes.API.Controllers.UserController (ScriptShoes.API). 
2023-10-15 10:01:12.5296|1|DEBUG|Microsoft.AspNetCore.Mvc.Infrastructure.ControllerActionInvoker|Execution plan of authorization filters (in the following order): None 
2023-10-15 10:01:12.5296|1|DEBUG|Microsoft.AspNetCore.Mvc.Infrastructure.ControllerActionInvoker|Execution plan of resource filters (in the following order): None 
2023-10-15 10:01:12.5296|1|DEBUG|Microsoft.AspNetCore.Mvc.Infrastructure.ControllerActionInvoker|Execution plan of action filters (in the following order): Microsoft.AspNetCore.Mvc.ModelBinding.UnsupportedContentTypeFilter (Order: -3000), Microsoft.AspNetCore.Mvc.Infrastructure.ModelStateInvalidFilter (Order: -2000) 
2023-10-15 10:01:12.5296|1|DEBUG|Microsoft.AspNetCore.Mvc.Infrastructure.ControllerActionInvoker|Execution plan of exception filters (in the following order): None 
2023-10-15 10:01:12.5296|1|DEBUG|Microsoft.AspNetCore.Mvc.Infrastructure.ControllerActionInvoker|Execution plan of result filters (in the following order): Microsoft.AspNetCore.Mvc.Infrastructure.ClientErrorResultFilter (Order: -2000) 
2023-10-15 10:01:12.5296|1|DEBUG|Microsoft.AspNetCore.Mvc.Infrastructure.ControllerActionInvoker|Executing controller factory for controller ScriptShoes.API.Controllers.UserController (ScriptShoes.API) 
2023-10-15 10:01:12.5327|2|DEBUG|Microsoft.AspNetCore.Mvc.Infrastructure.ControllerActionInvoker|Executed controller factory for controller ScriptShoes.API.Controllers.UserController (ScriptShoes.API) 
2023-10-15 10:01:12.5327|22|DEBUG|Microsoft.AspNetCore.Mvc.ModelBinding.ParameterBinder|Attempting to bind parameter 'email' of type 'System.String' ... 
2023-10-15 10:01:12.5327|44|DEBUG|Microsoft.AspNetCore.Mvc.ModelBinding.Binders.SimpleTypeModelBinder|Attempting to bind parameter 'email' of type 'System.String' using the name 'email' in request data ... 
2023-10-15 10:01:12.5327|45|DEBUG|Microsoft.AspNetCore.Mvc.ModelBinding.Binders.SimpleTypeModelBinder|Done attempting to bind parameter 'email' of type 'System.String'. 
2023-10-15 10:01:12.5327|23|DEBUG|Microsoft.AspNetCore.Mvc.ModelBinding.ParameterBinder|Done attempting to bind parameter 'email' of type 'System.String'. 
2023-10-15 10:01:12.5327|26|DEBUG|Microsoft.AspNetCore.Mvc.ModelBinding.ParameterBinder|Attempting to validate the bound parameter 'email' of type 'System.String' ... 
2023-10-15 10:01:12.5501|27|DEBUG|Microsoft.AspNetCore.Mvc.ModelBinding.ParameterBinder|Done attempting to validate the bound parameter 'email' of type 'System.String'. 
2023-10-15 10:01:12.5501|22|DEBUG|Microsoft.AspNetCore.Mvc.ModelBinding.ParameterBinder|Attempting to bind parameter 'password' of type 'System.String' ... 
2023-10-15 10:01:12.5501|44|DEBUG|Microsoft.AspNetCore.Mvc.ModelBinding.Binders.SimpleTypeModelBinder|Attempting to bind parameter 'password' of type 'System.String' using the name 'password' in request data ... 
2023-10-15 10:01:12.5501|45|DEBUG|Microsoft.AspNetCore.Mvc.ModelBinding.Binders.SimpleTypeModelBinder|Done attempting to bind parameter 'password' of type 'System.String'. 
2023-10-15 10:01:12.5501|23|DEBUG|Microsoft.AspNetCore.Mvc.ModelBinding.ParameterBinder|Done attempting to bind parameter 'password' of type 'System.String'. 
2023-10-15 10:01:12.5501|26|DEBUG|Microsoft.AspNetCore.Mvc.ModelBinding.ParameterBinder|Attempting to validate the bound parameter 'password' of type 'System.String' ... 
2023-10-15 10:01:12.5501|27|DEBUG|Microsoft.AspNetCore.Mvc.ModelBinding.ParameterBinder|Done attempting to validate the bound parameter 'password' of type 'System.String'. 
2023-10-15 10:01:12.5501|52|TRACE|Microsoft.AspNetCore.Mvc.Infrastructure.ControllerActionInvoker|Action Filter: Before executing OnActionExecuting on filter Microsoft.AspNetCore.Mvc.ModelBinding.UnsupportedContentTypeFilter. 
2023-10-15 10:01:12.5501|53|TRACE|Microsoft.AspNetCore.Mvc.Infrastructure.ControllerActionInvoker|Action Filter: After executing OnActionExecuting on filter Microsoft.AspNetCore.Mvc.ModelBinding.UnsupportedContentTypeFilter. 
2023-10-15 10:01:12.5501|52|TRACE|Microsoft.AspNetCore.Mvc.Infrastructure.ControllerActionInvoker|Action Filter: Before executing OnActionExecuting on filter Microsoft.AspNetCore.Mvc.Infrastructure.ModelStateInvalidFilter. 
2023-10-15 10:01:12.5501|53|TRACE|Microsoft.AspNetCore.Mvc.Infrastructure.ControllerActionInvoker|Action Filter: After executing OnActionExecuting on filter Microsoft.AspNetCore.Mvc.Infrastructure.ModelStateInvalidFilter. 
2023-10-15 10:01:12.5501|101|INFO|Microsoft.AspNetCore.Mvc.Infrastructure.ControllerActionInvoker|Executing action method ScriptShoes.API.Controllers.UserController.Login (ScriptShoes.API) - Validation state: Valid 
2023-10-15 10:01:12.5501|102|TRACE|Microsoft.AspNetCore.Mvc.Infrastructure.ControllerActionInvoker|Executing action method ScriptShoes.API.Controllers.UserController.Login (ScriptShoes.API) with arguments (kuba@gmail.com, Kuba123!) 
2023-10-15 10:01:13.1508|10401|DEBUG|Microsoft.EntityFrameworkCore.Infrastructure|An 'IServiceProvider' was created for internal use by Entity Framework. 
2023-10-15 10:01:13.8855|10403|DEBUG|Microsoft.EntityFrameworkCore.Infrastructure|Entity Framework Core 7.0.11 initialized 'AppDbContext' using provider 'Npgsql.EntityFrameworkCore.PostgreSQL:7.0.11+c25a0d7b68d66c6ab3849a3b4333964faea6adc9' with options: None 
2023-10-15 10:01:13.9584|10111|DEBUG|Microsoft.EntityFrameworkCore.Query|Compiling query expression: 
'DbSet<User>()
    .Include(x => x.Role)
    .FirstOrDefault(x => x.Email == __email_0)' 
2023-10-15 10:01:14.0104|10112|DEBUG|Microsoft.EntityFrameworkCore.Query|Including navigation: 'User.Role'. 
2023-10-15 10:01:14.1431|10107|DEBUG|Microsoft.EntityFrameworkCore.Query|Generated query execution expression: 
'queryContext => ShapedQueryCompilingExpressionVisitor.SingleOrDefaultAsync<User>(
    asyncEnumerable: new SingleQueryingEnumerable<User>(
        (RelationalQueryContext)queryContext, 
        RelationalCommandCache.QueryExpression(
            Client Projections:
                0 -> Dictionary<IProperty, int> { [Property: User.Id (int) Required PK AfterSave:Throw ValueGenerated.OnAdd, 0], [Property: User.AvailableFounds (float) Required, 1], [Property: User.Created (DateTime) Required, 2], [Property: User.Email (string) Required, 3], [Property: User.FirsName (string) Required, 4], [Property: User.HashedPassword (string) Required, 5], [Property: User.IsVerified (bool) Required, 6], [Property: User.LastModified (DateTime) Required, 7], [Property: User.LastName (string) Required, 8], [Property: User.ProfilePictureUrl (string) Required, 9], [Property: User.RefreshToken (string), 10], [Property: User.RefreshTokenExpirationTime (DateTime) Required, 11], [Property: User.RoleId (int) Required FK Index, 12], [Property: User.Username (string) Required, 13] }
                1 -> Dictionary<IProperty, int> { [Property: Role.Id (int) Required PK AfterSave:Throw ValueGenerated.OnAdd, 14], [Property: Role.Created (DateTime) Required, 15], [Property: Role.LastModified (DateTime) Required, 16], [Property: Role.Name (string) Required, 17] }
            SELECT TOP(1) u.Id, u.AvailableFounds, u.Created, u.Email, u.FirsName, u.HashedPassword, u.IsVerified, u.LastModified, u.LastName, u.ProfilePictureUrl, u.RefreshToken, u.RefreshTokenExpirationTime, u.RoleId, u.Username, r.Id, r.Created, r.LastModified, r.Name
            FROM Users AS u
            INNER JOIN Roles AS r ON u.RoleId == r.Id
            WHERE u.Email == @__email_0), 
        null, 
        Func<QueryContext, DbDataReader, ResultContext, SingleQueryResultCoordinator, User>, 
        ScriptShoes.Persistence.Database.AppDbContext, 
        False, 
        False, 
        True
    ), 
    cancellationToken: queryContext.CancellationToken)' 
2023-10-15 10:01:14.1740|20103|DEBUG|Microsoft.EntityFrameworkCore.Database.Command|Creating DbCommand for 'ExecuteReader'. 
2023-10-15 10:01:14.1740|20005|DEBUG|Microsoft.EntityFrameworkCore.Database.Connection|Creating DbConnection. 
2023-10-15 10:01:14.2276|20006|DEBUG|Microsoft.EntityFrameworkCore.Database.Connection|Created DbConnection. (49ms). 
2023-10-15 10:01:14.2276|20104|DEBUG|Microsoft.EntityFrameworkCore.Database.Command|Created DbCommand for 'ExecuteReader' (57ms). 
2023-10-15 10:01:14.2377|20106|DEBUG|Microsoft.EntityFrameworkCore.Database.Command|Initialized DbCommand for 'ExecuteReader' (64ms). 
2023-10-15 10:01:14.2377|20000|DEBUG|Microsoft.EntityFrameworkCore.Database.Connection|Opening connection to database 'ScriptShoesDb' on server ''. 
2023-10-15 10:01:14.4720|20001|DEBUG|Microsoft.EntityFrameworkCore.Database.Connection|Opened connection to database 'ScriptShoesDb' on server 'tcp://localhost:5432'. 
2023-10-15 10:01:14.4862|20100|DEBUG|Microsoft.EntityFrameworkCore.Database.Command|Executing DbCommand [Parameters=[@__email_0='?'], CommandType='Text', CommandTimeout='30']
SELECT u."Id", u."AvailableFounds", u."Created", u."Email", u."FirsName", u."HashedPassword", u."IsVerified", u."LastModified", u."LastName", u."ProfilePictureUrl", u."RefreshToken", u."RefreshTokenExpirationTime", u."RoleId", u."Username", r."Id", r."Created", r."LastModified", r."Name"
FROM "Users" AS u
INNER JOIN "Roles" AS r ON u."RoleId" = r."Id"
WHERE u."Email" = @__email_0
LIMIT 1 
2023-10-15 10:01:14.5248|20101|INFO|Microsoft.EntityFrameworkCore.Database.Command|Executed DbCommand (41ms) [Parameters=[@__email_0='?'], CommandType='Text', CommandTimeout='30']
SELECT u."Id", u."AvailableFounds", u."Created", u."Email", u."FirsName", u."HashedPassword", u."IsVerified", u."LastModified", u."LastName", u."ProfilePictureUrl", u."RefreshToken", u."RefreshTokenExpirationTime", u."RoleId", u."Username", r."Id", r."Created", r."LastModified", r."Name"
FROM "Users" AS u
INNER JOIN "Roles" AS r ON u."RoleId" = r."Id"
WHERE u."Email" = @__email_0
LIMIT 1 
2023-10-15 10:01:14.5566|10806|DEBUG|Microsoft.EntityFrameworkCore.ChangeTracking|Context 'AppDbContext' started tracking 'User' entity. Consider using 'DbContextOptionsBuilder.EnableSensitiveDataLogging' to see key values. 
2023-10-15 10:01:14.5973|10805|DEBUG|Microsoft.EntityFrameworkCore.ChangeTracking|The navigation 'User.Role' was detected as changed. Consider using 'DbContextOptionsBuilder.EnableSensitiveDataLogging' to see key values. 
2023-10-15 10:01:14.5973|10806|DEBUG|Microsoft.EntityFrameworkCore.ChangeTracking|Context 'AppDbContext' started tracking 'Role' entity. Consider using 'DbContextOptionsBuilder.EnableSensitiveDataLogging' to see key values. 
2023-10-15 10:01:14.5973|20301|DEBUG|Microsoft.EntityFrameworkCore.Database.Command|Closing data reader to 'ScriptShoesDb' on server 'tcp://localhost:5432'. 
2023-10-15 10:01:14.6177|20300|DEBUG|Microsoft.EntityFrameworkCore.Database.Command|A data reader for 'ScriptShoesDb' on server 'tcp://localhost:5432' is being disposed after spending 86ms reading results. 
2023-10-15 10:01:14.6177|20002|DEBUG|Microsoft.EntityFrameworkCore.Database.Connection|Closing connection to database 'ScriptShoesDb' on server 'tcp://localhost:5432'. 
2023-10-15 10:01:14.6282|20003|DEBUG|Microsoft.EntityFrameworkCore.Database.Connection|Closed connection to database 'ScriptShoesDb' on server '' (4ms). 
2023-10-15 10:01:15.1112|10807|DEBUG|Microsoft.EntityFrameworkCore.ChangeTracking|An entity of type 'User' tracked by 'AppDbContext' changed state from 'Unchanged' to 'Modified'. Consider using 'DbContextOptionsBuilder.EnableSensitiveDataLogging' to see key values. 
2023-10-15 10:01:15.1112|10800|DEBUG|Microsoft.EntityFrameworkCore.ChangeTracking|DetectChanges starting for 'AppDbContext'. 
2023-10-15 10:01:15.1261|10801|DEBUG|Microsoft.EntityFrameworkCore.ChangeTracking|DetectChanges completed for 'AppDbContext'. 
2023-10-15 10:01:15.1261|10004|DEBUG|Microsoft.EntityFrameworkCore.Update|SaveChanges starting for 'AppDbContext'. 
2023-10-15 10:01:15.1261|10800|DEBUG|Microsoft.EntityFrameworkCore.ChangeTracking|DetectChanges starting for 'AppDbContext'. 
2023-10-15 10:01:15.1261|10801|DEBUG|Microsoft.EntityFrameworkCore.ChangeTracking|DetectChanges completed for 'AppDbContext'. 
2023-10-15 10:01:15.1926|20000|DEBUG|Microsoft.EntityFrameworkCore.Database.Connection|Opening connection to database 'ScriptShoesDb' on server ''. 
2023-10-15 10:01:15.1926|20001|DEBUG|Microsoft.EntityFrameworkCore.Database.Connection|Opened connection to database 'ScriptShoesDb' on server 'tcp://localhost:5432'. 
2023-10-15 10:01:15.1926|20103|DEBUG|Microsoft.EntityFrameworkCore.Database.Command|Creating DbCommand for 'ExecuteReader'. 
2023-10-15 10:01:15.1926|20104|DEBUG|Microsoft.EntityFrameworkCore.Database.Command|Created DbCommand for 'ExecuteReader' (0ms). 
2023-10-15 10:01:15.1926|20106|DEBUG|Microsoft.EntityFrameworkCore.Database.Command|Initialized DbCommand for 'ExecuteReader' (0ms). 
2023-10-15 10:01:15.1926|20100|DEBUG|Microsoft.EntityFrameworkCore.Database.Command|Executing DbCommand [Parameters=[@p13='?' (DbType = Int32), @p0='?' (DbType = Single), @p1='?' (DbType = DateTime), @p2='?', @p3='?', @p4='?', @p5='?' (DbType = Boolean), @p6='?' (DbType = DateTime), @p7='?', @p8='?', @p9='?', @p10='?' (DbType = DateTime), @p11='?' (DbType = Int32), @p12='?'], CommandType='Text', CommandTimeout='30']
UPDATE "Users" SET "AvailableFounds" = @p0, "Created" = @p1, "Email" = @p2, "FirsName" = @p3, "HashedPassword" = @p4, "IsVerified" = @p5, "LastModified" = @p6, "LastName" = @p7, "ProfilePictureUrl" = @p8, "RefreshToken" = @p9, "RefreshTokenExpirationTime" = @p10, "RoleId" = @p11, "Username" = @p12
WHERE "Id" = @p13; 
2023-10-15 10:01:15.2099|20101|INFO|Microsoft.EntityFrameworkCore.Database.Command|Executed DbCommand (15ms) [Parameters=[@p13='?' (DbType = Int32), @p0='?' (DbType = Single), @p1='?' (DbType = DateTime), @p2='?', @p3='?', @p4='?', @p5='?' (DbType = Boolean), @p6='?' (DbType = DateTime), @p7='?', @p8='?', @p9='?', @p10='?' (DbType = DateTime), @p11='?' (DbType = Int32), @p12='?'], CommandType='Text', CommandTimeout='30']
UPDATE "Users" SET "AvailableFounds" = @p0, "Created" = @p1, "Email" = @p2, "FirsName" = @p3, "HashedPassword" = @p4, "IsVerified" = @p5, "LastModified" = @p6, "LastName" = @p7, "ProfilePictureUrl" = @p8, "RefreshToken" = @p9, "RefreshTokenExpirationTime" = @p10, "RoleId" = @p11, "Username" = @p12
WHERE "Id" = @p13; 
2023-10-15 10:01:15.2099|20301|DEBUG|Microsoft.EntityFrameworkCore.Database.Command|Closing data reader to 'ScriptShoesDb' on server 'tcp://localhost:5432'. 
2023-10-15 10:01:15.2099|20300|DEBUG|Microsoft.EntityFrameworkCore.Database.Command|A data reader for 'ScriptShoesDb' on server 'tcp://localhost:5432' is being disposed after spending 2ms reading results. 
2023-10-15 10:01:15.2099|20002|DEBUG|Microsoft.EntityFrameworkCore.Database.Connection|Closing connection to database 'ScriptShoesDb' on server 'tcp://localhost:5432'. 
2023-10-15 10:01:15.2099|20003|DEBUG|Microsoft.EntityFrameworkCore.Database.Connection|Closed connection to database 'ScriptShoesDb' on server '' (0ms). 
2023-10-15 10:01:15.2099|10807|DEBUG|Microsoft.EntityFrameworkCore.ChangeTracking|An entity of type 'User' tracked by 'AppDbContext' changed state from 'Modified' to 'Unchanged'. Consider using 'DbContextOptionsBuilder.EnableSensitiveDataLogging' to see key values. 
2023-10-15 10:01:15.2099|10005|DEBUG|Microsoft.EntityFrameworkCore.Update|SaveChanges completed for 'AppDbContext' with 1 entities written to the database. 
2023-10-15 10:01:15.2229|103|INFO|Microsoft.AspNetCore.Mvc.Infrastructure.ControllerActionInvoker|Executed action method ScriptShoes.API.Controllers.UserController.Login (ScriptShoes.API), returned result Microsoft.AspNetCore.Mvc.OkObjectResult in 2664.7971ms. 
2023-10-15 10:01:15.2229|52|TRACE|Microsoft.AspNetCore.Mvc.Infrastructure.ControllerActionInvoker|Action Filter: Before executing OnActionExecuted on filter Microsoft.AspNetCore.Mvc.Infrastructure.ModelStateInvalidFilter. 
2023-10-15 10:01:15.2229|53|TRACE|Microsoft.AspNetCore.Mvc.Infrastructure.ControllerActionInvoker|Action Filter: After executing OnActionExecuted on filter Microsoft.AspNetCore.Mvc.Infrastructure.ModelStateInvalidFilter. 
2023-10-15 10:01:15.2229|52|TRACE|Microsoft.AspNetCore.Mvc.Infrastructure.ControllerActionInvoker|Action Filter: Before executing OnActionExecuted on filter Microsoft.AspNetCore.Mvc.ModelBinding.UnsupportedContentTypeFilter. 
2023-10-15 10:01:15.2229|53|TRACE|Microsoft.AspNetCore.Mvc.Infrastructure.ControllerActionInvoker|Action Filter: After executing OnActionExecuted on filter Microsoft.AspNetCore.Mvc.ModelBinding.UnsupportedContentTypeFilter. 
2023-10-15 10:01:15.2229|52|TRACE|Microsoft.AspNetCore.Mvc.Infrastructure.ControllerActionInvoker|Result Filter: Before executing OnResultExecuting on filter Microsoft.AspNetCore.Mvc.Infrastructure.ClientErrorResultFilter. 
2023-10-15 10:01:15.2229|53|TRACE|Microsoft.AspNetCore.Mvc.Infrastructure.ControllerActionInvoker|Result Filter: After executing OnResultExecuting on filter Microsoft.AspNetCore.Mvc.Infrastructure.ClientErrorResultFilter. 
2023-10-15 10:01:15.2229|5|TRACE|Microsoft.AspNetCore.Mvc.Infrastructure.ControllerActionInvoker|Before executing action result Microsoft.AspNetCore.Mvc.OkObjectResult. 
2023-10-15 10:01:15.2229|11|DEBUG|Microsoft.AspNetCore.Mvc.Infrastructure.DefaultOutputFormatterSelector|List of registered output formatters, in the following order: Microsoft.AspNetCore.Mvc.Formatters.HttpNoContentOutputFormatter, Microsoft.AspNetCore.Mvc.Formatters.StringOutputFormatter, Microsoft.AspNetCore.Mvc.Formatters.StreamOutputFormatter, Microsoft.AspNetCore.Mvc.Formatters.SystemTextJsonOutputFormatter 
2023-10-15 10:01:15.2229|6|DEBUG|Microsoft.AspNetCore.Mvc.Infrastructure.DefaultOutputFormatterSelector|Attempting to select an output formatter based on Accept header 'text/plain'. 
2023-10-15 10:01:15.2229|5|DEBUG|Microsoft.AspNetCore.Mvc.Infrastructure.DefaultOutputFormatterSelector|Could not find an output formatter based on content negotiation. Accepted types were (text/plain) 
2023-10-15 10:01:15.2229|8|DEBUG|Microsoft.AspNetCore.Mvc.Infrastructure.DefaultOutputFormatterSelector|Attempting to select an output formatter without using a content type as no explicit content types were specified for the response. 
2023-10-15 10:01:15.2229|10|DEBUG|Microsoft.AspNetCore.Mvc.Infrastructure.DefaultOutputFormatterSelector|Attempting to select the first formatter in the output formatters list which can write the result. 
2023-10-15 10:01:15.2229|2|DEBUG|Microsoft.AspNetCore.Mvc.Infrastructure.DefaultOutputFormatterSelector|Selected output formatter 'Microsoft.AspNetCore.Mvc.Formatters.SystemTextJsonOutputFormatter' and content type 'application/json' to write the response. 
2023-10-15 10:01:15.2229|1|INFO|Microsoft.AspNetCore.Mvc.Infrastructure.ObjectResultExecutor|Executing OkObjectResult, writing value of type 'ScriptShoes.Application.Models.User.LoginResponseDto'. 
2023-10-15 10:01:15.2472|11|DEBUG|Microsoft.AspNetCore.ResponseCaching.ResponseCachingMiddleware|Response is not cacheable because it does not contain the 'public' cache directive. 
2023-10-15 10:01:15.2472|6|TRACE|Microsoft.AspNetCore.Mvc.Infrastructure.ControllerActionInvoker|After executing action result Microsoft.AspNetCore.Mvc.OkObjectResult. 
2023-10-15 10:01:15.2472|52|TRACE|Microsoft.AspNetCore.Mvc.Infrastructure.ControllerActionInvoker|Result Filter: Before executing OnResultExecuted on filter Microsoft.AspNetCore.Mvc.Infrastructure.ClientErrorResultFilter. 
2023-10-15 10:01:15.2472|53|TRACE|Microsoft.AspNetCore.Mvc.Infrastructure.ControllerActionInvoker|Result Filter: After executing OnResultExecuted on filter Microsoft.AspNetCore.Mvc.Infrastructure.ClientErrorResultFilter. 
2023-10-15 10:01:15.2514|105|INFO|Microsoft.AspNetCore.Mvc.Infrastructure.ControllerActionInvoker|Executed action ScriptShoes.API.Controllers.UserController.Login (ScriptShoes.API) in 2717.9531ms 
2023-10-15 10:01:15.2514|1|INFO|Microsoft.AspNetCore.Routing.EndpointMiddleware|Executed endpoint 'ScriptShoes.API.Controllers.UserController.Login (ScriptShoes.API)' 
2023-10-15 10:01:15.2514|27|INFO|Microsoft.AspNetCore.ResponseCaching.ResponseCachingMiddleware|The response could not be cached for this request. 
2023-10-15 10:01:15.2514|9|DEBUG|Microsoft.AspNetCore.Server.Kestrel.Connections|Connection id "0HMUDAJDU5AG7" completed keep alive response. 
2023-10-15 10:01:15.2514|10407|DEBUG|Microsoft.EntityFrameworkCore.Infrastructure|'AppDbContext' disposed. 
2023-10-15 10:01:15.2514|20007|DEBUG|Microsoft.EntityFrameworkCore.Database.Connection|Disposing connection to database 'ScriptShoesDb' on server ''. 
2023-10-15 10:01:15.2514|20008|DEBUG|Microsoft.EntityFrameworkCore.Database.Connection|Disposed connection to database 'ScriptShoesDb' on server '' (1ms). 
2023-10-15 10:01:15.2514|2|INFO|Microsoft.AspNetCore.Hosting.Diagnostics|Request finished HTTP/1.1 GET http://localhost:5013/api/user/login?email=kuba%40gmail.com&password=Kuba123%21 - - - 200 - application/json;+charset=utf-8 3268.4094ms 
2023-10-15 10:02:25.6378|6|DEBUG|Microsoft.AspNetCore.Server.Kestrel.Transport.Sockets|Connection id "0HMUDAJDU5AG8" received FIN. 
2023-10-15 10:02:25.6378|7|DEBUG|Microsoft.AspNetCore.Server.Kestrel.Transport.Sockets|Connection id "0HMUDAJDU5AG8" sending FIN because: "The Socket transport's send loop completed gracefully." 
2023-10-15 10:02:25.6378|10|DEBUG|Microsoft.AspNetCore.Server.Kestrel.Connections|Connection id "0HMUDAJDU5AG8" disconnecting. 
2023-10-15 10:02:25.6378|2|DEBUG|Microsoft.AspNetCore.Server.Kestrel.Connections|Connection id "0HMUDAJDU5AG8" stopped. 
2023-10-15 10:03:25.5417|1|INFO|Microsoft.AspNetCore.Hosting.Diagnostics|Request starting HTTP/1.1 POST http://localhost:5013/api/user/updateProfilePicture application/json 8 
2023-10-15 10:03:25.5417|2|TRACE|Microsoft.AspNetCore.HostFiltering.HostFilteringMiddleware|All hosts are allowed. 
2023-10-15 10:03:25.5417|1001|DEBUG|Microsoft.AspNetCore.Routing.Matching.DfaMatcher|1 candidate(s) found for the request path '/api/user/updateProfilePicture' 
2023-10-15 10:03:25.5417|1005|DEBUG|Microsoft.AspNetCore.Routing.Matching.DfaMatcher|Endpoint 'ScriptShoes.API.Controllers.UserController.UpdateProfilePicture (ScriptShoes.API)' with route pattern 'api/user/updateProfilePicture' is valid for the request path '/api/user/updateProfilePicture' 
2023-10-15 10:03:25.5417|1|DEBUG|Microsoft.AspNetCore.Routing.EndpointRoutingMiddleware|Request matched endpoint 'ScriptShoes.API.Controllers.UserController.UpdateProfilePicture (ScriptShoes.API)' 
2023-10-15 10:03:25.5417|15|DEBUG|Microsoft.AspNetCore.StaticFiles.StaticFileMiddleware|Static files was skipped as the request already matched an endpoint. 
2023-10-15 10:03:25.5417|9|DEBUG|Microsoft.AspNetCore.Authentication.JwtBearer.JwtBearerHandler|AuthenticationScheme: Bearer was not authenticated. 
2023-10-15 10:03:25.5417|2|INFO|Microsoft.AspNetCore.Authorization.DefaultAuthorizationService|Authorization failed. These requirements were not met:
ClaimsAuthorizationRequirement:Claim.Type=Role and Claim.Value is one of the following values: (Admin) 
2023-10-15 10:03:25.5529|12|INFO|Microsoft.AspNetCore.Authentication.JwtBearer.JwtBearerHandler|AuthenticationScheme: Bearer was challenged. 
2023-10-15 10:03:25.5529|9|DEBUG|Microsoft.AspNetCore.Server.Kestrel.Connections|Connection id "0HMUDAJDU5AG7" completed keep alive response. 
2023-10-15 10:03:25.5529|2|INFO|Microsoft.AspNetCore.Hosting.Diagnostics|Request finished HTTP/1.1 POST http://localhost:5013/api/user/updateProfilePicture application/json 8 - 401 0 - 11.3544ms 
2023-10-15 10:03:25.5529|25|DEBUG|Microsoft.AspNetCore.Server.Kestrel|Connection id "0HMUDAJDU5AG7", Request id "0HMUDAJDU5AG7:00000004": started reading request body. 
2023-10-15 10:03:25.5529|26|DEBUG|Microsoft.AspNetCore.Server.Kestrel|Connection id "0HMUDAJDU5AG7", Request id "0HMUDAJDU5AG7:00000004": done reading request body. 
2023-10-15 10:03:53.2948|39|DEBUG|Microsoft.AspNetCore.Server.Kestrel.Connections|Connection id "0HMUDAJDU5AG9" accepted. 
2023-10-15 10:03:53.2948|1|DEBUG|Microsoft.AspNetCore.Server.Kestrel.Connections|Connection id "0HMUDAJDU5AG9" started. 
2023-10-15 10:03:53.2948|39|DEBUG|Microsoft.AspNetCore.Server.Kestrel.Connections|Connection id "0HMUDAJDU5AGA" accepted. 
2023-10-15 10:03:53.2948|6|DEBUG|Microsoft.AspNetCore.Server.Kestrel.Transport.Sockets|Connection id "0HMUDAJDU5AG9" received FIN. 
2023-10-15 10:03:53.2948|1|DEBUG|Microsoft.AspNetCore.Server.Kestrel.Connections|Connection id "0HMUDAJDU5AGA" started. 
2023-10-15 10:03:53.2948|7|DEBUG|Microsoft.AspNetCore.Server.Kestrel.Transport.Sockets|Connection id "0HMUDAJDU5AG9" sending FIN because: "The Socket transport's send loop completed gracefully." 
2023-10-15 10:03:53.2948|10|DEBUG|Microsoft.AspNetCore.Server.Kestrel.Connections|Connection id "0HMUDAJDU5AG9" disconnecting. 
2023-10-15 10:03:53.2948|2|DEBUG|Microsoft.AspNetCore.Server.Kestrel.Connections|Connection id "0HMUDAJDU5AG9" stopped. 
2023-10-15 10:03:53.2948|1|INFO|Microsoft.AspNetCore.Hosting.Diagnostics|Request starting HTTP/1.1 GET http://localhost:5013/api/user/updateProfilePicture application/json 6 
2023-10-15 10:03:53.2948|2|TRACE|Microsoft.AspNetCore.HostFiltering.HostFilteringMiddleware|All hosts are allowed. 
2023-10-15 10:03:53.2948|1001|DEBUG|Microsoft.AspNetCore.Routing.Matching.DfaMatcher|1 candidate(s) found for the request path '/api/user/updateProfilePicture' 
2023-10-15 10:03:53.2948|1|DEBUG|Microsoft.AspNetCore.Routing.EndpointRoutingMiddleware|Request matched endpoint '405 HTTP Method Not Supported' 
2023-10-15 10:03:53.2948|15|DEBUG|Microsoft.AspNetCore.StaticFiles.StaticFileMiddleware|Static files was skipped as the request already matched an endpoint. 
2023-10-15 10:03:53.3460|2|DEBUG|Microsoft.AspNetCore.Authentication.JwtBearer.JwtBearerHandler|Successfully validated the token. 
2023-10-15 10:03:53.3460|8|DEBUG|Microsoft.AspNetCore.Authentication.JwtBearer.JwtBearerHandler|AuthenticationScheme: Bearer was successfully authenticated. 
2023-10-15 10:03:53.3460|2|DEBUG|Microsoft.AspNetCore.ResponseCaching.ResponseCachingMiddleware|The request cannot be served from cache because it contains an 'Authorization' header. 
2023-10-15 10:03:53.3460|0|INFO|Microsoft.AspNetCore.Routing.EndpointMiddleware|Executing endpoint '405 HTTP Method Not Supported' 
2023-10-15 10:03:53.3460|1|INFO|Microsoft.AspNetCore.Routing.EndpointMiddleware|Executed endpoint '405 HTTP Method Not Supported' 
2023-10-15 10:03:53.3460|9|DEBUG|Microsoft.AspNetCore.Server.Kestrel.Connections|Connection id "0HMUDAJDU5AGA" completed keep alive response. 
2023-10-15 10:03:53.3460|2|INFO|Microsoft.AspNetCore.Hosting.Diagnostics|Request finished HTTP/1.1 GET http://localhost:5013/api/user/updateProfilePicture application/json 6 - 405 0 - 53.1699ms 
2023-10-15 10:03:53.3460|25|DEBUG|Microsoft.AspNetCore.Server.Kestrel|Connection id "0HMUDAJDU5AGA", Request id "0HMUDAJDU5AGA:00000001": started reading request body. 
2023-10-15 10:03:53.3460|26|DEBUG|Microsoft.AspNetCore.Server.Kestrel|Connection id "0HMUDAJDU5AGA", Request id "0HMUDAJDU5AGA:00000001": done reading request body. 
2023-10-15 10:03:57.0320|1|INFO|Microsoft.AspNetCore.Hosting.Diagnostics|Request starting HTTP/1.1 POST http://localhost:5013/api/user/updateProfilePicture application/json 6 
2023-10-15 10:03:57.0320|2|TRACE|Microsoft.AspNetCore.HostFiltering.HostFilteringMiddleware|All hosts are allowed. 
2023-10-15 10:03:57.0320|1001|DEBUG|Microsoft.AspNetCore.Routing.Matching.DfaMatcher|1 candidate(s) found for the request path '/api/user/updateProfilePicture' 
2023-10-15 10:03:57.0320|1005|DEBUG|Microsoft.AspNetCore.Routing.Matching.DfaMatcher|Endpoint 'ScriptShoes.API.Controllers.UserController.UpdateProfilePicture (ScriptShoes.API)' with route pattern 'api/user/updateProfilePicture' is valid for the request path '/api/user/updateProfilePicture' 
2023-10-15 10:03:57.0320|1|DEBUG|Microsoft.AspNetCore.Routing.EndpointRoutingMiddleware|Request matched endpoint 'ScriptShoes.API.Controllers.UserController.UpdateProfilePicture (ScriptShoes.API)' 
2023-10-15 10:03:57.0320|15|DEBUG|Microsoft.AspNetCore.StaticFiles.StaticFileMiddleware|Static files was skipped as the request already matched an endpoint. 
2023-10-15 10:03:57.0330|2|DEBUG|Microsoft.AspNetCore.Authentication.JwtBearer.JwtBearerHandler|Successfully validated the token. 
2023-10-15 10:03:57.0330|8|DEBUG|Microsoft.AspNetCore.Authentication.JwtBearer.JwtBearerHandler|AuthenticationScheme: Bearer was successfully authenticated. 
2023-10-15 10:03:57.0330|2|INFO|Microsoft.AspNetCore.Authorization.DefaultAuthorizationService|Authorization failed. These requirements were not met:
ClaimsAuthorizationRequirement:Claim.Type=Role and Claim.Value is one of the following values: (Admin) 
2023-10-15 10:03:57.0330|13|INFO|Microsoft.AspNetCore.Authentication.JwtBearer.JwtBearerHandler|AuthenticationScheme: Bearer was forbidden. 
2023-10-15 10:03:57.0330|9|DEBUG|Microsoft.AspNetCore.Server.Kestrel.Connections|Connection id "0HMUDAJDU5AGA" completed keep alive response. 
2023-10-15 10:03:57.0330|2|INFO|Microsoft.AspNetCore.Hosting.Diagnostics|Request finished HTTP/1.1 POST http://localhost:5013/api/user/updateProfilePicture application/json 6 - 403 0 - 3.7934ms 
2023-10-15 10:03:57.0330|25|DEBUG|Microsoft.AspNetCore.Server.Kestrel|Connection id "0HMUDAJDU5AGA", Request id "0HMUDAJDU5AGA:00000002": started reading request body. 
2023-10-15 10:03:57.0330|26|DEBUG|Microsoft.AspNetCore.Server.Kestrel|Connection id "0HMUDAJDU5AGA", Request id "0HMUDAJDU5AGA:00000002": done reading request body. 
2023-10-15 10:04:13.1294|1|INFO|Microsoft.AspNetCore.Hosting.Diagnostics|Request starting HTTP/1.1 POST http://localhost:5013/api/user/updateProfilePicture application/json 6 
2023-10-15 10:04:13.1294|2|TRACE|Microsoft.AspNetCore.HostFiltering.HostFilteringMiddleware|All hosts are allowed. 
2023-10-15 10:04:13.1294|1001|DEBUG|Microsoft.AspNetCore.Routing.Matching.DfaMatcher|1 candidate(s) found for the request path '/api/user/updateProfilePicture' 
2023-10-15 10:04:13.1294|1005|DEBUG|Microsoft.AspNetCore.Routing.Matching.DfaMatcher|Endpoint 'ScriptShoes.API.Controllers.UserController.UpdateProfilePicture (ScriptShoes.API)' with route pattern 'api/user/updateProfilePicture' is valid for the request path '/api/user/updateProfilePicture' 
2023-10-15 10:04:13.1294|1|DEBUG|Microsoft.AspNetCore.Routing.EndpointRoutingMiddleware|Request matched endpoint 'ScriptShoes.API.Controllers.UserController.UpdateProfilePicture (ScriptShoes.API)' 
2023-10-15 10:04:13.1294|15|DEBUG|Microsoft.AspNetCore.StaticFiles.StaticFileMiddleware|Static files was skipped as the request already matched an endpoint. 
2023-10-15 10:04:13.1294|2|DEBUG|Microsoft.AspNetCore.Authentication.JwtBearer.JwtBearerHandler|Successfully validated the token. 
2023-10-15 10:04:13.1294|8|DEBUG|Microsoft.AspNetCore.Authentication.JwtBearer.JwtBearerHandler|AuthenticationScheme: Bearer was successfully authenticated. 
2023-10-15 10:04:13.1294|2|INFO|Microsoft.AspNetCore.Authorization.DefaultAuthorizationService|Authorization failed. These requirements were not met:
ClaimsAuthorizationRequirement:Claim.Type=Role and Claim.Value is one of the following values: (Admin) 
2023-10-15 10:04:13.1294|13|INFO|Microsoft.AspNetCore.Authentication.JwtBearer.JwtBearerHandler|AuthenticationScheme: Bearer was forbidden. 
2023-10-15 10:04:13.1294|9|DEBUG|Microsoft.AspNetCore.Server.Kestrel.Connections|Connection id "0HMUDAJDU5AGA" completed keep alive response. 
2023-10-15 10:04:13.1294|2|INFO|Microsoft.AspNetCore.Hosting.Diagnostics|Request finished HTTP/1.1 POST http://localhost:5013/api/user/updateProfilePicture application/json 6 - 403 0 - 10.9107ms 
2023-10-15 10:04:13.1294|25|DEBUG|Microsoft.AspNetCore.Server.Kestrel|Connection id "0HMUDAJDU5AGA", Request id "0HMUDAJDU5AGA:00000003": started reading request body. 
2023-10-15 10:04:13.1294|26|DEBUG|Microsoft.AspNetCore.Server.Kestrel|Connection id "0HMUDAJDU5AGA", Request id "0HMUDAJDU5AGA:00000003": done reading request body. 
2023-10-15 10:04:45.2735|1|INFO|Microsoft.AspNetCore.Hosting.Diagnostics|Request starting HTTP/1.1 POST http://localhost:5013/api/user/updateProfilePicture application/json 25 
2023-10-15 10:04:45.2735|2|TRACE|Microsoft.AspNetCore.HostFiltering.HostFilteringMiddleware|All hosts are allowed. 
2023-10-15 10:04:45.2735|1001|DEBUG|Microsoft.AspNetCore.Routing.Matching.DfaMatcher|1 candidate(s) found for the request path '/api/user/updateProfilePicture' 
2023-10-15 10:04:45.2735|1005|DEBUG|Microsoft.AspNetCore.Routing.Matching.DfaMatcher|Endpoint 'ScriptShoes.API.Controllers.UserController.UpdateProfilePicture (ScriptShoes.API)' with route pattern 'api/user/updateProfilePicture' is valid for the request path '/api/user/updateProfilePicture' 
2023-10-15 10:04:45.2735|1|DEBUG|Microsoft.AspNetCore.Routing.EndpointRoutingMiddleware|Request matched endpoint 'ScriptShoes.API.Controllers.UserController.UpdateProfilePicture (ScriptShoes.API)' 
2023-10-15 10:04:45.2735|15|DEBUG|Microsoft.AspNetCore.StaticFiles.StaticFileMiddleware|Static files was skipped as the request already matched an endpoint. 
2023-10-15 10:04:45.2735|2|DEBUG|Microsoft.AspNetCore.Authentication.JwtBearer.JwtBearerHandler|Successfully validated the token. 
2023-10-15 10:04:45.2735|8|DEBUG|Microsoft.AspNetCore.Authentication.JwtBearer.JwtBearerHandler|AuthenticationScheme: Bearer was successfully authenticated. 
2023-10-15 10:04:45.2735|2|INFO|Microsoft.AspNetCore.Authorization.DefaultAuthorizationService|Authorization failed. These requirements were not met:
ClaimsAuthorizationRequirement:Claim.Type=Role and Claim.Value is one of the following values: (Admin) 
2023-10-15 10:04:45.2735|13|INFO|Microsoft.AspNetCore.Authentication.JwtBearer.JwtBearerHandler|AuthenticationScheme: Bearer was forbidden. 
2023-10-15 10:04:45.2735|9|DEBUG|Microsoft.AspNetCore.Server.Kestrel.Connections|Connection id "0HMUDAJDU5AGA" completed keep alive response. 
2023-10-15 10:04:45.2735|2|INFO|Microsoft.AspNetCore.Hosting.Diagnostics|Request finished HTTP/1.1 POST http://localhost:5013/api/user/updateProfilePicture application/json 25 - 403 0 - 0.8462ms 
2023-10-15 10:04:45.2735|25|DEBUG|Microsoft.AspNetCore.Server.Kestrel|Connection id "0HMUDAJDU5AGA", Request id "0HMUDAJDU5AGA:00000004": started reading request body. 
2023-10-15 10:04:45.2735|26|DEBUG|Microsoft.AspNetCore.Server.Kestrel|Connection id "0HMUDAJDU5AGA", Request id "0HMUDAJDU5AGA:00000004": done reading request body. 
2023-10-15 10:04:54.9809|0|INFO|Microsoft.Hosting.Lifetime|Application is shutting down... 
2023-10-15 10:04:54.9809|3|DEBUG|Microsoft.Extensions.Hosting.Internal.Host|Hosting stopping 
2023-10-15 10:04:54.9809|10|DEBUG|Microsoft.AspNetCore.Server.Kestrel.Connections|Connection id "0HMUDAJDU5AG7" disconnecting. 
2023-10-15 10:04:54.9809|10|DEBUG|Microsoft.AspNetCore.Server.Kestrel.Connections|Connection id "0HMUDAJDU5AGA" disconnecting. 
2023-10-15 10:04:54.9809|2|DEBUG|Microsoft.AspNetCore.Server.Kestrel.Connections|Connection id "0HMUDAJDU5AG7" stopped. 
2023-10-15 10:04:54.9809|2|DEBUG|Microsoft.AspNetCore.Server.Kestrel.Connections|Connection id "0HMUDAJDU5AGA" stopped. 
2023-10-15 10:04:54.9809|7|DEBUG|Microsoft.AspNetCore.Server.Kestrel.Transport.Sockets|Connection id "0HMUDAJDU5AG7" sending FIN because: "The Socket transport's send loop completed gracefully." 
2023-10-15 10:04:54.9861|7|DEBUG|Microsoft.AspNetCore.Server.Kestrel.Transport.Sockets|Connection id "0HMUDAJDU5AGA" sending FIN because: "The Socket transport's send loop completed gracefully." 
2023-10-15 10:04:54.9861|4|DEBUG|Microsoft.Extensions.Hosting.Internal.Host|Hosting stopped 
2023-10-15 10:05:10.1735|0|DEBUG|Program|init main 
2023-10-15 10:05:10.3156|12|DEBUG|Microsoft.AspNetCore.Mvc.ModelBinding.ModelBinderFactory|Registered model binder providers, in the following order: Microsoft.AspNetCore.Mvc.ModelBinding.Binders.BinderTypeModelBinderProvider, Microsoft.AspNetCore.Mvc.ModelBinding.Binders.ServicesModelBinderProvider, Microsoft.AspNetCore.Mvc.ModelBinding.Binders.BodyModelBinderProvider, Microsoft.AspNetCore.Mvc.ModelBinding.Binders.HeaderModelBinderProvider, Microsoft.AspNetCore.Mvc.ModelBinding.Binders.FloatingPointTypeModelBinderProvider, Microsoft.AspNetCore.Mvc.ModelBinding.Binders.EnumTypeModelBinderProvider, Microsoft.AspNetCore.Mvc.ModelBinding.Binders.DateTimeModelBinderProvider, Microsoft.AspNetCore.Mvc.ModelBinding.Binders.SimpleTypeModelBinderProvider, Microsoft.AspNetCore.Mvc.ModelBinding.Binders.TryParseModelBinderProvider, Microsoft.AspNetCore.Mvc.ModelBinding.Binders.CancellationTokenModelBinderProvider, Microsoft.AspNetCore.Mvc.ModelBinding.Binders.ByteArrayModelBinderProvider, Microsoft.AspNetCore.Mvc.ModelBinding.Binders.FormFileModelBinderProvider, Microsoft.AspNetCore.Mvc.ModelBinding.Binders.FormCollectionModelBinderProvider, Microsoft.AspNetCore.Mvc.ModelBinding.Binders.KeyValuePairModelBinderProvider, Microsoft.AspNetCore.Mvc.ModelBinding.Binders.DictionaryModelBinderProvider, Microsoft.AspNetCore.Mvc.ModelBinding.Binders.ArrayModelBinderProvider, Microsoft.AspNetCore.Mvc.ModelBinding.Binders.CollectionModelBinderProvider, Microsoft.AspNetCore.Mvc.ModelBinding.Binders.ComplexObjectModelBinderProvider 
2023-10-15 10:05:10.3492|1|DEBUG|Microsoft.Extensions.Hosting.Internal.Host|Hosting starting 
2023-10-15 10:05:10.3492|63|INFO|Microsoft.AspNetCore.DataProtection.KeyManagement.XmlKeyManager|User profile is available. Using 'C:\Users\ADMIN\AppData\Local\ASP.NET\DataProtection-Keys' as key repository and Windows DPAPI to encrypt keys at rest. 
2023-10-15 10:05:10.3611|37|DEBUG|Microsoft.AspNetCore.DataProtection.Repositories.FileSystemXmlRepository|Reading data from file 'C:\Users\ADMIN\AppData\Local\ASP.NET\DataProtection-Keys\key-fa06f452-293b-47bb-911f-d5ac0d2ec068.xml'. 
2023-10-15 10:05:10.3611|18|DEBUG|Microsoft.AspNetCore.DataProtection.KeyManagement.XmlKeyManager|Found key {fa06f452-293b-47bb-911f-d5ac0d2ec068}. 
2023-10-15 10:05:10.3611|13|DEBUG|Microsoft.AspNetCore.DataProtection.KeyManagement.DefaultKeyResolver|Considering key {fa06f452-293b-47bb-911f-d5ac0d2ec068} with expiration date 2023-12-25 14:50:04Z as default key. 
2023-10-15 10:05:10.3611|0|DEBUG|Microsoft.AspNetCore.DataProtection.TypeForwardingActivator|Forwarded activator type request from Microsoft.AspNetCore.DataProtection.XmlEncryption.DpapiXmlDecryptor, Microsoft.AspNetCore.DataProtection, Version=7.0.0.0, Culture=neutral, PublicKeyToken=adb9793829ddae60 to Microsoft.AspNetCore.DataProtection.XmlEncryption.DpapiXmlDecryptor, Microsoft.AspNetCore.DataProtection, Culture=neutral, PublicKeyToken=adb9793829ddae60 
2023-10-15 10:05:10.3611|51|DEBUG|Microsoft.AspNetCore.DataProtection.XmlEncryption.DpapiXmlDecryptor|Decrypting secret element using Windows DPAPI. 
2023-10-15 10:05:10.3611|0|DEBUG|Microsoft.AspNetCore.DataProtection.TypeForwardingActivator|Forwarded activator type request from Microsoft.AspNetCore.DataProtection.AuthenticatedEncryption.ConfigurationModel.AuthenticatedEncryptorDescriptorDeserializer, Microsoft.AspNetCore.DataProtection, Version=7.0.0.0, Culture=neutral, PublicKeyToken=adb9793829ddae60 to Microsoft.AspNetCore.DataProtection.AuthenticatedEncryption.ConfigurationModel.AuthenticatedEncryptorDescriptorDeserializer, Microsoft.AspNetCore.DataProtection, Culture=neutral, PublicKeyToken=adb9793829ddae60 
2023-10-15 10:05:10.3611|4|DEBUG|Microsoft.AspNetCore.DataProtection.AuthenticatedEncryption.CngCbcAuthenticatedEncryptorFactory|Opening CNG algorithm 'AES' from provider '(null)' with chaining mode CBC. 
2023-10-15 10:05:10.3764|3|DEBUG|Microsoft.AspNetCore.DataProtection.AuthenticatedEncryption.CngCbcAuthenticatedEncryptorFactory|Opening CNG algorithm 'SHA256' from provider '(null)' with HMAC. 
2023-10-15 10:05:10.3764|2|DEBUG|Microsoft.AspNetCore.DataProtection.KeyManagement.KeyRingProvider|Using key {fa06f452-293b-47bb-911f-d5ac0d2ec068} as the default key. 
2023-10-15 10:05:10.3764|65|DEBUG|Microsoft.AspNetCore.DataProtection.Internal.DataProtectionHostedService|Key ring with default key {fa06f452-293b-47bb-911f-d5ac0d2ec068} was loaded during application startup. 
2023-10-15 10:05:10.4101|14|INFO|Microsoft.Hosting.Lifetime|Now listening on: http://localhost:5013 
2023-10-15 10:05:10.4101|13|DEBUG|Microsoft.AspNetCore.Hosting.Diagnostics|Loaded hosting startup assembly ScriptShoes.API 
2023-10-15 10:05:10.4101|0|INFO|Microsoft.Hosting.Lifetime|Application started. Press Ctrl+C to shut down. 
2023-10-15 10:05:10.4101|0|INFO|Microsoft.Hosting.Lifetime|Hosting environment: Development 
2023-10-15 10:05:10.4101|0|INFO|Microsoft.Hosting.Lifetime|Content root path: D:\rider-projects\ScriptShoes\ScriptShoes.API 
2023-10-15 10:05:10.4101|2|DEBUG|Microsoft.Extensions.Hosting.Internal.Host|Hosting started 
2023-10-15 10:05:10.6398|6|DEBUG|Microsoft.AspNetCore.Server.Kestrel.Transport.Sockets|Connection id "0HMUDALQ16N6B" received FIN. 
2023-10-15 10:05:10.6430|39|DEBUG|Microsoft.AspNetCore.Server.Kestrel.Connections|Connection id "0HMUDALQ16N6B" accepted. 
2023-10-15 10:05:10.6430|1|DEBUG|Microsoft.AspNetCore.Server.Kestrel.Connections|Connection id "0HMUDALQ16N6B" started. 
2023-10-15 10:05:10.6430|7|DEBUG|Microsoft.AspNetCore.Server.Kestrel.Transport.Sockets|Connection id "0HMUDALQ16N6B" sending FIN because: "The Socket transport's send loop completed gracefully." 
2023-10-15 10:05:10.6430|10|DEBUG|Microsoft.AspNetCore.Server.Kestrel.Connections|Connection id "0HMUDALQ16N6B" disconnecting. 
2023-10-15 10:05:10.6430|2|DEBUG|Microsoft.AspNetCore.Server.Kestrel.Connections|Connection id "0HMUDALQ16N6B" stopped. 
2023-10-15 10:05:10.6969|39|DEBUG|Microsoft.AspNetCore.Server.Kestrel.Connections|Connection id "0HMUDALQ16N6C" accepted. 
2023-10-15 10:05:10.6969|1|DEBUG|Microsoft.AspNetCore.Server.Kestrel.Connections|Connection id "0HMUDALQ16N6C" started. 
2023-10-15 10:05:10.6969|39|DEBUG|Microsoft.AspNetCore.Server.Kestrel.Connections|Connection id "0HMUDALQ16N6D" accepted. 
2023-10-15 10:05:10.6969|1|DEBUG|Microsoft.AspNetCore.Server.Kestrel.Connections|Connection id "0HMUDALQ16N6D" started. 
2023-10-15 10:05:10.7247|1|INFO|Microsoft.AspNetCore.Hosting.Diagnostics|Request starting HTTP/1.1 GET http://localhost:5013/swagger/index.html - - 
2023-10-15 10:05:10.7247|0|DEBUG|Microsoft.AspNetCore.HostFiltering.HostFilteringMiddleware|Wildcard detected, all requests with hosts will be allowed. 
2023-10-15 10:05:10.7247|2|TRACE|Microsoft.AspNetCore.HostFiltering.HostFilteringMiddleware|All hosts are allowed. 
2023-10-15 10:05:10.7471|1000|DEBUG|Microsoft.AspNetCore.Routing.Matching.DfaMatcher|No candidates found for the request path '/swagger/index.html' 
2023-10-15 10:05:10.7471|2|DEBUG|Microsoft.AspNetCore.Routing.EndpointRoutingMiddleware|Request did not match any endpoints 
2023-10-15 10:05:10.8377|9|DEBUG|Microsoft.AspNetCore.Server.Kestrel.Connections|Connection id "0HMUDALQ16N6D" completed keep alive response. 
2023-10-15 10:05:10.8377|2|INFO|Microsoft.AspNetCore.Hosting.Diagnostics|Request finished HTTP/1.1 GET http://localhost:5013/swagger/index.html - - - 200 - text/html;charset=utf-8 115.5452ms 
2023-10-15 10:05:11.2044|1|INFO|Microsoft.AspNetCore.Hosting.Diagnostics|Request starting HTTP/1.1 GET http://localhost:5013/swagger/v1/swagger.json - - 
2023-10-15 10:05:11.2044|2|TRACE|Microsoft.AspNetCore.HostFiltering.HostFilteringMiddleware|All hosts are allowed. 
2023-10-15 10:05:11.2044|1000|DEBUG|Microsoft.AspNetCore.Routing.Matching.DfaMatcher|No candidates found for the request path '/swagger/v1/swagger.json' 
2023-10-15 10:05:11.2044|2|DEBUG|Microsoft.AspNetCore.Routing.EndpointRoutingMiddleware|Request did not match any endpoints 
2023-10-15 10:05:11.2906|9|DEBUG|Microsoft.AspNetCore.Server.Kestrel.Connections|Connection id "0HMUDALQ16N6D" completed keep alive response. 
2023-10-15 10:05:11.2906|2|INFO|Microsoft.AspNetCore.Hosting.Diagnostics|Request finished HTTP/1.1 GET http://localhost:5013/swagger/v1/swagger.json - - - 200 - application/json;charset=utf-8 86.3805ms 
2023-10-15 10:05:13.8327|39|DEBUG|Microsoft.AspNetCore.Server.Kestrel.Connections|Connection id "0HMUDALQ16N6E" accepted. 
2023-10-15 10:05:13.8327|1|DEBUG|Microsoft.AspNetCore.Server.Kestrel.Connections|Connection id "0HMUDALQ16N6E" started. 
2023-10-15 10:05:13.8327|39|DEBUG|Microsoft.AspNetCore.Server.Kestrel.Connections|Connection id "0HMUDALQ16N6F" accepted. 
2023-10-15 10:05:13.8327|6|DEBUG|Microsoft.AspNetCore.Server.Kestrel.Transport.Sockets|Connection id "0HMUDALQ16N6E" received FIN. 
2023-10-15 10:05:13.8327|1|DEBUG|Microsoft.AspNetCore.Server.Kestrel.Connections|Connection id "0HMUDALQ16N6F" started. 
2023-10-15 10:05:13.8327|7|DEBUG|Microsoft.AspNetCore.Server.Kestrel.Transport.Sockets|Connection id "0HMUDALQ16N6E" sending FIN because: "The Socket transport's send loop completed gracefully." 
2023-10-15 10:05:13.8327|10|DEBUG|Microsoft.AspNetCore.Server.Kestrel.Connections|Connection id "0HMUDALQ16N6E" disconnecting. 
2023-10-15 10:05:13.8327|1|INFO|Microsoft.AspNetCore.Hosting.Diagnostics|Request starting HTTP/1.1 POST http://localhost:5013/api/user/updateProfilePicture application/json 25 
2023-10-15 10:05:13.8327|2|TRACE|Microsoft.AspNetCore.HostFiltering.HostFilteringMiddleware|All hosts are allowed. 
2023-10-15 10:05:13.8327|2|DEBUG|Microsoft.AspNetCore.Server.Kestrel.Connections|Connection id "0HMUDALQ16N6E" stopped. 
2023-10-15 10:05:13.8327|1001|DEBUG|Microsoft.AspNetCore.Routing.Matching.DfaMatcher|1 candidate(s) found for the request path '/api/user/updateProfilePicture' 
2023-10-15 10:05:13.8327|1005|DEBUG|Microsoft.AspNetCore.Routing.Matching.DfaMatcher|Endpoint 'ScriptShoes.API.Controllers.UserController.UpdateProfilePicture (ScriptShoes.API)' with route pattern 'api/user/updateProfilePicture' is valid for the request path '/api/user/updateProfilePicture' 
2023-10-15 10:05:13.8327|1|DEBUG|Microsoft.AspNetCore.Routing.EndpointRoutingMiddleware|Request matched endpoint 'ScriptShoes.API.Controllers.UserController.UpdateProfilePicture (ScriptShoes.API)' 
2023-10-15 10:05:13.8327|15|DEBUG|Microsoft.AspNetCore.StaticFiles.StaticFileMiddleware|Static files was skipped as the request already matched an endpoint. 
2023-10-15 10:05:13.8327|3|WARN|Microsoft.AspNetCore.HttpsPolicy.HttpsRedirectionMiddleware|Failed to determine the https port for redirect. 
2023-10-15 10:05:13.9574|2|DEBUG|Microsoft.AspNetCore.Authentication.JwtBearer.JwtBearerHandler|Successfully validated the token. 
2023-10-15 10:05:13.9574|8|DEBUG|Microsoft.AspNetCore.Authentication.JwtBearer.JwtBearerHandler|AuthenticationScheme: Bearer was successfully authenticated. 
2023-10-15 10:05:13.9574|1|DEBUG|Microsoft.AspNetCore.Authorization.DefaultAuthorizationService|Authorization was successful. 
2023-10-15 10:05:13.9574|1|DEBUG|Microsoft.AspNetCore.ResponseCaching.ResponseCachingMiddleware|The request cannot be served from cache because it uses the HTTP method: POST. 
2023-10-15 10:05:13.9574|1|DEBUG|Microsoft.AspNetCore.Authorization.DefaultAuthorizationService|Authorization was successful. 
2023-10-15 10:05:13.9574|0|INFO|Microsoft.AspNetCore.Routing.EndpointMiddleware|Executing endpoint 'ScriptShoes.API.Controllers.UserController.UpdateProfilePicture (ScriptShoes.API)' 
2023-10-15 10:05:13.9827|102|INFO|Microsoft.AspNetCore.Mvc.Infrastructure.ControllerActionInvoker|Route matched with {action = "UpdateProfilePicture", controller = "User"}. Executing controller action with signature System.Threading.Tasks.Task`1[Microsoft.AspNetCore.Mvc.ActionResult] UpdateProfilePicture(System.String) on controller ScriptShoes.API.Controllers.UserController (ScriptShoes.API). 
2023-10-15 10:05:13.9827|1|DEBUG|Microsoft.AspNetCore.Mvc.Infrastructure.ControllerActionInvoker|Execution plan of authorization filters (in the following order): None 
2023-10-15 10:05:13.9827|1|DEBUG|Microsoft.AspNetCore.Mvc.Infrastructure.ControllerActionInvoker|Execution plan of resource filters (in the following order): None 
2023-10-15 10:05:13.9827|1|DEBUG|Microsoft.AspNetCore.Mvc.Infrastructure.ControllerActionInvoker|Execution plan of action filters (in the following order): Microsoft.AspNetCore.Mvc.ModelBinding.UnsupportedContentTypeFilter (Order: -3000), Microsoft.AspNetCore.Mvc.Infrastructure.ModelStateInvalidFilter (Order: -2000) 
2023-10-15 10:05:13.9827|1|DEBUG|Microsoft.AspNetCore.Mvc.Infrastructure.ControllerActionInvoker|Execution plan of exception filters (in the following order): None 
2023-10-15 10:05:13.9827|1|DEBUG|Microsoft.AspNetCore.Mvc.Infrastructure.ControllerActionInvoker|Execution plan of result filters (in the following order): Microsoft.AspNetCore.Mvc.Infrastructure.ClientErrorResultFilter (Order: -2000) 
2023-10-15 10:05:13.9827|1|DEBUG|Microsoft.AspNetCore.Mvc.Infrastructure.ControllerActionInvoker|Executing controller factory for controller ScriptShoes.API.Controllers.UserController (ScriptShoes.API) 
2023-10-15 10:05:13.9827|2|DEBUG|Microsoft.AspNetCore.Mvc.Infrastructure.ControllerActionInvoker|Executed controller factory for controller ScriptShoes.API.Controllers.UserController (ScriptShoes.API) 
2023-10-15 10:05:13.9876|22|DEBUG|Microsoft.AspNetCore.Mvc.ModelBinding.ParameterBinder|Attempting to bind parameter 'imageUrl' of type 'System.String' ... 
2023-10-15 10:05:13.9876|44|DEBUG|Microsoft.AspNetCore.Mvc.ModelBinding.Binders.BodyModelBinder|Attempting to bind parameter 'imageUrl' of type 'System.String' using the name '' in request data ... 
2023-10-15 10:05:13.9876|1|DEBUG|Microsoft.AspNetCore.Mvc.ModelBinding.Binders.BodyModelBinder|Selected input formatter 'Microsoft.AspNetCore.Mvc.Formatters.SystemTextJsonInputFormatter' for content type 'application/json'. 
2023-10-15 10:05:13.9876|25|DEBUG|Microsoft.AspNetCore.Server.Kestrel|Connection id "0HMUDALQ16N6F", Request id "0HMUDALQ16N6F:00000001": started reading request body. 
2023-10-15 10:05:13.9876|26|DEBUG|Microsoft.AspNetCore.Server.Kestrel|Connection id "0HMUDALQ16N6F", Request id "0HMUDALQ16N6F:00000001": done reading request body. 
2023-10-15 10:05:14.0159|1|DEBUG|Microsoft.AspNetCore.Mvc.Formatters.SystemTextJsonInputFormatter|JSON input formatter threw an exception: The JSON value could not be converted to System.String. Path: $ | LineNumber: 0 | BytePositionInLine: 1. 
2023-10-15 10:05:14.0159|45|DEBUG|Microsoft.AspNetCore.Mvc.ModelBinding.Binders.BodyModelBinder|Done attempting to bind parameter 'imageUrl' of type 'System.String'. 
2023-10-15 10:05:14.0159|23|DEBUG|Microsoft.AspNetCore.Mvc.ModelBinding.ParameterBinder|Done attempting to bind parameter 'imageUrl' of type 'System.String'. 
2023-10-15 10:05:14.0159|26|DEBUG|Microsoft.AspNetCore.Mvc.ModelBinding.ParameterBinder|Attempting to validate the bound parameter 'imageUrl' of type 'System.String' ... 
2023-10-15 10:05:14.0200|27|DEBUG|Microsoft.AspNetCore.Mvc.ModelBinding.ParameterBinder|Done attempting to validate the bound parameter 'imageUrl' of type 'System.String'. 
2023-10-15 10:05:14.0200|52|TRACE|Microsoft.AspNetCore.Mvc.Infrastructure.ControllerActionInvoker|Action Filter: Before executing OnActionExecuting on filter Microsoft.AspNetCore.Mvc.ModelBinding.UnsupportedContentTypeFilter. 
2023-10-15 10:05:14.0200|53|TRACE|Microsoft.AspNetCore.Mvc.Infrastructure.ControllerActionInvoker|Action Filter: After executing OnActionExecuting on filter Microsoft.AspNetCore.Mvc.ModelBinding.UnsupportedContentTypeFilter. 
2023-10-15 10:05:14.0200|52|TRACE|Microsoft.AspNetCore.Mvc.Infrastructure.ControllerActionInvoker|Action Filter: Before executing OnActionExecuting on filter Microsoft.AspNetCore.Mvc.Infrastructure.ModelStateInvalidFilter. 
2023-10-15 10:05:14.0200|1|DEBUG|Microsoft.AspNetCore.Mvc.Infrastructure.ModelStateInvalidFilter|The request has model state errors, returning an error response. 
2023-10-15 10:05:14.0200|53|TRACE|Microsoft.AspNetCore.Mvc.Infrastructure.ControllerActionInvoker|Action Filter: After executing OnActionExecuting on filter Microsoft.AspNetCore.Mvc.Infrastructure.ModelStateInvalidFilter. 
2023-10-15 10:05:14.0200|63|DEBUG|Microsoft.AspNetCore.Mvc.Infrastructure.ControllerActionInvoker|Request was short circuited at action filter 'Microsoft.AspNetCore.Mvc.Infrastructure.ModelStateInvalidFilter'. 
2023-10-15 10:05:14.0200|52|TRACE|Microsoft.AspNetCore.Mvc.Infrastructure.ControllerActionInvoker|Action Filter: Before executing OnActionExecuted on filter Microsoft.AspNetCore.Mvc.ModelBinding.UnsupportedContentTypeFilter. 
2023-10-15 10:05:14.0200|53|TRACE|Microsoft.AspNetCore.Mvc.Infrastructure.ControllerActionInvoker|Action Filter: After executing OnActionExecuted on filter Microsoft.AspNetCore.Mvc.ModelBinding.UnsupportedContentTypeFilter. 
2023-10-15 10:05:14.0200|52|TRACE|Microsoft.AspNetCore.Mvc.Infrastructure.ControllerActionInvoker|Result Filter: Before executing OnResultExecuting on filter Microsoft.AspNetCore.Mvc.Infrastructure.ClientErrorResultFilter. 
2023-10-15 10:05:14.0200|53|TRACE|Microsoft.AspNetCore.Mvc.Infrastructure.ControllerActionInvoker|Result Filter: After executing OnResultExecuting on filter Microsoft.AspNetCore.Mvc.Infrastructure.ClientErrorResultFilter. 
2023-10-15 10:05:14.0200|5|TRACE|Microsoft.AspNetCore.Mvc.Infrastructure.ControllerActionInvoker|Before executing action result Microsoft.AspNetCore.Mvc.BadRequestObjectResult. 
2023-10-15 10:05:14.0200|11|DEBUG|Microsoft.AspNetCore.Mvc.Infrastructure.DefaultOutputFormatterSelector|List of registered output formatters, in the following order: Microsoft.AspNetCore.Mvc.Formatters.HttpNoContentOutputFormatter, Microsoft.AspNetCore.Mvc.Formatters.StringOutputFormatter, Microsoft.AspNetCore.Mvc.Formatters.StreamOutputFormatter, Microsoft.AspNetCore.Mvc.Formatters.SystemTextJsonOutputFormatter 
2023-10-15 10:05:14.0200|4|DEBUG|Microsoft.AspNetCore.Mvc.Infrastructure.DefaultOutputFormatterSelector|No information found on request to perform content negotiation. 
2023-10-15 10:05:14.0200|9|DEBUG|Microsoft.AspNetCore.Mvc.Infrastructure.DefaultOutputFormatterSelector|Attempting to select the first output formatter in the output formatters list which supports a content type from the explicitly specified content types 'application/problem+json, application/problem+xml, application/problem+json, application/problem+xml'. 
2023-10-15 10:05:14.0200|2|DEBUG|Microsoft.AspNetCore.Mvc.Infrastructure.DefaultOutputFormatterSelector|Selected output formatter 'Microsoft.AspNetCore.Mvc.Formatters.SystemTextJsonOutputFormatter' and content type 'application/problem+json' to write the response. 
2023-10-15 10:05:14.0200|1|INFO|Microsoft.AspNetCore.Mvc.Infrastructure.ObjectResultExecutor|Executing BadRequestObjectResult, writing value of type 'Microsoft.AspNetCore.Mvc.ValidationProblemDetails'. 
2023-10-15 10:05:14.0325|6|TRACE|Microsoft.AspNetCore.Mvc.Infrastructure.ControllerActionInvoker|After executing action result Microsoft.AspNetCore.Mvc.BadRequestObjectResult. 
2023-10-15 10:05:14.0325|52|TRACE|Microsoft.AspNetCore.Mvc.Infrastructure.ControllerActionInvoker|Result Filter: Before executing OnResultExecuted on filter Microsoft.AspNetCore.Mvc.Infrastructure.ClientErrorResultFilter. 
2023-10-15 10:05:14.0325|53|TRACE|Microsoft.AspNetCore.Mvc.Infrastructure.ControllerActionInvoker|Result Filter: After executing OnResultExecuted on filter Microsoft.AspNetCore.Mvc.Infrastructure.ClientErrorResultFilter. 
2023-10-15 10:05:14.0325|105|INFO|Microsoft.AspNetCore.Mvc.Infrastructure.ControllerActionInvoker|Executed action ScriptShoes.API.Controllers.UserController.UpdateProfilePicture (ScriptShoes.API) in 48.9295ms 
2023-10-15 10:05:14.0325|1|INFO|Microsoft.AspNetCore.Routing.EndpointMiddleware|Executed endpoint 'ScriptShoes.API.Controllers.UserController.UpdateProfilePicture (ScriptShoes.API)' 
2023-10-15 10:05:14.0325|9|DEBUG|Microsoft.AspNetCore.Server.Kestrel.Connections|Connection id "0HMUDALQ16N6F" completed keep alive response. 
2023-10-15 10:05:14.0325|2|INFO|Microsoft.AspNetCore.Hosting.Diagnostics|Request finished HTTP/1.1 POST http://localhost:5013/api/user/updateProfilePicture application/json 25 - 400 - application/problem+json;+charset=utf-8 201.1510ms 
2023-10-15 10:05:24.8502|1|INFO|Microsoft.AspNetCore.Hosting.Diagnostics|Request starting HTTP/1.1 POST http://localhost:5013/api/user/updateProfilePicture application/json 6 
2023-10-15 10:05:24.8502|2|TRACE|Microsoft.AspNetCore.HostFiltering.HostFilteringMiddleware|All hosts are allowed. 
2023-10-15 10:05:24.8502|1001|DEBUG|Microsoft.AspNetCore.Routing.Matching.DfaMatcher|1 candidate(s) found for the request path '/api/user/updateProfilePicture' 
2023-10-15 10:05:24.8502|1005|DEBUG|Microsoft.AspNetCore.Routing.Matching.DfaMatcher|Endpoint 'ScriptShoes.API.Controllers.UserController.UpdateProfilePicture (ScriptShoes.API)' with route pattern 'api/user/updateProfilePicture' is valid for the request path '/api/user/updateProfilePicture' 
2023-10-15 10:05:24.8502|1|DEBUG|Microsoft.AspNetCore.Routing.EndpointRoutingMiddleware|Request matched endpoint 'ScriptShoes.API.Controllers.UserController.UpdateProfilePicture (ScriptShoes.API)' 
2023-10-15 10:05:24.8502|15|DEBUG|Microsoft.AspNetCore.StaticFiles.StaticFileMiddleware|Static files was skipped as the request already matched an endpoint. 
2023-10-15 10:05:24.8502|2|DEBUG|Microsoft.AspNetCore.Authentication.JwtBearer.JwtBearerHandler|Successfully validated the token. 
2023-10-15 10:05:24.8502|8|DEBUG|Microsoft.AspNetCore.Authentication.JwtBearer.JwtBearerHandler|AuthenticationScheme: Bearer was successfully authenticated. 
2023-10-15 10:05:24.8502|1|DEBUG|Microsoft.AspNetCore.Authorization.DefaultAuthorizationService|Authorization was successful. 
2023-10-15 10:05:24.8502|1|DEBUG|Microsoft.AspNetCore.ResponseCaching.ResponseCachingMiddleware|The request cannot be served from cache because it uses the HTTP method: POST. 
2023-10-15 10:05:24.8502|1|DEBUG|Microsoft.AspNetCore.Authorization.DefaultAuthorizationService|Authorization was successful. 
2023-10-15 10:05:24.8502|0|INFO|Microsoft.AspNetCore.Routing.EndpointMiddleware|Executing endpoint 'ScriptShoes.API.Controllers.UserController.UpdateProfilePicture (ScriptShoes.API)' 
2023-10-15 10:05:24.8502|102|INFO|Microsoft.AspNetCore.Mvc.Infrastructure.ControllerActionInvoker|Route matched with {action = "UpdateProfilePicture", controller = "User"}. Executing controller action with signature System.Threading.Tasks.Task`1[Microsoft.AspNetCore.Mvc.ActionResult] UpdateProfilePicture(System.String) on controller ScriptShoes.API.Controllers.UserController (ScriptShoes.API). 
2023-10-15 10:05:24.8502|1|DEBUG|Microsoft.AspNetCore.Mvc.Infrastructure.ControllerActionInvoker|Execution plan of authorization filters (in the following order): None 
2023-10-15 10:05:24.8502|1|DEBUG|Microsoft.AspNetCore.Mvc.Infrastructure.ControllerActionInvoker|Execution plan of resource filters (in the following order): None 
2023-10-15 10:05:24.8502|1|DEBUG|Microsoft.AspNetCore.Mvc.Infrastructure.ControllerActionInvoker|Execution plan of action filters (in the following order): Microsoft.AspNetCore.Mvc.ModelBinding.UnsupportedContentTypeFilter (Order: -3000), Microsoft.AspNetCore.Mvc.Infrastructure.ModelStateInvalidFilter (Order: -2000) 
2023-10-15 10:05:24.8502|1|DEBUG|Microsoft.AspNetCore.Mvc.Infrastructure.ControllerActionInvoker|Execution plan of exception filters (in the following order): None 
2023-10-15 10:05:24.8502|1|DEBUG|Microsoft.AspNetCore.Mvc.Infrastructure.ControllerActionInvoker|Execution plan of result filters (in the following order): Microsoft.AspNetCore.Mvc.Infrastructure.ClientErrorResultFilter (Order: -2000) 
2023-10-15 10:05:24.8502|1|DEBUG|Microsoft.AspNetCore.Mvc.Infrastructure.ControllerActionInvoker|Executing controller factory for controller ScriptShoes.API.Controllers.UserController (ScriptShoes.API) 
2023-10-15 10:05:24.8502|2|DEBUG|Microsoft.AspNetCore.Mvc.Infrastructure.ControllerActionInvoker|Executed controller factory for controller ScriptShoes.API.Controllers.UserController (ScriptShoes.API) 
2023-10-15 10:05:24.8502|22|DEBUG|Microsoft.AspNetCore.Mvc.ModelBinding.ParameterBinder|Attempting to bind parameter 'imageUrl' of type 'System.String' ... 
2023-10-15 10:05:24.8502|44|DEBUG|Microsoft.AspNetCore.Mvc.ModelBinding.Binders.BodyModelBinder|Attempting to bind parameter 'imageUrl' of type 'System.String' using the name '' in request data ... 
2023-10-15 10:05:24.8502|1|DEBUG|Microsoft.AspNetCore.Mvc.ModelBinding.Binders.BodyModelBinder|Selected input formatter 'Microsoft.AspNetCore.Mvc.Formatters.SystemTextJsonInputFormatter' for content type 'application/json'. 
2023-10-15 10:05:24.8502|25|DEBUG|Microsoft.AspNetCore.Server.Kestrel|Connection id "0HMUDALQ16N6F", Request id "0HMUDALQ16N6F:00000002": started reading request body. 
2023-10-15 10:05:24.8502|26|DEBUG|Microsoft.AspNetCore.Server.Kestrel|Connection id "0HMUDALQ16N6F", Request id "0HMUDALQ16N6F:00000002": done reading request body. 
2023-10-15 10:05:24.8502|2|DEBUG|Microsoft.AspNetCore.Mvc.Formatters.SystemTextJsonInputFormatter|JSON input formatter succeeded, deserializing to type 'System.String' 
2023-10-15 10:05:24.8502|45|DEBUG|Microsoft.AspNetCore.Mvc.ModelBinding.Binders.BodyModelBinder|Done attempting to bind parameter 'imageUrl' of type 'System.String'. 
2023-10-15 10:05:24.8502|23|DEBUG|Microsoft.AspNetCore.Mvc.ModelBinding.ParameterBinder|Done attempting to bind parameter 'imageUrl' of type 'System.String'. 
2023-10-15 10:05:24.8502|26|DEBUG|Microsoft.AspNetCore.Mvc.ModelBinding.ParameterBinder|Attempting to validate the bound parameter 'imageUrl' of type 'System.String' ... 
2023-10-15 10:05:24.8502|27|DEBUG|Microsoft.AspNetCore.Mvc.ModelBinding.ParameterBinder|Done attempting to validate the bound parameter 'imageUrl' of type 'System.String'. 
2023-10-15 10:05:24.8502|52|TRACE|Microsoft.AspNetCore.Mvc.Infrastructure.ControllerActionInvoker|Action Filter: Before executing OnActionExecuting on filter Microsoft.AspNetCore.Mvc.ModelBinding.UnsupportedContentTypeFilter. 
2023-10-15 10:05:24.8502|53|TRACE|Microsoft.AspNetCore.Mvc.Infrastructure.ControllerActionInvoker|Action Filter: After executing OnActionExecuting on filter Microsoft.AspNetCore.Mvc.ModelBinding.UnsupportedContentTypeFilter. 
2023-10-15 10:05:24.8502|52|TRACE|Microsoft.AspNetCore.Mvc.Infrastructure.ControllerActionInvoker|Action Filter: Before executing OnActionExecuting on filter Microsoft.AspNetCore.Mvc.Infrastructure.ModelStateInvalidFilter. 
2023-10-15 10:05:24.8502|53|TRACE|Microsoft.AspNetCore.Mvc.Infrastructure.ControllerActionInvoker|Action Filter: After executing OnActionExecuting on filter Microsoft.AspNetCore.Mvc.Infrastructure.ModelStateInvalidFilter. 
2023-10-15 10:05:24.8502|101|INFO|Microsoft.AspNetCore.Mvc.Infrastructure.ControllerActionInvoker|Executing action method ScriptShoes.API.Controllers.UserController.UpdateProfilePicture (ScriptShoes.API) - Validation state: Valid 
2023-10-15 10:05:24.8502|102|TRACE|Microsoft.AspNetCore.Mvc.Infrastructure.ControllerActionInvoker|Executing action method ScriptShoes.API.Controllers.UserController.UpdateProfilePicture (ScriptShoes.API) with arguments (kupa) 
2023-10-15 10:05:24.9618|10401|DEBUG|Microsoft.EntityFrameworkCore.Infrastructure|An 'IServiceProvider' was created for internal use by Entity Framework. 
2023-10-15 10:05:25.6035|10403|DEBUG|Microsoft.EntityFrameworkCore.Infrastructure|Entity Framework Core 7.0.11 initialized 'AppDbContext' using provider 'Npgsql.EntityFrameworkCore.PostgreSQL:7.0.11+c25a0d7b68d66c6ab3849a3b4333964faea6adc9' with options: None 
2023-10-15 10:05:25.6543|10111|DEBUG|Microsoft.EntityFrameworkCore.Query|Compiling query expression: 
'DbSet<User>()
    .AsNoTracking()
    .FirstOrDefault(x => x.Id == __id_0)' 
2023-10-15 10:05:25.7897|10107|DEBUG|Microsoft.EntityFrameworkCore.Query|Generated query execution expression: 
'queryContext => ShapedQueryCompilingExpressionVisitor.SingleOrDefaultAsync<User>(
    asyncEnumerable: new SingleQueryingEnumerable<User>(
        (RelationalQueryContext)queryContext, 
        RelationalCommandCache.QueryExpression(
            Projection Mapping:
                EmptyProjectionMember -> Dictionary<IProperty, int> { [Property: User.Id (int) Required PK AfterSave:Throw ValueGenerated.OnAdd, 0], [Property: User.AvailableFounds (float) Required, 1], [Property: User.Created (DateTime) Required, 2], [Property: User.Email (string) Required, 3], [Property: User.FirsName (string) Required, 4], [Property: User.HashedPassword (string) Required, 5], [Property: User.IsVerified (bool) Required, 6], [Property: User.LastModified (DateTime) Required, 7], [Property: User.LastName (string) Required, 8], [Property: User.ProfilePictureUrl (string) Required, 9], [Property: User.RefreshToken (string), 10], [Property: User.RefreshTokenExpirationTime (DateTime) Required, 11], [Property: User.RoleId (int) Required FK Index, 12], [Property: User.Username (string) Required, 13] }
            SELECT TOP(1) u.Id, u.AvailableFounds, u.Created, u.Email, u.FirsName, u.HashedPassword, u.IsVerified, u.LastModified, u.LastName, u.ProfilePictureUrl, u.RefreshToken, u.RefreshTokenExpirationTime, u.RoleId, u.Username
            FROM Users AS u
            WHERE u.Id == @__id_0), 
        null, 
        Func<QueryContext, DbDataReader, ResultContext, SingleQueryResultCoordinator, User>, 
        ScriptShoes.Persistence.Database.AppDbContext, 
        False, 
        False, 
        True
    ), 
    cancellationToken: queryContext.CancellationToken)' 
2023-10-15 10:05:25.8209|20103|DEBUG|Microsoft.EntityFrameworkCore.Database.Command|Creating DbCommand for 'ExecuteReader'. 
2023-10-15 10:05:25.8209|20005|DEBUG|Microsoft.EntityFrameworkCore.Database.Connection|Creating DbConnection. 
2023-10-15 10:05:25.8484|20006|DEBUG|Microsoft.EntityFrameworkCore.Database.Connection|Created DbConnection. (22ms). 
2023-10-15 10:05:25.8484|20104|DEBUG|Microsoft.EntityFrameworkCore.Database.Command|Created DbCommand for 'ExecuteReader' (31ms). 
2023-10-15 10:05:25.8484|20106|DEBUG|Microsoft.EntityFrameworkCore.Database.Command|Initialized DbCommand for 'ExecuteReader' (39ms). 
2023-10-15 10:05:25.8629|20000|DEBUG|Microsoft.EntityFrameworkCore.Database.Connection|Opening connection to database 'ScriptShoesDb' on server ''. 
2023-10-15 10:05:25.9819|20001|DEBUG|Microsoft.EntityFrameworkCore.Database.Connection|Opened connection to database 'ScriptShoesDb' on server 'tcp://localhost:5432'. 
2023-10-15 10:05:25.9943|20100|DEBUG|Microsoft.EntityFrameworkCore.Database.Command|Executing DbCommand [Parameters=[@__id_0='?' (DbType = Int32)], CommandType='Text', CommandTimeout='30']
SELECT u."Id", u."AvailableFounds", u."Created", u."Email", u."FirsName", u."HashedPassword", u."IsVerified", u."LastModified", u."LastName", u."ProfilePictureUrl", u."RefreshToken", u."RefreshTokenExpirationTime", u."RoleId", u."Username"
FROM "Users" AS u
WHERE u."Id" = @__id_0
LIMIT 1 
2023-10-15 10:05:26.0309|20101|INFO|Microsoft.EntityFrameworkCore.Database.Command|Executed DbCommand (39ms) [Parameters=[@__id_0='?' (DbType = Int32)], CommandType='Text', CommandTimeout='30']
SELECT u."Id", u."AvailableFounds", u."Created", u."Email", u."FirsName", u."HashedPassword", u."IsVerified", u."LastModified", u."LastName", u."ProfilePictureUrl", u."RefreshToken", u."RefreshTokenExpirationTime", u."RoleId", u."Username"
FROM "Users" AS u
WHERE u."Id" = @__id_0
LIMIT 1 
2023-10-15 10:05:26.0531|20301|DEBUG|Microsoft.EntityFrameworkCore.Database.Command|Closing data reader to 'ScriptShoesDb' on server 'tcp://localhost:5432'. 
2023-10-15 10:05:26.0531|20300|DEBUG|Microsoft.EntityFrameworkCore.Database.Command|A data reader for 'ScriptShoesDb' on server 'tcp://localhost:5432' is being disposed after spending 24ms reading results. 
2023-10-15 10:05:26.0674|20002|DEBUG|Microsoft.EntityFrameworkCore.Database.Connection|Closing connection to database 'ScriptShoesDb' on server 'tcp://localhost:5432'. 
2023-10-15 10:05:26.0674|20003|DEBUG|Microsoft.EntityFrameworkCore.Database.Connection|Closed connection to database 'ScriptShoesDb' on server '' (5ms). 
2023-10-15 10:05:26.1429|10806|DEBUG|Microsoft.EntityFrameworkCore.ChangeTracking|Context 'AppDbContext' started tracking 'User' entity. Consider using 'DbContextOptionsBuilder.EnableSensitiveDataLogging' to see key values. 
2023-10-15 10:05:26.1429|10800|DEBUG|Microsoft.EntityFrameworkCore.ChangeTracking|DetectChanges starting for 'AppDbContext'. 
2023-10-15 10:05:26.1429|10801|DEBUG|Microsoft.EntityFrameworkCore.ChangeTracking|DetectChanges completed for 'AppDbContext'. 
2023-10-15 10:05:26.1577|10004|DEBUG|Microsoft.EntityFrameworkCore.Update|SaveChanges starting for 'AppDbContext'. 
2023-10-15 10:05:26.1577|10800|DEBUG|Microsoft.EntityFrameworkCore.ChangeTracking|DetectChanges starting for 'AppDbContext'. 
2023-10-15 10:05:26.1577|10801|DEBUG|Microsoft.EntityFrameworkCore.ChangeTracking|DetectChanges completed for 'AppDbContext'. 
2023-10-15 10:05:26.2325|20000|DEBUG|Microsoft.EntityFrameworkCore.Database.Connection|Opening connection to database 'ScriptShoesDb' on server ''. 
2023-10-15 10:05:26.2325|20001|DEBUG|Microsoft.EntityFrameworkCore.Database.Connection|Opened connection to database 'ScriptShoesDb' on server 'tcp://localhost:5432'. 
2023-10-15 10:05:26.2325|20103|DEBUG|Microsoft.EntityFrameworkCore.Database.Command|Creating DbCommand for 'ExecuteReader'. 
2023-10-15 10:05:26.2325|20104|DEBUG|Microsoft.EntityFrameworkCore.Database.Command|Created DbCommand for 'ExecuteReader' (0ms). 
2023-10-15 10:05:26.2325|20106|DEBUG|Microsoft.EntityFrameworkCore.Database.Command|Initialized DbCommand for 'ExecuteReader' (0ms). 
2023-10-15 10:05:26.2325|20100|DEBUG|Microsoft.EntityFrameworkCore.Database.Command|Executing DbCommand [Parameters=[@p13='?' (DbType = Int32), @p0='?' (DbType = Single), @p1='?' (DbType = DateTime), @p2='?', @p3='?', @p4='?', @p5='?' (DbType = Boolean), @p6='?' (DbType = DateTime), @p7='?', @p8='?', @p9='?', @p10='?' (DbType = DateTime), @p11='?' (DbType = Int32), @p12='?'], CommandType='Text', CommandTimeout='30']
UPDATE "Users" SET "AvailableFounds" = @p0, "Created" = @p1, "Email" = @p2, "FirsName" = @p3, "HashedPassword" = @p4, "IsVerified" = @p5, "LastModified" = @p6, "LastName" = @p7, "ProfilePictureUrl" = @p8, "RefreshToken" = @p9, "RefreshTokenExpirationTime" = @p10, "RoleId" = @p11, "Username" = @p12
WHERE "Id" = @p13; 
2023-10-15 10:05:26.2590|20101|INFO|Microsoft.EntityFrameworkCore.Database.Command|Executed DbCommand (24ms) [Parameters=[@p13='?' (DbType = Int32), @p0='?' (DbType = Single), @p1='?' (DbType = DateTime), @p2='?', @p3='?', @p4='?', @p5='?' (DbType = Boolean), @p6='?' (DbType = DateTime), @p7='?', @p8='?', @p9='?', @p10='?' (DbType = DateTime), @p11='?' (DbType = Int32), @p12='?'], CommandType='Text', CommandTimeout='30']
UPDATE "Users" SET "AvailableFounds" = @p0, "Created" = @p1, "Email" = @p2, "FirsName" = @p3, "HashedPassword" = @p4, "IsVerified" = @p5, "LastModified" = @p6, "LastName" = @p7, "ProfilePictureUrl" = @p8, "RefreshToken" = @p9, "RefreshTokenExpirationTime" = @p10, "RoleId" = @p11, "Username" = @p12
WHERE "Id" = @p13; 
2023-10-15 10:05:26.2590|20301|DEBUG|Microsoft.EntityFrameworkCore.Database.Command|Closing data reader to 'ScriptShoesDb' on server 'tcp://localhost:5432'. 
2023-10-15 10:05:26.2590|20300|DEBUG|Microsoft.EntityFrameworkCore.Database.Command|A data reader for 'ScriptShoesDb' on server 'tcp://localhost:5432' is being disposed after spending 2ms reading results. 
2023-10-15 10:05:26.2590|20002|DEBUG|Microsoft.EntityFrameworkCore.Database.Connection|Closing connection to database 'ScriptShoesDb' on server 'tcp://localhost:5432'. 
2023-10-15 10:05:26.2590|20003|DEBUG|Microsoft.EntityFrameworkCore.Database.Connection|Closed connection to database 'ScriptShoesDb' on server '' (0ms). 
2023-10-15 10:05:26.2695|10807|DEBUG|Microsoft.EntityFrameworkCore.ChangeTracking|An entity of type 'User' tracked by 'AppDbContext' changed state from 'Modified' to 'Unchanged'. Consider using 'DbContextOptionsBuilder.EnableSensitiveDataLogging' to see key values. 
2023-10-15 10:05:26.2695|10005|DEBUG|Microsoft.EntityFrameworkCore.Update|SaveChanges completed for 'AppDbContext' with 1 entities written to the database. 
2023-10-15 10:05:26.2695|103|INFO|Microsoft.AspNetCore.Mvc.Infrastructure.ControllerActionInvoker|Executed action method ScriptShoes.API.Controllers.UserController.UpdateProfilePicture (ScriptShoes.API), returned result Microsoft.AspNetCore.Mvc.NoContentResult in 1415.1525ms. 
2023-10-15 10:05:26.2695|52|TRACE|Microsoft.AspNetCore.Mvc.Infrastructure.ControllerActionInvoker|Action Filter: Before executing OnActionExecuted on filter Microsoft.AspNetCore.Mvc.Infrastructure.ModelStateInvalidFilter. 
2023-10-15 10:05:26.2695|53|TRACE|Microsoft.AspNetCore.Mvc.Infrastructure.ControllerActionInvoker|Action Filter: After executing OnActionExecuted on filter Microsoft.AspNetCore.Mvc.Infrastructure.ModelStateInvalidFilter. 
2023-10-15 10:05:26.2695|52|TRACE|Microsoft.AspNetCore.Mvc.Infrastructure.ControllerActionInvoker|Action Filter: Before executing OnActionExecuted on filter Microsoft.AspNetCore.Mvc.ModelBinding.UnsupportedContentTypeFilter. 
2023-10-15 10:05:26.2695|53|TRACE|Microsoft.AspNetCore.Mvc.Infrastructure.ControllerActionInvoker|Action Filter: After executing OnActionExecuted on filter Microsoft.AspNetCore.Mvc.ModelBinding.UnsupportedContentTypeFilter. 
2023-10-15 10:05:26.2695|52|TRACE|Microsoft.AspNetCore.Mvc.Infrastructure.ControllerActionInvoker|Result Filter: Before executing OnResultExecuting on filter Microsoft.AspNetCore.Mvc.Infrastructure.ClientErrorResultFilter. 
2023-10-15 10:05:26.2695|53|TRACE|Microsoft.AspNetCore.Mvc.Infrastructure.ControllerActionInvoker|Result Filter: After executing OnResultExecuting on filter Microsoft.AspNetCore.Mvc.Infrastructure.ClientErrorResultFilter. 
2023-10-15 10:05:26.2695|5|TRACE|Microsoft.AspNetCore.Mvc.Infrastructure.ControllerActionInvoker|Before executing action result Microsoft.AspNetCore.Mvc.NoContentResult. 
2023-10-15 10:05:26.2695|1|INFO|Microsoft.AspNetCore.Mvc.StatusCodeResult|Executing StatusCodeResult, setting HTTP status code 204 
2023-10-15 10:05:26.2695|6|TRACE|Microsoft.AspNetCore.Mvc.Infrastructure.ControllerActionInvoker|After executing action result Microsoft.AspNetCore.Mvc.NoContentResult. 
2023-10-15 10:05:26.2695|52|TRACE|Microsoft.AspNetCore.Mvc.Infrastructure.ControllerActionInvoker|Result Filter: Before executing OnResultExecuted on filter Microsoft.AspNetCore.Mvc.Infrastructure.ClientErrorResultFilter. 
2023-10-15 10:05:26.2695|53|TRACE|Microsoft.AspNetCore.Mvc.Infrastructure.ControllerActionInvoker|Result Filter: After executing OnResultExecuted on filter Microsoft.AspNetCore.Mvc.Infrastructure.ClientErrorResultFilter. 
2023-10-15 10:05:26.2695|105|INFO|Microsoft.AspNetCore.Mvc.Infrastructure.ControllerActionInvoker|Executed action ScriptShoes.API.Controllers.UserController.UpdateProfilePicture (ScriptShoes.API) in 1425.1132ms 
2023-10-15 10:05:26.2695|1|INFO|Microsoft.AspNetCore.Routing.EndpointMiddleware|Executed endpoint 'ScriptShoes.API.Controllers.UserController.UpdateProfilePicture (ScriptShoes.API)' 
2023-10-15 10:05:26.2835|9|DEBUG|Microsoft.AspNetCore.Server.Kestrel.Connections|Connection id "0HMUDALQ16N6F" completed keep alive response. 
2023-10-15 10:05:26.2835|10407|DEBUG|Microsoft.EntityFrameworkCore.Infrastructure|'AppDbContext' disposed. 
2023-10-15 10:05:26.2835|20007|DEBUG|Microsoft.EntityFrameworkCore.Database.Connection|Disposing connection to database 'ScriptShoesDb' on server ''. 
2023-10-15 10:05:26.2835|20008|DEBUG|Microsoft.EntityFrameworkCore.Database.Connection|Disposed connection to database 'ScriptShoesDb' on server '' (1ms). 
2023-10-15 10:05:26.2835|2|INFO|Microsoft.AspNetCore.Hosting.Diagnostics|Request finished HTTP/1.1 POST http://localhost:5013/api/user/updateProfilePicture application/json 6 - 204 - - 1442.9640ms 
2023-10-15 10:06:55.5973|6|DEBUG|Microsoft.AspNetCore.Server.Kestrel.Transport.Sockets|Connection id "0HMUDALQ16N6C" received FIN. 
2023-10-15 10:06:55.5973|7|DEBUG|Microsoft.AspNetCore.Server.Kestrel.Transport.Sockets|Connection id "0HMUDALQ16N6C" sending FIN because: "The Socket transport's send loop completed gracefully." 
2023-10-15 10:06:55.5973|10|DEBUG|Microsoft.AspNetCore.Server.Kestrel.Connections|Connection id "0HMUDALQ16N6C" disconnecting. 
2023-10-15 10:06:55.5973|2|DEBUG|Microsoft.AspNetCore.Server.Kestrel.Connections|Connection id "0HMUDALQ16N6C" stopped. 
2023-10-15 10:07:22.2681|10|DEBUG|Microsoft.AspNetCore.Server.Kestrel.Connections|Connection id "0HMUDALQ16N6D" disconnecting. 
2023-10-15 10:07:22.2681|2|DEBUG|Microsoft.AspNetCore.Server.Kestrel.Connections|Connection id "0HMUDALQ16N6D" stopped. 
2023-10-15 10:07:22.2681|7|DEBUG|Microsoft.AspNetCore.Server.Kestrel.Transport.Sockets|Connection id "0HMUDALQ16N6D" sending FIN because: "The Socket transport's send loop completed gracefully." 
2023-10-15 10:07:37.3882|10|DEBUG|Microsoft.AspNetCore.Server.Kestrel.Connections|Connection id "0HMUDALQ16N6F" disconnecting. 
2023-10-15 10:07:37.3882|2|DEBUG|Microsoft.AspNetCore.Server.Kestrel.Connections|Connection id "0HMUDALQ16N6F" stopped. 
2023-10-15 10:07:37.3882|7|DEBUG|Microsoft.AspNetCore.Server.Kestrel.Transport.Sockets|Connection id "0HMUDALQ16N6F" sending FIN because: "The Socket transport's send loop completed gracefully." 
2023-10-15 10:10:01.5892|0|INFO|Microsoft.Hosting.Lifetime|Application is shutting down... 
2023-10-15 10:10:01.5892|3|DEBUG|Microsoft.Extensions.Hosting.Internal.Host|Hosting stopping 
2023-10-15 10:10:01.5951|4|DEBUG|Microsoft.Extensions.Hosting.Internal.Host|Hosting stopped 
2023-10-15 12:13:50.2333|0|DEBUG|Program|init main 
2023-10-15 12:13:50.4288|0|ERROR|Program|Stopped program because of exception Microsoft.Extensions.Hosting.HostAbortedException: The host was aborted.
   at Microsoft.Extensions.Hosting.HostFactoryResolver.HostingListener.ThrowHostAborted()
   at Microsoft.Extensions.Hosting.HostFactoryResolver.HostingListener.OnNext(KeyValuePair`2 value)
   at System.Diagnostics.DiagnosticListener.Write(String name, Object value)
   at Microsoft.Extensions.Hosting.HostBuilder.ResolveHost(IServiceProvider serviceProvider, DiagnosticListener diagnosticListener)
   at Microsoft.Extensions.Hosting.HostApplicationBuilder.Build()
   at Microsoft.AspNetCore.Builder.WebApplicationBuilder.Build()
   at Program.<Main>$(String[] args) in D:\rider-projects\ScriptShoes\ScriptShoes.API\Program.cs:line 53
2023-10-15 12:14:19.2118|0|DEBUG|Program|init main 
2023-10-15 12:14:19.2883|0|ERROR|Program|Stopped program because of exception Microsoft.Extensions.Hosting.HostAbortedException: The host was aborted.
   at Microsoft.Extensions.Hosting.HostFactoryResolver.HostingListener.ThrowHostAborted()
   at Microsoft.Extensions.Hosting.HostFactoryResolver.HostingListener.OnNext(KeyValuePair`2 value)
   at System.Diagnostics.DiagnosticListener.Write(String name, Object value)
   at Microsoft.Extensions.Hosting.HostBuilder.ResolveHost(IServiceProvider serviceProvider, DiagnosticListener diagnosticListener)
   at Microsoft.Extensions.Hosting.HostApplicationBuilder.Build()
   at Microsoft.AspNetCore.Builder.WebApplicationBuilder.Build()
   at Program.<Main>$(String[] args) in D:\rider-projects\ScriptShoes\ScriptShoes.API\Program.cs:line 53
