2023-10-11 21:02:42.5155|0|DEBUG|Program|init main |url: |action: 
2023-10-11 21:02:45.4523|14|INFO|Microsoft.Hosting.Lifetime|Now listening on: http://localhost:5013 |url: |action: 
2023-10-11 21:02:45.4567|0|INFO|Microsoft.Hosting.Lifetime|Application started. Press Ctrl+C to shut down. |url: |action: 
2023-10-11 21:02:45.4567|0|INFO|Microsoft.Hosting.Lifetime|Hosting environment: Development |url: |action: 
2023-10-11 21:02:45.4567|0|INFO|Microsoft.Hosting.Lifetime|Content root path: D:\rider-projects\ScriptShoes\ScriptShoes.API |url: |action: 
2023-10-11 21:03:01.9040|0|INFO|Microsoft.Hosting.Lifetime|Application is shutting down... |url: |action: 
2023-10-11 21:03:05.9405|0|DEBUG|Program|init main |url: |action: 
2023-10-11 21:03:06.1956|14|INFO|Microsoft.Hosting.Lifetime|Now listening on: http://localhost:5013 |url: |action: 
2023-10-11 21:03:06.1956|0|INFO|Microsoft.Hosting.Lifetime|Application started. Press Ctrl+C to shut down. |url: |action: 
2023-10-11 21:03:06.1956|0|INFO|Microsoft.Hosting.Lifetime|Hosting environment: Development |url: |action: 
2023-10-11 21:03:06.1956|0|INFO|Microsoft.Hosting.Lifetime|Content root path: D:\rider-projects\ScriptShoes\ScriptShoes.API |url: |action: 
2023-10-11 21:03:11.9550|3|WARN|Microsoft.AspNetCore.HttpsPolicy.HttpsRedirectionMiddleware|Failed to determine the https port for redirect. |url: http://localhost/api/user/register|action: Register
2023-10-11 21:03:12.4437|0|INFO|ScriptShoes.API.Middlewares.ErrorHandlingMiddleware|/api/user/register has been invoked |url: http://localhost/api/user/register|action: Register
2023-10-11 21:03:14.5540|0|FATAL|ScriptShoes.API.Middlewares.ErrorHandlingMiddleware|Validation failed: 
 -- Dto.Email: 'Dto Email' is not a valid email address. Severity: Error |url: http://localhost/api/user/register|action: Register
2023-10-11 21:03:33.5932|0|INFO|Microsoft.Hosting.Lifetime|Application is shutting down... |url: |action: 
2023-10-11 21:03:53.5856|0|DEBUG|Program|init main |url: |action: 
2023-10-11 21:03:53.8239|14|INFO|Microsoft.Hosting.Lifetime|Now listening on: http://localhost:5013 |url: |action: 
2023-10-11 21:03:53.8239|0|INFO|Microsoft.Hosting.Lifetime|Application started. Press Ctrl+C to shut down. |url: |action: 
2023-10-11 21:03:53.8239|0|INFO|Microsoft.Hosting.Lifetime|Hosting environment: Development |url: |action: 
2023-10-11 21:03:53.8239|0|INFO|Microsoft.Hosting.Lifetime|Content root path: D:\rider-projects\ScriptShoes\ScriptShoes.API |url: |action: 
2023-10-11 21:03:59.1966|3|WARN|Microsoft.AspNetCore.HttpsPolicy.HttpsRedirectionMiddleware|Failed to determine the https port for redirect. |url: http://localhost/api/user/register|action: Register
2023-10-11 21:03:59.2234|1|ERROR|Microsoft.AspNetCore.Diagnostics.DeveloperExceptionPageMiddleware|An unhandled exception has occurred while executing the request. System.InvalidOperationException: No service for type 'ScriptShoes.API.Middlewares.ErrorHandlingMiddleware' has been registered.
   at Microsoft.Extensions.DependencyInjection.ServiceProviderServiceExtensions.GetRequiredService(IServiceProvider provider, Type serviceType)
   at Microsoft.AspNetCore.Http.MiddlewareFactory.Create(Type middlewareType)
   at Microsoft.AspNetCore.Builder.UseMiddlewareExtensions.<>c__DisplayClass6_1.<<UseMiddlewareInterface>b__1>d.MoveNext()
--- End of stack trace from previous location ---
   at Microsoft.AspNetCore.Authorization.AuthorizationMiddleware.Invoke(HttpContext context)
   at Microsoft.AspNetCore.Authentication.AuthenticationMiddleware.Invoke(HttpContext context)
   at Swashbuckle.AspNetCore.SwaggerUI.SwaggerUIMiddleware.Invoke(HttpContext httpContext)
   at Swashbuckle.AspNetCore.Swagger.SwaggerMiddleware.Invoke(HttpContext httpContext, ISwaggerProvider swaggerProvider)
   at Microsoft.AspNetCore.Diagnostics.DeveloperExceptionPageMiddlewareImpl.Invoke(HttpContext context)|url: http://localhost/api/user/register|action: Register
2023-10-11 21:04:10.6936|0|INFO|Microsoft.Hosting.Lifetime|Application is shutting down... |url: |action: 
2023-10-11 21:07:33.5821|0|DEBUG|Program|init main |url: |action: 
2023-10-11 21:07:33.8255|14|INFO|Microsoft.Hosting.Lifetime|Now listening on: http://localhost:5013 |url: |action: 
2023-10-11 21:07:33.8255|0|INFO|Microsoft.Hosting.Lifetime|Application started. Press Ctrl+C to shut down. |url: |action: 
2023-10-11 21:07:33.8255|0|INFO|Microsoft.Hosting.Lifetime|Hosting environment: Development |url: |action: 
2023-10-11 21:07:33.8255|0|INFO|Microsoft.Hosting.Lifetime|Content root path: D:\rider-projects\ScriptShoes\ScriptShoes.API |url: |action: 
2023-10-11 21:07:42.1432|3|WARN|Microsoft.AspNetCore.HttpsPolicy.HttpsRedirectionMiddleware|Failed to determine the https port for redirect. |url: http://localhost/api/shoe/create|action: CreateShoe
2023-10-11 21:07:42.1642|0|INFO|ScriptShoes.API.Middlewares.ErrorHandlingMiddleware|/api/shoe/create has been invoked |url: http://localhost/api/shoe/create|action: CreateShoe
2023-10-11 21:07:43.4858|0|INFO|ScriptShoes.API.Middlewares.ErrorHandlingMiddleware|Shoe not found |url: http://localhost/api/shoe/create|action: CreateShoe
2023-10-11 21:08:23.8925|0|INFO|ScriptShoes.API.Middlewares.ErrorHandlingMiddleware|/api/shoe/create has been invoked |url: http://localhost/api/shoe/create|action: CreateShoe
2023-10-11 21:08:23.9086|0|INFO|ScriptShoes.API.Middlewares.ErrorHandlingMiddleware|Shoe not found |url: http://localhost/api/shoe/create|action: CreateShoe
2023-10-11 21:08:58.8185|0|INFO|Microsoft.Hosting.Lifetime|Application is shutting down... |url: |action: 
2023-10-11 21:09:04.5334|0|DEBUG|Program|init main |url: |action: 
2023-10-11 21:09:04.7592|14|INFO|Microsoft.Hosting.Lifetime|Now listening on: http://localhost:5013 |url: |action: 
2023-10-11 21:09:04.7592|0|INFO|Microsoft.Hosting.Lifetime|Application started. Press Ctrl+C to shut down. |url: |action: 
2023-10-11 21:09:04.7592|0|INFO|Microsoft.Hosting.Lifetime|Hosting environment: Development |url: |action: 
2023-10-11 21:09:04.7592|0|INFO|Microsoft.Hosting.Lifetime|Content root path: D:\rider-projects\ScriptShoes\ScriptShoes.API |url: |action: 
2023-10-11 21:09:08.0529|3|WARN|Microsoft.AspNetCore.HttpsPolicy.HttpsRedirectionMiddleware|Failed to determine the https port for redirect. |url: http://localhost/api/shoe/create|action: CreateShoe
2023-10-11 21:09:08.0795|0|INFO|ScriptShoes.API.Middlewares.ErrorHandlingMiddleware|/api/shoe/create has been invoked |url: http://localhost/api/shoe/create|action: CreateShoe
2023-10-11 21:09:09.3978|0|FATAL|ScriptShoes.API.Middlewares.ErrorHandlingMiddleware|Object reference not set to an instance of an object. |url: http://localhost/api/shoe/create|action: CreateShoe
2023-10-11 21:09:43.4141|0|INFO|Microsoft.Hosting.Lifetime|Application is shutting down... |url: |action: 
2023-10-11 21:09:49.2256|0|DEBUG|Program|init main |url: |action: 
2023-10-11 21:09:49.4786|14|INFO|Microsoft.Hosting.Lifetime|Now listening on: http://localhost:5013 |url: |action: 
2023-10-11 21:09:49.4786|0|INFO|Microsoft.Hosting.Lifetime|Application started. Press Ctrl+C to shut down. |url: |action: 
2023-10-11 21:09:49.4786|0|INFO|Microsoft.Hosting.Lifetime|Hosting environment: Development |url: |action: 
2023-10-11 21:09:49.4786|0|INFO|Microsoft.Hosting.Lifetime|Content root path: D:\rider-projects\ScriptShoes\ScriptShoes.API |url: |action: 
2023-10-11 21:09:54.2698|3|WARN|Microsoft.AspNetCore.HttpsPolicy.HttpsRedirectionMiddleware|Failed to determine the https port for redirect. |url: http://localhost/api/shoe/create|action: CreateShoe
2023-10-11 21:09:54.2920|0|INFO|ScriptShoes.API.Middlewares.ErrorHandlingMiddleware|/api/shoe/create has been invoked |url: http://localhost/api/shoe/create|action: CreateShoe
2023-10-11 21:09:55.5952|0|FATAL|ScriptShoes.API.Middlewares.ErrorHandlingMiddleware|Object reference not set to an instance of an object. |url: http://localhost/api/shoe/create|action: CreateShoe
2023-10-11 21:09:58.2938|0|INFO|Microsoft.Hosting.Lifetime|Application is shutting down... |url: |action: 
2023-10-11 21:10:11.4406|0|DEBUG|Program|init main |url: |action: 
2023-10-11 21:10:11.6613|14|INFO|Microsoft.Hosting.Lifetime|Now listening on: http://localhost:5013 |url: |action: 
2023-10-11 21:10:11.6613|0|INFO|Microsoft.Hosting.Lifetime|Application started. Press Ctrl+C to shut down. |url: |action: 
2023-10-11 21:10:11.6613|0|INFO|Microsoft.Hosting.Lifetime|Hosting environment: Development |url: |action: 
2023-10-11 21:10:11.6613|0|INFO|Microsoft.Hosting.Lifetime|Content root path: D:\rider-projects\ScriptShoes\ScriptShoes.API |url: |action: 
2023-10-11 21:10:58.3977|3|WARN|Microsoft.AspNetCore.HttpsPolicy.HttpsRedirectionMiddleware|Failed to determine the https port for redirect. |url: http://localhost/api/shoe/create|action: CreateShoe
2023-10-11 21:10:59.7410|1|ERROR|Microsoft.AspNetCore.Diagnostics.DeveloperExceptionPageMiddleware|An unhandled exception has occurred while executing the request. System.NullReferenceException: Object reference not set to an instance of an object.
   at ScriptShoes.Application.Validators.ShoesValidator.CreateShoeValidator.<>c__DisplayClass0_0.<<-ctor>b__5>d.MoveNext() in D:\rider-projects\ScriptShoes\ScriptShoes.Application\Validators\ShoesValidator\CreateShoeValidator.cs:line 31
--- End of stack trace from previous location ---
   at FluentValidation.DefaultValidatorExtensions.<>c__DisplayClass70_0`2.<<CustomAsync>b__0>d.MoveNext() in /_/src/FluentValidation/DefaultValidatorExtensions.cs:line 1150
--- End of stack trace from previous location ---
   at FluentValidation.Internal.RuleComponent`2.ValidateAsync(ValidationContext`1 context, TProperty value, Boolean useAsync, CancellationToken cancellation) in /_/src/FluentValidation/Internal/RuleComponent.cs:line 71
   at FluentValidation.Internal.PropertyRule`2.ValidateAsync(ValidationContext`1 context, Boolean useAsync, CancellationToken cancellation) in /_/src/FluentValidation/Internal/PropertyRule.cs:line 143
   at FluentValidation.AbstractValidator`1.ValidateInternalAsync(ValidationContext`1 context, Boolean useAsync, CancellationToken cancellation) in /_/src/FluentValidation/AbstractValidator.cs:line 241
   at FluentValidation.AbstractValidator`1.ValidateAsync(ValidationContext`1 context, CancellationToken cancellation) in /_/src/FluentValidation/AbstractValidator.cs:line 220
   at ScriptShoes.Application.PipelineBehaviors.ValidationBehavior`2.Handle(TRequest request, RequestHandlerDelegate`1 next, CancellationToken cancellationToken) in D:\rider-projects\ScriptShoes\ScriptShoes.Application\PipelineBehaviors\ValidationBehavior.cs:line 21
   at ScriptShoes.API.Controllers.ShoeController.CreateShoe(CreateShoeDto dto) in D:\rider-projects\ScriptShoes\ScriptShoes.API\Controllers\ShoeController.cs:line 29
   at lambda_method6(Closure, Object)
   at Microsoft.AspNetCore.Mvc.Infrastructure.ActionMethodExecutor.TaskOfActionResultExecutor.Execute(ActionContext actionContext, IActionResultTypeMapper mapper, ObjectMethodExecutor executor, Object controller, Object[] arguments)
   at Microsoft.AspNetCore.Mvc.Infrastructure.ControllerActionInvoker.<InvokeActionMethodAsync>g__Logged|12_1(ControllerActionInvoker invoker)
   at Microsoft.AspNetCore.Mvc.Infrastructure.ControllerActionInvoker.<InvokeNextActionFilterAsync>g__Awaited|10_0(ControllerActionInvoker invoker, Task lastTask, State next, Scope scope, Object state, Boolean isCompleted)
   at Microsoft.AspNetCore.Mvc.Infrastructure.ControllerActionInvoker.Rethrow(ActionExecutedContextSealed context)
   at Microsoft.AspNetCore.Mvc.Infrastructure.ControllerActionInvoker.Next(State& next, Scope& scope, Object& state, Boolean& isCompleted)
   at Microsoft.AspNetCore.Mvc.Infrastructure.ControllerActionInvoker.<InvokeInnerFilterAsync>g__Awaited|13_0(ControllerActionInvoker invoker, Task lastTask, State next, Scope scope, Object state, Boolean isCompleted)
   at Microsoft.AspNetCore.Mvc.Infrastructure.ResourceInvoker.<InvokeFilterPipelineAsync>g__Awaited|20_0(ResourceInvoker invoker, Task lastTask, State next, Scope scope, Object state, Boolean isCompleted)
   at Microsoft.AspNetCore.Mvc.Infrastructure.ResourceInvoker.<InvokeAsync>g__Logged|17_1(ResourceInvoker invoker)
   at Microsoft.AspNetCore.Mvc.Infrastructure.ResourceInvoker.<InvokeAsync>g__Logged|17_1(ResourceInvoker invoker)
   at Microsoft.AspNetCore.Routing.EndpointMiddleware.<Invoke>g__AwaitRequestTask|6_0(Endpoint endpoint, Task requestTask, ILogger logger)
   at Microsoft.AspNetCore.Authorization.AuthorizationMiddleware.Invoke(HttpContext context)
   at Microsoft.AspNetCore.ResponseCaching.ResponseCachingMiddleware.Invoke(HttpContext httpContext)
   at Microsoft.AspNetCore.Authorization.AuthorizationMiddleware.Invoke(HttpContext context)
   at Microsoft.AspNetCore.Authentication.AuthenticationMiddleware.Invoke(HttpContext context)
   at Swashbuckle.AspNetCore.SwaggerUI.SwaggerUIMiddleware.Invoke(HttpContext httpContext)
   at Swashbuckle.AspNetCore.Swagger.SwaggerMiddleware.Invoke(HttpContext httpContext, ISwaggerProvider swaggerProvider)
   at Microsoft.AspNetCore.Diagnostics.DeveloperExceptionPageMiddlewareImpl.Invoke(HttpContext context)|url: http://localhost/api/shoe/create|action: CreateShoe
2023-10-11 21:11:50.8878|0|INFO|Microsoft.Hosting.Lifetime|Application is shutting down... |url: |action: 
2023-10-11 21:11:55.6596|0|DEBUG|Program|init main |url: |action: 
2023-10-11 21:11:55.8786|14|INFO|Microsoft.Hosting.Lifetime|Now listening on: http://localhost:5013 |url: |action: 
2023-10-11 21:11:55.8786|0|INFO|Microsoft.Hosting.Lifetime|Application started. Press Ctrl+C to shut down. |url: |action: 
2023-10-11 21:11:55.8786|0|INFO|Microsoft.Hosting.Lifetime|Hosting environment: Development |url: |action: 
2023-10-11 21:11:55.8786|0|INFO|Microsoft.Hosting.Lifetime|Content root path: D:\rider-projects\ScriptShoes\ScriptShoes.API |url: |action: 
2023-10-11 21:12:02.1744|3|WARN|Microsoft.AspNetCore.HttpsPolicy.HttpsRedirectionMiddleware|Failed to determine the https port for redirect. |url: http://localhost/api/shoe/create|action: CreateShoe
2023-10-11 21:12:03.5062|1|ERROR|Microsoft.AspNetCore.Diagnostics.DeveloperExceptionPageMiddleware|An unhandled exception has occurred while executing the request. FluentValidation.ValidationException: Validation failed: 
 -- Dto.ThumbnailImage.Length: 'Dto Thumbnail Image Length' must be less than '2'. Severity: Error
 -- Dto.CurrentPrice: 'Dto Current Price' must be greater than '0'. Severity: Error
   at ScriptShoes.Application.PipelineBehaviors.ValidationBehavior`2.Handle(TRequest request, RequestHandlerDelegate`1 next, CancellationToken cancellationToken) in D:\rider-projects\ScriptShoes\ScriptShoes.Application\PipelineBehaviors\ValidationBehavior.cs:line 26
   at ScriptShoes.API.Controllers.ShoeController.CreateShoe(CreateShoeDto dto) in D:\rider-projects\ScriptShoes\ScriptShoes.API\Controllers\ShoeController.cs:line 29
   at lambda_method6(Closure, Object)
   at Microsoft.AspNetCore.Mvc.Infrastructure.ActionMethodExecutor.TaskOfActionResultExecutor.Execute(ActionContext actionContext, IActionResultTypeMapper mapper, ObjectMethodExecutor executor, Object controller, Object[] arguments)
   at Microsoft.AspNetCore.Mvc.Infrastructure.ControllerActionInvoker.<InvokeActionMethodAsync>g__Logged|12_1(ControllerActionInvoker invoker)
   at Microsoft.AspNetCore.Mvc.Infrastructure.ControllerActionInvoker.<InvokeNextActionFilterAsync>g__Awaited|10_0(ControllerActionInvoker invoker, Task lastTask, State next, Scope scope, Object state, Boolean isCompleted)
   at Microsoft.AspNetCore.Mvc.Infrastructure.ControllerActionInvoker.Rethrow(ActionExecutedContextSealed context)
   at Microsoft.AspNetCore.Mvc.Infrastructure.ControllerActionInvoker.Next(State& next, Scope& scope, Object& state, Boolean& isCompleted)
   at Microsoft.AspNetCore.Mvc.Infrastructure.ControllerActionInvoker.<InvokeInnerFilterAsync>g__Awaited|13_0(ControllerActionInvoker invoker, Task lastTask, State next, Scope scope, Object state, Boolean isCompleted)
   at Microsoft.AspNetCore.Mvc.Infrastructure.ResourceInvoker.<InvokeFilterPipelineAsync>g__Awaited|20_0(ResourceInvoker invoker, Task lastTask, State next, Scope scope, Object state, Boolean isCompleted)
   at Microsoft.AspNetCore.Mvc.Infrastructure.ResourceInvoker.<InvokeAsync>g__Logged|17_1(ResourceInvoker invoker)
   at Microsoft.AspNetCore.Mvc.Infrastructure.ResourceInvoker.<InvokeAsync>g__Logged|17_1(ResourceInvoker invoker)
   at Microsoft.AspNetCore.Routing.EndpointMiddleware.<Invoke>g__AwaitRequestTask|6_0(Endpoint endpoint, Task requestTask, ILogger logger)
   at Microsoft.AspNetCore.Authorization.AuthorizationMiddleware.Invoke(HttpContext context)
   at Microsoft.AspNetCore.ResponseCaching.ResponseCachingMiddleware.Invoke(HttpContext httpContext)
   at Microsoft.AspNetCore.Authorization.AuthorizationMiddleware.Invoke(HttpContext context)
   at Microsoft.AspNetCore.Authentication.AuthenticationMiddleware.Invoke(HttpContext context)
   at Swashbuckle.AspNetCore.SwaggerUI.SwaggerUIMiddleware.Invoke(HttpContext httpContext)
   at Swashbuckle.AspNetCore.Swagger.SwaggerMiddleware.Invoke(HttpContext httpContext, ISwaggerProvider swaggerProvider)
   at Microsoft.AspNetCore.Diagnostics.DeveloperExceptionPageMiddlewareImpl.Invoke(HttpContext context)|url: http://localhost/api/shoe/create|action: CreateShoe
2023-10-11 21:12:11.5822|1|ERROR|Microsoft.AspNetCore.Diagnostics.DeveloperExceptionPageMiddleware|An unhandled exception has occurred while executing the request. FluentValidation.ValidationException: Validation failed: 
 -- Dto.Email: 'Dto Email' is not a valid email address. Severity: Error
 -- Dto.Password: The length of 'Dto Password' must be at least 8 characters. You entered 6 characters. Severity: Error
 -- Dto.Password: Password must contain special symbol, capital letter and digit Severity: Error
   at ScriptShoes.Application.PipelineBehaviors.ValidationBehavior`2.Handle(TRequest request, RequestHandlerDelegate`1 next, CancellationToken cancellationToken) in D:\rider-projects\ScriptShoes\ScriptShoes.Application\PipelineBehaviors\ValidationBehavior.cs:line 26
   at ScriptShoes.API.Controllers.UserController.Register(RegisterDto dto) in D:\rider-projects\ScriptShoes\ScriptShoes.API\Controllers\UserController.cs:line 23
   at lambda_method40(Closure, Object)
   at Microsoft.AspNetCore.Mvc.Infrastructure.ActionMethodExecutor.TaskOfActionResultExecutor.Execute(ActionContext actionContext, IActionResultTypeMapper mapper, ObjectMethodExecutor executor, Object controller, Object[] arguments)
   at Microsoft.AspNetCore.Mvc.Infrastructure.ControllerActionInvoker.<InvokeActionMethodAsync>g__Logged|12_1(ControllerActionInvoker invoker)
   at Microsoft.AspNetCore.Mvc.Infrastructure.ControllerActionInvoker.<InvokeNextActionFilterAsync>g__Awaited|10_0(ControllerActionInvoker invoker, Task lastTask, State next, Scope scope, Object state, Boolean isCompleted)
   at Microsoft.AspNetCore.Mvc.Infrastructure.ControllerActionInvoker.Rethrow(ActionExecutedContextSealed context)
   at Microsoft.AspNetCore.Mvc.Infrastructure.ControllerActionInvoker.Next(State& next, Scope& scope, Object& state, Boolean& isCompleted)
   at Microsoft.AspNetCore.Mvc.Infrastructure.ControllerActionInvoker.<InvokeInnerFilterAsync>g__Awaited|13_0(ControllerActionInvoker invoker, Task lastTask, State next, Scope scope, Object state, Boolean isCompleted)
   at Microsoft.AspNetCore.Mvc.Infrastructure.ResourceInvoker.<InvokeFilterPipelineAsync>g__Awaited|20_0(ResourceInvoker invoker, Task lastTask, State next, Scope scope, Object state, Boolean isCompleted)
   at Microsoft.AspNetCore.Mvc.Infrastructure.ResourceInvoker.<InvokeAsync>g__Logged|17_1(ResourceInvoker invoker)
   at Microsoft.AspNetCore.Mvc.Infrastructure.ResourceInvoker.<InvokeAsync>g__Logged|17_1(ResourceInvoker invoker)
   at Microsoft.AspNetCore.Routing.EndpointMiddleware.<Invoke>g__AwaitRequestTask|6_0(Endpoint endpoint, Task requestTask, ILogger logger)
   at Microsoft.AspNetCore.Authorization.AuthorizationMiddleware.Invoke(HttpContext context)
   at Microsoft.AspNetCore.ResponseCaching.ResponseCachingMiddleware.Invoke(HttpContext httpContext)
   at Microsoft.AspNetCore.Authorization.AuthorizationMiddleware.Invoke(HttpContext context)
   at Microsoft.AspNetCore.Authentication.AuthenticationMiddleware.Invoke(HttpContext context)
   at Swashbuckle.AspNetCore.SwaggerUI.SwaggerUIMiddleware.Invoke(HttpContext httpContext)
   at Swashbuckle.AspNetCore.Swagger.SwaggerMiddleware.Invoke(HttpContext httpContext, ISwaggerProvider swaggerProvider)
   at Microsoft.AspNetCore.Diagnostics.DeveloperExceptionPageMiddlewareImpl.Invoke(HttpContext context)|url: http://localhost/api/user/register|action: Register
2023-10-11 21:12:57.4775|0|INFO|Microsoft.Hosting.Lifetime|Application is shutting down... |url: |action: 
