2023-10-07 13:34:05.2680|0|DEBUG|Program|init main 
2023-10-07 13:35:25.8765|0|DEBUG|Program|init main 
2023-10-07 13:35:25.9715|0|ERROR|Program|Stopped program because of exception System.InvalidOperationException: Error while validating the service descriptor 'ServiceType: MediatR.IRequestHandler`2[ScriptShoes.Application.Features.Shoe.Queries.GetAllShoes.GetAllShoesQuery,System.Collections.Generic.List`1[ScriptShoes.Application.Models.Shoe.GetShoeDto]] Lifetime: Transient ImplementationType: ScriptShoes.Application.Features.Shoe.Queries.GetAllShoes.GetAllShoesQueryHandler': Unable to resolve service for type 'NLog.ILogger' while attempting to activate 'ScriptShoes.Application.Features.Shoe.Queries.GetAllShoes.GetAllShoesQueryHandler'.
 ---> System.InvalidOperationException: Unable to resolve service for type 'NLog.ILogger' while attempting to activate 'ScriptShoes.Application.Features.Shoe.Queries.GetAllShoes.GetAllShoesQueryHandler'.
   at Microsoft.Extensions.DependencyInjection.ServiceLookup.CallSiteFactory.CreateArgumentCallSites(Type implementationType, CallSiteChain callSiteChain, ParameterInfo[] parameters, Boolean throwIfCallSiteNotFound)
   at Microsoft.Extensions.DependencyInjection.ServiceLookup.CallSiteFactory.CreateConstructorCallSite(ResultCache lifetime, Type serviceType, Type implementationType, CallSiteChain callSiteChain)
   at Microsoft.Extensions.DependencyInjection.ServiceLookup.CallSiteFactory.TryCreateExact(ServiceDescriptor descriptor, Type serviceType, CallSiteChain callSiteChain, Int32 slot)
   at Microsoft.Extensions.DependencyInjection.ServiceLookup.CallSiteFactory.GetCallSite(ServiceDescriptor serviceDescriptor, CallSiteChain callSiteChain)
   at Microsoft.Extensions.DependencyInjection.ServiceProvider.ValidateService(ServiceDescriptor descriptor)
   --- End of inner exception stack trace ---
   at Microsoft.Extensions.DependencyInjection.ServiceProvider.ValidateService(ServiceDescriptor descriptor)
   at Microsoft.Extensions.DependencyInjection.ServiceProvider..ctor(ICollection`1 serviceDescriptors, ServiceProviderOptions options)
2023-10-07 13:35:56.0769|0|DEBUG|Program|init main 
2023-10-07 13:35:56.1745|0|ERROR|Program|Stopped program because of exception System.InvalidOperationException: Error while validating the service descriptor 'ServiceType: MediatR.IRequestHandler`2[ScriptShoes.Application.Features.Shoe.Queries.GetAllShoes.GetAllShoesQuery,System.Collections.Generic.List`1[ScriptShoes.Application.Models.Shoe.GetShoeDto]] Lifetime: Transient ImplementationType: ScriptShoes.Application.Features.Shoe.Queries.GetAllShoes.GetAllShoesQueryHandler': Unable to resolve service for type 'NLog.ILogger' while attempting to activate 'ScriptShoes.Application.Features.Shoe.Queries.GetAllShoes.GetAllShoesQueryHandler'.
 ---> System.InvalidOperationException: Unable to resolve service for type 'NLog.ILogger' while attempting to activate 'ScriptShoes.Application.Features.Shoe.Queries.GetAllShoes.GetAllShoesQueryHandler'.
   at Microsoft.Extensions.DependencyInjection.ServiceLookup.CallSiteFactory.CreateArgumentCallSites(Type implementationType, CallSiteChain callSiteChain, ParameterInfo[] parameters, Boolean throwIfCallSiteNotFound)
   at Microsoft.Extensions.DependencyInjection.ServiceLookup.CallSiteFactory.CreateConstructorCallSite(ResultCache lifetime, Type serviceType, Type implementationType, CallSiteChain callSiteChain)
   at Microsoft.Extensions.DependencyInjection.ServiceLookup.CallSiteFactory.TryCreateExact(ServiceDescriptor descriptor, Type serviceType, CallSiteChain callSiteChain, Int32 slot)
   at Microsoft.Extensions.DependencyInjection.ServiceLookup.CallSiteFactory.GetCallSite(ServiceDescriptor serviceDescriptor, CallSiteChain callSiteChain)
   at Microsoft.Extensions.DependencyInjection.ServiceProvider.ValidateService(ServiceDescriptor descriptor)
   --- End of inner exception stack trace ---
   at Microsoft.Extensions.DependencyInjection.ServiceProvider.ValidateService(ServiceDescriptor descriptor)
   at Microsoft.Extensions.DependencyInjection.ServiceProvider..ctor(ICollection`1 serviceDescriptors, ServiceProviderOptions options)
2023-10-07 13:36:48.3755|0|DEBUG|Program|init main 
2023-10-07 13:36:48.4637|0|ERROR|Program|Stopped program because of exception System.InvalidOperationException: Error while validating the service descriptor 'ServiceType: MediatR.IRequestHandler`2[ScriptShoes.Application.Features.Shoe.Queries.GetAllShoes.GetAllShoesQuery,System.Collections.Generic.List`1[ScriptShoes.Application.Models.Shoe.GetShoeDto]] Lifetime: Transient ImplementationType: ScriptShoes.Application.Features.Shoe.Queries.GetAllShoes.GetAllShoesQueryHandler': Unable to resolve service for type 'NLog.ILogger' while attempting to activate 'ScriptShoes.Application.Features.Shoe.Queries.GetAllShoes.GetAllShoesQueryHandler'.
 ---> System.InvalidOperationException: Unable to resolve service for type 'NLog.ILogger' while attempting to activate 'ScriptShoes.Application.Features.Shoe.Queries.GetAllShoes.GetAllShoesQueryHandler'.
   at Microsoft.Extensions.DependencyInjection.ServiceLookup.CallSiteFactory.CreateArgumentCallSites(Type implementationType, CallSiteChain callSiteChain, ParameterInfo[] parameters, Boolean throwIfCallSiteNotFound)
   at Microsoft.Extensions.DependencyInjection.ServiceLookup.CallSiteFactory.CreateConstructorCallSite(ResultCache lifetime, Type serviceType, Type implementationType, CallSiteChain callSiteChain)
   at Microsoft.Extensions.DependencyInjection.ServiceLookup.CallSiteFactory.TryCreateExact(ServiceDescriptor descriptor, Type serviceType, CallSiteChain callSiteChain, Int32 slot)
   at Microsoft.Extensions.DependencyInjection.ServiceLookup.CallSiteFactory.GetCallSite(ServiceDescriptor serviceDescriptor, CallSiteChain callSiteChain)
   at Microsoft.Extensions.DependencyInjection.ServiceProvider.ValidateService(ServiceDescriptor descriptor)
   --- End of inner exception stack trace ---
   at Microsoft.Extensions.DependencyInjection.ServiceProvider.ValidateService(ServiceDescriptor descriptor)
   at Microsoft.Extensions.DependencyInjection.ServiceProvider..ctor(ICollection`1 serviceDescriptors, ServiceProviderOptions options)
2023-10-07 13:38:29.7955|0|DEBUG|Program|init main 
2023-10-07 13:38:29.9170|12|DEBUG|Microsoft.AspNetCore.Mvc.ModelBinding.ModelBinderFactory|Registered model binder providers, in the following order: Microsoft.AspNetCore.Mvc.ModelBinding.Binders.BinderTypeModelBinderProvider, Microsoft.AspNetCore.Mvc.ModelBinding.Binders.ServicesModelBinderProvider, Microsoft.AspNetCore.Mvc.ModelBinding.Binders.BodyModelBinderProvider, Microsoft.AspNetCore.Mvc.ModelBinding.Binders.HeaderModelBinderProvider, Microsoft.AspNetCore.Mvc.ModelBinding.Binders.FloatingPointTypeModelBinderProvider, Microsoft.AspNetCore.Mvc.ModelBinding.Binders.EnumTypeModelBinderProvider, Microsoft.AspNetCore.Mvc.ModelBinding.Binders.DateTimeModelBinderProvider, Microsoft.AspNetCore.Mvc.ModelBinding.Binders.SimpleTypeModelBinderProvider, Microsoft.AspNetCore.Mvc.ModelBinding.Binders.TryParseModelBinderProvider, Microsoft.AspNetCore.Mvc.ModelBinding.Binders.CancellationTokenModelBinderProvider, Microsoft.AspNetCore.Mvc.ModelBinding.Binders.ByteArrayModelBinderProvider, Microsoft.AspNetCore.Mvc.ModelBinding.Binders.FormFileModelBinderProvider, Microsoft.AspNetCore.Mvc.ModelBinding.Binders.FormCollectionModelBinderProvider, Microsoft.AspNetCore.Mvc.ModelBinding.Binders.KeyValuePairModelBinderProvider, Microsoft.AspNetCore.Mvc.ModelBinding.Binders.DictionaryModelBinderProvider, Microsoft.AspNetCore.Mvc.ModelBinding.Binders.ArrayModelBinderProvider, Microsoft.AspNetCore.Mvc.ModelBinding.Binders.CollectionModelBinderProvider, Microsoft.AspNetCore.Mvc.ModelBinding.Binders.ComplexObjectModelBinderProvider 
2023-10-07 13:38:29.9434|1|DEBUG|Microsoft.Extensions.Hosting.Internal.Host|Hosting starting 
2023-10-07 13:38:29.9763|14|INFO|Microsoft.Hosting.Lifetime|Now listening on: http://localhost:5013 
2023-10-07 13:38:29.9763|13|DEBUG|Microsoft.AspNetCore.Hosting.Diagnostics|Loaded hosting startup assembly ScriptShoes.API 
2023-10-07 13:38:29.9763|0|INFO|Microsoft.Hosting.Lifetime|Application started. Press Ctrl+C to shut down. 
2023-10-07 13:38:29.9763|0|INFO|Microsoft.Hosting.Lifetime|Hosting environment: Development 
2023-10-07 13:38:29.9763|0|INFO|Microsoft.Hosting.Lifetime|Content root path: D:\rider-projects\ScriptShoes\ScriptShoes.API 
2023-10-07 13:38:29.9763|2|DEBUG|Microsoft.Extensions.Hosting.Internal.Host|Hosting started 
2023-10-07 13:38:30.1473|6|DEBUG|Microsoft.AspNetCore.Server.Kestrel.Transport.Sockets|Connection id "0HMU757MTUDHA" received FIN. 
2023-10-07 13:38:30.1473|39|DEBUG|Microsoft.AspNetCore.Server.Kestrel.Connections|Connection id "0HMU757MTUDHA" accepted. 
2023-10-07 13:38:30.1473|1|DEBUG|Microsoft.AspNetCore.Server.Kestrel.Connections|Connection id "0HMU757MTUDHA" started. 
2023-10-07 13:38:30.1473|7|DEBUG|Microsoft.AspNetCore.Server.Kestrel.Transport.Sockets|Connection id "0HMU757MTUDHA" sending FIN because: "The Socket transport's send loop completed gracefully." 
2023-10-07 13:38:30.1473|10|DEBUG|Microsoft.AspNetCore.Server.Kestrel.Connections|Connection id "0HMU757MTUDHA" disconnecting. 
2023-10-07 13:38:30.1612|2|DEBUG|Microsoft.AspNetCore.Server.Kestrel.Connections|Connection id "0HMU757MTUDHA" stopped. 
2023-10-07 13:38:30.1996|39|DEBUG|Microsoft.AspNetCore.Server.Kestrel.Connections|Connection id "0HMU757MTUDHB" accepted. 
2023-10-07 13:38:30.1996|1|DEBUG|Microsoft.AspNetCore.Server.Kestrel.Connections|Connection id "0HMU757MTUDHB" started. 
2023-10-07 13:38:30.1996|39|DEBUG|Microsoft.AspNetCore.Server.Kestrel.Connections|Connection id "0HMU757MTUDHC" accepted. 
2023-10-07 13:38:30.1996|1|DEBUG|Microsoft.AspNetCore.Server.Kestrel.Connections|Connection id "0HMU757MTUDHC" started. 
2023-10-07 13:38:30.2247|1|INFO|Microsoft.AspNetCore.Hosting.Diagnostics|Request starting HTTP/1.1 GET http://localhost:5013/swagger/index.html - - 
2023-10-07 13:38:30.2247|0|DEBUG|Microsoft.AspNetCore.HostFiltering.HostFilteringMiddleware|Wildcard detected, all requests with hosts will be allowed. 
2023-10-07 13:38:30.2247|2|TRACE|Microsoft.AspNetCore.HostFiltering.HostFilteringMiddleware|All hosts are allowed. 
2023-10-07 13:38:30.2502|1000|DEBUG|Microsoft.AspNetCore.Routing.Matching.DfaMatcher|No candidates found for the request path '/swagger/index.html' 
2023-10-07 13:38:30.2502|2|DEBUG|Microsoft.AspNetCore.Routing.EndpointRoutingMiddleware|Request did not match any endpoints 
2023-10-07 13:38:30.3366|9|DEBUG|Microsoft.AspNetCore.Server.Kestrel.Connections|Connection id "0HMU757MTUDHB" completed keep alive response. 
2023-10-07 13:38:30.3366|2|INFO|Microsoft.AspNetCore.Hosting.Diagnostics|Request finished HTTP/1.1 GET http://localhost:5013/swagger/index.html - - - 200 - text/html;charset=utf-8 115.4245ms 
2023-10-07 13:38:30.6661|1|INFO|Microsoft.AspNetCore.Hosting.Diagnostics|Request starting HTTP/1.1 GET http://localhost:5013/swagger/v1/swagger.json - - 
2023-10-07 13:38:30.6661|2|TRACE|Microsoft.AspNetCore.HostFiltering.HostFilteringMiddleware|All hosts are allowed. 
2023-10-07 13:38:30.6661|1000|DEBUG|Microsoft.AspNetCore.Routing.Matching.DfaMatcher|No candidates found for the request path '/swagger/v1/swagger.json' 
2023-10-07 13:38:30.6661|2|DEBUG|Microsoft.AspNetCore.Routing.EndpointRoutingMiddleware|Request did not match any endpoints 
2023-10-07 13:38:30.7514|9|DEBUG|Microsoft.AspNetCore.Server.Kestrel.Connections|Connection id "0HMU757MTUDHB" completed keep alive response. 
2023-10-07 13:38:30.7514|2|INFO|Microsoft.AspNetCore.Hosting.Diagnostics|Request finished HTTP/1.1 GET http://localhost:5013/swagger/v1/swagger.json - - - 200 - application/json;charset=utf-8 85.4965ms 
2023-10-07 13:38:34.8591|1|INFO|Microsoft.AspNetCore.Hosting.Diagnostics|Request starting HTTP/1.1 GET http://localhost:5013/api/shoe/getAll - - 
2023-10-07 13:38:34.8591|2|TRACE|Microsoft.AspNetCore.HostFiltering.HostFilteringMiddleware|All hosts are allowed. 
2023-10-07 13:38:34.8591|1001|DEBUG|Microsoft.AspNetCore.Routing.Matching.DfaMatcher|1 candidate(s) found for the request path '/api/shoe/getAll' 
2023-10-07 13:38:34.8591|1005|DEBUG|Microsoft.AspNetCore.Routing.Matching.DfaMatcher|Endpoint 'ScriptShoes.API.Controllers.ShoeController.GetAllShoes (ScriptShoes.API)' with route pattern 'api/shoe/getAll' is valid for the request path '/api/shoe/getAll' 
2023-10-07 13:38:34.8591|1|DEBUG|Microsoft.AspNetCore.Routing.EndpointRoutingMiddleware|Request matched endpoint 'ScriptShoes.API.Controllers.ShoeController.GetAllShoes (ScriptShoes.API)' 
2023-10-07 13:38:34.8591|15|DEBUG|Microsoft.AspNetCore.StaticFiles.StaticFileMiddleware|Static files was skipped as the request already matched an endpoint. 
2023-10-07 13:38:34.8591|3|WARN|Microsoft.AspNetCore.HttpsPolicy.HttpsRedirectionMiddleware|Failed to determine the https port for redirect. 
2023-10-07 13:38:34.8721|24|INFO|Microsoft.AspNetCore.ResponseCaching.ResponseCachingMiddleware|No cached response available for this request. 
2023-10-07 13:38:34.8721|0|INFO|Microsoft.AspNetCore.Routing.EndpointMiddleware|Executing endpoint 'ScriptShoes.API.Controllers.ShoeController.GetAllShoes (ScriptShoes.API)' 
2023-10-07 13:38:34.8721|102|INFO|Microsoft.AspNetCore.Mvc.Infrastructure.ControllerActionInvoker|Route matched with {action = "GetAllShoes", controller = "Shoe"}. Executing controller action with signature System.Threading.Tasks.Task`1[Microsoft.AspNetCore.Mvc.ActionResult`1[System.Collections.Generic.List`1[ScriptShoes.Application.Models.Shoe.GetShoeDto]]] GetAllShoes() on controller ScriptShoes.API.Controllers.ShoeController (ScriptShoes.API). 
2023-10-07 13:38:34.8721|1|DEBUG|Microsoft.AspNetCore.Mvc.Infrastructure.ControllerActionInvoker|Execution plan of authorization filters (in the following order): None 
2023-10-07 13:38:34.8721|1|DEBUG|Microsoft.AspNetCore.Mvc.Infrastructure.ControllerActionInvoker|Execution plan of resource filters (in the following order): None 
2023-10-07 13:38:34.8721|1|DEBUG|Microsoft.AspNetCore.Mvc.Infrastructure.ControllerActionInvoker|Execution plan of action filters (in the following order): Microsoft.AspNetCore.Mvc.ModelBinding.UnsupportedContentTypeFilter (Order: -3000), Microsoft.AspNetCore.Mvc.Infrastructure.ModelStateInvalidFilter (Order: -2000) 
2023-10-07 13:38:34.8721|1|DEBUG|Microsoft.AspNetCore.Mvc.Infrastructure.ControllerActionInvoker|Execution plan of exception filters (in the following order): None 
2023-10-07 13:38:34.8721|1|DEBUG|Microsoft.AspNetCore.Mvc.Infrastructure.ControllerActionInvoker|Execution plan of result filters (in the following order): Microsoft.AspNetCore.Mvc.Infrastructure.ClientErrorResultFilter (Order: -2000) 
2023-10-07 13:38:34.8721|1|DEBUG|Microsoft.AspNetCore.Mvc.Infrastructure.ControllerActionInvoker|Executing controller factory for controller ScriptShoes.API.Controllers.ShoeController (ScriptShoes.API) 
2023-10-07 13:38:34.8721|2|DEBUG|Microsoft.AspNetCore.Mvc.Infrastructure.ControllerActionInvoker|Executed controller factory for controller ScriptShoes.API.Controllers.ShoeController (ScriptShoes.API) 
2023-10-07 13:38:34.8721|52|TRACE|Microsoft.AspNetCore.Mvc.Infrastructure.ControllerActionInvoker|Action Filter: Before executing OnActionExecuting on filter Microsoft.AspNetCore.Mvc.ModelBinding.UnsupportedContentTypeFilter. 
2023-10-07 13:38:34.8721|53|TRACE|Microsoft.AspNetCore.Mvc.Infrastructure.ControllerActionInvoker|Action Filter: After executing OnActionExecuting on filter Microsoft.AspNetCore.Mvc.ModelBinding.UnsupportedContentTypeFilter. 
2023-10-07 13:38:34.8721|52|TRACE|Microsoft.AspNetCore.Mvc.Infrastructure.ControllerActionInvoker|Action Filter: Before executing OnActionExecuting on filter Microsoft.AspNetCore.Mvc.Infrastructure.ModelStateInvalidFilter. 
2023-10-07 13:38:34.8721|53|TRACE|Microsoft.AspNetCore.Mvc.Infrastructure.ControllerActionInvoker|Action Filter: After executing OnActionExecuting on filter Microsoft.AspNetCore.Mvc.Infrastructure.ModelStateInvalidFilter. 
2023-10-07 13:38:34.8907|101|INFO|Microsoft.AspNetCore.Mvc.Infrastructure.ControllerActionInvoker|Executing action method ScriptShoes.API.Controllers.ShoeController.GetAllShoes (ScriptShoes.API) - Validation state: Valid 
2023-10-07 13:38:34.9842|10401|DEBUG|Microsoft.EntityFrameworkCore.Infrastructure|An 'IServiceProvider' was created for internal use by Entity Framework. 
2023-10-07 13:38:35.6295|10403|DEBUG|Microsoft.EntityFrameworkCore.Infrastructure|Entity Framework Core 7.0.11 initialized 'AppDbContext' using provider 'Npgsql.EntityFrameworkCore.PostgreSQL:7.0.11+c25a0d7b68d66c6ab3849a3b4333964faea6adc9' with options: None 
2023-10-07 13:38:35.6563|10111|DEBUG|Microsoft.EntityFrameworkCore.Query|Compiling query expression: 
'DbSet<Shoe>()
    .AsNoTracking()' 
2023-10-07 13:38:35.7590|10107|DEBUG|Microsoft.EntityFrameworkCore.Query|Generated query execution expression: 
'queryContext => new SingleQueryingEnumerable<Shoe>(
    (RelationalQueryContext)queryContext, 
    RelationalCommandCache.QueryExpression(
        Projection Mapping:
            EmptyProjectionMember -> Dictionary<IProperty, int> { [Property: Shoe.Id (int) Required PK AfterSave:Throw ValueGenerated.OnAdd, 0], [Property: Shoe.AverageRating (float?), 1], [Property: Shoe.Brand (string) Required, 2], [Property: Shoe.Created (DateTime) Required, 3], [Property: Shoe.CurrentPrice (float) Required, 4], [Property: Shoe.Images (List<string>), 5], [Property: Shoe.LastModified (DateTime) Required, 6], [Property: Shoe.NumberOfReviews (int?), 7], [Property: Shoe.PriceBeforeDiscount (float?), 8], [Property: Shoe.ShoeName (string) Required, 9], [Property: Shoe.ShoeSizes (List<float>), 10], [Property: Shoe.ShoeType (string) Required, 11], [Property: Shoe.ThumbnailImage (string), 12], [Property: Shoe.UserId (int) Required, 13] }
        SELECT s.Id, s.AverageRating, s.Brand, s.Created, s.CurrentPrice, s.Images, s.LastModified, s.NumberOfReviews, s.PriceBeforeDiscount, s.ShoeName, s.ShoeSizes, s.ShoeType, s.ThumbnailImage, s.UserId
        FROM Shoes AS s), 
    null, 
    Func<QueryContext, DbDataReader, ResultContext, SingleQueryResultCoordinator, Shoe>, 
    ScriptShoes.Persistence.Database.AppDbContext, 
    False, 
    False, 
    True
)' 
2023-10-07 13:38:35.7819|20103|DEBUG|Microsoft.EntityFrameworkCore.Database.Command|Creating DbCommand for 'ExecuteReader'. 
2023-10-07 13:38:35.7819|20005|DEBUG|Microsoft.EntityFrameworkCore.Database.Connection|Creating DbConnection. 
2023-10-07 13:38:35.8071|20006|DEBUG|Microsoft.EntityFrameworkCore.Database.Connection|Created DbConnection. (21ms). 
2023-10-07 13:38:35.8121|20104|DEBUG|Microsoft.EntityFrameworkCore.Database.Command|Created DbCommand for 'ExecuteReader' (28ms). 
2023-10-07 13:38:35.8121|20106|DEBUG|Microsoft.EntityFrameworkCore.Database.Command|Initialized DbCommand for 'ExecuteReader' (32ms). 
2023-10-07 13:38:35.8121|20000|DEBUG|Microsoft.EntityFrameworkCore.Database.Connection|Opening connection to database 'ScriptShoesDb' on server ''. 
2023-10-07 13:38:35.9334|20001|DEBUG|Microsoft.EntityFrameworkCore.Database.Connection|Opened connection to database 'ScriptShoesDb' on server 'tcp://localhost:5432'. 
2023-10-07 13:38:35.9334|20100|DEBUG|Microsoft.EntityFrameworkCore.Database.Command|Executing DbCommand [Parameters=[], CommandType='Text', CommandTimeout='30']
SELECT s."Id", s."AverageRating", s."Brand", s."Created", s."CurrentPrice", s."Images", s."LastModified", s."NumberOfReviews", s."PriceBeforeDiscount", s."ShoeName", s."ShoeSizes", s."ShoeType", s."ThumbnailImage", s."UserId"
FROM "Shoes" AS s 
2023-10-07 13:38:35.9754|20101|INFO|Microsoft.EntityFrameworkCore.Database.Command|Executed DbCommand (31ms) [Parameters=[], CommandType='Text', CommandTimeout='30']
SELECT s."Id", s."AverageRating", s."Brand", s."Created", s."CurrentPrice", s."Images", s."LastModified", s."NumberOfReviews", s."PriceBeforeDiscount", s."ShoeName", s."ShoeSizes", s."ShoeType", s."ThumbnailImage", s."UserId"
FROM "Shoes" AS s 
2023-10-07 13:38:36.0063|20301|DEBUG|Microsoft.EntityFrameworkCore.Database.Command|Closing data reader to 'ScriptShoesDb' on server 'tcp://localhost:5432'. 
2023-10-07 13:38:36.0063|20300|DEBUG|Microsoft.EntityFrameworkCore.Database.Command|A data reader for 'ScriptShoesDb' on server 'tcp://localhost:5432' is being disposed after spending 33ms reading results. 
2023-10-07 13:38:36.0197|20002|DEBUG|Microsoft.EntityFrameworkCore.Database.Connection|Closing connection to database 'ScriptShoesDb' on server 'tcp://localhost:5432'. 
2023-10-07 13:38:36.0197|20003|DEBUG|Microsoft.EntityFrameworkCore.Database.Connection|Closed connection to database 'ScriptShoesDb' on server '' (4ms). 
2023-10-07 13:38:36.0197|0|DEBUG|ScriptShoes.Application.Features.Shoe.Queries.GetAllShoes.GetAllShoesQueryHandler|HEllo! 
2023-10-07 13:38:36.1513|103|INFO|Microsoft.AspNetCore.Mvc.Infrastructure.ControllerActionInvoker|Executed action method ScriptShoes.API.Controllers.ShoeController.GetAllShoes (ScriptShoes.API), returned result Microsoft.AspNetCore.Mvc.OkObjectResult in 1257.3313ms. 
2023-10-07 13:38:36.1513|52|TRACE|Microsoft.AspNetCore.Mvc.Infrastructure.ControllerActionInvoker|Action Filter: Before executing OnActionExecuted on filter Microsoft.AspNetCore.Mvc.Infrastructure.ModelStateInvalidFilter. 
2023-10-07 13:38:36.1513|53|TRACE|Microsoft.AspNetCore.Mvc.Infrastructure.ControllerActionInvoker|Action Filter: After executing OnActionExecuted on filter Microsoft.AspNetCore.Mvc.Infrastructure.ModelStateInvalidFilter. 
2023-10-07 13:38:36.1513|52|TRACE|Microsoft.AspNetCore.Mvc.Infrastructure.ControllerActionInvoker|Action Filter: Before executing OnActionExecuted on filter Microsoft.AspNetCore.Mvc.ModelBinding.UnsupportedContentTypeFilter. 
2023-10-07 13:38:36.1513|53|TRACE|Microsoft.AspNetCore.Mvc.Infrastructure.ControllerActionInvoker|Action Filter: After executing OnActionExecuted on filter Microsoft.AspNetCore.Mvc.ModelBinding.UnsupportedContentTypeFilter. 
2023-10-07 13:38:36.1513|52|TRACE|Microsoft.AspNetCore.Mvc.Infrastructure.ControllerActionInvoker|Result Filter: Before executing OnResultExecuting on filter Microsoft.AspNetCore.Mvc.Infrastructure.ClientErrorResultFilter. 
2023-10-07 13:38:36.1513|53|TRACE|Microsoft.AspNetCore.Mvc.Infrastructure.ControllerActionInvoker|Result Filter: After executing OnResultExecuting on filter Microsoft.AspNetCore.Mvc.Infrastructure.ClientErrorResultFilter. 
2023-10-07 13:38:36.1513|5|TRACE|Microsoft.AspNetCore.Mvc.Infrastructure.ControllerActionInvoker|Before executing action result Microsoft.AspNetCore.Mvc.OkObjectResult. 
2023-10-07 13:38:36.1552|11|DEBUG|Microsoft.AspNetCore.Mvc.Infrastructure.DefaultOutputFormatterSelector|List of registered output formatters, in the following order: Microsoft.AspNetCore.Mvc.Formatters.HttpNoContentOutputFormatter, Microsoft.AspNetCore.Mvc.Formatters.StringOutputFormatter, Microsoft.AspNetCore.Mvc.Formatters.StreamOutputFormatter, Microsoft.AspNetCore.Mvc.Formatters.SystemTextJsonOutputFormatter 
2023-10-07 13:38:36.1552|6|DEBUG|Microsoft.AspNetCore.Mvc.Infrastructure.DefaultOutputFormatterSelector|Attempting to select an output formatter based on Accept header 'text/plain'. 
2023-10-07 13:38:36.1552|5|DEBUG|Microsoft.AspNetCore.Mvc.Infrastructure.DefaultOutputFormatterSelector|Could not find an output formatter based on content negotiation. Accepted types were (text/plain) 
2023-10-07 13:38:36.1552|8|DEBUG|Microsoft.AspNetCore.Mvc.Infrastructure.DefaultOutputFormatterSelector|Attempting to select an output formatter without using a content type as no explicit content types were specified for the response. 
2023-10-07 13:38:36.1552|10|DEBUG|Microsoft.AspNetCore.Mvc.Infrastructure.DefaultOutputFormatterSelector|Attempting to select the first formatter in the output formatters list which can write the result. 
2023-10-07 13:38:36.1552|2|DEBUG|Microsoft.AspNetCore.Mvc.Infrastructure.DefaultOutputFormatterSelector|Selected output formatter 'Microsoft.AspNetCore.Mvc.Formatters.SystemTextJsonOutputFormatter' and content type 'application/json' to write the response. 
2023-10-07 13:38:36.1552|1|INFO|Microsoft.AspNetCore.Mvc.Infrastructure.ObjectResultExecutor|Executing OkObjectResult, writing value of type 'System.Collections.Generic.List`1[[ScriptShoes.Application.Models.Shoe.GetShoeDto, ScriptShoes.Application, Version=1.0.0.0, Culture=neutral, PublicKeyToken=null]]'. 
2023-10-07 13:38:36.1845|11|DEBUG|Microsoft.AspNetCore.ResponseCaching.ResponseCachingMiddleware|Response is not cacheable because it does not contain the 'public' cache directive. 
2023-10-07 13:38:36.1845|6|TRACE|Microsoft.AspNetCore.Mvc.Infrastructure.ControllerActionInvoker|After executing action result Microsoft.AspNetCore.Mvc.OkObjectResult. 
2023-10-07 13:38:36.1845|52|TRACE|Microsoft.AspNetCore.Mvc.Infrastructure.ControllerActionInvoker|Result Filter: Before executing OnResultExecuted on filter Microsoft.AspNetCore.Mvc.Infrastructure.ClientErrorResultFilter. 
2023-10-07 13:38:36.1845|53|TRACE|Microsoft.AspNetCore.Mvc.Infrastructure.ControllerActionInvoker|Result Filter: After executing OnResultExecuted on filter Microsoft.AspNetCore.Mvc.Infrastructure.ClientErrorResultFilter. 
2023-10-07 13:38:36.1845|105|INFO|Microsoft.AspNetCore.Mvc.Infrastructure.ControllerActionInvoker|Executed action ScriptShoes.API.Controllers.ShoeController.GetAllShoes (ScriptShoes.API) in 1299.6252ms 
2023-10-07 13:38:36.1845|1|INFO|Microsoft.AspNetCore.Routing.EndpointMiddleware|Executed endpoint 'ScriptShoes.API.Controllers.ShoeController.GetAllShoes (ScriptShoes.API)' 
2023-10-07 13:38:36.1845|27|INFO|Microsoft.AspNetCore.ResponseCaching.ResponseCachingMiddleware|The response could not be cached for this request. 
2023-10-07 13:38:36.1845|9|DEBUG|Microsoft.AspNetCore.Server.Kestrel.Connections|Connection id "0HMU757MTUDHB" completed keep alive response. 
2023-10-07 13:38:36.1845|10407|DEBUG|Microsoft.EntityFrameworkCore.Infrastructure|'AppDbContext' disposed. 
2023-10-07 13:38:36.1987|20007|DEBUG|Microsoft.EntityFrameworkCore.Database.Connection|Disposing connection to database 'ScriptShoesDb' on server ''. 
2023-10-07 13:38:36.1987|20008|DEBUG|Microsoft.EntityFrameworkCore.Database.Connection|Disposed connection to database 'ScriptShoesDb' on server '' (1ms). 
2023-10-07 13:38:36.1987|2|INFO|Microsoft.AspNetCore.Hosting.Diagnostics|Request finished HTTP/1.1 GET http://localhost:5013/api/shoe/getAll - - - 200 - application/json;+charset=utf-8 1341.8074ms 
2023-10-07 13:39:40.5365|0|INFO|Microsoft.Hosting.Lifetime|Application is shutting down... 
2023-10-07 13:39:40.5365|3|DEBUG|Microsoft.Extensions.Hosting.Internal.Host|Hosting stopping 
2023-10-07 13:39:40.5460|10|DEBUG|Microsoft.AspNetCore.Server.Kestrel.Connections|Connection id "0HMU757MTUDHC" disconnecting. 
2023-10-07 13:39:40.5460|10|DEBUG|Microsoft.AspNetCore.Server.Kestrel.Connections|Connection id "0HMU757MTUDHB" disconnecting. 
2023-10-07 13:39:40.5460|2|DEBUG|Microsoft.AspNetCore.Server.Kestrel.Connections|Connection id "0HMU757MTUDHC" stopped. 
2023-10-07 13:39:40.5460|2|DEBUG|Microsoft.AspNetCore.Server.Kestrel.Connections|Connection id "0HMU757MTUDHB" stopped. 
2023-10-07 13:39:40.5460|7|DEBUG|Microsoft.AspNetCore.Server.Kestrel.Transport.Sockets|Connection id "0HMU757MTUDHC" sending FIN because: "The Socket transport's send loop completed gracefully." 
2023-10-07 13:39:40.5460|7|DEBUG|Microsoft.AspNetCore.Server.Kestrel.Transport.Sockets|Connection id "0HMU757MTUDHB" sending FIN because: "The Socket transport's send loop completed gracefully." 
2023-10-07 13:39:40.5460|4|DEBUG|Microsoft.Extensions.Hosting.Internal.Host|Hosting stopped 
