2023-10-12 19:07:58.5541|0|DEBUG|Program|init main |url: |action: 
2023-10-12 19:08:01.1550|14|INFO|Microsoft.Hosting.Lifetime|Now listening on: http://localhost:5013 |url: |action: 
2023-10-12 19:08:01.1582|0|INFO|Microsoft.Hosting.Lifetime|Application started. Press Ctrl+C to shut down. |url: |action: 
2023-10-12 19:08:01.1582|0|INFO|Microsoft.Hosting.Lifetime|Hosting environment: Development |url: |action: 
2023-10-12 19:08:01.1582|0|INFO|Microsoft.Hosting.Lifetime|Content root path: D:\rider-projects\ScriptShoes\ScriptShoes.API |url: |action: 
2023-10-12 19:08:16.2386|3|WARN|Microsoft.AspNetCore.HttpsPolicy.HttpsRedirectionMiddleware|Failed to determine the https port for redirect. |url: http://localhost/api/shoe/create|action: CreateShoe
2023-10-12 19:08:16.7403|0|INFO|ScriptShoes.API.Middlewares.ErrorHandlingMiddleware|/api/shoe/create has been invoked |url: http://localhost/api/shoe/create|action: CreateShoe
2023-10-12 19:08:19.0014|0|FATAL|ScriptShoes.API.Middlewares.ErrorHandlingMiddleware|Validation failed: 
 -- Dto.ThumbnailImage.Length: 'Dto Thumbnail Image Length' must be less than '2'. Severity: Error
 -- Dto.CurrentPrice: 'Dto Current Price' must be greater than '0'. Severity: Error |url: http://localhost/api/shoe/create|action: CreateShoe
2023-10-12 19:18:10.2911|0|INFO|Microsoft.Hosting.Lifetime|Application is shutting down... |url: |action: 
2023-10-12 19:18:13.7404|0|DEBUG|Program|init main |url: |action: 
2023-10-12 19:18:13.9950|14|INFO|Microsoft.Hosting.Lifetime|Now listening on: http://localhost:5013 |url: |action: 
2023-10-12 19:18:13.9950|0|INFO|Microsoft.Hosting.Lifetime|Application started. Press Ctrl+C to shut down. |url: |action: 
2023-10-12 19:18:13.9950|0|INFO|Microsoft.Hosting.Lifetime|Hosting environment: Development |url: |action: 
2023-10-12 19:18:13.9950|0|INFO|Microsoft.Hosting.Lifetime|Content root path: D:\rider-projects\ScriptShoes\ScriptShoes.API |url: |action: 
2023-10-12 19:18:18.6806|3|WARN|Microsoft.AspNetCore.HttpsPolicy.HttpsRedirectionMiddleware|Failed to determine the https port for redirect. |url: http://localhost/api/shoe/create|action: CreateShoe
2023-10-12 19:18:18.7009|0|INFO|ScriptShoes.API.Middlewares.ErrorHandlingMiddleware|/api/shoe/create has been invoked |url: http://localhost/api/shoe/create|action: CreateShoe
2023-10-12 19:18:33.2158|0|INFO|Microsoft.Hosting.Lifetime|Application is shutting down... |url: |action: 
2023-10-12 19:18:38.6113|0|DEBUG|Program|init main |url: |action: 
2023-10-12 19:18:38.8314|14|INFO|Microsoft.Hosting.Lifetime|Now listening on: http://localhost:5013 |url: |action: 
2023-10-12 19:18:38.8314|0|INFO|Microsoft.Hosting.Lifetime|Application started. Press Ctrl+C to shut down. |url: |action: 
2023-10-12 19:18:38.8314|0|INFO|Microsoft.Hosting.Lifetime|Hosting environment: Development |url: |action: 
2023-10-12 19:18:38.8314|0|INFO|Microsoft.Hosting.Lifetime|Content root path: D:\rider-projects\ScriptShoes\ScriptShoes.API |url: |action: 
2023-10-12 19:18:42.7467|3|WARN|Microsoft.AspNetCore.HttpsPolicy.HttpsRedirectionMiddleware|Failed to determine the https port for redirect. |url: http://localhost/api/shoe/create|action: CreateShoe
2023-10-12 19:18:42.7745|0|INFO|ScriptShoes.API.Middlewares.ErrorHandlingMiddleware|/api/shoe/create has been invoked |url: http://localhost/api/shoe/create|action: CreateShoe
2023-10-12 19:18:57.8305|0|INFO|ScriptShoes.API.Middlewares.ErrorHandlingMiddleware|/api/user/register has been invoked |url: http://localhost/api/user/register|action: Register
2023-10-12 19:19:03.8731|0|INFO|Microsoft.Hosting.Lifetime|Application is shutting down... |url: |action: 
2023-10-12 19:19:09.1757|0|DEBUG|Program|init main |url: |action: 
2023-10-12 19:19:09.3871|14|INFO|Microsoft.Hosting.Lifetime|Now listening on: http://localhost:5013 |url: |action: 
2023-10-12 19:19:09.3871|0|INFO|Microsoft.Hosting.Lifetime|Application started. Press Ctrl+C to shut down. |url: |action: 
2023-10-12 19:19:09.3871|0|INFO|Microsoft.Hosting.Lifetime|Hosting environment: Development |url: |action: 
2023-10-12 19:19:09.3871|0|INFO|Microsoft.Hosting.Lifetime|Content root path: D:\rider-projects\ScriptShoes\ScriptShoes.API |url: |action: 
2023-10-12 19:19:13.5306|3|WARN|Microsoft.AspNetCore.HttpsPolicy.HttpsRedirectionMiddleware|Failed to determine the https port for redirect. |url: http://localhost/api/user/register|action: Register
2023-10-12 19:19:13.5570|0|INFO|ScriptShoes.API.Middlewares.ErrorHandlingMiddleware|/api/user/register has been invoked |url: http://localhost/api/user/register|action: Register
2023-10-12 19:19:45.6276|0|INFO|Microsoft.Hosting.Lifetime|Application is shutting down... |url: |action: 
2023-10-12 19:19:51.1297|0|DEBUG|Program|init main |url: |action: 
2023-10-12 19:19:51.3494|14|INFO|Microsoft.Hosting.Lifetime|Now listening on: http://localhost:5013 |url: |action: 
2023-10-12 19:19:51.3494|0|INFO|Microsoft.Hosting.Lifetime|Application started. Press Ctrl+C to shut down. |url: |action: 
2023-10-12 19:19:51.3494|0|INFO|Microsoft.Hosting.Lifetime|Hosting environment: Development |url: |action: 
2023-10-12 19:19:51.3494|0|INFO|Microsoft.Hosting.Lifetime|Content root path: D:\rider-projects\ScriptShoes\ScriptShoes.API |url: |action: 
2023-10-12 19:19:55.0250|3|WARN|Microsoft.AspNetCore.HttpsPolicy.HttpsRedirectionMiddleware|Failed to determine the https port for redirect. |url: http://localhost/api/shoe/create|action: CreateShoe
2023-10-12 19:19:55.0574|0|INFO|ScriptShoes.API.Middlewares.ErrorHandlingMiddleware|/api/shoe/create has been invoked |url: http://localhost/api/shoe/create|action: CreateShoe
2023-10-12 19:20:12.9538|0|INFO|Microsoft.Hosting.Lifetime|Application is shutting down... |url: |action: 
2023-10-12 20:32:12.8458|0|DEBUG|Program|init main |url: |action: 
2023-10-12 20:32:13.3496|0|ERROR|Program|Stopped program because of exception Microsoft.Extensions.Hosting.HostAbortedException: The host was aborted.
   at Microsoft.Extensions.Hosting.HostFactoryResolver.HostingListener.ThrowHostAborted()
   at Microsoft.Extensions.Hosting.HostFactoryResolver.HostingListener.OnNext(KeyValuePair`2 value)
   at System.Diagnostics.DiagnosticListener.Write(String name, Object value)
   at Microsoft.Extensions.Hosting.HostBuilder.ResolveHost(IServiceProvider serviceProvider, DiagnosticListener diagnosticListener)
   at Microsoft.Extensions.Hosting.HostApplicationBuilder.Build()
   at Microsoft.AspNetCore.Builder.WebApplicationBuilder.Build()
   at Program.<Main>$(String[] args) in D:\rider-projects\ScriptShoes\ScriptShoes.API\Program.cs:line 42|url: |action: 
2023-10-12 20:32:35.3792|0|DEBUG|Program|init main |url: |action: 
2023-10-12 20:32:35.4750|0|ERROR|Program|Stopped program because of exception Microsoft.Extensions.Hosting.HostAbortedException: The host was aborted.
   at Microsoft.Extensions.Hosting.HostFactoryResolver.HostingListener.ThrowHostAborted()
   at Microsoft.Extensions.Hosting.HostFactoryResolver.HostingListener.OnNext(KeyValuePair`2 value)
   at System.Diagnostics.DiagnosticListener.Write(String name, Object value)
   at Microsoft.Extensions.Hosting.HostBuilder.ResolveHost(IServiceProvider serviceProvider, DiagnosticListener diagnosticListener)
   at Microsoft.Extensions.Hosting.HostApplicationBuilder.Build()
   at Microsoft.AspNetCore.Builder.WebApplicationBuilder.Build()
   at Program.<Main>$(String[] args) in D:\rider-projects\ScriptShoes\ScriptShoes.API\Program.cs:line 42|url: |action: 
