2023-10-29 13:34:48.7338|0|DEBUG|Program|init main |url: |action: 
2023-10-29 13:34:51.3776|14|INFO|Microsoft.Hosting.Lifetime|Now listening on: http://localhost:5013 |url: |action: 
2023-10-29 13:34:51.3776|0|INFO|Microsoft.Hosting.Lifetime|Application started. Press Ctrl+C to shut down. |url: |action: 
2023-10-29 13:34:51.3804|0|INFO|Microsoft.Hosting.Lifetime|Hosting environment: Development |url: |action: 
2023-10-29 13:34:51.3804|0|INFO|Microsoft.Hosting.Lifetime|Content root path: D:\rider-projects\ScriptShoes\ScriptShoes.API |url: |action: 
2023-10-29 13:34:59.8063|0|INFO|Microsoft.Hosting.Lifetime|Application is shutting down... |url: |action: 
2023-10-29 13:35:26.0101|0|DEBUG|Program|init main |url: |action: 
2023-10-29 13:35:26.2556|14|INFO|Microsoft.Hosting.Lifetime|Now listening on: http://localhost:5013 |url: |action: 
2023-10-29 13:35:26.2556|0|INFO|Microsoft.Hosting.Lifetime|Application started. Press Ctrl+C to shut down. |url: |action: 
2023-10-29 13:35:26.2556|0|INFO|Microsoft.Hosting.Lifetime|Hosting environment: Development |url: |action: 
2023-10-29 13:35:26.2556|0|INFO|Microsoft.Hosting.Lifetime|Content root path: D:\rider-projects\ScriptShoes\ScriptShoes.API |url: |action: 
2023-10-29 13:35:58.8187|3|WARN|Microsoft.AspNetCore.HttpsPolicy.HttpsRedirectionMiddleware|Failed to determine the https port for redirect. |url: http://localhost/api/shoe/getAll|action: GetAllShoes
2023-10-29 13:35:59.2566|0|INFO|ScriptShoes.API.Middlewares.ErrorHandlingMiddleware|/api/shoe/getAll has been invoked |url: http://localhost/api/shoe/getAll|action: GetAllShoes
2023-10-29 13:36:02.3649|0|INFO|ScriptShoes.API.Middlewares.ErrorHandlingMiddleware|/api/shoe/getAll has been invoked |url: http://localhost/api/shoe/getAll|action: GetAllShoes
2023-10-29 13:36:04.4920|0|INFO|ScriptShoes.API.Middlewares.ErrorHandlingMiddleware|/api/shoe/getAll has been invoked |url: http://localhost/api/shoe/getAll|action: GetAllShoes
2023-10-29 13:36:05.9310|0|INFO|ScriptShoes.API.Middlewares.ErrorHandlingMiddleware|/api/shoe/getAll has been invoked |url: http://localhost/api/shoe/getAll|action: GetAllShoes
2023-10-29 13:36:07.1841|0|INFO|ScriptShoes.API.Middlewares.ErrorHandlingMiddleware|/api/shoe/getAll has been invoked |url: http://localhost/api/shoe/getAll|action: GetAllShoes
2023-10-29 13:36:10.6389|0|INFO|ScriptShoes.API.Middlewares.ErrorHandlingMiddleware|/api/shoe/getAll has been invoked |url: http://localhost/api/shoe/getAll|action: GetAllShoes
2023-10-29 13:36:12.1432|0|INFO|ScriptShoes.API.Middlewares.ErrorHandlingMiddleware|/api/shoe/getAll has been invoked |url: http://localhost/api/shoe/getAll|action: GetAllShoes
2023-10-29 13:36:13.4592|0|INFO|ScriptShoes.API.Middlewares.ErrorHandlingMiddleware|/api/shoe/getAll has been invoked |url: http://localhost/api/shoe/getAll|action: GetAllShoes
2023-10-29 13:36:14.9834|0|INFO|ScriptShoes.API.Middlewares.ErrorHandlingMiddleware|/api/shoe/getAll has been invoked |url: http://localhost/api/shoe/getAll|action: GetAllShoes
2023-10-29 13:36:16.2469|0|INFO|ScriptShoes.API.Middlewares.ErrorHandlingMiddleware|/api/shoe/getAll has been invoked |url: http://localhost/api/shoe/getAll|action: GetAllShoes
2023-10-29 13:36:17.1927|0|INFO|ScriptShoes.API.Middlewares.ErrorHandlingMiddleware|/api/shoe/getAll has been invoked |url: http://localhost/api/shoe/getAll|action: GetAllShoes
2023-10-29 13:36:17.3242|0|INFO|ScriptShoes.API.Middlewares.ErrorHandlingMiddleware|/api/shoe/getAll has been invoked |url: http://localhost/api/shoe/getAll|action: GetAllShoes
2023-10-29 13:36:17.4699|0|INFO|ScriptShoes.API.Middlewares.ErrorHandlingMiddleware|/api/shoe/getAll has been invoked |url: http://localhost/api/shoe/getAll|action: GetAllShoes
2023-10-29 13:36:17.6249|0|INFO|ScriptShoes.API.Middlewares.ErrorHandlingMiddleware|/api/shoe/getAll has been invoked |url: http://localhost/api/shoe/getAll|action: GetAllShoes
2023-10-29 13:36:17.7654|0|INFO|ScriptShoes.API.Middlewares.ErrorHandlingMiddleware|/api/shoe/getAll has been invoked |url: http://localhost/api/shoe/getAll|action: GetAllShoes
2023-10-29 13:36:22.0386|0|INFO|Microsoft.Hosting.Lifetime|Application is shutting down... |url: |action: 
2023-10-29 14:01:32.1171|0|DEBUG|Program|init main |url: |action: 
2023-10-29 14:01:32.3875|0|ERROR|Program|Stopped program because of exception System.InvalidOperationException: Cannot resolve 'MediatR.IRequestHandler`2[ScriptShoes.Application.Features.User.Queries.GetExpiredCodes.GetExpiredCodesQuery,System.Collections.Generic.List`1[ScriptShoes.Domain.Entities.EmailCode]]' from root provider because it requires scoped service 'ScriptShoes.Application.Contracts.Persistence.IEmailCodesRepository'.
   at Microsoft.Extensions.DependencyInjection.ServiceLookup.CallSiteValidator.ValidateResolution(Type serviceType, IServiceScope scope, IServiceScope rootScope)
   at Microsoft.Extensions.DependencyInjection.ServiceProvider.GetService(Type serviceType, ServiceProviderEngineScope serviceProviderEngineScope)
   at Microsoft.Extensions.DependencyInjection.ServiceProviderServiceExtensions.GetRequiredService(IServiceProvider provider, Type serviceType)
   at Microsoft.Extensions.DependencyInjection.ServiceProviderServiceExtensions.GetRequiredService[T](IServiceProvider provider)
   at MediatR.Wrappers.RequestHandlerWrapperImpl`2.<>c__DisplayClass1_0.<Handle>g__Handler|0()
   at ScriptShoes.Application.PipelineBehaviors.ValidationBehavior`2.Handle(TRequest request, RequestHandlerDelegate`1 next, CancellationToken cancellationToken) in D:\rider-projects\ScriptShoes\ScriptShoes.Application\PipelineBehaviors\ValidationBehavior.cs:line 29
   at ScriptShoes.API.BackgroundServices.EmailCodesWorker.ExecuteAsync(CancellationToken stoppingToken) in D:\rider-projects\ScriptShoes\ScriptShoes.API\BackgroundServices\EmailCodesWorker.cs:line 22
   at Microsoft.Extensions.Hosting.Internal.Host.StartAsync(CancellationToken cancellationToken)
   at Microsoft.Extensions.Hosting.HostingAbstractionsHostExtensions.RunAsync(IHost host, CancellationToken token)
   at Microsoft.Extensions.Hosting.HostingAbstractionsHostExtensions.RunAsync(IHost host, CancellationToken token)
   at Microsoft.Extensions.Hosting.HostingAbstractionsHostExtensions.Run(IHost host)
   at Program.<Main>$(String[] args) in D:\rider-projects\ScriptShoes\ScriptShoes.API\Program.cs:line 129|url: |action: 
2023-10-29 14:01:54.1499|0|DEBUG|Program|init main |url: |action: 
2023-10-29 14:01:54.3781|0|ERROR|Program|Stopped program because of exception System.InvalidOperationException: Cannot resolve 'MediatR.IRequestHandler`2[ScriptShoes.Application.Features.User.Queries.GetExpiredCodes.GetExpiredCodesQuery,System.Collections.Generic.List`1[ScriptShoes.Domain.Entities.EmailCode]]' from root provider because it requires scoped service 'ScriptShoes.Application.Contracts.Persistence.IEmailCodesRepository'.
   at Microsoft.Extensions.DependencyInjection.ServiceLookup.CallSiteValidator.ValidateResolution(Type serviceType, IServiceScope scope, IServiceScope rootScope)
   at Microsoft.Extensions.DependencyInjection.ServiceProvider.GetService(Type serviceType, ServiceProviderEngineScope serviceProviderEngineScope)
   at Microsoft.Extensions.DependencyInjection.ServiceProviderServiceExtensions.GetRequiredService(IServiceProvider provider, Type serviceType)
   at Microsoft.Extensions.DependencyInjection.ServiceProviderServiceExtensions.GetRequiredService[T](IServiceProvider provider)
   at MediatR.Wrappers.RequestHandlerWrapperImpl`2.<>c__DisplayClass1_0.<Handle>g__Handler|0()
   at ScriptShoes.Application.PipelineBehaviors.ValidationBehavior`2.Handle(TRequest request, RequestHandlerDelegate`1 next, CancellationToken cancellationToken) in D:\rider-projects\ScriptShoes\ScriptShoes.Application\PipelineBehaviors\ValidationBehavior.cs:line 29
   at ScriptShoes.API.BackgroundServices.EmailCodesWorker.ExecuteAsync(CancellationToken stoppingToken) in D:\rider-projects\ScriptShoes\ScriptShoes.API\BackgroundServices\EmailCodesWorker.cs:line 22
   at Microsoft.Extensions.Hosting.Internal.Host.StartAsync(CancellationToken cancellationToken)
   at Microsoft.Extensions.Hosting.HostingAbstractionsHostExtensions.RunAsync(IHost host, CancellationToken token)
   at Microsoft.Extensions.Hosting.HostingAbstractionsHostExtensions.RunAsync(IHost host, CancellationToken token)
   at Microsoft.Extensions.Hosting.HostingAbstractionsHostExtensions.Run(IHost host)
   at Program.<Main>$(String[] args) in D:\rider-projects\ScriptShoes\ScriptShoes.API\Program.cs:line 129|url: |action: 
2023-10-29 14:03:48.8399|0|DEBUG|Program|init main |url: |action: 
2023-10-29 14:03:49.1479|0|ERROR|Program|Stopped program because of exception System.InvalidOperationException: Cannot resolve 'MediatR.IRequestHandler`2[ScriptShoes.Application.Features.User.Queries.GetExpiredCodes.GetExpiredCodesQuery,System.Collections.Generic.List`1[ScriptShoes.Domain.Entities.EmailCode]]' from root provider because it requires scoped service 'ScriptShoes.Application.Contracts.Persistence.IEmailCodesRepository'.
   at Microsoft.Extensions.DependencyInjection.ServiceLookup.CallSiteValidator.ValidateResolution(Type serviceType, IServiceScope scope, IServiceScope rootScope)
   at Microsoft.Extensions.DependencyInjection.ServiceProvider.GetService(Type serviceType, ServiceProviderEngineScope serviceProviderEngineScope)
   at Microsoft.Extensions.DependencyInjection.ServiceProviderServiceExtensions.GetRequiredService(IServiceProvider provider, Type serviceType)
   at Microsoft.Extensions.DependencyInjection.ServiceProviderServiceExtensions.GetRequiredService[T](IServiceProvider provider)
   at MediatR.Wrappers.RequestHandlerWrapperImpl`2.<>c__DisplayClass1_0.<Handle>g__Handler|0()
   at ScriptShoes.Application.PipelineBehaviors.ValidationBehavior`2.Handle(TRequest request, RequestHandlerDelegate`1 next, CancellationToken cancellationToken) in D:\rider-projects\ScriptShoes\ScriptShoes.Application\PipelineBehaviors\ValidationBehavior.cs:line 29
   at ScriptShoes.API.BackgroundServices.EmailCodesWorker.ExecuteAsync(CancellationToken stoppingToken) in D:\rider-projects\ScriptShoes\ScriptShoes.API\BackgroundServices\EmailCodesWorker.cs:line 22
   at Microsoft.Extensions.Hosting.Internal.Host.StartAsync(CancellationToken cancellationToken)
   at Microsoft.Extensions.Hosting.HostingAbstractionsHostExtensions.RunAsync(IHost host, CancellationToken token)
   at Microsoft.Extensions.Hosting.HostingAbstractionsHostExtensions.RunAsync(IHost host, CancellationToken token)
   at Microsoft.Extensions.Hosting.HostingAbstractionsHostExtensions.Run(IHost host)
   at Program.<Main>$(String[] args) in D:\rider-projects\ScriptShoes\ScriptShoes.API\Program.cs:line 129|url: |action: 
2023-10-29 14:06:00.5717|0|DEBUG|Program|init main |url: |action: 
2023-10-29 14:06:00.8192|14|INFO|Microsoft.Hosting.Lifetime|Now listening on: http://localhost:5013 |url: |action: 
2023-10-29 14:06:00.8192|0|INFO|Microsoft.Hosting.Lifetime|Application started. Press Ctrl+C to shut down. |url: |action: 
2023-10-29 14:06:00.8192|0|INFO|Microsoft.Hosting.Lifetime|Hosting environment: Development |url: |action: 
2023-10-29 14:06:00.8192|0|INFO|Microsoft.Hosting.Lifetime|Content root path: D:\rider-projects\ScriptShoes\ScriptShoes.API |url: |action: 
2023-10-29 14:06:05.7971|9|ERROR|Microsoft.Extensions.Hosting.Internal.Host|BackgroundService failed System.InvalidOperationException: Cannot resolve 'MediatR.IRequestHandler`2[ScriptShoes.Application.Features.User.Queries.GetExpiredCodes.GetExpiredCodesQuery,System.Collections.Generic.List`1[ScriptShoes.Domain.Entities.EmailCode]]' from root provider because it requires scoped service 'ScriptShoes.Application.Contracts.Persistence.IEmailCodesRepository'.
   at Microsoft.Extensions.DependencyInjection.ServiceLookup.CallSiteValidator.ValidateResolution(Type serviceType, IServiceScope scope, IServiceScope rootScope)
   at Microsoft.Extensions.DependencyInjection.ServiceProvider.GetService(Type serviceType, ServiceProviderEngineScope serviceProviderEngineScope)
   at Microsoft.Extensions.DependencyInjection.ServiceProviderServiceExtensions.GetRequiredService(IServiceProvider provider, Type serviceType)
   at Microsoft.Extensions.DependencyInjection.ServiceProviderServiceExtensions.GetRequiredService[T](IServiceProvider provider)
   at MediatR.Wrappers.RequestHandlerWrapperImpl`2.<>c__DisplayClass1_0.<Handle>g__Handler|0()
   at ScriptShoes.Application.PipelineBehaviors.ValidationBehavior`2.Handle(TRequest request, RequestHandlerDelegate`1 next, CancellationToken cancellationToken) in D:\rider-projects\ScriptShoes\ScriptShoes.Application\PipelineBehaviors\ValidationBehavior.cs:line 29
   at ScriptShoes.API.BackgroundServices.EmailCodesWorker.ExecuteAsync(CancellationToken stoppingToken) in D:\rider-projects\ScriptShoes\ScriptShoes.API\BackgroundServices\EmailCodesWorker.cs:line 23
   at Microsoft.Extensions.Hosting.Internal.Host.TryExecuteBackgroundServiceAsync(BackgroundService backgroundService)|url: |action: 
2023-10-29 14:06:05.8077|10|FATAL|Microsoft.Extensions.Hosting.Internal.Host|The HostOptions.BackgroundServiceExceptionBehavior is configured to StopHost. A BackgroundService has thrown an unhandled exception, and the IHost instance is stopping. To avoid this behavior, configure this to Ignore; however the BackgroundService will not be restarted. System.InvalidOperationException: Cannot resolve 'MediatR.IRequestHandler`2[ScriptShoes.Application.Features.User.Queries.GetExpiredCodes.GetExpiredCodesQuery,System.Collections.Generic.List`1[ScriptShoes.Domain.Entities.EmailCode]]' from root provider because it requires scoped service 'ScriptShoes.Application.Contracts.Persistence.IEmailCodesRepository'.
   at Microsoft.Extensions.DependencyInjection.ServiceLookup.CallSiteValidator.ValidateResolution(Type serviceType, IServiceScope scope, IServiceScope rootScope)
   at Microsoft.Extensions.DependencyInjection.ServiceProvider.GetService(Type serviceType, ServiceProviderEngineScope serviceProviderEngineScope)
   at Microsoft.Extensions.DependencyInjection.ServiceProviderServiceExtensions.GetRequiredService(IServiceProvider provider, Type serviceType)
   at Microsoft.Extensions.DependencyInjection.ServiceProviderServiceExtensions.GetRequiredService[T](IServiceProvider provider)
   at MediatR.Wrappers.RequestHandlerWrapperImpl`2.<>c__DisplayClass1_0.<Handle>g__Handler|0()
   at ScriptShoes.Application.PipelineBehaviors.ValidationBehavior`2.Handle(TRequest request, RequestHandlerDelegate`1 next, CancellationToken cancellationToken) in D:\rider-projects\ScriptShoes\ScriptShoes.Application\PipelineBehaviors\ValidationBehavior.cs:line 29
   at ScriptShoes.API.BackgroundServices.EmailCodesWorker.ExecuteAsync(CancellationToken stoppingToken) in D:\rider-projects\ScriptShoes\ScriptShoes.API\BackgroundServices\EmailCodesWorker.cs:line 23
   at Microsoft.Extensions.Hosting.Internal.Host.TryExecuteBackgroundServiceAsync(BackgroundService backgroundService)|url: |action: 
2023-10-29 14:06:05.8077|0|INFO|Microsoft.Hosting.Lifetime|Application is shutting down... |url: |action: 
2023-10-29 14:06:23.5235|0|DEBUG|Program|init main |url: |action: 
2023-10-29 14:06:23.7629|14|INFO|Microsoft.Hosting.Lifetime|Now listening on: http://localhost:5013 |url: |action: 
2023-10-29 14:06:23.7629|0|INFO|Microsoft.Hosting.Lifetime|Application started. Press Ctrl+C to shut down. |url: |action: 
2023-10-29 14:06:23.7629|0|INFO|Microsoft.Hosting.Lifetime|Hosting environment: Development |url: |action: 
2023-10-29 14:06:23.7629|0|INFO|Microsoft.Hosting.Lifetime|Content root path: D:\rider-projects\ScriptShoes\ScriptShoes.API |url: |action: 
2023-10-29 14:06:28.7469|9|ERROR|Microsoft.Extensions.Hosting.Internal.Host|BackgroundService failed System.InvalidOperationException: Cannot resolve 'MediatR.IRequestHandler`2[ScriptShoes.Application.Features.User.Queries.GetExpiredCodes.GetExpiredCodesQuery,System.Collections.Generic.List`1[ScriptShoes.Domain.Entities.EmailCode]]' from root provider because it requires scoped service 'ScriptShoes.Application.Contracts.Persistence.IEmailCodesRepository'.
   at Microsoft.Extensions.DependencyInjection.ServiceLookup.CallSiteValidator.ValidateResolution(Type serviceType, IServiceScope scope, IServiceScope rootScope)
   at Microsoft.Extensions.DependencyInjection.ServiceProvider.GetService(Type serviceType, ServiceProviderEngineScope serviceProviderEngineScope)
   at Microsoft.Extensions.DependencyInjection.ServiceProviderServiceExtensions.GetRequiredService(IServiceProvider provider, Type serviceType)
   at Microsoft.Extensions.DependencyInjection.ServiceProviderServiceExtensions.GetRequiredService[T](IServiceProvider provider)
   at MediatR.Wrappers.RequestHandlerWrapperImpl`2.<>c__DisplayClass1_0.<Handle>g__Handler|0()
   at ScriptShoes.Application.PipelineBehaviors.ValidationBehavior`2.Handle(TRequest request, RequestHandlerDelegate`1 next, CancellationToken cancellationToken) in D:\rider-projects\ScriptShoes\ScriptShoes.Application\PipelineBehaviors\ValidationBehavior.cs:line 29
   at ScriptShoes.API.BackgroundServices.EmailCodesWorker.ExecuteAsync(CancellationToken stoppingToken) in D:\rider-projects\ScriptShoes\ScriptShoes.API\BackgroundServices\EmailCodesWorker.cs:line 24
   at Microsoft.Extensions.Hosting.Internal.Host.TryExecuteBackgroundServiceAsync(BackgroundService backgroundService)|url: |action: 
2023-10-29 14:06:28.7575|10|FATAL|Microsoft.Extensions.Hosting.Internal.Host|The HostOptions.BackgroundServiceExceptionBehavior is configured to StopHost. A BackgroundService has thrown an unhandled exception, and the IHost instance is stopping. To avoid this behavior, configure this to Ignore; however the BackgroundService will not be restarted. System.InvalidOperationException: Cannot resolve 'MediatR.IRequestHandler`2[ScriptShoes.Application.Features.User.Queries.GetExpiredCodes.GetExpiredCodesQuery,System.Collections.Generic.List`1[ScriptShoes.Domain.Entities.EmailCode]]' from root provider because it requires scoped service 'ScriptShoes.Application.Contracts.Persistence.IEmailCodesRepository'.
   at Microsoft.Extensions.DependencyInjection.ServiceLookup.CallSiteValidator.ValidateResolution(Type serviceType, IServiceScope scope, IServiceScope rootScope)
   at Microsoft.Extensions.DependencyInjection.ServiceProvider.GetService(Type serviceType, ServiceProviderEngineScope serviceProviderEngineScope)
   at Microsoft.Extensions.DependencyInjection.ServiceProviderServiceExtensions.GetRequiredService(IServiceProvider provider, Type serviceType)
   at Microsoft.Extensions.DependencyInjection.ServiceProviderServiceExtensions.GetRequiredService[T](IServiceProvider provider)
   at MediatR.Wrappers.RequestHandlerWrapperImpl`2.<>c__DisplayClass1_0.<Handle>g__Handler|0()
   at ScriptShoes.Application.PipelineBehaviors.ValidationBehavior`2.Handle(TRequest request, RequestHandlerDelegate`1 next, CancellationToken cancellationToken) in D:\rider-projects\ScriptShoes\ScriptShoes.Application\PipelineBehaviors\ValidationBehavior.cs:line 29
   at ScriptShoes.API.BackgroundServices.EmailCodesWorker.ExecuteAsync(CancellationToken stoppingToken) in D:\rider-projects\ScriptShoes\ScriptShoes.API\BackgroundServices\EmailCodesWorker.cs:line 24
   at Microsoft.Extensions.Hosting.Internal.Host.TryExecuteBackgroundServiceAsync(BackgroundService backgroundService)|url: |action: 
2023-10-29 14:06:28.7575|0|INFO|Microsoft.Hosting.Lifetime|Application is shutting down... |url: |action: 
2023-10-29 14:11:01.3072|0|DEBUG|Program|init main |url: |action: 
2023-10-29 14:11:02.6213|14|INFO|Microsoft.Hosting.Lifetime|Now listening on: http://localhost:5013 |url: |action: 
2023-10-29 14:11:02.6213|0|INFO|Microsoft.Hosting.Lifetime|Application started. Press Ctrl+C to shut down. |url: |action: 
2023-10-29 14:11:02.6213|0|INFO|Microsoft.Hosting.Lifetime|Hosting environment: Development |url: |action: 
2023-10-29 14:11:02.6213|0|INFO|Microsoft.Hosting.Lifetime|Content root path: D:\rider-projects\ScriptShoes\ScriptShoes.API |url: |action: 
2023-10-29 14:11:09.4017|0|INFO|Microsoft.Hosting.Lifetime|Application is shutting down... |url: |action: 
2023-10-29 14:15:36.7160|0|DEBUG|Program|init main |url: |action: 
2023-10-29 14:15:38.0743|14|INFO|Microsoft.Hosting.Lifetime|Now listening on: http://localhost:5013 |url: |action: 
2023-10-29 14:15:38.0743|0|INFO|Microsoft.Hosting.Lifetime|Application started. Press Ctrl+C to shut down. |url: |action: 
2023-10-29 14:15:38.0743|0|INFO|Microsoft.Hosting.Lifetime|Hosting environment: Development |url: |action: 
2023-10-29 14:15:38.0743|0|INFO|Microsoft.Hosting.Lifetime|Content root path: D:\rider-projects\ScriptShoes\ScriptShoes.API |url: |action: 
2023-10-29 14:16:24.1150|3|WARN|Microsoft.AspNetCore.HttpsPolicy.HttpsRedirectionMiddleware|Failed to determine the https port for redirect. |url: http://localhost/api/user/login|action: Login
2023-10-29 14:16:24.1372|0|INFO|ScriptShoes.API.Middlewares.ErrorHandlingMiddleware|/api/user/login has been invoked |url: http://localhost/api/user/login|action: Login
2023-10-29 14:16:24.6802|0|INFO|ScriptShoes.API.Middlewares.ErrorHandlingMiddleware|Email or password is incorrect |url: http://localhost/api/user/login|action: Login
2023-10-29 14:16:28.9521|0|INFO|ScriptShoes.API.Middlewares.ErrorHandlingMiddleware|/api/user/login has been invoked |url: http://localhost/api/user/login|action: Login
2023-10-29 14:16:44.4119|0|INFO|ScriptShoes.API.Middlewares.ErrorHandlingMiddleware|/api/user/sendVerificationEmail has been invoked |url: http://localhost/api/user/sendVerificationEmail|action: SendVerificationEmail
2023-10-29 14:16:59.1624|0|INFO|ScriptShoes.API.Middlewares.ErrorHandlingMiddleware|/api/user/login has been invoked |url: http://localhost/api/user/login|action: Login
2023-10-29 14:17:08.7951|0|INFO|ScriptShoes.API.Middlewares.ErrorHandlingMiddleware|/api/user/sendVerificationEmail has been invoked |url: http://localhost/api/user/sendVerificationEmail|action: SendVerificationEmail
2023-10-29 14:17:20.0214|0|INFO|ScriptShoes.API.Middlewares.ErrorHandlingMiddleware|/api/user/login has been invoked |url: http://localhost/api/user/login|action: Login
2023-10-29 14:17:30.4156|0|INFO|ScriptShoes.API.Middlewares.ErrorHandlingMiddleware|/api/user/sendVerificationEmail has been invoked |url: http://localhost/api/user/sendVerificationEmail|action: SendVerificationEmail
2023-10-29 14:17:30.4156|0|INFO|ScriptShoes.API.Middlewares.ErrorHandlingMiddleware|This user already has an active verification code |url: http://localhost/api/user/sendVerificationEmail|action: SendVerificationEmail
2023-10-29 14:18:11.2471|0|INFO|Microsoft.Hosting.Lifetime|Application is shutting down... |url: |action: 
2023-10-29 14:18:13.8347|0|DEBUG|Program|init main |url: |action: 
2023-10-29 14:18:15.2110|14|INFO|Microsoft.Hosting.Lifetime|Now listening on: http://localhost:5013 |url: |action: 
2023-10-29 14:18:15.2110|0|INFO|Microsoft.Hosting.Lifetime|Application started. Press Ctrl+C to shut down. |url: |action: 
2023-10-29 14:18:15.2110|0|INFO|Microsoft.Hosting.Lifetime|Hosting environment: Development |url: |action: 
2023-10-29 14:18:15.2110|0|INFO|Microsoft.Hosting.Lifetime|Content root path: D:\rider-projects\ScriptShoes\ScriptShoes.API |url: |action: 
2023-10-29 14:18:59.1238|0|INFO|Microsoft.Hosting.Lifetime|Application is shutting down... |url: |action: 
2023-10-29 14:19:07.1789|0|DEBUG|Program|init main |url: |action: 
2023-10-29 14:19:08.5169|14|INFO|Microsoft.Hosting.Lifetime|Now listening on: http://localhost:5013 |url: |action: 
2023-10-29 14:19:08.5169|0|INFO|Microsoft.Hosting.Lifetime|Application started. Press Ctrl+C to shut down. |url: |action: 
2023-10-29 14:19:08.5169|0|INFO|Microsoft.Hosting.Lifetime|Hosting environment: Development |url: |action: 
2023-10-29 14:19:08.5169|0|INFO|Microsoft.Hosting.Lifetime|Content root path: D:\rider-projects\ScriptShoes\ScriptShoes.API |url: |action: 
2023-10-29 14:19:24.5671|0|INFO|Microsoft.Hosting.Lifetime|Application is shutting down... |url: |action: 
2023-10-29 19:26:47.0940|0|DEBUG|Program|init main |url: |action: 
2023-10-29 19:26:48.5435|0|ERROR|Program|Stopped program because of exception System.InvalidOperationException: Error while validating the service descriptor 'ServiceType: Microsoft.Extensions.Hosting.IHostedService Lifetime: Singleton ImplementationType: ScriptShoes.API.BackgroundServices.RemoveEmailCodesWorker': Unable to resolve service for type 'Microsoft.Extensions.Logging.ILogger' while attempting to activate 'ScriptShoes.API.BackgroundServices.RemoveEmailCodesWorker'.
 ---> System.InvalidOperationException: Unable to resolve service for type 'Microsoft.Extensions.Logging.ILogger' while attempting to activate 'ScriptShoes.API.BackgroundServices.RemoveEmailCodesWorker'.
   at Microsoft.Extensions.DependencyInjection.ServiceLookup.CallSiteFactory.CreateArgumentCallSites(Type implementationType, CallSiteChain callSiteChain, ParameterInfo[] parameters, Boolean throwIfCallSiteNotFound)
   at Microsoft.Extensions.DependencyInjection.ServiceLookup.CallSiteFactory.CreateConstructorCallSite(ResultCache lifetime, Type serviceType, Type implementationType, CallSiteChain callSiteChain)
   at Microsoft.Extensions.DependencyInjection.ServiceLookup.CallSiteFactory.TryCreateExact(ServiceDescriptor descriptor, Type serviceType, CallSiteChain callSiteChain, Int32 slot)
   at Microsoft.Extensions.DependencyInjection.ServiceLookup.CallSiteFactory.GetCallSite(ServiceDescriptor serviceDescriptor, CallSiteChain callSiteChain)
   at Microsoft.Extensions.DependencyInjection.ServiceProvider.ValidateService(ServiceDescriptor descriptor)
   --- End of inner exception stack trace ---
   at Microsoft.Extensions.DependencyInjection.ServiceProvider.ValidateService(ServiceDescriptor descriptor)
   at Microsoft.Extensions.DependencyInjection.ServiceProvider..ctor(ICollection`1 serviceDescriptors, ServiceProviderOptions options)|url: |action: 
2023-10-29 19:27:34.8235|0|DEBUG|Program|init main |url: |action: 
2023-10-29 19:27:37.3786|14|INFO|Microsoft.Hosting.Lifetime|Now listening on: http://localhost:5013 |url: |action: 
2023-10-29 19:27:37.3822|0|INFO|Microsoft.Hosting.Lifetime|Application started. Press Ctrl+C to shut down. |url: |action: 
2023-10-29 19:27:37.3822|0|INFO|Microsoft.Hosting.Lifetime|Hosting environment: Development |url: |action: 
2023-10-29 19:27:37.3822|0|INFO|Microsoft.Hosting.Lifetime|Content root path: D:\rider-projects\ScriptShoes\ScriptShoes.API |url: |action: 
2023-10-29 19:27:53.3914|0|INFO|Microsoft.Hosting.Lifetime|Application is shutting down... |url: |action: 
2023-10-29 19:27:58.8031|0|DEBUG|Program|init main |url: |action: 
2023-10-29 19:28:00.1689|14|INFO|Microsoft.Hosting.Lifetime|Now listening on: http://localhost:5013 |url: |action: 
2023-10-29 19:28:00.1689|0|INFO|Microsoft.Hosting.Lifetime|Application started. Press Ctrl+C to shut down. |url: |action: 
2023-10-29 19:28:00.1689|0|INFO|Microsoft.Hosting.Lifetime|Hosting environment: Development |url: |action: 
2023-10-29 19:28:00.1689|0|INFO|Microsoft.Hosting.Lifetime|Content root path: D:\rider-projects\ScriptShoes\ScriptShoes.API |url: |action: 
2023-10-29 19:29:03.3650|3|WARN|Microsoft.AspNetCore.HttpsPolicy.HttpsRedirectionMiddleware|Failed to determine the https port for redirect. |url: http://localhost/api/user/login|action: Login
2023-10-29 19:29:03.8423|0|INFO|ScriptShoes.API.Middlewares.ErrorHandlingMiddleware|/api/user/login has been invoked |url: http://localhost/api/user/login|action: Login
2023-10-29 19:29:17.7303|0|INFO|ScriptShoes.API.Middlewares.ErrorHandlingMiddleware|/api/user/sendVerificationEmail has been invoked |url: http://localhost/api/user/sendVerificationEmail|action: SendVerificationEmail
2023-10-29 19:29:29.2968|0|INFO|ScriptShoes.API.Middlewares.ErrorHandlingMiddleware|/api/user/login has been invoked |url: http://localhost/api/user/login|action: Login
2023-10-29 19:29:39.2115|0|INFO|ScriptShoes.API.Middlewares.ErrorHandlingMiddleware|/api/user/sendVerificationEmail has been invoked |url: http://localhost/api/user/sendVerificationEmail|action: SendVerificationEmail
2023-10-29 19:30:14.2754|0|INFO|ScriptShoes.API.Middlewares.ErrorHandlingMiddleware|/api/user/verifyUser has been invoked |url: http://localhost/api/user/verifyUser|action: 
2023-10-29 19:30:17.2747|0|INFO|ScriptShoes.API.Middlewares.ErrorHandlingMiddleware|/api/user/verifyUser has been invoked |url: http://localhost/api/user/verifyUser|action: VerifyUser
2023-10-29 19:30:19.6819|0|INFO|ScriptShoes.API.Middlewares.ErrorHandlingMiddleware|/api/user/verifyUser has been invoked |url: http://localhost/api/user/verifyUser|action: VerifyUser
2023-10-29 19:30:19.6939|0|INFO|ScriptShoes.API.Middlewares.ErrorHandlingMiddleware|This user is already verified |url: http://localhost/api/user/verifyUser|action: VerifyUser
2023-10-29 19:30:27.2051|0|INFO|Microsoft.Hosting.Lifetime|Application is shutting down... |url: |action: 
2023-10-29 20:17:15.9927|0|DEBUG|Program|init main |url: |action: 
2023-10-29 20:17:17.6654|0|INFO|ScriptShoes.API.BackgroundServices.RemoveEmailCodesWorker|Email code with id 4 assigned to user with id 1 has been removed |url: |action: 
2023-10-29 20:17:17.6654|0|INFO|ScriptShoes.API.BackgroundServices.RemoveEmailCodesWorker|Email code with id 5 assigned to user with id 3 has been removed |url: |action: 
2023-10-29 20:17:17.8678|14|INFO|Microsoft.Hosting.Lifetime|Now listening on: http://localhost:5013 |url: |action: 
2023-10-29 20:17:17.8678|0|INFO|Microsoft.Hosting.Lifetime|Application started. Press Ctrl+C to shut down. |url: |action: 
2023-10-29 20:17:17.8678|0|INFO|Microsoft.Hosting.Lifetime|Hosting environment: Development |url: |action: 
2023-10-29 20:17:17.8678|0|INFO|Microsoft.Hosting.Lifetime|Content root path: D:\rider-projects\ScriptShoes\ScriptShoes.API |url: |action: 
2023-10-29 20:19:52.6156|3|WARN|Microsoft.AspNetCore.HttpsPolicy.HttpsRedirectionMiddleware|Failed to determine the https port for redirect. |url: http://localhost/api/user/login|action: Login
2023-10-29 20:19:52.6353|0|INFO|ScriptShoes.API.Middlewares.ErrorHandlingMiddleware|/api/user/login has been invoked |url: http://localhost/api/user/login|action: Login
2023-10-29 20:20:16.0647|0|INFO|ScriptShoes.API.Middlewares.ErrorHandlingMiddleware|/api/user/sendVerificationEmail has been invoked |url: http://localhost/api/user/sendVerificationEmail|action: SendVerificationEmail
2023-10-29 20:20:35.4946|0|INFO|ScriptShoes.API.Middlewares.ErrorHandlingMiddleware|/api/user/resendVerificationEmail has been invoked |url: http://localhost/api/user/resendVerificationEmail|action: ResendVerificationEmail
2023-10-29 20:20:38.8528|0|INFO|ScriptShoes.API.Middlewares.ErrorHandlingMiddleware|/api/user/resendVerificationEmail has been invoked |url: http://localhost/api/user/resendVerificationEmail|action: ResendVerificationEmail
2023-10-29 20:20:42.7580|0|INFO|ScriptShoes.API.Middlewares.ErrorHandlingMiddleware|/api/user/resendVerificationEmail has been invoked |url: http://localhost/api/user/resendVerificationEmail|action: ResendVerificationEmail
2023-10-29 20:20:44.5041|0|INFO|ScriptShoes.API.Middlewares.ErrorHandlingMiddleware|/api/user/resendVerificationEmail has been invoked |url: http://localhost/api/user/resendVerificationEmail|action: ResendVerificationEmail
2023-10-29 20:20:46.4824|0|INFO|ScriptShoes.API.Middlewares.ErrorHandlingMiddleware|/api/user/resendVerificationEmail has been invoked |url: http://localhost/api/user/resendVerificationEmail|action: ResendVerificationEmail
2023-10-29 20:20:48.2294|0|INFO|ScriptShoes.API.Middlewares.ErrorHandlingMiddleware|/api/user/resendVerificationEmail has been invoked |url: http://localhost/api/user/resendVerificationEmail|action: ResendVerificationEmail
2023-10-29 20:20:49.8342|0|INFO|ScriptShoes.API.Middlewares.ErrorHandlingMiddleware|/api/user/resendVerificationEmail has been invoked |url: http://localhost/api/user/resendVerificationEmail|action: ResendVerificationEmail
2023-10-29 20:20:51.4026|0|INFO|ScriptShoes.API.Middlewares.ErrorHandlingMiddleware|/api/user/resendVerificationEmail has been invoked |url: http://localhost/api/user/resendVerificationEmail|action: ResendVerificationEmail
2023-10-29 20:21:08.1105|0|INFO|Microsoft.Hosting.Lifetime|Application is shutting down... |url: |action: 
2023-10-29 20:21:39.1983|0|DEBUG|Program|init main |url: |action: 
2023-10-29 20:21:40.5349|14|INFO|Microsoft.Hosting.Lifetime|Now listening on: http://localhost:5013 |url: |action: 
2023-10-29 20:21:40.5380|0|INFO|Microsoft.Hosting.Lifetime|Application started. Press Ctrl+C to shut down. |url: |action: 
2023-10-29 20:21:40.5380|0|INFO|Microsoft.Hosting.Lifetime|Hosting environment: Development |url: |action: 
2023-10-29 20:21:40.5380|0|INFO|Microsoft.Hosting.Lifetime|Content root path: D:\rider-projects\ScriptShoes\ScriptShoes.API |url: |action: 
2023-10-29 20:21:44.3806|3|WARN|Microsoft.AspNetCore.HttpsPolicy.HttpsRedirectionMiddleware|Failed to determine the https port for redirect. |url: http://localhost/api/user/resendVerificationEmail|action: ResendVerificationEmail
2023-10-29 20:21:44.4914|0|INFO|ScriptShoes.API.Middlewares.ErrorHandlingMiddleware|/api/user/resendVerificationEmail has been invoked |url: http://localhost/api/user/resendVerificationEmail|action: ResendVerificationEmail
2023-10-29 20:21:46.7965|0|INFO|ScriptShoes.API.Middlewares.ErrorHandlingMiddleware|/api/user/resendVerificationEmail has been invoked |url: http://localhost/api/user/resendVerificationEmail|action: ResendVerificationEmail
2023-10-29 20:21:50.3191|0|INFO|ScriptShoes.API.Middlewares.ErrorHandlingMiddleware|/api/user/resendVerificationEmail has been invoked |url: http://localhost/api/user/resendVerificationEmail|action: ResendVerificationEmail
2023-10-29 20:21:52.2905|0|INFO|ScriptShoes.API.Middlewares.ErrorHandlingMiddleware|/api/user/resendVerificationEmail has been invoked |url: http://localhost/api/user/resendVerificationEmail|action: ResendVerificationEmail
2023-10-29 20:21:53.9909|0|INFO|ScriptShoes.API.Middlewares.ErrorHandlingMiddleware|/api/user/resendVerificationEmail has been invoked |url: http://localhost/api/user/resendVerificationEmail|action: ResendVerificationEmail
2023-10-29 20:21:55.7105|0|INFO|ScriptShoes.API.Middlewares.ErrorHandlingMiddleware|/api/user/resendVerificationEmail has been invoked |url: http://localhost/api/user/resendVerificationEmail|action: ResendVerificationEmail
2023-10-29 20:21:57.3316|0|INFO|ScriptShoes.API.Middlewares.ErrorHandlingMiddleware|/api/user/resendVerificationEmail has been invoked |url: http://localhost/api/user/resendVerificationEmail|action: ResendVerificationEmail
2023-10-29 20:21:58.8765|0|INFO|ScriptShoes.API.Middlewares.ErrorHandlingMiddleware|/api/user/resendVerificationEmail has been invoked |url: http://localhost/api/user/resendVerificationEmail|action: ResendVerificationEmail
2023-10-29 20:22:00.5595|0|INFO|ScriptShoes.API.Middlewares.ErrorHandlingMiddleware|/api/user/resendVerificationEmail has been invoked |url: http://localhost/api/user/resendVerificationEmail|action: ResendVerificationEmail
2023-10-29 20:22:02.1794|0|INFO|ScriptShoes.API.Middlewares.ErrorHandlingMiddleware|/api/user/resendVerificationEmail has been invoked |url: http://localhost/api/user/resendVerificationEmail|action: ResendVerificationEmail
2023-10-29 20:22:03.8496|0|INFO|ScriptShoes.API.Middlewares.ErrorHandlingMiddleware|/api/user/resendVerificationEmail has been invoked |url: http://localhost/api/user/resendVerificationEmail|action: ResendVerificationEmail
2023-10-29 20:22:29.2586|0|INFO|Microsoft.Hosting.Lifetime|Application is shutting down... |url: |action: 
2023-10-29 20:27:00.9946|0|DEBUG|Program|init main |url: |action: 
2023-10-29 20:27:02.3239|14|INFO|Microsoft.Hosting.Lifetime|Now listening on: http://localhost:5013 |url: |action: 
2023-10-29 20:27:02.3239|0|INFO|Microsoft.Hosting.Lifetime|Application started. Press Ctrl+C to shut down. |url: |action: 
2023-10-29 20:27:02.3239|0|INFO|Microsoft.Hosting.Lifetime|Hosting environment: Development |url: |action: 
2023-10-29 20:27:02.3239|0|INFO|Microsoft.Hosting.Lifetime|Content root path: D:\rider-projects\ScriptShoes\ScriptShoes.API |url: |action: 
2023-10-29 20:27:04.8824|3|WARN|Microsoft.AspNetCore.HttpsPolicy.HttpsRedirectionMiddleware|Failed to determine the https port for redirect. |url: http://localhost/api/user/resendVerificationEmail|action: ResendVerificationEmail
2023-10-29 20:27:16.6374|0|INFO|ScriptShoes.API.Middlewares.ErrorHandlingMiddleware|/api/user/login has been invoked |url: http://localhost/api/user/login|action: Login
2023-10-29 20:27:46.7583|0|INFO|Microsoft.Hosting.Lifetime|Application is shutting down... |url: |action: 
2023-10-29 20:27:51.0285|0|DEBUG|Program|init main |url: |action: 
2023-10-29 20:27:52.3367|14|INFO|Microsoft.Hosting.Lifetime|Now listening on: http://localhost:5013 |url: |action: 
2023-10-29 20:27:52.3367|0|INFO|Microsoft.Hosting.Lifetime|Application started. Press Ctrl+C to shut down. |url: |action: 
2023-10-29 20:27:52.3367|0|INFO|Microsoft.Hosting.Lifetime|Hosting environment: Development |url: |action: 
2023-10-29 20:27:52.3367|0|INFO|Microsoft.Hosting.Lifetime|Content root path: D:\rider-projects\ScriptShoes\ScriptShoes.API |url: |action: 
2023-10-29 20:28:03.2882|3|WARN|Microsoft.AspNetCore.HttpsPolicy.HttpsRedirectionMiddleware|Failed to determine the https port for redirect. |url: http://localhost/api/user/resendVerificationEmail|action: ResendVerificationEmail
2023-10-29 20:28:03.3999|0|INFO|ScriptShoes.API.Middlewares.ErrorHandlingMiddleware|/api/user/resendVerificationEmail has been invoked |url: http://localhost/api/user/resendVerificationEmail|action: ResendVerificationEmail
2023-10-29 20:28:15.5331|0|INFO|Microsoft.Hosting.Lifetime|Application is shutting down... |url: |action: 
2023-10-29 20:28:21.0497|0|DEBUG|Program|init main |url: |action: 
2023-10-29 20:28:22.2990|14|INFO|Microsoft.Hosting.Lifetime|Now listening on: http://localhost:5013 |url: |action: 
2023-10-29 20:28:22.2990|0|INFO|Microsoft.Hosting.Lifetime|Application started. Press Ctrl+C to shut down. |url: |action: 
2023-10-29 20:28:22.2990|0|INFO|Microsoft.Hosting.Lifetime|Hosting environment: Development |url: |action: 
2023-10-29 20:28:22.2990|0|INFO|Microsoft.Hosting.Lifetime|Content root path: D:\rider-projects\ScriptShoes\ScriptShoes.API |url: |action: 
2023-10-29 20:28:26.6315|3|WARN|Microsoft.AspNetCore.HttpsPolicy.HttpsRedirectionMiddleware|Failed to determine the https port for redirect. |url: http://localhost/api/user/resendVerificationEmail|action: ResendVerificationEmail
2023-10-29 20:28:26.7446|0|INFO|ScriptShoes.API.Middlewares.ErrorHandlingMiddleware|/api/user/resendVerificationEmail has been invoked |url: http://localhost/api/user/resendVerificationEmail|action: ResendVerificationEmail
2023-10-29 20:28:30.6856|0|INFO|ScriptShoes.API.Middlewares.ErrorHandlingMiddleware|/api/user/resendVerificationEmail has been invoked |url: http://localhost/api/user/resendVerificationEmail|action: ResendVerificationEmail
2023-10-29 20:29:11.2385|0|INFO|Microsoft.Hosting.Lifetime|Application is shutting down... |url: |action: 
2023-10-29 20:29:16.6307|0|DEBUG|Program|init main |url: |action: 
2023-10-29 20:29:17.9897|14|INFO|Microsoft.Hosting.Lifetime|Now listening on: http://localhost:5013 |url: |action: 
2023-10-29 20:29:17.9929|0|INFO|Microsoft.Hosting.Lifetime|Application started. Press Ctrl+C to shut down. |url: |action: 
2023-10-29 20:29:17.9929|0|INFO|Microsoft.Hosting.Lifetime|Hosting environment: Development |url: |action: 
2023-10-29 20:29:17.9929|0|INFO|Microsoft.Hosting.Lifetime|Content root path: D:\rider-projects\ScriptShoes\ScriptShoes.API |url: |action: 
2023-10-29 20:29:21.5986|3|WARN|Microsoft.AspNetCore.HttpsPolicy.HttpsRedirectionMiddleware|Failed to determine the https port for redirect. |url: http://localhost/api/user/resendVerificationEmail|action: ResendVerificationEmail
2023-10-29 20:29:21.7095|0|INFO|ScriptShoes.API.Middlewares.ErrorHandlingMiddleware|/api/user/resendVerificationEmail has been invoked |url: http://localhost/api/user/resendVerificationEmail|action: ResendVerificationEmail
2023-10-29 20:29:28.6975|0|INFO|ScriptShoes.API.Middlewares.ErrorHandlingMiddleware|/api/user/resendVerificationEmail has been invoked |url: http://localhost/api/user/resendVerificationEmail|action: ResendVerificationEmail
2023-10-29 20:30:57.1768|0|INFO|Microsoft.Hosting.Lifetime|Application is shutting down... |url: |action: 
2023-10-29 20:31:02.4506|0|DEBUG|Program|init main |url: |action: 
2023-10-29 20:31:03.8438|14|INFO|Microsoft.Hosting.Lifetime|Now listening on: http://localhost:5013 |url: |action: 
2023-10-29 20:31:03.8438|0|INFO|Microsoft.Hosting.Lifetime|Application started. Press Ctrl+C to shut down. |url: |action: 
2023-10-29 20:31:03.8438|0|INFO|Microsoft.Hosting.Lifetime|Hosting environment: Development |url: |action: 
2023-10-29 20:31:03.8438|0|INFO|Microsoft.Hosting.Lifetime|Content root path: D:\rider-projects\ScriptShoes\ScriptShoes.API |url: |action: 
2023-10-29 20:31:08.7558|3|WARN|Microsoft.AspNetCore.HttpsPolicy.HttpsRedirectionMiddleware|Failed to determine the https port for redirect. |url: http://localhost/api/user/resendVerificationEmail|action: ResendVerificationEmail
2023-10-29 20:31:08.8827|0|INFO|ScriptShoes.API.Middlewares.ErrorHandlingMiddleware|/api/user/resendVerificationEmail has been invoked |url: http://localhost/api/user/resendVerificationEmail|action: ResendVerificationEmail
2023-10-29 20:31:11.0474|0|INFO|ScriptShoes.API.Middlewares.ErrorHandlingMiddleware|/api/user/resendVerificationEmail has been invoked |url: http://localhost/api/user/resendVerificationEmail|action: ResendVerificationEmail
2023-10-29 20:31:28.7462|0|INFO|ScriptShoes.API.Middlewares.ErrorHandlingMiddleware|/api/user/resendVerificationEmail has been invoked |url: http://localhost/api/user/resendVerificationEmail|action: ResendVerificationEmail
2023-10-29 20:31:42.3383|0|INFO|Microsoft.Hosting.Lifetime|Application is shutting down... |url: |action: 
2023-10-29 20:32:41.6852|0|DEBUG|Program|init main |url: |action: 
2023-10-29 20:32:42.9361|14|INFO|Microsoft.Hosting.Lifetime|Now listening on: http://localhost:5013 |url: |action: 
2023-10-29 20:32:42.9361|0|INFO|Microsoft.Hosting.Lifetime|Application started. Press Ctrl+C to shut down. |url: |action: 
2023-10-29 20:32:42.9361|0|INFO|Microsoft.Hosting.Lifetime|Hosting environment: Development |url: |action: 
2023-10-29 20:32:42.9361|0|INFO|Microsoft.Hosting.Lifetime|Content root path: D:\rider-projects\ScriptShoes\ScriptShoes.API |url: |action: 
2023-10-29 20:32:46.8024|3|WARN|Microsoft.AspNetCore.HttpsPolicy.HttpsRedirectionMiddleware|Failed to determine the https port for redirect. |url: http://localhost/api/user/resendVerificationEmail|action: ResendVerificationEmail
2023-10-29 20:32:55.6151|0|INFO|ScriptShoes.API.Middlewares.ErrorHandlingMiddleware|/api/user/login has been invoked |url: http://localhost/api/user/login|action: Login
2023-10-29 20:33:02.9438|0|INFO|ScriptShoes.API.Middlewares.ErrorHandlingMiddleware|/api/user/resendVerificationEmail has been invoked |url: http://localhost/api/user/resendVerificationEmail|action: ResendVerificationEmail
2023-10-29 20:33:16.6904|0|INFO|Microsoft.Hosting.Lifetime|Application is shutting down... |url: |action: 
