2023-10-16 13:41:28.4583|0|DEBUG|Program|init main 
2023-10-16 13:42:00.2893|0|DEBUG|Program|init main 
2023-10-16 13:42:00.5840|0|ERROR|Program|Stopped program because of exception Microsoft.Extensions.Hosting.HostAbortedException: The host was aborted.
   at Microsoft.Extensions.Hosting.HostFactoryResolver.HostingListener.ThrowHostAborted()
   at Microsoft.Extensions.Hosting.HostFactoryResolver.HostingListener.OnNext(KeyValuePair`2 value)
   at System.Diagnostics.DiagnosticListener.Write(String name, Object value)
   at Microsoft.Extensions.Hosting.HostBuilder.ResolveHost(IServiceProvider serviceProvider, DiagnosticListener diagnosticListener)
   at Microsoft.Extensions.Hosting.HostApplicationBuilder.Build()
   at Microsoft.AspNetCore.Builder.WebApplicationBuilder.Build()
   at Program.<Main>$(String[] args) in D:\rider-projects\ScriptShoes\ScriptShoes.API\Program.cs:line 53
2023-10-16 13:45:21.9106|0|DEBUG|Program|init main 
2023-10-16 13:45:22.0465|12|DEBUG|Microsoft.AspNetCore.Mvc.ModelBinding.ModelBinderFactory|Registered model binder providers, in the following order: Microsoft.AspNetCore.Mvc.ModelBinding.Binders.BinderTypeModelBinderProvider, Microsoft.AspNetCore.Mvc.ModelBinding.Binders.ServicesModelBinderProvider, Microsoft.AspNetCore.Mvc.ModelBinding.Binders.BodyModelBinderProvider, Microsoft.AspNetCore.Mvc.ModelBinding.Binders.HeaderModelBinderProvider, Microsoft.AspNetCore.Mvc.ModelBinding.Binders.FloatingPointTypeModelBinderProvider, Microsoft.AspNetCore.Mvc.ModelBinding.Binders.EnumTypeModelBinderProvider, Microsoft.AspNetCore.Mvc.ModelBinding.Binders.DateTimeModelBinderProvider, Microsoft.AspNetCore.Mvc.ModelBinding.Binders.SimpleTypeModelBinderProvider, Microsoft.AspNetCore.Mvc.ModelBinding.Binders.TryParseModelBinderProvider, Microsoft.AspNetCore.Mvc.ModelBinding.Binders.CancellationTokenModelBinderProvider, Microsoft.AspNetCore.Mvc.ModelBinding.Binders.ByteArrayModelBinderProvider, Microsoft.AspNetCore.Mvc.ModelBinding.Binders.FormFileModelBinderProvider, Microsoft.AspNetCore.Mvc.ModelBinding.Binders.FormCollectionModelBinderProvider, Microsoft.AspNetCore.Mvc.ModelBinding.Binders.KeyValuePairModelBinderProvider, Microsoft.AspNetCore.Mvc.ModelBinding.Binders.DictionaryModelBinderProvider, Microsoft.AspNetCore.Mvc.ModelBinding.Binders.ArrayModelBinderProvider, Microsoft.AspNetCore.Mvc.ModelBinding.Binders.CollectionModelBinderProvider, Microsoft.AspNetCore.Mvc.ModelBinding.Binders.ComplexObjectModelBinderProvider 
2023-10-16 13:45:22.0768|1|DEBUG|Microsoft.Extensions.Hosting.Internal.Host|Hosting starting 
2023-10-16 13:45:22.0834|63|INFO|Microsoft.AspNetCore.DataProtection.KeyManagement.XmlKeyManager|User profile is available. Using 'C:\Users\ADMIN\AppData\Local\ASP.NET\DataProtection-Keys' as key repository and Windows DPAPI to encrypt keys at rest. 
2023-10-16 13:45:22.0834|37|DEBUG|Microsoft.AspNetCore.DataProtection.Repositories.FileSystemXmlRepository|Reading data from file 'C:\Users\ADMIN\AppData\Local\ASP.NET\DataProtection-Keys\key-fa06f452-293b-47bb-911f-d5ac0d2ec068.xml'. 
2023-10-16 13:45:22.0834|18|DEBUG|Microsoft.AspNetCore.DataProtection.KeyManagement.XmlKeyManager|Found key {fa06f452-293b-47bb-911f-d5ac0d2ec068}. 
2023-10-16 13:45:22.0954|13|DEBUG|Microsoft.AspNetCore.DataProtection.KeyManagement.DefaultKeyResolver|Considering key {fa06f452-293b-47bb-911f-d5ac0d2ec068} with expiration date 2023-12-25 14:50:04Z as default key. 
2023-10-16 13:45:22.0954|0|DEBUG|Microsoft.AspNetCore.DataProtection.TypeForwardingActivator|Forwarded activator type request from Microsoft.AspNetCore.DataProtection.XmlEncryption.DpapiXmlDecryptor, Microsoft.AspNetCore.DataProtection, Version=7.0.0.0, Culture=neutral, PublicKeyToken=adb9793829ddae60 to Microsoft.AspNetCore.DataProtection.XmlEncryption.DpapiXmlDecryptor, Microsoft.AspNetCore.DataProtection, Culture=neutral, PublicKeyToken=adb9793829ddae60 
2023-10-16 13:45:22.0954|51|DEBUG|Microsoft.AspNetCore.DataProtection.XmlEncryption.DpapiXmlDecryptor|Decrypting secret element using Windows DPAPI. 
2023-10-16 13:45:22.0954|0|DEBUG|Microsoft.AspNetCore.DataProtection.TypeForwardingActivator|Forwarded activator type request from Microsoft.AspNetCore.DataProtection.AuthenticatedEncryption.ConfigurationModel.AuthenticatedEncryptorDescriptorDeserializer, Microsoft.AspNetCore.DataProtection, Version=7.0.0.0, Culture=neutral, PublicKeyToken=adb9793829ddae60 to Microsoft.AspNetCore.DataProtection.AuthenticatedEncryption.ConfigurationModel.AuthenticatedEncryptorDescriptorDeserializer, Microsoft.AspNetCore.DataProtection, Culture=neutral, PublicKeyToken=adb9793829ddae60 
2023-10-16 13:45:22.0954|4|DEBUG|Microsoft.AspNetCore.DataProtection.AuthenticatedEncryption.CngCbcAuthenticatedEncryptorFactory|Opening CNG algorithm 'AES' from provider '(null)' with chaining mode CBC. 
2023-10-16 13:45:22.0954|3|DEBUG|Microsoft.AspNetCore.DataProtection.AuthenticatedEncryption.CngCbcAuthenticatedEncryptorFactory|Opening CNG algorithm 'SHA256' from provider '(null)' with HMAC. 
2023-10-16 13:45:22.0954|2|DEBUG|Microsoft.AspNetCore.DataProtection.KeyManagement.KeyRingProvider|Using key {fa06f452-293b-47bb-911f-d5ac0d2ec068} as the default key. 
2023-10-16 13:45:22.0954|65|DEBUG|Microsoft.AspNetCore.DataProtection.Internal.DataProtectionHostedService|Key ring with default key {fa06f452-293b-47bb-911f-d5ac0d2ec068} was loaded during application startup. 
2023-10-16 13:45:22.1308|14|INFO|Microsoft.Hosting.Lifetime|Now listening on: http://localhost:5013 
2023-10-16 13:45:22.1308|13|DEBUG|Microsoft.AspNetCore.Hosting.Diagnostics|Loaded hosting startup assembly ScriptShoes.API 
2023-10-16 13:45:22.1308|0|INFO|Microsoft.Hosting.Lifetime|Application started. Press Ctrl+C to shut down. 
2023-10-16 13:45:22.1308|0|INFO|Microsoft.Hosting.Lifetime|Hosting environment: Development 
2023-10-16 13:45:22.1308|0|INFO|Microsoft.Hosting.Lifetime|Content root path: D:\rider-projects\ScriptShoes\ScriptShoes.API 
2023-10-16 13:45:22.1308|2|DEBUG|Microsoft.Extensions.Hosting.Internal.Host|Hosting started 
2023-10-16 13:45:22.3649|6|DEBUG|Microsoft.AspNetCore.Server.Kestrel.Transport.Sockets|Connection id "0HMUE7LGKKNRD" received FIN. 
2023-10-16 13:45:22.3649|39|DEBUG|Microsoft.AspNetCore.Server.Kestrel.Connections|Connection id "0HMUE7LGKKNRD" accepted. 
2023-10-16 13:45:22.3649|1|DEBUG|Microsoft.AspNetCore.Server.Kestrel.Connections|Connection id "0HMUE7LGKKNRD" started. 
2023-10-16 13:45:22.3649|7|DEBUG|Microsoft.AspNetCore.Server.Kestrel.Transport.Sockets|Connection id "0HMUE7LGKKNRD" sending FIN because: "The Socket transport's send loop completed gracefully." 
2023-10-16 13:45:22.3649|10|DEBUG|Microsoft.AspNetCore.Server.Kestrel.Connections|Connection id "0HMUE7LGKKNRD" disconnecting. 
2023-10-16 13:45:22.3771|2|DEBUG|Microsoft.AspNetCore.Server.Kestrel.Connections|Connection id "0HMUE7LGKKNRD" stopped. 
2023-10-16 13:45:22.4421|39|DEBUG|Microsoft.AspNetCore.Server.Kestrel.Connections|Connection id "0HMUE7LGKKNRE" accepted. 
2023-10-16 13:45:22.4421|1|DEBUG|Microsoft.AspNetCore.Server.Kestrel.Connections|Connection id "0HMUE7LGKKNRE" started. 
2023-10-16 13:45:22.4421|39|DEBUG|Microsoft.AspNetCore.Server.Kestrel.Connections|Connection id "0HMUE7LGKKNRF" accepted. 
2023-10-16 13:45:22.4421|1|DEBUG|Microsoft.AspNetCore.Server.Kestrel.Connections|Connection id "0HMUE7LGKKNRF" started. 
2023-10-16 13:45:22.4695|1|INFO|Microsoft.AspNetCore.Hosting.Diagnostics|Request starting HTTP/1.1 GET http://localhost:5013/swagger/index.html - - 
2023-10-16 13:45:22.4712|0|DEBUG|Microsoft.AspNetCore.HostFiltering.HostFilteringMiddleware|Wildcard detected, all requests with hosts will be allowed. 
2023-10-16 13:45:22.4712|2|TRACE|Microsoft.AspNetCore.HostFiltering.HostFilteringMiddleware|All hosts are allowed. 
2023-10-16 13:45:22.4938|1000|DEBUG|Microsoft.AspNetCore.Routing.Matching.DfaMatcher|No candidates found for the request path '/swagger/index.html' 
2023-10-16 13:45:22.4938|2|DEBUG|Microsoft.AspNetCore.Routing.EndpointRoutingMiddleware|Request did not match any endpoints 
2023-10-16 13:45:22.5765|9|DEBUG|Microsoft.AspNetCore.Server.Kestrel.Connections|Connection id "0HMUE7LGKKNRE" completed keep alive response. 
2023-10-16 13:45:22.5765|2|INFO|Microsoft.AspNetCore.Hosting.Diagnostics|Request finished HTTP/1.1 GET http://localhost:5013/swagger/index.html - - - 200 - text/html;charset=utf-8 110.5016ms 
2023-10-16 13:45:22.9239|1|INFO|Microsoft.AspNetCore.Hosting.Diagnostics|Request starting HTTP/1.1 GET http://localhost:5013/swagger/v1/swagger.json - - 
2023-10-16 13:45:22.9239|2|TRACE|Microsoft.AspNetCore.HostFiltering.HostFilteringMiddleware|All hosts are allowed. 
2023-10-16 13:45:22.9239|1000|DEBUG|Microsoft.AspNetCore.Routing.Matching.DfaMatcher|No candidates found for the request path '/swagger/v1/swagger.json' 
2023-10-16 13:45:22.9239|2|DEBUG|Microsoft.AspNetCore.Routing.EndpointRoutingMiddleware|Request did not match any endpoints 
2023-10-16 13:45:23.0035|9|DEBUG|Microsoft.AspNetCore.Server.Kestrel.Connections|Connection id "0HMUE7LGKKNRE" completed keep alive response. 
2023-10-16 13:45:23.0035|2|INFO|Microsoft.AspNetCore.Hosting.Diagnostics|Request finished HTTP/1.1 GET http://localhost:5013/swagger/v1/swagger.json - - - 200 - application/json;charset=utf-8 79.8467ms 
2023-10-16 13:45:45.9914|1|INFO|Microsoft.AspNetCore.Hosting.Diagnostics|Request starting HTTP/1.1 GET http://localhost:5013/api/shoe/getAll - - 
2023-10-16 13:45:45.9914|2|TRACE|Microsoft.AspNetCore.HostFiltering.HostFilteringMiddleware|All hosts are allowed. 
2023-10-16 13:45:45.9914|1001|DEBUG|Microsoft.AspNetCore.Routing.Matching.DfaMatcher|1 candidate(s) found for the request path '/api/shoe/getAll' 
2023-10-16 13:45:45.9914|1005|DEBUG|Microsoft.AspNetCore.Routing.Matching.DfaMatcher|Endpoint 'ScriptShoes.API.Controllers.ShoeController.GetAllShoes (ScriptShoes.API)' with route pattern 'api/shoe/getAll' is valid for the request path '/api/shoe/getAll' 
2023-10-16 13:45:45.9914|1|DEBUG|Microsoft.AspNetCore.Routing.EndpointRoutingMiddleware|Request matched endpoint 'ScriptShoes.API.Controllers.ShoeController.GetAllShoes (ScriptShoes.API)' 
2023-10-16 13:45:45.9914|15|DEBUG|Microsoft.AspNetCore.StaticFiles.StaticFileMiddleware|Static files was skipped as the request already matched an endpoint. 
2023-10-16 13:45:45.9914|3|WARN|Microsoft.AspNetCore.HttpsPolicy.HttpsRedirectionMiddleware|Failed to determine the https port for redirect. 
2023-10-16 13:45:46.4316|9|DEBUG|Microsoft.AspNetCore.Authentication.JwtBearer.JwtBearerHandler|AuthenticationScheme: Bearer was not authenticated. 
2023-10-16 13:45:46.4316|24|INFO|Microsoft.AspNetCore.ResponseCaching.ResponseCachingMiddleware|No cached response available for this request. 
2023-10-16 13:45:46.4524|0|INFO|Microsoft.AspNetCore.Routing.EndpointMiddleware|Executing endpoint 'ScriptShoes.API.Controllers.ShoeController.GetAllShoes (ScriptShoes.API)' 
2023-10-16 13:45:46.4666|102|INFO|Microsoft.AspNetCore.Mvc.Infrastructure.ControllerActionInvoker|Route matched with {action = "GetAllShoes", controller = "Shoe"}. Executing controller action with signature System.Threading.Tasks.Task`1[Microsoft.AspNetCore.Mvc.ActionResult`1[System.Collections.Generic.List`1[ScriptShoes.Application.Models.Shoe.GetShoeDto]]] GetAllShoes() on controller ScriptShoes.API.Controllers.ShoeController (ScriptShoes.API). 
2023-10-16 13:45:46.4666|1|DEBUG|Microsoft.AspNetCore.Mvc.Infrastructure.ControllerActionInvoker|Execution plan of authorization filters (in the following order): None 
2023-10-16 13:45:46.4666|1|DEBUG|Microsoft.AspNetCore.Mvc.Infrastructure.ControllerActionInvoker|Execution plan of resource filters (in the following order): None 
2023-10-16 13:45:46.4666|1|DEBUG|Microsoft.AspNetCore.Mvc.Infrastructure.ControllerActionInvoker|Execution plan of action filters (in the following order): Microsoft.AspNetCore.Mvc.ModelBinding.UnsupportedContentTypeFilter (Order: -3000), Microsoft.AspNetCore.Mvc.Infrastructure.ModelStateInvalidFilter (Order: -2000) 
2023-10-16 13:45:46.4666|1|DEBUG|Microsoft.AspNetCore.Mvc.Infrastructure.ControllerActionInvoker|Execution plan of exception filters (in the following order): None 
2023-10-16 13:45:46.4666|1|DEBUG|Microsoft.AspNetCore.Mvc.Infrastructure.ControllerActionInvoker|Execution plan of result filters (in the following order): Microsoft.AspNetCore.Mvc.Infrastructure.ClientErrorResultFilter (Order: -2000) 
2023-10-16 13:45:46.4666|1|DEBUG|Microsoft.AspNetCore.Mvc.Infrastructure.ControllerActionInvoker|Executing controller factory for controller ScriptShoes.API.Controllers.ShoeController (ScriptShoes.API) 
2023-10-16 13:45:46.4701|2|DEBUG|Microsoft.AspNetCore.Mvc.Infrastructure.ControllerActionInvoker|Executed controller factory for controller ScriptShoes.API.Controllers.ShoeController (ScriptShoes.API) 
2023-10-16 13:45:46.4701|52|TRACE|Microsoft.AspNetCore.Mvc.Infrastructure.ControllerActionInvoker|Action Filter: Before executing OnActionExecuting on filter Microsoft.AspNetCore.Mvc.ModelBinding.UnsupportedContentTypeFilter. 
2023-10-16 13:45:46.4701|53|TRACE|Microsoft.AspNetCore.Mvc.Infrastructure.ControllerActionInvoker|Action Filter: After executing OnActionExecuting on filter Microsoft.AspNetCore.Mvc.ModelBinding.UnsupportedContentTypeFilter. 
2023-10-16 13:45:46.4701|52|TRACE|Microsoft.AspNetCore.Mvc.Infrastructure.ControllerActionInvoker|Action Filter: Before executing OnActionExecuting on filter Microsoft.AspNetCore.Mvc.Infrastructure.ModelStateInvalidFilter. 
2023-10-16 13:45:46.4701|53|TRACE|Microsoft.AspNetCore.Mvc.Infrastructure.ControllerActionInvoker|Action Filter: After executing OnActionExecuting on filter Microsoft.AspNetCore.Mvc.Infrastructure.ModelStateInvalidFilter. 
2023-10-16 13:45:46.4701|101|INFO|Microsoft.AspNetCore.Mvc.Infrastructure.ControllerActionInvoker|Executing action method ScriptShoes.API.Controllers.ShoeController.GetAllShoes (ScriptShoes.API) - Validation state: Valid 
2023-10-16 13:45:46.6223|10401|DEBUG|Microsoft.EntityFrameworkCore.Infrastructure|An 'IServiceProvider' was created for internal use by Entity Framework. 
2023-10-16 13:45:47.2493|10403|DEBUG|Microsoft.EntityFrameworkCore.Infrastructure|Entity Framework Core 7.0.11 initialized 'AppDbContext' using provider 'Npgsql.EntityFrameworkCore.PostgreSQL:7.0.11+c25a0d7b68d66c6ab3849a3b4333964faea6adc9' with options: None 
2023-10-16 13:45:47.2774|10111|DEBUG|Microsoft.EntityFrameworkCore.Query|Compiling query expression: 
'DbSet<Shoe>()
    .AsNoTracking()' 
2023-10-16 13:45:47.4127|10107|DEBUG|Microsoft.EntityFrameworkCore.Query|Generated query execution expression: 
'queryContext => new SingleQueryingEnumerable<Shoe>(
    (RelationalQueryContext)queryContext, 
    RelationalCommandCache.QueryExpression(
        Projection Mapping:
            EmptyProjectionMember -> Dictionary<IProperty, int> { [Property: Shoe.Id (int) Required PK AfterSave:Throw ValueGenerated.OnAdd, 0], [Property: Shoe.AverageRating (float?), 1], [Property: Shoe.Brand (string) Required, 2], [Property: Shoe.Created (DateTime) Required, 3], [Property: Shoe.CurrentPrice (float) Required, 4], [Property: Shoe.Images (List<string>), 5], [Property: Shoe.LastModified (DateTime) Required, 6], [Property: Shoe.NumberOfReviews (int?), 7], [Property: Shoe.PriceBeforeDiscount (float?), 8], [Property: Shoe.ShoeName (string) Required, 9], [Property: Shoe.ShoeSizes (List<float>), 10], [Property: Shoe.ShoeType (string) Required, 11], [Property: Shoe.ThumbnailImage (string), 12], [Property: Shoe.UserId (int) Required FK Index, 13] }
        SELECT s.Id, s.AverageRating, s.Brand, s.Created, s.CurrentPrice, s.Images, s.LastModified, s.NumberOfReviews, s.PriceBeforeDiscount, s.ShoeName, s.ShoeSizes, s.ShoeType, s.ThumbnailImage, s.UserId
        FROM Shoes AS s), 
    null, 
    Func<QueryContext, DbDataReader, ResultContext, SingleQueryResultCoordinator, Shoe>, 
    ScriptShoes.Persistence.Database.AppDbContext, 
    False, 
    False, 
    True
)' 
2023-10-16 13:45:47.4362|20103|DEBUG|Microsoft.EntityFrameworkCore.Database.Command|Creating DbCommand for 'ExecuteReader'. 
2023-10-16 13:45:47.4362|20005|DEBUG|Microsoft.EntityFrameworkCore.Database.Connection|Creating DbConnection. 
2023-10-16 13:45:47.4801|20006|DEBUG|Microsoft.EntityFrameworkCore.Database.Connection|Created DbConnection. (40ms). 
2023-10-16 13:45:47.4801|20104|DEBUG|Microsoft.EntityFrameworkCore.Database.Command|Created DbCommand for 'ExecuteReader' (47ms). 
2023-10-16 13:45:47.4864|20106|DEBUG|Microsoft.EntityFrameworkCore.Database.Command|Initialized DbCommand for 'ExecuteReader' (51ms). 
2023-10-16 13:45:47.4864|20000|DEBUG|Microsoft.EntityFrameworkCore.Database.Connection|Opening connection to database 'ScriptShoesDb' on server ''. 
2023-10-16 13:45:47.6542|20001|DEBUG|Microsoft.EntityFrameworkCore.Database.Connection|Opened connection to database 'ScriptShoesDb' on server 'tcp://localhost:5432'. 
2023-10-16 13:45:47.6669|20100|DEBUG|Microsoft.EntityFrameworkCore.Database.Command|Executing DbCommand [Parameters=[], CommandType='Text', CommandTimeout='30']
SELECT s."Id", s."AverageRating", s."Brand", s."Created", s."CurrentPrice", s."Images", s."LastModified", s."NumberOfReviews", s."PriceBeforeDiscount", s."ShoeName", s."ShoeSizes", s."ShoeType", s."ThumbnailImage", s."UserId"
FROM "Shoes" AS s 
2023-10-16 13:45:47.6964|20101|INFO|Microsoft.EntityFrameworkCore.Database.Command|Executed DbCommand (30ms) [Parameters=[], CommandType='Text', CommandTimeout='30']
SELECT s."Id", s."AverageRating", s."Brand", s."Created", s."CurrentPrice", s."Images", s."LastModified", s."NumberOfReviews", s."PriceBeforeDiscount", s."ShoeName", s."ShoeSizes", s."ShoeType", s."ThumbnailImage", s."UserId"
FROM "Shoes" AS s 
2023-10-16 13:45:47.7070|20301|DEBUG|Microsoft.EntityFrameworkCore.Database.Command|Closing data reader to 'ScriptShoesDb' on server 'tcp://localhost:5432'. 
2023-10-16 13:45:47.7070|20300|DEBUG|Microsoft.EntityFrameworkCore.Database.Command|A data reader for 'ScriptShoesDb' on server 'tcp://localhost:5432' is being disposed after spending 11ms reading results. 
2023-10-16 13:45:47.7212|20002|DEBUG|Microsoft.EntityFrameworkCore.Database.Connection|Closing connection to database 'ScriptShoesDb' on server 'tcp://localhost:5432'. 
2023-10-16 13:45:47.7212|20003|DEBUG|Microsoft.EntityFrameworkCore.Database.Connection|Closed connection to database 'ScriptShoesDb' on server '' (4ms). 
2023-10-16 13:45:47.8139|103|INFO|Microsoft.AspNetCore.Mvc.Infrastructure.ControllerActionInvoker|Executed action method ScriptShoes.API.Controllers.ShoeController.GetAllShoes (ScriptShoes.API), returned result Microsoft.AspNetCore.Mvc.OkObjectResult in 1337.6686ms. 
2023-10-16 13:45:47.8139|52|TRACE|Microsoft.AspNetCore.Mvc.Infrastructure.ControllerActionInvoker|Action Filter: Before executing OnActionExecuted on filter Microsoft.AspNetCore.Mvc.Infrastructure.ModelStateInvalidFilter. 
2023-10-16 13:45:47.8139|53|TRACE|Microsoft.AspNetCore.Mvc.Infrastructure.ControllerActionInvoker|Action Filter: After executing OnActionExecuted on filter Microsoft.AspNetCore.Mvc.Infrastructure.ModelStateInvalidFilter. 
2023-10-16 13:45:47.8139|52|TRACE|Microsoft.AspNetCore.Mvc.Infrastructure.ControllerActionInvoker|Action Filter: Before executing OnActionExecuted on filter Microsoft.AspNetCore.Mvc.ModelBinding.UnsupportedContentTypeFilter. 
2023-10-16 13:45:47.8139|53|TRACE|Microsoft.AspNetCore.Mvc.Infrastructure.ControllerActionInvoker|Action Filter: After executing OnActionExecuted on filter Microsoft.AspNetCore.Mvc.ModelBinding.UnsupportedContentTypeFilter. 
2023-10-16 13:45:47.8139|52|TRACE|Microsoft.AspNetCore.Mvc.Infrastructure.ControllerActionInvoker|Result Filter: Before executing OnResultExecuting on filter Microsoft.AspNetCore.Mvc.Infrastructure.ClientErrorResultFilter. 
2023-10-16 13:45:47.8139|53|TRACE|Microsoft.AspNetCore.Mvc.Infrastructure.ControllerActionInvoker|Result Filter: After executing OnResultExecuting on filter Microsoft.AspNetCore.Mvc.Infrastructure.ClientErrorResultFilter. 
2023-10-16 13:45:47.8139|5|TRACE|Microsoft.AspNetCore.Mvc.Infrastructure.ControllerActionInvoker|Before executing action result Microsoft.AspNetCore.Mvc.OkObjectResult. 
2023-10-16 13:45:47.8139|11|DEBUG|Microsoft.AspNetCore.Mvc.Infrastructure.DefaultOutputFormatterSelector|List of registered output formatters, in the following order: Microsoft.AspNetCore.Mvc.Formatters.HttpNoContentOutputFormatter, Microsoft.AspNetCore.Mvc.Formatters.StringOutputFormatter, Microsoft.AspNetCore.Mvc.Formatters.StreamOutputFormatter, Microsoft.AspNetCore.Mvc.Formatters.SystemTextJsonOutputFormatter 
2023-10-16 13:45:47.8139|6|DEBUG|Microsoft.AspNetCore.Mvc.Infrastructure.DefaultOutputFormatterSelector|Attempting to select an output formatter based on Accept header 'text/plain'. 
2023-10-16 13:45:47.8139|5|DEBUG|Microsoft.AspNetCore.Mvc.Infrastructure.DefaultOutputFormatterSelector|Could not find an output formatter based on content negotiation. Accepted types were (text/plain) 
2023-10-16 13:45:47.8139|8|DEBUG|Microsoft.AspNetCore.Mvc.Infrastructure.DefaultOutputFormatterSelector|Attempting to select an output formatter without using a content type as no explicit content types were specified for the response. 
2023-10-16 13:45:47.8139|10|DEBUG|Microsoft.AspNetCore.Mvc.Infrastructure.DefaultOutputFormatterSelector|Attempting to select the first formatter in the output formatters list which can write the result. 
2023-10-16 13:45:47.8139|2|DEBUG|Microsoft.AspNetCore.Mvc.Infrastructure.DefaultOutputFormatterSelector|Selected output formatter 'Microsoft.AspNetCore.Mvc.Formatters.SystemTextJsonOutputFormatter' and content type 'application/json' to write the response. 
2023-10-16 13:45:47.8139|1|INFO|Microsoft.AspNetCore.Mvc.Infrastructure.ObjectResultExecutor|Executing OkObjectResult, writing value of type 'System.Collections.Generic.List`1[[ScriptShoes.Application.Models.Shoe.GetShoeDto, ScriptShoes.Application, Version=1.0.0.0, Culture=neutral, PublicKeyToken=null]]'. 
2023-10-16 13:45:47.8412|11|DEBUG|Microsoft.AspNetCore.ResponseCaching.ResponseCachingMiddleware|Response is not cacheable because it does not contain the 'public' cache directive. 
2023-10-16 13:45:47.8412|6|TRACE|Microsoft.AspNetCore.Mvc.Infrastructure.ControllerActionInvoker|After executing action result Microsoft.AspNetCore.Mvc.OkObjectResult. 
2023-10-16 13:45:47.8412|52|TRACE|Microsoft.AspNetCore.Mvc.Infrastructure.ControllerActionInvoker|Result Filter: Before executing OnResultExecuted on filter Microsoft.AspNetCore.Mvc.Infrastructure.ClientErrorResultFilter. 
2023-10-16 13:45:47.8412|53|TRACE|Microsoft.AspNetCore.Mvc.Infrastructure.ControllerActionInvoker|Result Filter: After executing OnResultExecuted on filter Microsoft.AspNetCore.Mvc.Infrastructure.ClientErrorResultFilter. 
2023-10-16 13:45:47.8460|105|INFO|Microsoft.AspNetCore.Mvc.Infrastructure.ControllerActionInvoker|Executed action ScriptShoes.API.Controllers.ShoeController.GetAllShoes (ScriptShoes.API) in 1375.0529ms 
2023-10-16 13:45:47.8460|1|INFO|Microsoft.AspNetCore.Routing.EndpointMiddleware|Executed endpoint 'ScriptShoes.API.Controllers.ShoeController.GetAllShoes (ScriptShoes.API)' 
2023-10-16 13:45:47.8460|27|INFO|Microsoft.AspNetCore.ResponseCaching.ResponseCachingMiddleware|The response could not be cached for this request. 
2023-10-16 13:45:47.8460|9|DEBUG|Microsoft.AspNetCore.Server.Kestrel.Connections|Connection id "0HMUE7LGKKNRE" completed keep alive response. 
2023-10-16 13:45:47.8460|10407|DEBUG|Microsoft.EntityFrameworkCore.Infrastructure|'AppDbContext' disposed. 
2023-10-16 13:45:47.8460|20007|DEBUG|Microsoft.EntityFrameworkCore.Database.Connection|Disposing connection to database 'ScriptShoesDb' on server ''. 
2023-10-16 13:45:47.8460|20008|DEBUG|Microsoft.EntityFrameworkCore.Database.Connection|Disposed connection to database 'ScriptShoesDb' on server '' (1ms). 
2023-10-16 13:45:47.8460|2|INFO|Microsoft.AspNetCore.Hosting.Diagnostics|Request finished HTTP/1.1 GET http://localhost:5013/api/shoe/getAll - - - 200 - application/json;+charset=utf-8 1866.7205ms 
2023-10-16 13:46:39.7025|6|DEBUG|Microsoft.AspNetCore.Server.Kestrel.Transport.Sockets|Connection id "0HMUE7LGKKNRF" received FIN. 
2023-10-16 13:46:39.7025|1|INFO|Microsoft.AspNetCore.Hosting.Diagnostics|Request starting HTTP/1.1 GET http://localhost:5013/api/user/login?email=kuba%40gmail.com&password=Kuba123%21 - - 
2023-10-16 13:46:39.7025|2|TRACE|Microsoft.AspNetCore.HostFiltering.HostFilteringMiddleware|All hosts are allowed. 
2023-10-16 13:46:39.7025|7|DEBUG|Microsoft.AspNetCore.Server.Kestrel.Transport.Sockets|Connection id "0HMUE7LGKKNRF" sending FIN because: "The Socket transport's send loop completed gracefully." 
2023-10-16 13:46:39.7025|10|DEBUG|Microsoft.AspNetCore.Server.Kestrel.Connections|Connection id "0HMUE7LGKKNRF" disconnecting. 
2023-10-16 13:46:39.7025|1001|DEBUG|Microsoft.AspNetCore.Routing.Matching.DfaMatcher|1 candidate(s) found for the request path '/api/user/login' 
2023-10-16 13:46:39.7025|1005|DEBUG|Microsoft.AspNetCore.Routing.Matching.DfaMatcher|Endpoint 'ScriptShoes.API.Controllers.UserController.Login (ScriptShoes.API)' with route pattern 'api/user/login' is valid for the request path '/api/user/login' 
2023-10-16 13:46:39.7025|1|DEBUG|Microsoft.AspNetCore.Routing.EndpointRoutingMiddleware|Request matched endpoint 'ScriptShoes.API.Controllers.UserController.Login (ScriptShoes.API)' 
2023-10-16 13:46:39.7025|15|DEBUG|Microsoft.AspNetCore.StaticFiles.StaticFileMiddleware|Static files was skipped as the request already matched an endpoint. 
2023-10-16 13:46:39.7025|9|DEBUG|Microsoft.AspNetCore.Authentication.JwtBearer.JwtBearerHandler|AuthenticationScheme: Bearer was not authenticated. 
2023-10-16 13:46:39.7025|2|DEBUG|Microsoft.AspNetCore.Server.Kestrel.Connections|Connection id "0HMUE7LGKKNRF" stopped. 
2023-10-16 13:46:39.7048|24|INFO|Microsoft.AspNetCore.ResponseCaching.ResponseCachingMiddleware|No cached response available for this request. 
2023-10-16 13:46:39.7048|0|INFO|Microsoft.AspNetCore.Routing.EndpointMiddleware|Executing endpoint 'ScriptShoes.API.Controllers.UserController.Login (ScriptShoes.API)' 
2023-10-16 13:46:39.7048|102|INFO|Microsoft.AspNetCore.Mvc.Infrastructure.ControllerActionInvoker|Route matched with {action = "Login", controller = "User"}. Executing controller action with signature System.Threading.Tasks.Task`1[Microsoft.AspNetCore.Mvc.ActionResult`1[ScriptShoes.Application.Models.User.LoginResponseDto]] Login(System.String, System.String) on controller ScriptShoes.API.Controllers.UserController (ScriptShoes.API). 
2023-10-16 13:46:39.7048|1|DEBUG|Microsoft.AspNetCore.Mvc.Infrastructure.ControllerActionInvoker|Execution plan of authorization filters (in the following order): None 
2023-10-16 13:46:39.7048|1|DEBUG|Microsoft.AspNetCore.Mvc.Infrastructure.ControllerActionInvoker|Execution plan of resource filters (in the following order): None 
2023-10-16 13:46:39.7048|1|DEBUG|Microsoft.AspNetCore.Mvc.Infrastructure.ControllerActionInvoker|Execution plan of action filters (in the following order): Microsoft.AspNetCore.Mvc.ModelBinding.UnsupportedContentTypeFilter (Order: -3000), Microsoft.AspNetCore.Mvc.Infrastructure.ModelStateInvalidFilter (Order: -2000) 
2023-10-16 13:46:39.7048|1|DEBUG|Microsoft.AspNetCore.Mvc.Infrastructure.ControllerActionInvoker|Execution plan of exception filters (in the following order): None 
2023-10-16 13:46:39.7048|1|DEBUG|Microsoft.AspNetCore.Mvc.Infrastructure.ControllerActionInvoker|Execution plan of result filters (in the following order): Microsoft.AspNetCore.Mvc.Infrastructure.ClientErrorResultFilter (Order: -2000) 
2023-10-16 13:46:39.7048|1|DEBUG|Microsoft.AspNetCore.Mvc.Infrastructure.ControllerActionInvoker|Executing controller factory for controller ScriptShoes.API.Controllers.UserController (ScriptShoes.API) 
2023-10-16 13:46:39.7048|2|DEBUG|Microsoft.AspNetCore.Mvc.Infrastructure.ControllerActionInvoker|Executed controller factory for controller ScriptShoes.API.Controllers.UserController (ScriptShoes.API) 
2023-10-16 13:46:39.7288|22|DEBUG|Microsoft.AspNetCore.Mvc.ModelBinding.ParameterBinder|Attempting to bind parameter 'email' of type 'System.String' ... 
2023-10-16 13:46:39.7288|44|DEBUG|Microsoft.AspNetCore.Mvc.ModelBinding.Binders.SimpleTypeModelBinder|Attempting to bind parameter 'email' of type 'System.String' using the name 'email' in request data ... 
2023-10-16 13:46:39.7288|45|DEBUG|Microsoft.AspNetCore.Mvc.ModelBinding.Binders.SimpleTypeModelBinder|Done attempting to bind parameter 'email' of type 'System.String'. 
2023-10-16 13:46:39.7288|23|DEBUG|Microsoft.AspNetCore.Mvc.ModelBinding.ParameterBinder|Done attempting to bind parameter 'email' of type 'System.String'. 
2023-10-16 13:46:39.7288|26|DEBUG|Microsoft.AspNetCore.Mvc.ModelBinding.ParameterBinder|Attempting to validate the bound parameter 'email' of type 'System.String' ... 
2023-10-16 13:46:39.7352|27|DEBUG|Microsoft.AspNetCore.Mvc.ModelBinding.ParameterBinder|Done attempting to validate the bound parameter 'email' of type 'System.String'. 
2023-10-16 13:46:39.7352|22|DEBUG|Microsoft.AspNetCore.Mvc.ModelBinding.ParameterBinder|Attempting to bind parameter 'password' of type 'System.String' ... 
2023-10-16 13:46:39.7352|44|DEBUG|Microsoft.AspNetCore.Mvc.ModelBinding.Binders.SimpleTypeModelBinder|Attempting to bind parameter 'password' of type 'System.String' using the name 'password' in request data ... 
2023-10-16 13:46:39.7352|45|DEBUG|Microsoft.AspNetCore.Mvc.ModelBinding.Binders.SimpleTypeModelBinder|Done attempting to bind parameter 'password' of type 'System.String'. 
2023-10-16 13:46:39.7352|23|DEBUG|Microsoft.AspNetCore.Mvc.ModelBinding.ParameterBinder|Done attempting to bind parameter 'password' of type 'System.String'. 
2023-10-16 13:46:39.7352|26|DEBUG|Microsoft.AspNetCore.Mvc.ModelBinding.ParameterBinder|Attempting to validate the bound parameter 'password' of type 'System.String' ... 
2023-10-16 13:46:39.7352|27|DEBUG|Microsoft.AspNetCore.Mvc.ModelBinding.ParameterBinder|Done attempting to validate the bound parameter 'password' of type 'System.String'. 
2023-10-16 13:46:39.7352|52|TRACE|Microsoft.AspNetCore.Mvc.Infrastructure.ControllerActionInvoker|Action Filter: Before executing OnActionExecuting on filter Microsoft.AspNetCore.Mvc.ModelBinding.UnsupportedContentTypeFilter. 
2023-10-16 13:46:39.7352|53|TRACE|Microsoft.AspNetCore.Mvc.Infrastructure.ControllerActionInvoker|Action Filter: After executing OnActionExecuting on filter Microsoft.AspNetCore.Mvc.ModelBinding.UnsupportedContentTypeFilter. 
2023-10-16 13:46:39.7352|52|TRACE|Microsoft.AspNetCore.Mvc.Infrastructure.ControllerActionInvoker|Action Filter: Before executing OnActionExecuting on filter Microsoft.AspNetCore.Mvc.Infrastructure.ModelStateInvalidFilter. 
2023-10-16 13:46:39.7352|53|TRACE|Microsoft.AspNetCore.Mvc.Infrastructure.ControllerActionInvoker|Action Filter: After executing OnActionExecuting on filter Microsoft.AspNetCore.Mvc.Infrastructure.ModelStateInvalidFilter. 
2023-10-16 13:46:39.7352|101|INFO|Microsoft.AspNetCore.Mvc.Infrastructure.ControllerActionInvoker|Executing action method ScriptShoes.API.Controllers.UserController.Login (ScriptShoes.API) - Validation state: Valid 
2023-10-16 13:46:39.7352|102|TRACE|Microsoft.AspNetCore.Mvc.Infrastructure.ControllerActionInvoker|Executing action method ScriptShoes.API.Controllers.UserController.Login (ScriptShoes.API) with arguments (kuba@gmail.com, Kuba123!) 
2023-10-16 13:46:39.8076|10403|DEBUG|Microsoft.EntityFrameworkCore.Infrastructure|Entity Framework Core 7.0.11 initialized 'AppDbContext' using provider 'Npgsql.EntityFrameworkCore.PostgreSQL:7.0.11+c25a0d7b68d66c6ab3849a3b4333964faea6adc9' with options: None 
2023-10-16 13:46:39.8138|10111|DEBUG|Microsoft.EntityFrameworkCore.Query|Compiling query expression: 
'DbSet<User>()
    .Include(x => x.Role)
    .FirstOrDefault(x => x.Email == __email_0)' 
2023-10-16 13:46:39.8493|10112|DEBUG|Microsoft.EntityFrameworkCore.Query|Including navigation: 'User.Role'. 
2023-10-16 13:46:39.9082|10107|DEBUG|Microsoft.EntityFrameworkCore.Query|Generated query execution expression: 
'queryContext => ShapedQueryCompilingExpressionVisitor.SingleOrDefaultAsync<User>(
    asyncEnumerable: new SingleQueryingEnumerable<User>(
        (RelationalQueryContext)queryContext, 
        RelationalCommandCache.QueryExpression(
            Client Projections:
                0 -> Dictionary<IProperty, int> { [Property: User.Id (int) Required PK AfterSave:Throw ValueGenerated.OnAdd, 0], [Property: User.AvailableFounds (float) Required, 1], [Property: User.Created (DateTime) Required, 2], [Property: User.Email (string) Required, 3], [Property: User.FirsName (string) Required, 4], [Property: User.HashedPassword (string) Required, 5], [Property: User.IsVerified (bool) Required, 6], [Property: User.LastModified (DateTime) Required, 7], [Property: User.LastName (string) Required, 8], [Property: User.ProfilePictureUrl (string) Required, 9], [Property: User.RefreshToken (string), 10], [Property: User.RefreshTokenExpirationTime (DateTime) Required, 11], [Property: User.RoleId (int) Required FK Index, 12], [Property: User.Username (string) Required, 13] }
                1 -> Dictionary<IProperty, int> { [Property: Role.Id (int) Required PK AfterSave:Throw ValueGenerated.OnAdd, 14], [Property: Role.Created (DateTime) Required, 15], [Property: Role.LastModified (DateTime) Required, 16], [Property: Role.Name (string) Required, 17] }
            SELECT TOP(1) u.Id, u.AvailableFounds, u.Created, u.Email, u.FirsName, u.HashedPassword, u.IsVerified, u.LastModified, u.LastName, u.ProfilePictureUrl, u.RefreshToken, u.RefreshTokenExpirationTime, u.RoleId, u.Username, r.Id, r.Created, r.LastModified, r.Name
            FROM Users AS u
            INNER JOIN Roles AS r ON u.RoleId == r.Id
            WHERE u.Email == @__email_0), 
        null, 
        Func<QueryContext, DbDataReader, ResultContext, SingleQueryResultCoordinator, User>, 
        ScriptShoes.Persistence.Database.AppDbContext, 
        False, 
        False, 
        True
    ), 
    cancellationToken: queryContext.CancellationToken)' 
2023-10-16 13:46:39.9082|20103|DEBUG|Microsoft.EntityFrameworkCore.Database.Command|Creating DbCommand for 'ExecuteReader'. 
2023-10-16 13:46:39.9082|20005|DEBUG|Microsoft.EntityFrameworkCore.Database.Connection|Creating DbConnection. 
2023-10-16 13:46:39.9082|20006|DEBUG|Microsoft.EntityFrameworkCore.Database.Connection|Created DbConnection. (0ms). 
2023-10-16 13:46:39.9082|20104|DEBUG|Microsoft.EntityFrameworkCore.Database.Command|Created DbCommand for 'ExecuteReader' (0ms). 
2023-10-16 13:46:39.9082|20106|DEBUG|Microsoft.EntityFrameworkCore.Database.Command|Initialized DbCommand for 'ExecuteReader' (2ms). 
2023-10-16 13:46:39.9082|20000|DEBUG|Microsoft.EntityFrameworkCore.Database.Connection|Opening connection to database 'ScriptShoesDb' on server ''. 
2023-10-16 13:46:39.9082|20001|DEBUG|Microsoft.EntityFrameworkCore.Database.Connection|Opened connection to database 'ScriptShoesDb' on server 'tcp://localhost:5432'. 
2023-10-16 13:46:39.9082|20100|DEBUG|Microsoft.EntityFrameworkCore.Database.Command|Executing DbCommand [Parameters=[@__email_0='?'], CommandType='Text', CommandTimeout='30']
SELECT u."Id", u."AvailableFounds", u."Created", u."Email", u."FirsName", u."HashedPassword", u."IsVerified", u."LastModified", u."LastName", u."ProfilePictureUrl", u."RefreshToken", u."RefreshTokenExpirationTime", u."RoleId", u."Username", r."Id", r."Created", r."LastModified", r."Name"
FROM "Users" AS u
INNER JOIN "Roles" AS r ON u."RoleId" = r."Id"
WHERE u."Email" = @__email_0
LIMIT 1 
2023-10-16 13:46:39.9328|20101|INFO|Microsoft.EntityFrameworkCore.Database.Command|Executed DbCommand (14ms) [Parameters=[@__email_0='?'], CommandType='Text', CommandTimeout='30']
SELECT u."Id", u."AvailableFounds", u."Created", u."Email", u."FirsName", u."HashedPassword", u."IsVerified", u."LastModified", u."LastName", u."ProfilePictureUrl", u."RefreshToken", u."RefreshTokenExpirationTime", u."RoleId", u."Username", r."Id", r."Created", r."LastModified", r."Name"
FROM "Users" AS u
INNER JOIN "Roles" AS r ON u."RoleId" = r."Id"
WHERE u."Email" = @__email_0
LIMIT 1 
2023-10-16 13:46:39.9569|10806|DEBUG|Microsoft.EntityFrameworkCore.ChangeTracking|Context 'AppDbContext' started tracking 'User' entity. Consider using 'DbContextOptionsBuilder.EnableSensitiveDataLogging' to see key values. 
2023-10-16 13:46:39.9929|10805|DEBUG|Microsoft.EntityFrameworkCore.ChangeTracking|The navigation 'User.Role' was detected as changed. Consider using 'DbContextOptionsBuilder.EnableSensitiveDataLogging' to see key values. 
2023-10-16 13:46:39.9929|10806|DEBUG|Microsoft.EntityFrameworkCore.ChangeTracking|Context 'AppDbContext' started tracking 'Role' entity. Consider using 'DbContextOptionsBuilder.EnableSensitiveDataLogging' to see key values. 
2023-10-16 13:46:39.9929|20301|DEBUG|Microsoft.EntityFrameworkCore.Database.Command|Closing data reader to 'ScriptShoesDb' on server 'tcp://localhost:5432'. 
2023-10-16 13:46:40.0007|20300|DEBUG|Microsoft.EntityFrameworkCore.Database.Command|A data reader for 'ScriptShoesDb' on server 'tcp://localhost:5432' is being disposed after spending 67ms reading results. 
2023-10-16 13:46:40.0007|20002|DEBUG|Microsoft.EntityFrameworkCore.Database.Connection|Closing connection to database 'ScriptShoesDb' on server 'tcp://localhost:5432'. 
2023-10-16 13:46:40.0007|20003|DEBUG|Microsoft.EntityFrameworkCore.Database.Connection|Closed connection to database 'ScriptShoesDb' on server '' (0ms). 
2023-10-16 13:46:40.4466|10807|DEBUG|Microsoft.EntityFrameworkCore.ChangeTracking|An entity of type 'User' tracked by 'AppDbContext' changed state from 'Unchanged' to 'Modified'. Consider using 'DbContextOptionsBuilder.EnableSensitiveDataLogging' to see key values. 
2023-10-16 13:46:40.4466|10800|DEBUG|Microsoft.EntityFrameworkCore.ChangeTracking|DetectChanges starting for 'AppDbContext'. 
2023-10-16 13:46:40.4613|10801|DEBUG|Microsoft.EntityFrameworkCore.ChangeTracking|DetectChanges completed for 'AppDbContext'. 
2023-10-16 13:46:40.4613|10004|DEBUG|Microsoft.EntityFrameworkCore.Update|SaveChanges starting for 'AppDbContext'. 
2023-10-16 13:46:40.4613|10800|DEBUG|Microsoft.EntityFrameworkCore.ChangeTracking|DetectChanges starting for 'AppDbContext'. 
2023-10-16 13:46:40.4613|10801|DEBUG|Microsoft.EntityFrameworkCore.ChangeTracking|DetectChanges completed for 'AppDbContext'. 
2023-10-16 13:46:40.5277|20000|DEBUG|Microsoft.EntityFrameworkCore.Database.Connection|Opening connection to database 'ScriptShoesDb' on server ''. 
2023-10-16 13:46:40.5277|20001|DEBUG|Microsoft.EntityFrameworkCore.Database.Connection|Opened connection to database 'ScriptShoesDb' on server 'tcp://localhost:5432'. 
2023-10-16 13:46:40.5277|20103|DEBUG|Microsoft.EntityFrameworkCore.Database.Command|Creating DbCommand for 'ExecuteReader'. 
2023-10-16 13:46:40.5277|20104|DEBUG|Microsoft.EntityFrameworkCore.Database.Command|Created DbCommand for 'ExecuteReader' (0ms). 
2023-10-16 13:46:40.5277|20106|DEBUG|Microsoft.EntityFrameworkCore.Database.Command|Initialized DbCommand for 'ExecuteReader' (0ms). 
2023-10-16 13:46:40.5277|20100|DEBUG|Microsoft.EntityFrameworkCore.Database.Command|Executing DbCommand [Parameters=[@p13='?' (DbType = Int32), @p0='?' (DbType = Single), @p1='?' (DbType = DateTime), @p2='?', @p3='?', @p4='?', @p5='?' (DbType = Boolean), @p6='?' (DbType = DateTime), @p7='?', @p8='?', @p9='?', @p10='?' (DbType = DateTime), @p11='?' (DbType = Int32), @p12='?'], CommandType='Text', CommandTimeout='30']
UPDATE "Users" SET "AvailableFounds" = @p0, "Created" = @p1, "Email" = @p2, "FirsName" = @p3, "HashedPassword" = @p4, "IsVerified" = @p5, "LastModified" = @p6, "LastName" = @p7, "ProfilePictureUrl" = @p8, "RefreshToken" = @p9, "RefreshTokenExpirationTime" = @p10, "RoleId" = @p11, "Username" = @p12
WHERE "Id" = @p13; 
2023-10-16 13:46:40.5423|20101|INFO|Microsoft.EntityFrameworkCore.Database.Command|Executed DbCommand (12ms) [Parameters=[@p13='?' (DbType = Int32), @p0='?' (DbType = Single), @p1='?' (DbType = DateTime), @p2='?', @p3='?', @p4='?', @p5='?' (DbType = Boolean), @p6='?' (DbType = DateTime), @p7='?', @p8='?', @p9='?', @p10='?' (DbType = DateTime), @p11='?' (DbType = Int32), @p12='?'], CommandType='Text', CommandTimeout='30']
UPDATE "Users" SET "AvailableFounds" = @p0, "Created" = @p1, "Email" = @p2, "FirsName" = @p3, "HashedPassword" = @p4, "IsVerified" = @p5, "LastModified" = @p6, "LastName" = @p7, "ProfilePictureUrl" = @p8, "RefreshToken" = @p9, "RefreshTokenExpirationTime" = @p10, "RoleId" = @p11, "Username" = @p12
WHERE "Id" = @p13; 
2023-10-16 13:46:40.5423|20301|DEBUG|Microsoft.EntityFrameworkCore.Database.Command|Closing data reader to 'ScriptShoesDb' on server 'tcp://localhost:5432'. 
2023-10-16 13:46:40.5423|20300|DEBUG|Microsoft.EntityFrameworkCore.Database.Command|A data reader for 'ScriptShoesDb' on server 'tcp://localhost:5432' is being disposed after spending 2ms reading results. 
2023-10-16 13:46:40.5423|20002|DEBUG|Microsoft.EntityFrameworkCore.Database.Connection|Closing connection to database 'ScriptShoesDb' on server 'tcp://localhost:5432'. 
2023-10-16 13:46:40.5423|20003|DEBUG|Microsoft.EntityFrameworkCore.Database.Connection|Closed connection to database 'ScriptShoesDb' on server '' (0ms). 
2023-10-16 13:46:40.5423|10807|DEBUG|Microsoft.EntityFrameworkCore.ChangeTracking|An entity of type 'User' tracked by 'AppDbContext' changed state from 'Modified' to 'Unchanged'. Consider using 'DbContextOptionsBuilder.EnableSensitiveDataLogging' to see key values. 
2023-10-16 13:46:40.5500|10005|DEBUG|Microsoft.EntityFrameworkCore.Update|SaveChanges completed for 'AppDbContext' with 1 entities written to the database. 
2023-10-16 13:46:40.5500|103|INFO|Microsoft.AspNetCore.Mvc.Infrastructure.ControllerActionInvoker|Executed action method ScriptShoes.API.Controllers.UserController.Login (ScriptShoes.API), returned result Microsoft.AspNetCore.Mvc.OkObjectResult in 813.9473ms. 
2023-10-16 13:46:40.5500|52|TRACE|Microsoft.AspNetCore.Mvc.Infrastructure.ControllerActionInvoker|Action Filter: Before executing OnActionExecuted on filter Microsoft.AspNetCore.Mvc.Infrastructure.ModelStateInvalidFilter. 
2023-10-16 13:46:40.5500|53|TRACE|Microsoft.AspNetCore.Mvc.Infrastructure.ControllerActionInvoker|Action Filter: After executing OnActionExecuted on filter Microsoft.AspNetCore.Mvc.Infrastructure.ModelStateInvalidFilter. 
2023-10-16 13:46:40.5500|52|TRACE|Microsoft.AspNetCore.Mvc.Infrastructure.ControllerActionInvoker|Action Filter: Before executing OnActionExecuted on filter Microsoft.AspNetCore.Mvc.ModelBinding.UnsupportedContentTypeFilter. 
2023-10-16 13:46:40.5500|53|TRACE|Microsoft.AspNetCore.Mvc.Infrastructure.ControllerActionInvoker|Action Filter: After executing OnActionExecuted on filter Microsoft.AspNetCore.Mvc.ModelBinding.UnsupportedContentTypeFilter. 
2023-10-16 13:46:40.5500|52|TRACE|Microsoft.AspNetCore.Mvc.Infrastructure.ControllerActionInvoker|Result Filter: Before executing OnResultExecuting on filter Microsoft.AspNetCore.Mvc.Infrastructure.ClientErrorResultFilter. 
2023-10-16 13:46:40.5500|53|TRACE|Microsoft.AspNetCore.Mvc.Infrastructure.ControllerActionInvoker|Result Filter: After executing OnResultExecuting on filter Microsoft.AspNetCore.Mvc.Infrastructure.ClientErrorResultFilter. 
2023-10-16 13:46:40.5500|5|TRACE|Microsoft.AspNetCore.Mvc.Infrastructure.ControllerActionInvoker|Before executing action result Microsoft.AspNetCore.Mvc.OkObjectResult. 
2023-10-16 13:46:40.5500|11|DEBUG|Microsoft.AspNetCore.Mvc.Infrastructure.DefaultOutputFormatterSelector|List of registered output formatters, in the following order: Microsoft.AspNetCore.Mvc.Formatters.HttpNoContentOutputFormatter, Microsoft.AspNetCore.Mvc.Formatters.StringOutputFormatter, Microsoft.AspNetCore.Mvc.Formatters.StreamOutputFormatter, Microsoft.AspNetCore.Mvc.Formatters.SystemTextJsonOutputFormatter 
2023-10-16 13:46:40.5500|6|DEBUG|Microsoft.AspNetCore.Mvc.Infrastructure.DefaultOutputFormatterSelector|Attempting to select an output formatter based on Accept header 'text/plain'. 
2023-10-16 13:46:40.5500|5|DEBUG|Microsoft.AspNetCore.Mvc.Infrastructure.DefaultOutputFormatterSelector|Could not find an output formatter based on content negotiation. Accepted types were (text/plain) 
2023-10-16 13:46:40.5500|8|DEBUG|Microsoft.AspNetCore.Mvc.Infrastructure.DefaultOutputFormatterSelector|Attempting to select an output formatter without using a content type as no explicit content types were specified for the response. 
2023-10-16 13:46:40.5500|10|DEBUG|Microsoft.AspNetCore.Mvc.Infrastructure.DefaultOutputFormatterSelector|Attempting to select the first formatter in the output formatters list which can write the result. 
2023-10-16 13:46:40.5500|2|DEBUG|Microsoft.AspNetCore.Mvc.Infrastructure.DefaultOutputFormatterSelector|Selected output formatter 'Microsoft.AspNetCore.Mvc.Formatters.SystemTextJsonOutputFormatter' and content type 'application/json' to write the response. 
2023-10-16 13:46:40.5500|1|INFO|Microsoft.AspNetCore.Mvc.Infrastructure.ObjectResultExecutor|Executing OkObjectResult, writing value of type 'ScriptShoes.Application.Models.User.LoginResponseDto'. 
2023-10-16 13:46:40.5500|11|DEBUG|Microsoft.AspNetCore.ResponseCaching.ResponseCachingMiddleware|Response is not cacheable because it does not contain the 'public' cache directive. 
2023-10-16 13:46:40.5500|6|TRACE|Microsoft.AspNetCore.Mvc.Infrastructure.ControllerActionInvoker|After executing action result Microsoft.AspNetCore.Mvc.OkObjectResult. 
2023-10-16 13:46:40.5500|52|TRACE|Microsoft.AspNetCore.Mvc.Infrastructure.ControllerActionInvoker|Result Filter: Before executing OnResultExecuted on filter Microsoft.AspNetCore.Mvc.Infrastructure.ClientErrorResultFilter. 
2023-10-16 13:46:40.5500|53|TRACE|Microsoft.AspNetCore.Mvc.Infrastructure.ControllerActionInvoker|Result Filter: After executing OnResultExecuted on filter Microsoft.AspNetCore.Mvc.Infrastructure.ClientErrorResultFilter. 
2023-10-16 13:46:40.5500|105|INFO|Microsoft.AspNetCore.Mvc.Infrastructure.ControllerActionInvoker|Executed action ScriptShoes.API.Controllers.UserController.Login (ScriptShoes.API) in 840.9427ms 
2023-10-16 13:46:40.5500|1|INFO|Microsoft.AspNetCore.Routing.EndpointMiddleware|Executed endpoint 'ScriptShoes.API.Controllers.UserController.Login (ScriptShoes.API)' 
2023-10-16 13:46:40.5500|27|INFO|Microsoft.AspNetCore.ResponseCaching.ResponseCachingMiddleware|The response could not be cached for this request. 
2023-10-16 13:46:40.5500|9|DEBUG|Microsoft.AspNetCore.Server.Kestrel.Connections|Connection id "0HMUE7LGKKNRE" completed keep alive response. 
2023-10-16 13:46:40.5500|10407|DEBUG|Microsoft.EntityFrameworkCore.Infrastructure|'AppDbContext' disposed. 
2023-10-16 13:46:40.5500|20007|DEBUG|Microsoft.EntityFrameworkCore.Database.Connection|Disposing connection to database 'ScriptShoesDb' on server ''. 
2023-10-16 13:46:40.5500|20008|DEBUG|Microsoft.EntityFrameworkCore.Database.Connection|Disposed connection to database 'ScriptShoesDb' on server '' (0ms). 
2023-10-16 13:46:40.5500|2|INFO|Microsoft.AspNetCore.Hosting.Diagnostics|Request finished HTTP/1.1 GET http://localhost:5013/api/user/login?email=kuba%40gmail.com&password=Kuba123%21 - - - 200 - application/json;+charset=utf-8 858.1687ms 
2023-10-16 13:47:05.6118|0|INFO|Microsoft.Hosting.Lifetime|Application is shutting down... 
2023-10-16 13:47:05.6118|3|DEBUG|Microsoft.Extensions.Hosting.Internal.Host|Hosting stopping 
2023-10-16 13:47:05.6118|10|DEBUG|Microsoft.AspNetCore.Server.Kestrel.Connections|Connection id "0HMUE7LGKKNRE" disconnecting. 
2023-10-16 13:47:05.6118|2|DEBUG|Microsoft.AspNetCore.Server.Kestrel.Connections|Connection id "0HMUE7LGKKNRE" stopped. 
2023-10-16 13:47:05.6118|7|DEBUG|Microsoft.AspNetCore.Server.Kestrel.Transport.Sockets|Connection id "0HMUE7LGKKNRE" sending FIN because: "The Socket transport's send loop completed gracefully." 
2023-10-16 13:47:05.6118|4|DEBUG|Microsoft.Extensions.Hosting.Internal.Host|Hosting stopped 
